
  EPA STORM WATER MANAGEMENT MODEL - VERSION 5.1 (Build 5.3.0.dev0)
  --------------------------------------------------------------

  WARNING 04: minimum elevation drop used for Conduit WS02004404WS02004405
  WARNING 03: negative offset ignored for Link YS02001904YS02001907
  
  *********************************************************
  NOTE: The summary statistics displayed in this report are
  based on results found at every computational time step,  
  not just on results from each reporting time step.
  *********************************************************
  
  ****************
  Analysis Options
  ****************
  Flow Units ............... LPS
  Process Models:
    Rainfall/Runoff ........ YES
    RDII ................... NO
    Snowmelt ............... NO
    Groundwater ............ NO
    Flow Routing ........... YES
    Ponding Allowed ........ NO
    Water Quality .......... YES
  Infiltration Method ...... HORTON
  Flow Routing Method ...... DYNWAVE
  Surcharge Method ......... EXTRAN
  Starting Date ............ 08/28/2015 08:00:00
  Ending Date .............. 08/28/2015 16:00:00
  Antecedent Dry Days ...... 8.0
  Report Time Step ......... 00:01:00
  Wet Time Step ............ 00:01:00
  Dry Time Step ............ 00:01:00
  Routing Time Step ........ 5.00 sec
  Variable Time Step ....... YES
  Maximum Trials ........... 8
  Number of Threads ........ 4
  Head Tolerance ........... 0.001500 m
  
  
  **************************        Volume         Depth
  Runoff Quantity Continuity     hectare-m            mm
  **************************     ---------       -------
  Total Precipitation ......         5.556        12.164
  Evaporation Loss .........         0.000         0.000
  Infiltration Loss ........         1.005         2.201
  Surface Runoff ...........         3.710         8.122
  Final Storage ............         0.842         1.843
  Continuity Error (%) .....        -0.018
  
  
  **************************           COD            SS            TN            TP         NH4-N
  Runoff Quality Continuity             kg            kg            kg            kg            kg
  **************************    ----------    ----------    ----------    ----------    ----------
  Initial Buildup ..........     41378.656     70582.865      1804.177       168.684      1032.807
  Surface Buildup ..........        20.475        37.048         2.368         0.216         1.379
  Wet Deposition ...........         0.000         0.000         0.000         0.000         0.000
  Sweeping Removal .........         0.000         0.000         0.000         0.000         0.000
  Infiltration Loss ........        84.733       158.810         1.614         0.112         0.767
  BMP Removal ..............         0.000         0.000         0.000         0.000         0.000
  Surface Runoff ...........      3132.294      5769.056        60.845         4.113        28.877
  Remaining Buildup ........     38181.048     64690.065      1744.064       164.673      1004.533
  Continuity Error (%) .....         0.003         0.003         0.001         0.001         0.001
  
  
  **************************        Volume        Volume
  Flow Routing Continuity        hectare-m      10^6 ltr
  **************************     ---------     ---------
  Dry Weather Inflow .......         0.630         6.296
  Wet Weather Inflow .......         3.709        37.089
  Groundwater Inflow .......         0.000         0.000
  RDII Inflow ..............         0.000         0.000
  External Inflow ..........         0.105         1.045
  External Outflow .........         1.518        15.179
  Flooding Loss ............         2.351        23.513
  Evaporation Loss .........         0.000         0.000
  Exfiltration Loss ........         0.000         0.000
  Initial Stored Volume ....         0.076         0.761
  Final Stored Volume ......         0.655         6.552
  Continuity Error (%) .....        -0.119
  
  
  **************************           COD            SS            TN            TP         NH4-N
  Quality Routing Continuity            kg            kg            kg            kg            kg
  **************************    ----------    ----------    ----------    ----------    ----------
  Dry Weather Inflow .......      1573.993      2518.389       151.103        18.888        94.440
  Wet Weather Inflow .......      3131.969      5768.578        60.838         4.112        28.873
  Groundwater Inflow .......         0.000         0.000         0.000         0.000         0.000
  RDII Inflow ..............         0.000         0.000         0.000         0.000         0.000
  External Inflow ..........       187.321       299.713        17.983         2.248        11.239
  External Outflow .........      1921.724      3282.032       124.234        14.641        75.262
  Flooding Loss ............      2326.799      4194.251        76.772         7.496        42.510
  Exfiltration Loss ........         0.000         0.000         0.000         0.000         0.000
  Mass Reacted .............         0.000         0.000         0.000         0.000         0.000
  Initial Stored Mass ......         0.000         0.000         0.000         0.000         0.000
  Final Stored Mass ........       634.300      1093.148        28.899         3.127        16.818
  Continuity Error (%) .....         0.214         0.201         0.008        -0.062        -0.028
  
  
  *************************
  Highest Continuity Errors
  *************************
  Node HS02004842 (14.52%)
  Node YS02001884 (10.35%)
  Node YSB1171 (2.74%)
  Node HS02004817 (2.71%)
  Node HS02004901 (1.95%)
  
  
  ***************************
  Time-Step Critical Elements
  ***************************
  Link WS02006238WS02006235 (25.26%)
  Link WS02006280WS02006229 (19.11%)
  Link YS02006556YS02006558 (16.71%)
  Link WS02003066WSF200 (8.34%)
  Link WS02004404WS02004405 (6.55%)
  
  
  ********************************
  Highest Flow Instability Indexes
  ********************************
  Link WS02006113WS02006111 (65)
  Link YS02163601YS02164001 (37)
  Link YS02001619YS02001622 (35)
  Link YS02163301YS02001633 (35)
  Link YS02001629YS02163301 (34)
  
  
  *************************
  Routing Time Step Summary
  *************************
  Minimum Time Step           :     0.50 sec
  Average Time Step           :     2.40 sec
  Maximum Time Step           :     5.00 sec
  Percent in Steady State     :     0.00
  Average Iterations per Step :     4.29
  Percent Not Converging      :    21.81
  
  
  ***************************
  Subcatchment Runoff Summary
  ***************************
  
  ------------------------------------------------------------------------------------------------------------------------------
                            Total      Total      Total      Total     Imperv       Perv      Total       Total     Peak  Runoff
                           Precip      Runon       Evap      Infil     Runoff     Runoff     Runoff      Runoff   Runoff   Coeff
  Subcatchment                 mm         mm         mm         mm         mm         mm         mm    10^6 ltr      LPS
  ------------------------------------------------------------------------------------------------------------------------------
  sub0                      12.16       0.00       0.00       0.65      11.27       0.20      11.47        0.01     1.99   0.943
  sub1                      12.16       0.00       0.00       1.12      10.74       0.22      10.95        0.07    14.96   0.900
  sub2                      12.16       0.00       0.00       4.23       7.58       0.27       7.85        0.07    15.08   0.646
  sub3                      12.16       0.00       0.00       4.29       7.54       0.21       7.75        0.17    34.61   0.637
  sub4                      12.16       0.00       0.00       1.19      10.58       0.14      10.72        0.22    42.34   0.882
  sub5                      12.16       0.00       0.00       0.69      11.22       0.16      11.38        0.13    26.18   0.935
  sub7                      12.16       0.00       0.00       0.88      11.01       0.22      11.23        0.04     7.95   0.923
  sub8                      12.16       0.00       0.00       0.89      11.00       0.21      11.21        0.07    14.89   0.921
  sub9                      12.16       0.00       0.00       0.89      11.00       0.21      11.20        0.05    11.18   0.921
  sub10                     12.16       0.00       0.00       0.79      11.10       0.18      11.28        0.12    25.49   0.928
  sub11                     12.16       0.00       0.00       0.78      11.12       0.19      11.32        0.13    27.35   0.930
  sub12                     12.16       0.00       0.00       1.27      10.54       0.31      10.85        0.09    20.52   0.892
  sub14                     12.16       0.00       0.00       0.89      10.99       0.20      11.20        0.11    22.08   0.921
  sub15                     12.16       0.00       0.00       3.28       8.45       0.37       8.82        0.15    32.49   0.725
  sub16                     12.16       0.00       0.00       3.51       8.11       0.50       8.61        0.09    20.36   0.708
  sub17                     12.16       0.00       0.00       3.41       8.23       0.48       8.71        0.07    16.72   0.716
  sub22                     12.16       0.00       0.00       4.80       6.89       0.43       7.32        0.46   102.62   0.602
  sub23                     12.16       0.00       0.00       4.05       7.62       0.45       8.07        0.38    85.35   0.663
  sub60                     12.16       0.00       0.00       1.42       8.88       0.04       8.92        2.70   336.84   0.733
  sub61                     12.16       0.00       0.00       2.01       8.98       0.06       9.04        2.79   399.45   0.743
  sub62                     12.16       0.00       0.00       0.92       9.78       0.05       9.83        3.02   415.79   0.808
  sub63                     12.16       0.00       0.00       3.46       7.85       0.06       7.91        2.39   361.21   0.650
  sub64                     12.16       0.00       0.00       1.78       8.52       0.04       8.56        2.60   320.97   0.704
  sub65                     12.16       0.00       0.00       1.54       8.67       0.04       8.71        2.68   326.54   0.716
  sub66                     12.16       0.00       0.00       3.49       7.30       0.04       7.34        2.25   290.53   0.604
  sub67                     12.16       0.00       0.00       0.91      10.28       0.07      10.34        3.19   494.23   0.850
  sub68                     12.16       0.00       0.00       1.64       9.43       0.06       9.50        2.92   432.52   0.781
  sub69                     12.16       0.00       0.00       1.73       9.75       0.09       9.84        2.30   383.95   0.809
  sub70                     12.16      10.04       0.00       6.99      13.16       0.56      13.72        3.14   394.93   0.618
  sub71                     12.16       0.00       0.00       0.93       9.54       0.05       9.58        2.26   296.34   0.788
  sub72                     12.16       0.00       0.00       0.83       7.71       0.02       7.73        1.57   151.13   0.635
  1                         12.16      13.36       0.00       1.40      14.75       4.01      18.76        4.41   399.24   0.735
  2                         12.16       0.00       0.00       3.09       2.90       1.68       4.58        1.83   245.52   0.377
  
  
  ****************************
  Subcatchment Washoff Summary
  ****************************
  
  ------------------------------------------------------------------------------------------
                                 COD            SS            TN            TP         NH4-N
  Subcatchment                    kg            kg            kg            kg            kg
  ------------------------------------------------------------------------------------------
  sub0                         2.176         4.147         0.037         0.003         0.018
  sub1                         9.268        18.138         0.173         0.012         0.083
  sub2                         5.563        10.570         0.119         0.008         0.054
  sub3                        13.748        25.920         0.288         0.019         0.132
  sub4                        21.533        42.611         0.429         0.026         0.205
  sub5                        21.300        41.103         0.378         0.029         0.183
  sub7                         4.748         9.424         0.090         0.006         0.043
  sub8                         7.142        14.500         0.143         0.008         0.069
  sub9                         6.100        12.212         0.118         0.007         0.057
  sub10                       17.532        34.266         0.321         0.023         0.155
  sub11                       17.086        33.770         0.320         0.022         0.154
  sub12                       14.392        27.890         0.260         0.019         0.125
  sub14                       13.021        25.823         0.247         0.016         0.119
  sub15                       16.182        30.744         0.313         0.023         0.146
  sub16                       10.318        19.555         0.197         0.015         0.092
  sub17                        9.471        17.789         0.175         0.014         0.082
  sub22                       48.821        90.813         0.932         0.070         0.434
  sub23                       29.138        56.181         0.627         0.041         0.287
  sub60                      204.339       377.186         4.098         0.249         1.963
  sub61                      251.695       462.161         4.708         0.320         2.265
  sub62                      263.288       492.128         5.170         0.325         2.480
  sub63                      185.274       334.921         3.745         0.262         1.734
  sub64                      254.631       453.245         4.703         0.340         2.243
  sub65                      260.928       466.439         4.852         0.345         2.318
  sub66                      146.956       263.678         3.047         0.197         1.421
  sub67                      388.571       719.087         6.971         0.510         3.367
  sub68                      277.086       513.940         5.327         0.357         2.543
  sub69                      247.821       464.214         4.662         0.325         2.226
  sub70                      414.679       780.762         8.319         0.574         3.892
  sub71                      174.197       328.558         3.609         0.207         1.725
  sub72                      137.299       240.857         2.578         0.175         1.239
  1                          284.851       539.352         5.837         0.403         2.700
  2                           35.640        62.051         1.036         0.062         0.440
  ------------------------------------------------------------------------------------------
  System                    3794.795      7014.033        73.826         5.012        34.995
  
  
  ******************
  Node Depth Summary
  ******************
  
  ---------------------------------------------------------------------------------
                                 Average  Maximum  Maximum  Time of Max    Reported
                                   Depth    Depth      HGL   Occurrence   Max Depth
  Node                 Type       Meters   Meters   Meters  days hr:min      Meters
  ---------------------------------------------------------------------------------
  WS02001211           JUNCTION     0.69     0.75     5.58     0  03:09        0.75
  WS02001212           JUNCTION     0.41     0.48     5.54     0  03:08        0.48
  WS02001213           JUNCTION     0.64     0.75     5.51     0  03:07        0.75
  WS02003069           JUNCTION     0.45     0.61     5.20     0  03:07        0.61
  WS02003072           JUNCTION     0.51     0.67     5.04     0  03:08        0.67
  WS02003073           JUNCTION     0.31     0.41     4.48     0  03:08        0.41
  WS02003060           JUNCTION     0.40     0.54     5.47     0  03:06        0.54
  WS02003066           JUNCTION     0.22     0.34     5.89     0  03:05        0.34
  WS02003059           JUNCTION     0.70     0.81     5.50     0  03:07        0.81
  WS02003067           JUNCTION     0.53     0.76     6.08     0  03:05        0.76
  WS02004401           JUNCTION     0.65     1.03     7.03     0  03:03        1.03
  WS02004402           JUNCTION     0.68     1.04     7.00     0  03:03        1.04
  WS02004403           JUNCTION     0.70     1.04     6.97     0  03:03        1.04
  WS02004404           JUNCTION     0.77     1.10     6.95     0  02:19        1.10
  WS02004406           JUNCTION     0.77     1.06     6.89     0  03:03        1.06
  WS02004409           JUNCTION     0.47     0.79     6.56     0  03:04        0.79
  WS02004410           JUNCTION     0.49     0.80     6.52     0  03:05        0.80
  WS02004411           JUNCTION     0.50     0.80     6.48     0  03:05        0.80
  WS02004412           JUNCTION     0.51     0.79     6.43     0  03:05        0.79
  WS02004413           JUNCTION     0.65     0.94     6.41     0  03:05        0.94
  WS02004405           JUNCTION     0.76     1.08     6.93     0  03:03        1.08
  WS02006109           JUNCTION     0.75     1.15     7.77     0  03:03        1.14
  WS02006110           JUNCTION     0.73     1.03     7.61     0  03:02        1.03
  WS02006111           JUNCTION     0.22     0.45     7.16     0  03:03        0.45
  WS02006112           JUNCTION     0.82     1.27     7.15     0  03:03        1.26
  WS02006113           JUNCTION     0.33     0.53     7.42     0  02:58        0.52
  WS02006115           JUNCTION     0.55     0.96     7.10     0  03:03        0.96
  WS02006116           JUNCTION     0.63     1.03     7.07     0  03:03        1.03
  WS02006230           JUNCTION     0.71     1.25     8.00     0  03:02        1.25
  WS02006231           JUNCTION     0.46     0.92     8.04     0  03:02        0.91
  WS02006232           JUNCTION     0.57     1.04     8.07     0  03:02        1.03
  WS02006234           JUNCTION     0.49     0.95     8.11     0  03:02        0.95
  WS02006235           JUNCTION     0.51     0.98     8.14     0  03:03        0.97
  WS02006238           JUNCTION     0.53     1.00     8.14     0  03:04        0.99
  WS02006240           JUNCTION     0.40     0.85     8.14     0  03:02        0.85
  WS02006242           JUNCTION     0.43     0.88     8.14     0  03:02        0.87
  WS02006243           JUNCTION     0.30     0.73     8.15     0  03:03        0.72
  WS02006245           JUNCTION     0.25     0.66     8.15     0  03:03        0.66
  WS02006247           JUNCTION     0.24     0.65     8.15     0  03:04        0.65
  WS02006248           JUNCTION     0.18     0.57     8.15     0  03:03        0.57
  WS02006249           JUNCTION     0.18     0.56     8.16     0  03:03        0.56
  WS02006239           JUNCTION     0.47     0.93     8.14     0  03:03        0.93
  WS02006251           JUNCTION     0.14     0.49     8.16     0  03:04        0.49
  WS02006252           JUNCTION     0.00     0.00     8.24     0  00:00        0.00
  WS02006253           JUNCTION     0.17     0.52     8.16     0  03:04        0.52
  WS02006256           JUNCTION     1.85     2.35     9.28     0  01:44        2.35
  WS02004138           JUNCTION     0.16     0.17     7.42     0  04:55        0.17
  WS02004139           JUNCTION     0.63     0.69     5.60     0  03:09        0.69
  WS02004407           JUNCTION     0.21     0.34     6.66     0  03:04        0.34
  WS02006228           JUNCTION     0.75     1.24     7.89     0  03:03        1.23
  WS02006229           JUNCTION     0.73     1.26     7.95     0  03:02        1.26
  WS02006280           JUNCTION     0.09     0.20     8.47     0  03:02        0.20
  WS02006284           JUNCTION     0.40     0.56     8.96     0  03:02        0.56
  WS02006287           JUNCTION     0.13     0.30     9.25     0  03:01        0.30
  WSF200               JUNCTION     0.21     0.37     5.60     0  03:05        0.37
  HS02004901           JUNCTION     0.15     0.29    10.12     0  03:01        0.29
  HS02004881           JUNCTION     0.01     0.04     9.07     0  03:01        0.04
  HS02004876           JUNCTION     0.06     0.12     9.15     0  03:01        0.12
  HS02004870           JUNCTION     0.02     0.07     9.35     0  03:01        0.07
  HS02004862           JUNCTION     0.03     0.08     9.46     0  03:01        0.08
  HS02004856           JUNCTION     0.09     0.13     9.55     0  03:01        0.13
  HS02004852           JUNCTION     0.02     0.05     9.56     0  03:01        0.05
  HS02004848           JUNCTION     0.02     0.05     9.65     0  03:01        0.05
  HS02004842           JUNCTION     0.34     0.38     9.65     0  03:01        0.38
  HS02004837           JUNCTION     0.04     0.07     9.65     0  03:01        0.07
  HS02004830           JUNCTION     0.05     0.08     9.55     0  03:01        0.08
  HS02004824           JUNCTION     0.03     0.06     9.47     0  03:01        0.06
  HS02004817           JUNCTION     0.46     0.61     9.45     0  03:01        0.61
  HS02004807           JUNCTION     0.15     0.28     9.45     0  03:01        0.28
  HS02004802           JUNCTION     0.18     0.31     9.44     0  03:01        0.31
  HS02004799           JUNCTION     0.16     0.35     9.56     0  03:01        0.35
  HS02004792           JUNCTION     0.05     0.15     9.67     0  03:01        0.15
  HS02004788           JUNCTION     0.04     0.11    10.01     0  03:01        0.11
  HS02004785           JUNCTION     0.07     0.18    10.09     0  03:01        0.18
  HS02004777           JUNCTION     0.17     0.31    10.11     0  03:01        0.31
  HS02004770           JUNCTION     0.15     0.29    10.12     0  03:01        0.29
  HS02004480           JUNCTION     0.12     0.28     9.52     0  03:01        0.28
  HS02004479           JUNCTION     0.15     0.32     9.52     0  03:01        0.32
  HS02004478           JUNCTION     0.08     0.20     9.42     0  03:01        0.20
  YS02001745           JUNCTION     0.65     0.93     8.45     0  03:08        0.93
  YS02001748           JUNCTION     1.02     1.45     8.53     0  02:28        1.37
  YS02001751           JUNCTION     1.19     1.66     8.54     0  02:18        1.56
  YS02001754           JUNCTION     1.43     1.83     8.44     0  02:57        1.83
  YS02001762           JUNCTION     1.62     2.04     8.44     0  02:57        2.03
  YS02001765           JUNCTION     1.57     1.98     8.43     0  02:57        1.97
  YS02001767           JUNCTION     1.54     1.94     8.43     0  02:57        1.93
  YS02001770           JUNCTION     1.53     1.92     8.42     0  02:57        1.92
  YS02001774           JUNCTION     1.60     1.98     8.40     0  02:59        1.97
  YS02001779           JUNCTION     1.35     1.68     8.37     0  02:18        1.68
  YS02001882           JUNCTION     0.61     1.62     8.34     0  03:00        1.61
  YS02001884           JUNCTION     0.70     1.72     8.34     0  02:59        1.71
  YS02001759           JUNCTION     1.65     2.08     8.44     0  02:57        2.07
  YS02001887           JUNCTION     0.78     1.80     8.34     0  03:00        1.79
  YS02001890           JUNCTION     0.81     1.81     8.32     0  02:54        1.81
  YS02001898           JUNCTION     0.58     1.56     8.29     0  02:57        1.55
  YS02001901           JUNCTION     0.69     1.67     8.28     0  02:54        1.67
  YS02001904           JUNCTION     0.67     1.63     8.26     0  03:01        1.63
  YS02001907           JUNCTION     0.99     1.96     8.25     0  02:53        1.96
  YS02001910           JUNCTION     0.79     1.78     8.28     0  02:55        1.76
  YS02001915           JUNCTION     0.59     1.59     8.30     0  02:55        1.57
  YS02001918           JUNCTION     0.33     1.25     8.32     0  02:55        1.24
  YS02001619           JUNCTION     1.15     1.61     8.54     0  02:27        1.47
  YS02001629           JUNCTION     1.49     1.85     8.40     0  02:27        1.84
  YS02001641           JUNCTION     1.58     1.94     8.38     0  03:50        1.93
  YS02001644           JUNCTION     1.58     1.92     8.35     0  02:34        1.92
  YS02001652           JUNCTION     1.44     2.10     8.69     0  02:38        1.96
  YS02001655           JUNCTION     1.21     2.01     8.86     0  02:38        1.81
  YS02001920           JUNCTION     0.42     1.32     8.33     0  02:55        1.31
  YS02001923           JUNCTION     0.25     1.08     8.34     0  02:55        1.06
  YS02001926           JUNCTION     0.29     0.90     8.34     0  02:55        0.90
  YS02001929           JUNCTION     0.17     0.65     8.34     0  02:54        0.64
  YS02001658           JUNCTION     0.96     1.93     9.08     0  02:37        1.51
  YS02001661           JUNCTION     0.75     2.43     9.84     0  02:38        1.32
  YS02001664           JUNCTION     0.34     0.57     8.50     0  02:39        0.57
  YS02001622           JUNCTION     1.17     1.60     8.51     0  02:27        1.49
  YS02001633           JUNCTION     1.58     1.95     8.40     0  02:35        1.94
  YS02001649           JUNCTION     1.63     2.05     8.44     0  02:37        2.05
  YS02001757           JUNCTION     1.75     2.17     8.43     0  02:57        2.17
  YS02001895           JUNCTION     0.58     1.56     8.31     0  02:58        1.55
  YS02001625           JUNCTION     1.45     1.78     8.38     0  02:27        1.78
  YS02163301           JUNCTION     1.52     1.89     8.40     0  02:27        1.88
  YS02163601           JUNCTION     1.62     1.99     8.39     0  02:35        1.98
  YS02164001           JUNCTION     1.56     1.92     8.38     0  02:36        1.91
  YS02001647           JUNCTION     1.42     1.80     8.41     0  02:42        1.79
  YSB1154              JUNCTION     0.29     0.47     9.52     0  03:01        0.47
  YSB6556              JUNCTION     0.18     0.35     9.52     0  03:01        0.35
  YSB1174              JUNCTION     0.24     0.41     9.52     0  03:01        0.41
  YSB1171              JUNCTION     0.44     0.62     9.52     0  03:01        0.62
  YS02006553           JUNCTION     0.99     1.96     8.25     0  02:55        1.96
  YS02006561           JUNCTION     0.34     1.05     7.71     0  03:13        1.05
  YS02006556           JUNCTION     0.96     1.94     8.25     0  02:55        1.91
  YS02006558           JUNCTION     1.00     1.98     8.25     0  02:55        1.95
  YS02001783           JUNCTION     0.55     1.43     7.58     0  03:04        1.43
  YS02001784           JUNCTION     0.55     1.37     7.44     0  03:03        1.37
  YS02001786           JUNCTION     0.47     1.21     7.24     0  03:13        1.21
  YS02001788           JUNCTION     0.37     1.08     7.05     0  03:04        1.07
  YS02001790           JUNCTION     0.44     1.23     6.88     0  03:13        1.23
  YS02001791           JUNCTION     0.34     1.21     6.68     0  03:12        1.21
  YS02001793           JUNCTION     0.59     2.57     7.40     0  02:14        1.72
  WSC                  OUTFALL      0.31     0.41     1.08     0  03:08        0.41
  JK-storage           STORAGE      4.45     5.73     6.53     0  03:10        5.73
  CC-storage           STORAGE      1.00     1.44     8.44     0  03:07        1.44
  XR-storage           STORAGE      7.53     7.72     5.72     0  02:04        7.72
  
  
  *******************
  Node Inflow Summary
  *******************
  
  -------------------------------------------------------------------------------------------------
                                  Maximum  Maximum                  Lateral       Total        Flow
                                  Lateral    Total  Time of Max      Inflow      Inflow     Balance
                                   Inflow   Inflow   Occurrence      Volume      Volume       Error
  Node                 Type           LPS      LPS  days hr:min    10^6 ltr    10^6 ltr     Percent
  -------------------------------------------------------------------------------------------------
  WS02001211           JUNCTION      7.35   294.83     0  03:18       0.212        7.72       0.493
  WS02001212           JUNCTION      0.00   297.38     0  03:18           0        7.68       0.252
  WS02001213           JUNCTION      0.00   299.37     0  03:18           0        7.67       0.285
  WS02003069           JUNCTION      0.32  1022.86     0  03:07     0.00922        15.2       0.150
  WS02003072           JUNCTION      0.00  1022.81     0  03:07           0        15.2       0.194
  WS02003073           JUNCTION      1.82  1024.62     0  03:08      0.0524        15.2       0.214
  WS02003060           JUNCTION     16.53  1022.35     0  03:06       0.476        15.2       0.142
  WS02003066           JUNCTION      0.00   718.07     0  03:05           0        7.15       0.036
  WS02003059           JUNCTION      0.00   302.46     0  03:17           0        7.65       0.497
  WS02003067           JUNCTION      0.00   717.91     0  03:05           0        7.15       0.083
  WS02004401           JUNCTION      0.00   719.14     0  03:03           0        7.29       0.187
  WS02004402           JUNCTION      0.00   719.21     0  03:04           0        7.28       0.181
  WS02004403           JUNCTION      0.00   719.31     0  03:04           0        7.27       0.171
  WS02004404           JUNCTION      0.16   719.55     0  03:04     0.00467        7.26       0.126
  WS02004406           JUNCTION      0.00   719.66     0  03:04           0        7.24       0.329
  WS02004409           JUNCTION      0.00   719.56     0  03:04           0        7.21       0.093
  WS02004410           JUNCTION      0.00   718.81     0  03:04           0         7.2       0.123
  WS02004411           JUNCTION      0.00   718.33     0  03:05           0        7.19       0.139
  WS02004412           JUNCTION      0.00   718.08     0  03:05           0        7.18       0.166
  WS02004413           JUNCTION      0.00   717.92     0  03:05           0        7.17       0.273
  WS02004405           JUNCTION      0.04   719.62     0  03:04      0.0011        7.25       0.195
  WS02006109           JUNCTION      1.23   708.31     0  03:02      0.0354         7.3       0.215
  WS02006110           JUNCTION      0.00   708.44     0  03:02           0        7.28       0.214
  WS02006111           JUNCTION      0.00   720.39     0  02:59           0        7.26       0.030
  WS02006112           JUNCTION     16.72   719.89     0  03:03      0.0747        7.33       0.261
  WS02006113           JUNCTION      0.00   708.27     0  03:02           0        7.27       0.082
  WS02006115           JUNCTION      0.00   719.99     0  03:03           0        7.32       0.179
  WS02006116           JUNCTION      0.00   719.43     0  03:03           0         7.3       0.133
  WS02006230           JUNCTION     10.28   340.75     0  03:15       0.296        5.12       0.201
  WS02006231           JUNCTION      0.00   328.05     0  03:13           0        4.83       0.129
  WS02006232           JUNCTION      0.00   327.97     0  03:13           0        4.84       0.242
  WS02006234           JUNCTION      0.00   327.56     0  03:13           0        4.85       0.108
  WS02006235           JUNCTION      0.00   328.65     0  03:13           0        5.11       0.126
  WS02006238           JUNCTION      0.00   207.16     0  01:44           0       0.855       0.642
  WS02006240           JUNCTION      0.00   110.69     0  01:46           0       0.679       1.128
  WS02006242           JUNCTION      0.00   101.37     0  03:09           0       0.583       1.471
  WS02006243           JUNCTION      0.00    96.21     0  03:09           0       0.503       1.323
  WS02006245           JUNCTION      0.00    89.94     0  03:09           0       0.461       0.773
  WS02006247           JUNCTION      0.00    85.11     0  03:06           0       0.438       0.095
  WS02006248           JUNCTION      0.00    81.44     0  03:06           0       0.426      -0.006
  WS02006249           JUNCTION      0.00    80.32     0  03:01           0       0.423       0.171
  WS02006239           JUNCTION      0.00   134.09     0  01:45           0       0.774       0.912
  WS02006251           JUNCTION      0.08    83.67     0  03:01     0.00222       0.422      -0.012
  WS02006252           JUNCTION      0.00     0.00     0  00:00           0           0       0.000 ltr
  WS02006253           JUNCTION      1.99    86.08     0  03:01     0.00929        0.42       0.020
  WS02006256           JUNCTION      0.00   983.00     0  02:05           0        9.66      -0.081
  WS02004138           JUNCTION      0.00   285.00     0  01:31           0        7.54       0.052
  WS02004139           JUNCTION      0.32   285.32     0  03:50     0.00924        7.55       0.478
  WS02004407           JUNCTION      0.00   719.71     0  03:04           0        7.21       0.040
  WS02006228           JUNCTION      0.00   707.15     0  03:02           0        7.28       0.161
  WS02006229           JUNCTION      0.00   706.89     0  03:02           0        7.29       0.150
  WS02006280           JUNCTION      0.00   413.61     0  03:02           0        2.18       0.003
  WS02006284           JUNCTION      0.10   413.56     0  03:02     0.00275        2.18       0.039
  WS02006287           JUNCTION      0.00   413.22     0  03:01           0        2.18       0.034
  WSF200               JUNCTION      0.00   718.13     0  03:06           0        7.14       0.028
  HS02004901           JUNCTION     20.36    20.36     0  03:01      0.0902      0.0904       1.987
  HS02004881           JUNCTION      7.95    84.19     0  03:01      0.0378       0.411       0.044
  HS02004876           JUNCTION     14.96    76.75     0  03:01      0.0728       0.373       0.145
  HS02004870           JUNCTION     14.89    62.15     0  03:01      0.0716       0.301       0.037
  HS02004862           JUNCTION     15.28    47.68     0  03:01       0.079       0.229       0.075
  HS02004856           JUNCTION     11.18    32.72     0  03:01      0.0539       0.152       0.963
  HS02004852           JUNCTION      0.00    21.94     0  03:01           0      0.0979       0.057
  HS02004848           JUNCTION     34.61    34.61     0  03:01       0.174       0.174       0.028
  HS02004842           JUNCTION      0.00    12.41     0  03:01           0      0.0896      16.981
  HS02004837           JUNCTION     31.84    43.95     0  03:01       0.307       0.384       0.206
  HS02004830           JUNCTION      0.15    43.86     0  03:01     0.00432       0.374       0.330
  HS02004824           JUNCTION     42.39    85.90     0  03:01       0.225       0.598       0.091
  HS02004817           JUNCTION      0.60    86.28     0  03:01      0.0173       0.615       2.786
  HS02004807           JUNCTION     27.35   112.31     0  03:01       0.131        0.73       0.601
  HS02004802           JUNCTION      0.00   111.36     0  03:01           0       0.728       0.544
  HS02004799           JUNCTION     22.08   258.93     0  03:01       0.107        1.25       0.222
  HS02004792           JUNCTION    102.90   237.97     0  03:01       0.471        1.14       0.037
  HS02004788           JUNCTION     34.16   135.93     0  03:01         0.2        0.67       0.058
  HS02004785           JUNCTION      0.15   103.52     0  03:01     0.00432       0.472       0.105
  HS02004777           JUNCTION      0.03   104.16     0  03:01    0.000864       0.472       1.113
  HS02004770           JUNCTION     85.35   105.10     0  03:01       0.385       0.473       0.658
  HS02004480           JUNCTION      0.00   302.44     0  03:01           0        1.47       0.075
  HS02004479           JUNCTION      0.00    44.90     0  03:02           0       0.232       0.317
  HS02004478           JUNCTION      0.00   413.08     0  03:01           0        2.18       0.014
  YS02001745           JUNCTION    336.84   379.94     0  02:26         2.7        2.71       0.421
  YS02001748           JUNCTION      0.04   551.91     0  02:27      0.0013         2.7       0.799
  YS02001751           JUNCTION      0.01   380.80     0  02:17    0.000317        2.67       0.898
  YS02001754           JUNCTION      0.26   341.72     0  03:01     0.00749        2.66       0.941
  YS02001762           JUNCTION      0.00   292.93     0  02:38           0        1.98       1.085
  YS02001765           JUNCTION      0.00   294.04     0  02:38           0        1.98       1.247
  YS02001767           JUNCTION      0.54   293.76     0  02:38      0.0154        2.01       1.809
  YS02001770           JUNCTION    415.94   621.34     0  03:08        3.02        3.78       0.848
  YS02001774           JUNCTION      0.00   621.80     0  03:08           0         2.5       1.010
  YS02001779           JUNCTION      0.01   622.03     0  03:08    0.000144        2.47       0.622
  YS02001882           JUNCTION      0.00    13.11     0  02:41           0      0.0171      12.629
  YS02001884           JUNCTION      0.00    17.20     0  02:30           0      0.0536      11.541
  YS02001759           JUNCTION    399.49   574.05     0  02:38        2.79        3.99       0.579
  YS02001887           JUNCTION    494.68   494.77     0  03:00         3.2        3.24       0.239
  YS02001890           JUNCTION      0.00   494.93     0  03:00           0        3.19       0.270
  YS02001898           JUNCTION      0.00   494.97     0  03:01           0        3.18       0.074
  YS02001901           JUNCTION      0.00   495.70     0  03:01           0        3.17       0.200
  YS02001904           JUNCTION      0.00   495.71     0  03:01           0        3.17       0.172
  YS02001907           JUNCTION      0.00   962.94     0  03:00           0        7.07       0.324
  YS02001910           JUNCTION      0.00   480.43     0  02:56           0        3.91       0.281
  YS02001915           JUNCTION    296.36   480.03     0  02:56        2.26        3.91       0.140
  YS02001918           JUNCTION      0.00   219.03     0  03:31           0        1.65       0.068
  YS02001619           JUNCTION    290.53   290.53     0  03:01        2.25        2.25       0.545
  YS02001629           JUNCTION      0.00   216.12     0  02:17           0        1.71       1.704
  YS02001641           JUNCTION      0.00   402.49     0  02:28           0        4.28       0.503
  YS02001644           JUNCTION    321.01  1397.70     0  03:01         2.6        12.2       0.211
  YS02001652           JUNCTION      0.00   370.39     0  03:01           0        2.34       1.026
  YS02001655           JUNCTION      0.15   391.24     0  02:19     0.00443        2.37       1.032
  YS02001920           JUNCTION      2.87   206.92     0  02:55      0.0827        1.65       0.152
  YS02001923           JUNCTION      0.04   203.58     0  02:55     0.00109        1.57       0.048
  YS02001926           JUNCTION      0.05   176.89     0  02:56      0.0015        1.57       0.212
  YS02001929           JUNCTION    151.13   151.13     0  03:01        1.57        1.57       0.039
  YS02001658           JUNCTION      0.00   607.45     0  02:23           0         2.4       0.917
  YS02001661           JUNCTION      0.00   647.77     0  02:36           0        2.45       0.204
  YS02001664           JUNCTION    361.21   367.61     0  02:36        2.39        2.44       0.244
  YS02001622           JUNCTION      0.00   291.04     0  03:01           0        2.24       1.437
  YS02001633           JUNCTION    326.74   397.27     0  02:35        2.68        4.34       0.742
  YS02001649           JUNCTION      0.00   839.55     0  02:35           0        7.14       0.533
  YS02001757           JUNCTION      0.00  1581.25     0  02:35           0        7.83       1.196
  YS02001895           JUNCTION      0.00   494.96     0  03:01           0        3.18       0.151
  YS02001625           JUNCTION      0.00   290.81     0  03:01           0        2.21       1.789
  YS02163301           JUNCTION      0.00   203.25     0  02:28           0        1.69       1.470
  YS02163601           JUNCTION      0.11   397.65     0  02:35     0.00317        4.31       0.703
  YS02164001           JUNCTION      0.00   397.80     0  02:35           0        4.29       0.469
  YS02001647           JUNCTION      0.00   734.50     0  03:10           0         6.5       0.437
  YSB1154              JUNCTION     26.18    26.18     0  03:01       0.129        0.13       1.131
  YSB6556              JUNCTION      0.00    25.82     0  03:01           0        0.13       0.966
  YSB1174              JUNCTION     20.52    20.52     0  03:01      0.0948      0.0953       1.367
  YSB1171              JUNCTION      0.00    45.30     0  03:01           0       0.231       2.818
  YS02006553           JUNCTION      0.00   743.59     0  02:54           0        6.75       0.218
  YS02006561           JUNCTION      0.00  1135.75     0  02:54           0        9.65       0.004
  YS02006556           JUNCTION      0.00   743.93     0  02:54           0        6.76       0.149
  YS02006558           JUNCTION    433.40  1135.93     0  02:54        2.95        9.68       0.048
  YS02001783           JUNCTION      0.00  1135.62     0  02:54           0        9.65       0.019
  YS02001784           JUNCTION      1.06  1136.98     0  02:54      0.0305        9.68       0.034
  YS02001786           JUNCTION      0.06  1136.72     0  02:54     0.00162        9.67       0.034
  YS02001788           JUNCTION      0.07  1137.12     0  02:54     0.00204        9.67       0.020
  YS02001790           JUNCTION      0.15  1130.51     0  02:54     0.00446        9.68       0.026
  YS02001791           JUNCTION      0.00  1162.53     0  02:51           0        9.67       0.005
  YS02001793           JUNCTION      0.00  1106.79     0  02:52           0        9.71      -0.088
  WSC                  OUTFALL       0.00  1024.57     0  03:08           0        15.2       0.000
  JK-storage           STORAGE       0.00  1153.47     0  02:25           0        9.87      -0.001
  CC-storage           STORAGE       0.00  1581.12     0  02:35           0        4.07       1.623
  XR-storage           STORAGE     844.76   844.76     0  03:01          12        12.6      -0.003
  
  
  **********************
  Node Surcharge Summary
  **********************
  
  Surcharging occurs when water rises above the top of the highest conduit.
  ---------------------------------------------------------------------
                                               Max. Height   Min. Depth
                                   Hours       Above Crown    Below Rim
  Node                 Type      Surcharged         Meters       Meters
  ---------------------------------------------------------------------
  WS02004401           JUNCTION        0.15          0.030        1.630
  WS02004402           JUNCTION        0.23          0.040        1.700
  WS02004403           JUNCTION        0.24          0.038        1.992
  WS02004404           JUNCTION        0.70          0.103        2.677
  WS02004406           JUNCTION        0.49          0.060        2.390
  WS02004405           JUNCTION        0.58          0.081        2.719
  WS02006109           JUNCTION        1.68          0.328        1.492
  WS02006110           JUNCTION        1.13          0.119        1.731
  WS02006112           JUNCTION        1.39          0.265        1.415
  WS02006230           JUNCTION        0.59          0.171        1.399
  WS02006231           JUNCTION        0.71          0.206        1.324
  WS02006232           JUNCTION        1.39          0.336        1.144
  WS02006234           JUNCTION        0.85          0.232        1.008
  WS02006235           JUNCTION        1.00          0.267        1.023
  WS02006238           JUNCTION        1.05          0.281        1.149
  WS02006240           JUNCTION        0.46          0.137        1.253
  WS02006242           JUNCTION        0.48          0.145        0.675
  WS02006243           JUNCTION        0.08          0.016        0.754
  WS02006239           JUNCTION        0.66          0.193        1.097
  WS02006256           JUNCTION        6.42          2.050        0.000
  WS02006228           JUNCTION        1.67          0.408        1.792
  YS02001748           JUNCTION        5.47          0.370        0.820
  YS02001751           JUNCTION        5.65          0.658        0.542
  YS02001754           JUNCTION        5.86          0.782        0.368
  YS02001762           JUNCTION        6.04          1.037        0.113
  YS02001765           JUNCTION        6.01          0.983        0.117
  YS02001767           JUNCTION        5.98          0.943        0.087
  YS02001770           JUNCTION        5.97          0.891        0.029
  YS02001774           JUNCTION        6.03          0.981        0.069
  YS02001779           JUNCTION        5.84          0.680        0.000
  YS02001882           JUNCTION        0.85          0.622        0.208
  YS02001884           JUNCTION        0.88          0.659        0.211
  YS02001759           JUNCTION        6.06          1.078        0.132
  YS02001887           JUNCTION        0.98          0.748        0.202
  YS02001890           JUNCTION        1.01          0.760        0.000
  YS02001898           JUNCTION        0.80          0.528        0.212
  YS02001901           JUNCTION        0.93          0.673        0.197
  YS02001904           JUNCTION        0.90          0.633        0.217
  YS02001907           JUNCTION        1.78          0.950        0.000
  YS02001910           JUNCTION        1.06          0.775        0.325
  YS02001915           JUNCTION        0.83          0.585        0.415
  YS02001918           JUNCTION        0.58          0.252        0.558
  YS02001619           JUNCTION        5.64          0.610        0.000
  YS02001629           JUNCTION        5.65          0.470        0.000
  YS02001641           JUNCTION        6.02          0.941        0.159
  YS02001644           JUNCTION        6.02          0.920        0.000
  YS02001652           JUNCTION        5.90          1.068        0.062
  YS02001655           JUNCTION        5.67          1.010        0.190
  YS02001920           JUNCTION        0.62          0.323        0.817
  YS02001658           JUNCTION        5.50          0.934        0.366
  YS02001661           JUNCTION        0.07          1.361        0.029
  YS02001622           JUNCTION        5.68          0.601        0.019
  YS02001633           JUNCTION        6.00          0.928        0.132
  YS02001649           JUNCTION        6.04          1.050        0.000
  YS02001757           JUNCTION        6.14          1.173        0.037
  YS02001895           JUNCTION        0.81          0.561        0.189
  YS02001625           JUNCTION        5.93          0.780        0.000
  YS02163301           JUNCTION        5.98          0.887        0.143
  YS02163601           JUNCTION        6.04          0.992        0.088
  YS02164001           JUNCTION        6.00          0.921        0.179
  YS02001647           JUNCTION        5.92          0.801        0.099
  YS02006553           JUNCTION        1.90          0.964        0.226
  YS02006561           JUNCTION        0.58          0.251        0.899
  YS02006556           JUNCTION        1.31          0.899        0.451
  YS02006558           JUNCTION        1.27          0.878        0.522
  YS02001783           JUNCTION        1.00          0.634        0.966
  YS02001784           JUNCTION        0.94          0.572        0.918
  YS02001786           JUNCTION        0.72          0.413        1.017
  YS02001788           JUNCTION        0.58          0.275        1.205
  YS02001790           JUNCTION        0.68          0.434        0.723
  YS02001791           JUNCTION        0.68          0.412        1.508
  YS02001793           JUNCTION        0.82          1.571        1.029
  
  
  *********************
  Node Flooding Summary
  *********************
  
  Flooding refers to all water that overflows a node, whether it ponds or not.
  --------------------------------------------------------------------------
                                                             Total   Maximum
                                 Maximum   Time of Max       Flood    Ponded
                        Hours       Rate    Occurrence      Volume     Depth
  Node                 Flooded       LPS   days hr:min    10^6 ltr    Meters
  --------------------------------------------------------------------------
  WS02006256              5.07    771.02      0  03:02       5.193     0.000
  YS02001779              2.85    622.01      0  03:08       2.452     0.000
  YS02001890              0.01      0.88      0  03:00       0.000     0.000
  YS02001907              0.43    387.56      0  03:00       0.306     0.000
  YS02001619              0.01     17.28      0  02:27       0.000     0.000
  YS02001629              0.01      7.89      0  02:27       0.000     0.000
  YS02001644              5.41   1397.25      0  03:01      10.964     0.000
  YS02001649              0.01     25.99      0  02:38       0.000     0.000
  YS02001625              1.18    235.77      0  03:01       0.464     0.000
  XR-storage              5.92    559.74      0  03:01       4.131     0.000
  
  
  **********************
  Storage Volume Summary
  **********************
  
  --------------------------------------------------------------------------------------------------
                         Average     Avg  Evap Exfil       Maximum     Max    Time of Max    Maximum
                          Volume    Pcnt  Pcnt  Pcnt        Volume    Pcnt     Occurrence    Outflow
  Storage Unit           1000 m3    Full  Loss  Loss       1000 m3    Full    days hr:min        LPS
  --------------------------------------------------------------------------------------------------
  JK-storage               0.224      77     0     0         0.288      99       0  03:10     983.00
  CC-storage               2.787      18     0     0         4.000      25       0  03:07     118.56
  XR-storage               0.904      98     0     0         0.926     100       0  02:04     285.00
  
  
  ***********************
  Outfall Loading Summary
  ***********************
  
  ---------------------------------------------------------------------------------------------------------------------------------
                         Flow       Avg       Max       Total         Total         Total         Total         Total         Total
                         Freq      Flow      Flow      Volume           COD            SS            TN            TP         NH4-N
  Outfall Node           Pcnt       LPS       LPS    10^6 ltr            kg            kg            kg            kg            kg
  ---------------------------------------------------------------------------------------------------------------------------------
  WSC                   99.99    621.50   1024.57      15.179      1921.849      3282.225       124.247        14.643        75.270
  ---------------------------------------------------------------------------------------------------------------------------------
  System                99.99    621.50   1024.57      15.179      1921.849      3282.225       124.247        14.643        75.270
  
  
  ********************
  Link Flow Summary
  ********************
  
  -----------------------------------------------------------------------------
                                 Maximum  Time of Max   Maximum    Max/    Max/
                                  |Flow|   Occurrence   |Veloc|    Full    Full
  Link                 Type          LPS  days hr:min     m/sec    Flow   Depth
  -----------------------------------------------------------------------------
  WS02003066WSF200     CONDUIT    718.13     0  03:06      2.85    0.12    0.27
  WS02006287WS02006284 CONDUIT    413.47     0  03:02      2.04    0.19    0.30
  WS02006284WS02006280 CONDUIT    413.61     0  03:02      2.28    0.17    0.28
  WS02006280WS02006229 CONDUIT    413.65     0  03:02      3.68    0.09    0.20
  WS02006229WS02006228 CONDUIT    707.15     0  03:02      1.41    2.34    1.00
  WS02006256WS02006235 CONDUIT    286.17     0  07:54      4.12    3.03    1.00
  WS02006253WS02006251 CONDUIT     83.60     0  03:01      0.50    0.25    0.71
  WS02006252WS02006251 CONDUIT      0.00     0  00:00      0.00    0.00    0.00
  WS02006251WS02006249 CONDUIT     80.32     0  03:01      0.55    0.23    0.75
  WS02006249WS02006248 CONDUIT     81.44     0  03:06      0.64    0.45    0.79
  WS02006248WS02006247 CONDUIT     85.11     0  03:06      0.61    0.19    0.86
  WS02006247WS02006245 CONDUIT     89.94     0  03:09      0.56    0.71    0.93
  WS02006245WS02006243 CONDUIT     96.21     0  03:09      0.68    0.28    0.97
  WS02006243WS02006242 CONDUIT    101.37     0  03:09      0.54    0.22    1.00
  WS02006242WS02006240 CONDUIT    101.55     0  03:09      0.69    0.40    1.00
  WS02006240WS02006239 CONDUIT    102.36     0  03:10      0.75    0.32    1.00
  WS02006239WS02006238 CONDUIT    126.99     0  05:45      0.81    0.41    1.00
  WS02006238WS02006235 CONDUIT    188.94     0  06:52      1.16    0.42    1.00
  WS02006235WS02006234 CONDUIT    327.56     0  03:13      1.12    3.46    1.00
  WS02006234WS02006232 CONDUIT    327.97     0  03:13      0.94    0.66    1.00
  WS02006232WS02006231 CONDUIT    328.05     0  03:13      0.86    0.69    1.00
  WS02006231WS02006230 CONDUIT    330.47     0  03:15      1.21    5.01    1.00
  WS02006230WS02006229 CONDUIT    344.47     0  03:15      0.90    7.67    1.00
  WS02006228WS02006109 CONDUIT    707.08     0  03:02      1.41    3.09    1.00
  WS02006116WS02004401 CONDUIT    719.14     0  03:03      0.92    0.99    1.00
  WS02006115WS02006116 CONDUIT    719.43     0  03:03      0.93    0.92    0.96
  WS02006113WS02006111 CONDUIT    720.39     0  02:59      2.60    0.86    0.60
  WS02006112WS02006115 CONDUIT    719.99     0  03:03      0.92    0.42    0.97
  WS02006111WS02006112 CONDUIT    707.25     0  03:03      1.71    0.34    0.77
  WS02006110WS02006113 CONDUIT    708.27     0  03:02      1.60    0.64    0.83
  WS02006109WS02006110 CONDUIT    708.44     0  03:02      1.41    1.36    1.00
  WS02004411WS02004412 CONDUIT    718.08     0  03:05      1.08    1.02    0.79
  WS02004401WS02004402 CONDUIT    719.21     0  03:04      0.92    0.86    1.00
  WS02004413WS02003067 CONDUIT    717.91     0  03:05      1.31    0.31    0.66
  WS02004412WS02004413 CONDUIT    717.92     0  03:05      0.99    0.48    0.86
  WS02004410WS02004411 CONDUIT    718.33     0  03:05      1.07    0.98    0.80
  WS02004409WS02004410 CONDUIT    718.81     0  03:04      1.08    0.93    0.79
  WS02004407WS02004409 CONDUIT    719.56     0  03:04      1.57    0.25    0.57
  WS02004406WS02004407 CONDUIT    719.71     0  03:04      1.28    0.32    0.67
  WS02004405WS02004406 CONDUIT    719.66     0  03:04      0.92    1.42    1.00
  WS02004404WS02004405 CONDUIT    719.59     0  03:04      0.92    7.05    1.00
  WS02004403WS02004404 CONDUIT    719.39     0  03:04      0.92    0.52    1.00
  WS02004402WS02004403 CONDUIT    719.31     0  03:04      0.92    1.03    1.00
  WS02004139WS02001211 CONDUIT    287.48     0  03:18      0.54    0.36    0.55
  WS02004138WS02004139 CONDUIT    285.00     0  03:50      2.39    0.06    0.40
  WS02003067WS02003066 CONDUIT    718.07     0  03:05      1.42    0.23    0.46
  WS02001213WS02003059 CONDUIT    302.46     0  03:17      0.59    0.50    0.77
  WS02001212WS02001213 CONDUIT    299.37     0  03:18      1.19    0.46    0.45
  WS02001211WS02001212 CONDUIT    297.38     0  03:18      0.67    0.23    0.61
  WS02003072WS02003073 CONDUIT   1022.80     0  03:08      1.78    2.21    0.51
  WS02003069WS02003072 CONDUIT   1022.81     0  03:07      1.67    0.49    0.53
  WS02003060WS02003069 CONDUIT   1022.54     0  03:07      1.90    0.40    0.48
  WS02003059WS02003060 CONDUIT    306.68     0  03:16      0.82    0.20    0.68
  HS02004901HS02004770 CONDUIT     20.52     0  03:01      0.07    0.08    0.42
  HS02004876HS02004881 CONDUIT     76.54     0  03:01      0.95    0.81    0.12
  HS02004870HS02004876 CONDUIT     61.90     0  03:01      0.65    0.04    0.14
  HS02004842HS02004848 CONDUIT     12.41     0  03:01      0.06    0.01    0.31
  HS02004837HS02004842 CONDUIT     12.98     0  03:02      0.42    0.01    0.32
  HS02004830HS02004837 CONDUIT     43.71     0  03:01      0.57    0.04    0.11
  HS02004824HS02004830 CONDUIT     43.66     0  03:01      0.59    0.06    0.11
  HS02004817HS02004824 CONDUIT     85.68     0  03:01      0.26    0.04    0.48
  HS02004770HS02004777 CONDUIT    104.13     0  03:01      0.35    0.19    0.43
  HS02004799HS02004480 CONDUIT    258.30     0  03:01      0.83    0.33    0.44
  HS02004792HS02004799 CONDUIT    237.04     0  03:01      0.95    0.15    0.36
  HS02004788HS02004792 CONDUIT    135.42     0  03:01      1.06    0.09    0.18
  HS02004785HS02004788 CONDUIT    103.22     0  03:02      0.71    0.78    0.21
  HS02004777HS02004785 CONDUIT    103.37     0  03:01      0.42    0.13    0.35
  HS02004480HS02004478 CONDUIT    302.29     0  03:01      1.26    1.27    0.34
  HS02004479HS02004480 CONDUIT     46.29     0  03:02      0.32    0.04    0.43
  HS02004862HS02004870 CONDUIT     47.43     0  03:01      0.66    0.05    0.10
  HS02004848HS02004852 CONDUIT     21.94     0  03:01      0.45    0.02    0.07
  HS02004856HS02004862 CONDUIT     32.47     0  03:01      0.48    0.03    0.10
  HS02004852HS02004856 CONDUIT     21.85     0  03:02      0.25    0.02    0.13
  HS02004802HS02004478 CONDUIT    111.52     0  03:02      0.45    0.10    0.36
  HS02004478WS02006287 CONDUIT    413.22     0  03:01      1.75    0.12    0.26
  HS02004817HS02004807 CONDUIT     86.14     0  03:01      0.19    0.05    0.63
  HS02004807HS02004802 CONDUIT    111.36     0  03:01      0.38    0.21    0.42
  YS02001759YS02001757 CONDUIT    574.04     0  02:38      0.73    0.41    1.00
  YS02001762YS02001759 CONDUIT    292.49     0  02:38      0.37    0.34    1.00
  YS02001765YS02001762 CONDUIT    292.93     0  02:38      0.37    0.27    1.00
  YS02001770YS02001767 CONDUIT    293.22     0  02:38      0.37    1.16    1.00
  YS02001774YS02001770 CONDUIT    621.80     0  03:08      0.79    0.40    1.00
  YS02001779YS02001774 CONDUIT    622.02     0  03:08      0.79    0.31    1.00
  YS02001649YS02001757 CONDUIT    840.54     0  02:35      1.07    0.51    1.00
  YS02001767YS02001765 CONDUIT    294.04     0  02:38      0.37    0.37    1.00
  YS02006561YS02001783 CONDUIT   1135.62     0  02:54      2.27    0.59    1.00
  YS02001783YS02001784 CONDUIT   1135.92     0  02:54      2.26    1.57    1.00
  YS02001784YS02001785 CONDUIT   1136.67     0  02:54      2.26    2.65    1.00
  YS02001788YS02001790 CONDUIT   1130.35     0  02:54      2.68    0.83    1.00
  YS02001790YS02001791 CONDUIT   1162.53     0  02:51      3.19    1.26    1.00
  YS02001791YS02001793 CONDUIT   1106.79     0  02:52      4.63    0.48    1.00
  YS02001910YS02001907 CONDUIT    480.26     0  02:55      0.61    0.27    1.00
  YS02001786YS02001788 CONDUIT   1137.05     0  02:54      2.41    2.19    1.00
  YS02001915YS02001910 CONDUIT    480.43     0  02:56      0.61    0.24    1.00
  YS02001918YS02001915 CONDUIT    244.47     0  03:31      0.44    0.13    1.00
  YS02001923YS02001920 CONDUIT    204.05     0  02:55      0.71    0.09    1.00
  YS02001926YS02001923 CONDUIT    203.54     0  02:55      0.83    0.29    0.87
  YS02001929YS02001926 CONDUIT    176.83     0  02:56      0.88    0.08    0.77
  YS02001920YS02001918 CONDUIT    219.03     0  03:31      0.70    0.21    1.00
  YS02001629YS02163301 CONDUIT    203.25     0  02:28      0.26    0.25    1.00
  YS02001619YS02001622 CONDUIT    291.04     0  03:01      0.61    0.43    1.00
  YS02001622YS02001625 CONDUIT    290.81     0  03:01      0.37    0.16    1.00
  YS02001625YS02001629 CONDUIT    216.12     0  02:17      0.28    0.10    1.00
  YS02163301YS02001633 CONDUIT    206.66     0  02:28      0.26    0.19    1.00
  YS02163601YS02164001 CONDUIT    397.80     0  02:35      0.51    0.35    1.00
  YS02164001YS02001641 CONDUIT    402.49     0  02:28      0.51    0.55    1.00
  YS02001641YS02001644 CONDUIT    406.27     0  02:28      0.52    1.31    1.00
  YS02001647YS02001649 CONDUIT    734.50     0  03:10      0.94    0.39    1.00
  YS02006553YS02006556 CONDUIT    743.93     0  02:54      0.95    0.64    1.00
  YS02006556YS02006558 CONDUIT    743.87     0  02:54      0.95    0.59    1.00
  YSB6556YSB1171       CONDUIT     25.75     0  03:03      0.09    0.03    0.70
  YS02001907YS02006553 CONDUIT    743.59     0  02:54      0.83    0.87    1.00
  YS02006558YS02006561 CONDUIT   1135.75     0  02:54      4.02    2.51    1.00
  YS02001633YS02163601 CONDUIT    397.54     0  02:35      0.51    0.42    1.00
  YS02001644YS02001647 CONDUIT    734.79     0  03:10      0.94    0.43    1.00
  YS02001745YS02001748 CONDUIT    551.87     0  02:27      1.47    0.21    0.96
  YS02001748YS02001751 CONDUIT    380.79     0  02:17      1.06    0.19    1.00
  YS02001751YS02001754 CONDUIT    341.46     0  03:01      0.92    0.16    1.00
  YS02001754YS02001757 CONDUIT    342.34     0  03:01      0.44    0.14    1.00
  YS02001882YS02001884 CONDUIT     13.11     0  02:41      0.13    0.02    1.00
  YS02001884YS02001887 CONDUIT     18.29     0  03:47      0.09    0.02    1.00
  YS02001890YS02001895 CONDUIT    494.96     0  03:01      0.63    0.23    1.00
  YS02001895YS02001898 CONDUIT    494.97     0  03:01      0.63    0.86    1.00
  YS02001898YS02001901 CONDUIT    495.70     0  03:01      0.63    0.32    1.00
  YS02001901YS02001904 CONDUIT    495.71     0  03:01      0.63    0.77    1.00
  YS02001904YS02001907 CONDUIT    495.92     0  03:01      0.63    0.17    1.00
  YS02001887YS02001890 CONDUIT    494.93     0  03:00      0.63    0.85    1.00
  YS02001652YS02001649 CONDUIT    370.33     0  03:01      0.63    0.18    1.00
  YS02001655YS02001652 CONDUIT    370.39     0  03:01      0.98    0.18    1.00
  YS02001658YS02001655 CONDUIT    391.09     0  02:19      1.22    0.17    1.00
  YS02001661YS02001658 CONDUIT    607.45     0  02:23      1.55    0.24    1.00
  YS02001664YS02001661 CONDUIT    647.77     0  02:36      1.43    0.20    0.77
  YSB1154YSB6556       CONDUIT     25.82     0  03:01      0.17    0.05    0.59
  YSB1174YSB1171       CONDUIT     20.15     0  03:01      0.07    0.03    0.70
  YSB1171HS02004479    CONDUIT     44.90     0  03:02      0.54    0.03    0.55
  HS02004881HS02006253 CONDUIT     84.16     0  03:01      2.06    0.02    0.15
  YS02001793JiankangQianchi CONDUIT   1153.47     0  02:25      1.82    0.09    1.00
  YS02001757CaochengTiaoxuchi CONDUIT   1581.12     0  02:35      2.03    0.69    1.00
  WSF200WS02003060     CONDUIT    718.31     0  03:06      1.82    0.16    0.38
  1                    CONDUIT   1024.57     0  03:08      3.35    0.36    0.41
  CC-Pump-1            PUMP         0.00     0  00:00              0.00
  CC-Pump-2            PUMP         0.00     0  00:00              0.00
  JK-Pump-1            PUMP       300.00     0  01:44              1.00
  JK-Pump-2            PUMP       683.00     0  02:05              1.00
  XR-Pump-1            PUMP        95.00     0  00:00              1.00
  XR-Pump-2            PUMP        95.00     0  00:25              1.00
  XR-Pump-3            PUMP        95.00     0  01:31              1.00
  XR-Pump-4            PUMP         0.00     0  00:00              0.00
  
  
  ***************************
  Flow Classification Summary
  ***************************
  
  -------------------------------------------------------------------------------------
                      Adjusted    ---------- Fraction of Time in Flow Class ---------- 
                       /Actual         Up    Down  Sub   Sup   Up    Down  Norm  Inlet 
  Conduit               Length    Dry  Dry   Dry   Crit  Crit  Crit  Crit  Ltd   Ctrl  
  -------------------------------------------------------------------------------------
  WS02003066WSF200        1.00   0.14  0.00  0.00  0.00  0.86  0.00  0.00  0.58  0.00
  WS02006287WS02006284    1.00   0.05  0.03  0.00  0.39  0.54  0.00  0.00  0.63  0.00
  WS02006284WS02006280    1.00   0.07  0.00  0.00  0.00  0.00  0.00  0.93  0.00  0.00
  WS02006280WS02006229    1.00   0.07  0.00  0.00  0.00  0.00  0.00  0.93  0.00  0.00
  WS02006229WS02006228    1.00   0.00  0.00  0.00  1.00  0.00  0.00  0.00  0.00  0.00
  WS02006256WS02006235    1.00   0.10  0.00  0.00  0.90  0.01  0.00  0.00  0.01  0.00
  WS02006253WS02006251    1.00   0.02  0.03  0.00  0.93  0.00  0.01  0.00  0.00  0.00
  WS02006252WS02006251    1.00   1.00  0.00  0.00  0.00  0.00  0.00  0.00  0.00  0.00
  WS02006251WS02006249    1.00   0.00  0.00  0.00  1.00  0.00  0.00  0.00  0.75  0.00
  WS02006249WS02006248    1.00   0.00  0.01  0.00  0.71  0.00  0.28  0.00  0.00  0.00
  WS02006248WS02006247    1.00   0.01  0.00  0.00  0.96  0.00  0.00  0.03  0.28  0.00
  WS02006247WS02006245    1.00   0.01  0.00  0.00  0.94  0.00  0.00  0.05  0.00  0.00
  WS02006245WS02006243    1.00   0.02  0.00  0.00  0.91  0.00  0.00  0.08  0.01  0.00
  WS02006243WS02006242    1.00   0.02  0.00  0.00  0.91  0.00  0.00  0.07  0.17  0.00
  WS02006242WS02006240    1.00   0.02  0.06  0.00  0.91  0.00  0.01  0.00  0.00  0.00
  WS02006240WS02006239    1.00   0.08  0.00  0.00  0.88  0.00  0.00  0.04  0.02  0.00
  WS02006239WS02006238    1.00   0.08  0.00  0.00  0.90  0.00  0.00  0.01  0.00  0.00
  WS02006238WS02006235    1.00   0.09  0.01  0.00  0.90  0.00  0.00  0.00  0.00  0.00
  WS02006235WS02006234    1.00   0.10  0.00  0.00  0.87  0.00  0.03  0.00  0.00  0.00
  WS02006234WS02006232    1.00   0.10  0.00  0.00  0.90  0.00  0.00  0.00  0.01  0.00
  WS02006232WS02006231    1.00   0.10  0.00  0.00  0.90  0.00  0.00  0.00  0.01  0.00
  WS02006231WS02006230    1.00   0.10  0.00  0.00  0.47  0.00  0.44  0.00  0.00  0.00
  WS02006230WS02006229    1.00   0.00  0.00  0.00  0.98  0.00  0.00  0.02  0.00  0.00
  WS02006228WS02006109    1.00   0.00  0.00  0.00  1.00  0.00  0.00  0.00  0.01  0.00
  WS02006116WS02004401    1.00   0.05  0.00  0.00  0.95  0.00  0.00  0.00  0.00  0.00
  WS02006115WS02006116    1.00   0.05  0.00  0.00  0.90  0.00  0.00  0.05  0.00  0.00
  WS02006113WS02006111    1.00   0.03  0.00  0.00  0.01  0.96  0.00  0.00  0.31  0.00
  WS02006112WS02006115    1.00   0.03  0.02  0.00  0.95  0.00  0.00  0.00  0.00  0.00
  WS02006111WS02006112    1.00   0.03  0.00  0.00  0.96  0.00  0.00  0.00  0.85  0.00
  WS02006110WS02006113    1.00   0.01  0.02  0.00  0.97  0.00  0.00  0.00  0.00  0.00
  WS02006109WS02006110    1.00   0.00  0.01  0.00  0.99  0.00  0.01  0.00  0.00  0.00
  WS02004411WS02004412    1.00   0.11  0.00  0.00  0.89  0.00  0.00  0.00  0.00  0.00
  WS02004401WS02004402    1.00   0.05  0.00  0.00  0.95  0.00  0.00  0.00  0.04  0.00
  WS02004413WS02003067    1.00   0.12  0.01  0.00  0.00  0.00  0.87  0.00  0.00  0.00
  WS02004412WS02004413    1.00   0.12  0.00  0.00  0.88  0.00  0.00  0.00  0.00  0.00
  WS02004410WS02004411    1.00   0.11  0.00  0.00  0.89  0.00  0.00  0.00  0.00  0.00
  WS02004409WS02004410    1.00   0.11  0.00  0.00  0.89  0.00  0.00  0.00  0.00  0.00
  WS02004407WS02004409    1.00   0.11  0.00  0.00  0.88  0.01  0.00  0.00  0.80  0.00
  WS02004406WS02004407    1.00   0.00  0.11  0.00  0.89  0.00  0.00  0.00  0.00  0.00
  WS02004405WS02004406    1.00   0.00  0.00  0.00  1.00  0.00  0.00  0.00  0.04  0.00
  WS02004404WS02004405    1.00   0.00  0.00  0.00  1.00  0.00  0.00  0.00  0.01  0.00
  WS02004403WS02004404    1.00   0.00  0.06  0.00  0.94  0.00  0.00  0.00  0.04  0.00
  WS02004402WS02004403    1.00   0.05  0.00  0.00  0.95  0.00  0.00  0.00  0.00  0.00
  WS02004139WS02001211    1.00   0.00  0.00  0.00  1.00  0.00  0.00  0.00  0.00  0.00
  WS02004138WS02004139    1.00   0.00  0.00  0.00  0.99  0.00  0.00  0.00  1.00  0.00
  WS02003067WS02003066    1.00   0.13  0.01  0.00  0.86  0.00  0.00  0.00  0.00  0.00
  WS02001213WS02003059    1.00   0.00  0.00  0.00  1.00  0.00  0.00  0.00  0.00  0.00
  WS02001212WS02001213    1.00   0.00  0.00  0.00  0.70  0.00  0.30  0.00  0.00  0.00
  WS02001211WS02001212    1.00   0.00  0.00  0.00  1.00  0.00  0.00  0.00  0.00  0.00
  WS02003072WS02003073    1.00   0.00  0.00  0.00  0.00  0.00  0.00  1.00  0.00  0.00
  WS02003069WS02003072    1.00   0.00  0.00  0.00  1.00  0.00  0.00  0.00  0.21  0.00
  WS02003060WS02003069    1.00   0.00  0.00  0.00  0.99  0.01  0.00  0.00  0.15  0.00
  WS02003059WS02003060    1.00   0.00  0.00  0.00  1.00  0.00  0.00  0.00  0.02  0.00
  HS02004901HS02004770    1.00   0.06  0.00  0.00  0.94  0.00  0.00  0.00  0.00  0.00
  HS02004876HS02004881    1.00   0.01  0.00  0.00  0.85  0.14  0.00  0.00  0.00  0.00
  HS02004870HS02004876    1.00   0.00  0.00  0.00  0.99  0.00  0.00  0.00  0.95  0.00
  HS02004842HS02004848    1.00   0.00  0.06  0.00  0.94  0.00  0.00  0.00  0.56  0.00
  HS02004837HS02004842    1.00   0.00  0.00  0.00  1.00  0.00  0.00  0.00  0.11  0.00
  HS02004830HS02004837    1.00   0.00  0.00  0.00  1.00  0.00  0.00  0.00  0.99  0.00
  HS02004824HS02004830    1.00   0.00  0.00  0.00  1.00  0.00  0.00  0.00  0.00  0.00
  HS02004817HS02004824    1.00   0.00  0.00  0.00  1.00  0.00  0.00  0.00  1.00  0.00
  HS02004770HS02004777    1.00   0.00  0.06  0.00  0.94  0.00  0.00  0.00  0.02  0.00
  HS02004799HS02004480    1.00   0.00  0.02  0.00  0.93  0.00  0.06  0.00  0.00  0.00
  HS02004792HS02004799    1.00   0.00  0.00  0.00  0.99  0.01  0.00  0.00  0.98  0.00
  HS02004788HS02004792    1.00   0.00  0.00  0.00  1.00  0.00  0.00  0.00  0.98  0.00
  HS02004785HS02004788    1.00   0.00  0.00  0.00  1.00  0.00  0.00  0.00  0.00  0.00
  HS02004777HS02004785    1.00   0.00  0.00  0.00  1.00  0.00  0.00  0.00  0.11  0.00
  HS02004480HS02004478    1.00   0.06  0.00  0.00  0.46  0.00  0.00  0.47  0.00  0.00
  HS02004479HS02004480    1.00   0.02  0.00  0.00  0.98  0.00  0.00  0.00  0.11  0.00
  HS02004862HS02004870    1.00   0.00  0.00  0.00  1.00  0.00  0.00  0.00  0.03  0.00
  HS02004848HS02004852    1.00   0.06  0.00  0.00  0.94  0.00  0.00  0.00  0.63  0.00
  HS02004856HS02004862    1.00   0.00  0.08  0.00  0.92  0.00  0.00  0.00  0.83  0.00
  HS02004852HS02004856    1.00   0.06  0.01  0.00  0.93  0.00  0.00  0.00  0.85  0.00
  HS02004802HS02004478    1.00   0.06  0.00  0.00  0.93  0.00  0.00  0.00  0.02  0.00
  HS02004478WS02006287    1.00   0.08  0.00  0.00  0.55  0.38  0.00  0.00  0.65  0.00
  HS02004817HS02004807    1.00   0.00  0.06  0.00  0.94  0.00  0.00  0.00  0.01  0.00
  HS02004807HS02004802    1.00   0.06  0.00  0.00  0.93  0.00  0.00  0.01  0.00  0.00
  YS02001759YS02001757    1.00   0.00  0.00  0.00  1.00  0.00  0.00  0.00  0.15  0.00
  YS02001762YS02001759    1.00   0.00  0.00  0.00  1.00  0.00  0.00  0.00  0.03  0.00
  YS02001765YS02001762    1.00   0.00  0.00  0.00  1.00  0.00  0.00  0.00  0.13  0.00
  YS02001770YS02001767    1.00   0.00  0.00  0.00  1.00  0.00  0.00  0.00  0.00  0.00
  YS02001774YS02001770    1.00   0.00  0.06  0.00  0.93  0.00  0.00  0.00  0.02  0.00
  YS02001779YS02001774    1.00   0.00  0.00  0.00  1.00  0.00  0.00  0.00  0.18  0.00
  YS02001649YS02001757    1.00   0.00  0.00  0.00  1.00  0.00  0.00  0.00  0.15  0.00
  YS02001767YS02001765    1.00   0.00  0.00  0.00  1.00  0.00  0.00  0.00  0.00  0.00
  YS02006561YS02001783    1.00   0.09  0.00  0.00  0.30  0.61  0.00  0.00  0.48  0.00
  YS02001783YS02001784    1.00   0.00  0.09  0.00  0.91  0.00  0.00  0.00  0.01  0.00
  YS02001784YS02001785    1.00   0.00  0.00  0.00  1.00  0.00  0.00  0.00  0.17  0.00
  YS02001788YS02001790    1.00   0.00  0.00  0.00  0.25  0.75  0.00  0.00  0.45  0.00
  YS02001790YS02001791    1.00   0.00  0.00  0.00  0.16  0.84  0.00  0.00  0.63  0.00
  YS02001791YS02001793    1.00   0.00  0.00  0.00  0.44  0.56  0.00  0.00  0.35  0.00
  YS02001910YS02001907    1.00   0.00  0.00  0.00  0.99  0.00  0.00  0.01  0.12  0.00
  YS02001786YS02001788    1.00   0.00  0.00  0.00  0.30  0.70  0.00  0.00  0.00  0.00
  YS02001915YS02001910    1.00   0.00  0.00  0.00  0.98  0.02  0.00  0.00  0.14  0.00
  YS02001918YS02001915    1.00   0.00  0.00  0.00  0.99  0.01  0.00  0.00  0.55  0.00
  YS02001923YS02001920    1.00   0.00  0.00  0.00  1.00  0.00  0.00  0.00  0.85  0.00
  YS02001926YS02001923    1.00   0.00  0.04  0.00  0.18  0.00  0.78  0.00  0.00  0.00
  YS02001929YS02001926    1.00   0.00  0.06  0.00  0.94  0.00  0.00  0.00  0.78  0.00
  YS02001920YS02001918    1.00   0.00  0.00  0.00  1.00  0.00  0.00  0.00  0.00  0.00
  YS02001629YS02163301    1.00   0.07  0.01  0.00  0.92  0.00  0.00  0.00  0.00  0.00
  YS02001619YS02001622    1.00   0.06  0.00  0.00  0.94  0.00  0.00  0.00  0.00  0.00
  YS02001622YS02001625    1.00   0.06  0.00  0.00  0.94  0.00  0.00  0.00  0.04  0.00
  YS02001625YS02001629    1.00   0.06  0.03  0.00  0.88  0.00  0.03  0.00  0.00  0.00
  YS02163301YS02001633    1.00   0.00  0.07  0.00  0.93  0.00  0.00  0.00  0.00  0.00
  YS02163601YS02164001    1.00   0.00  0.04  0.00  0.96  0.00  0.00  0.00  0.00  0.00
  YS02164001YS02001641    1.00   0.00  0.04  0.00  0.96  0.00  0.00  0.00  0.06  0.00
  YS02001641YS02001644    1.00   0.00  0.00  0.00  1.00  0.00  0.00  0.00  0.00  0.00
  YS02001647YS02001649    1.00   0.00  0.08  0.00  0.92  0.00  0.00  0.00  0.01  0.00
  YS02006553YS02006556    1.00   0.01  0.00  0.00  0.99  0.00  0.00  0.00  0.03  0.00
  YS02006556YS02006558    1.00   0.00  0.00  0.00  1.00  0.00  0.00  0.00  0.00  0.00
  YSB6556YSB1171          1.00   0.02  0.04  0.00  0.94  0.00  0.00  0.00  0.00  0.00
  YS02001907YS02006553    1.00   0.00  0.01  0.00  0.99  0.00  0.00  0.00  0.00  0.00
  YS02006558YS02006561    1.00   0.09  0.00  0.00  0.16  0.75  0.00  0.00  0.53  0.00
  YS02001633YS02163601    1.00   0.00  0.00  0.00  1.00  0.00  0.00  0.00  0.15  0.00
  YS02001644YS02001647    1.00   0.00  0.08  0.00  0.92  0.00  0.00  0.00  0.00  0.00
  YS02001745YS02001748    1.00   0.00  0.00  0.00  0.83  0.01  0.00  0.15  0.04  0.00
  YS02001748YS02001751    1.00   0.00  0.00  0.00  0.94  0.06  0.00  0.00  0.15  0.00
  YS02001751YS02001754    1.00   0.00  0.00  0.00  0.90  0.00  0.00  0.10  0.02  0.00
  YS02001754YS02001757    1.00   0.00  0.00  0.00  1.00  0.00  0.00  0.00  0.17  0.00
  YS02001882YS02001884    1.00   0.07  0.00  0.00  0.93  0.00  0.00  0.00  0.00  0.00
  YS02001884YS02001887    1.00   0.03  0.03  0.00  0.95  0.00  0.00  0.00  0.00  0.00
  YS02001890YS02001895    1.00   0.00  0.07  0.00  0.92  0.00  0.00  0.00  0.00  0.00
  YS02001895YS02001898    1.00   0.08  0.00  0.00  0.90  0.00  0.02  0.00  0.00  0.00
  YS02001898YS02001901    1.00   0.08  0.00  0.00  0.92  0.00  0.00  0.00  0.01  0.00
  YS02001901YS02001904    1.00   0.08  0.00  0.00  0.92  0.00  0.00  0.00  0.00  0.00
  YS02001904YS02001907    1.00   0.00  0.08  0.00  0.92  0.00  0.00  0.00  0.00  0.00
  YS02001887YS02001890    1.00   0.00  0.00  0.00  0.99  0.00  0.01  0.00  0.00  0.00
  YS02001652YS02001649    1.00   0.00  0.00  0.00  0.99  0.01  0.00  0.00  0.16  0.00
  YS02001655YS02001652    1.00   0.00  0.00  0.00  0.90  0.00  0.00  0.10  0.02  0.00
  YS02001658YS02001655    1.00   0.00  0.07  0.00  0.88  0.05  0.00  0.00  0.08  0.00
  YS02001661YS02001658    1.00   0.07  0.00  0.00  0.83  0.10  0.00  0.00  0.08  0.00
  YS02001664YS02001661    1.00   0.06  0.00  0.00  0.84  0.10  0.00  0.00  0.18  0.00
  YSB1154YSB6556          1.00   0.06  0.00  0.00  0.94  0.00  0.00  0.00  0.01  0.00
  YSB1174YSB1171          1.00   0.02  0.02  0.00  0.96  0.00  0.00  0.00  0.00  0.00
  YSB1171HS02004479       1.00   0.02  0.00  0.00  0.97  0.00  0.00  0.01  0.10  0.00
  HS02004881HS02006253    1.00   0.03  0.00  0.00  0.04  0.07  0.00  0.86  0.06  0.00
  YS02001793JiankangQianchi    1.00   0.00  0.00  0.00  1.00  0.00  0.00  0.00  0.41  0.00
  YS02001757CaochengTiaoxuchi    1.00   0.00  0.12  0.00  0.88  0.00  0.00  0.00  0.00  0.00
  WSF200WS02003060        1.00   0.00  0.14  0.00  0.86  0.00  0.00  0.00  0.52  0.00
  1                       1.00   0.00  0.00  0.00  0.00  1.00  0.00  0.00  0.37  0.00
  
  
  *************************
  Conduit Surcharge Summary
  *************************
  
  ----------------------------------------------------------------------------
                                                           Hours        Hours 
                         --------- Hours Full --------   Above Full   Capacity
  Conduit                Both Ends  Upstream  Dnstream   Normal Flow   Limited
  ----------------------------------------------------------------------------
  WS02006229WS02006228        1.67      1.69      1.67      2.26         1.67
  WS02006256WS02006235        5.49      5.52      6.40      5.08         0.01
  WS02006245WS02006243        0.01      0.01      0.08      0.01         0.01
  WS02006243WS02006242        0.11      0.11      0.48      0.01         0.01
  WS02006242WS02006240        0.46      0.46      0.60      0.01         0.01
  WS02006240WS02006239        0.50      0.50      0.66      0.01         0.01
  WS02006239WS02006238        0.84      0.84      1.05      0.01         0.01
  WS02006238WS02006235        1.05      1.05      1.16      0.01         0.02
  WS02006235WS02006234        0.85      0.85      1.00      5.28         0.01
  WS02006234WS02006232        0.96      0.96      1.39      0.01         0.01
  WS02006232WS02006231        0.71      0.71      1.39      0.01         0.01
  WS02006231WS02006230        0.59      0.59      0.76      5.71         0.01
  WS02006230WS02006229        1.83      1.99      1.83      6.09         1.83
  WS02006228WS02006109        1.68      1.75      1.68      4.21         1.68
  WS02006116WS02004401        0.14      0.14      0.15      0.01         0.01
  WS02006112WS02006115        0.01      0.01      1.39      0.01         0.01
  WS02006111WS02006112        0.01      0.01      2.69      0.01         0.01
  WS02006110WS02006113        0.01      0.01      1.71      0.01         0.01
  WS02006109WS02006110        1.13      1.13      1.75      1.13         0.01
  WS02004411WS02004412        0.01      0.01      0.01      0.10         0.01
  WS02004401WS02004402        0.15      0.15      0.23      0.01         0.01
  WS02004406WS02004407        0.01      0.01      0.49      0.01         0.01
  WS02004405WS02004406        0.49      0.58      0.49      1.27         0.49
  WS02004404WS02004405        0.58      0.70      0.58      6.00         0.58
  WS02004403WS02004404        0.24      0.24      0.70      0.01         0.01
  WS02004402WS02004403        0.23      0.23      0.24      0.12         0.12
  WS02003072WS02003073        0.01      0.01      0.01      5.08         0.01
  HS02004480HS02004478        0.01      0.01      0.01      0.40         0.01
  YS02001759YS02001757        6.06      6.06      6.14      0.01         0.01
  YS02001762YS02001759        6.04      6.04      6.06      0.01         0.01
  YS02001765YS02001762        6.01      6.01      6.04      0.01         0.01
  YS02001770YS02001767        5.98      5.98      5.98      0.36         0.53
  YS02001774YS02001770        5.97      5.97      6.03      0.01         0.01
  YS02001779YS02001774        5.84      5.84      6.03      0.01         0.01
  YS02001649YS02001757        6.04      6.04      6.14      0.01         0.01
  YS02001767YS02001765        5.98      5.98      6.01      0.01         0.01
  YS02006561YS02001783        0.58      0.58      1.00      0.01         0.01
  YS02001783YS02001784        0.94      1.00      0.94      1.41         0.94
  YS02001784YS02001785        0.72      0.94      0.72      2.39         0.72
  YS02001788YS02001790        0.58      0.58      0.68      0.01         0.01
  YS02001790YS02001791        0.68      0.68      0.68      0.91         0.68
  YS02001791YS02001793        0.68      0.68      1.32      0.01         0.01
  YS02001910YS02001907        1.06      1.06      1.78      0.01         0.01
  YS02001786YS02001788        0.58      0.72      0.58      1.96         0.58
  YS02001915YS02001910        0.83      0.83      1.06      0.01         0.01
  YS02001918YS02001915        0.58      0.58      0.83      0.01         0.01
  YS02001923YS02001920        0.42      0.42      0.62      0.01         0.01
  YS02001920YS02001918        0.58      0.58      0.62      0.01         0.01
  YS02001629YS02163301        5.96      5.96      5.98      0.01         0.01
  YS02001619YS02001622        5.64      5.64      5.68      0.01         0.01
  YS02001622YS02001625        5.68      5.68      5.93      0.01         0.01
  YS02001625YS02001629        5.65      5.65      5.93      0.01         0.01
  YS02163301YS02001633        5.98      5.98      6.01      0.01         0.01
  YS02163601YS02164001        6.00      6.00      6.04      0.01         0.01
  YS02164001YS02001641        6.00      6.00      6.02      0.01         0.02
  YS02001641YS02001644        6.02      6.02      6.02      1.52         1.73
  YS02001647YS02001649        5.92      5.92      6.04      0.01         0.01
  YS02006553YS02006556        1.31      1.31      1.90      0.01         0.01
  YS02006556YS02006558        1.53      1.53      1.96      0.01         0.01
  YS02001907YS02006553        2.43      2.43      2.68      0.01         0.01
  YS02006558YS02006561        0.73      1.27      0.73      2.23         0.73
  YS02001633YS02163601        6.00      6.00      6.04      0.01         0.01
  YS02001644YS02001647        5.92      5.92      6.02      0.01         0.01
  YS02001745YS02001748        0.01      0.01      5.47      0.01         0.01
  YS02001748YS02001751        5.52      5.52      5.65      0.01         0.01
  YS02001751YS02001754        5.65      5.65      5.86      0.01         0.01
  YS02001754YS02001757        5.91      5.91      6.14      0.01         0.01
  YS02001882YS02001884        0.85      0.85      0.88      0.01         0.01
  YS02001884YS02001887        0.94      0.94      0.98      0.01         0.01
  YS02001890YS02001895        0.81      0.81      1.09      0.01         0.01
  YS02001895YS02001898        0.80      0.80      0.81      0.01         0.01
  YS02001898YS02001901        0.81      0.81      0.93      0.01         0.01
  YS02001901YS02001904        0.90      0.90      0.93      0.01         0.01
  YS02001904YS02001907        0.90      0.90      1.91      0.01         0.01
  YS02001887YS02001890        1.01      1.01      1.04      0.01         0.01
  YS02001652YS02001649        5.93      5.93      6.04      0.01         0.01
  YS02001655YS02001652        5.67      5.67      5.90      0.01         0.01
  YS02001658YS02001655        5.50      5.50      5.67      0.01         0.01
  YS02001661YS02001658        0.06      0.06      5.50      0.01         0.01
  YS02001664YS02001661        0.01      0.01      0.77      0.01         0.01
  YS02001793JiankangQianchi        0.82      0.82      7.98      0.01         0.01
  YS02001757CaochengTiaoxuchi        5.38      5.38      6.14      0.01         0.01
  
  
  ***************
  Pumping Summary
  ***************
  
  ---------------------------------------------------------------------------------------------------------
                                                  Min       Avg       Max     Total     Power    % Time Off
                        Percent   Number of      Flow      Flow      Flow    Volume     Usage    Pump Curve
  Pump                 Utilized   Start-Ups       LPS       LPS       LPS  10^6 ltr     Kw-hr    Low   High
  ---------------------------------------------------------------------------------------------------------
  CC-Pump-1                0.00           0      0.00      0.00      0.00     0.000      0.00    0.0    0.0
  CC-Pump-2                0.00           0      0.00      0.00      0.00     0.000      0.00    0.0    0.0
  JK-Pump-1               63.37           8      0.00    300.00    300.00     5.475     57.55    0.0    0.0
  JK-Pump-2               21.27          32      0.00    683.00    683.00     4.183     38.23    0.0  100.0
  XR-Pump-1              100.00           1      0.00     95.00     95.00     2.736     14.90    0.0    0.0
  XR-Pump-2               94.81           1      0.00     95.00     95.00     2.594     13.47    0.0    0.0
  XR-Pump-3               80.84           1      0.00     95.00     95.00     2.212     10.49    0.0    0.0
  XR-Pump-4                0.00           0      0.00      0.00      0.00     0.000      0.00    0.0    0.0
  
  
  ***************************
  Link Pollutant Load Summary
  ***************************
  
  ------------------------------------------------------------------------------------------
                                 COD            SS            TN            TP         NH4-N
  Link                            kg            kg            kg            kg            kg
  ------------------------------------------------------------------------------------------
  WS02003066WSF200           695.014      1270.310        19.523         1.765        10.444
  WS02006287WS02006284       269.424       500.410         9.474         0.959         5.293
  WS02006284WS02006280       269.927       501.224         9.521         0.965         5.323
  WS02006280WS02006229       269.897       501.171         9.519         0.964         5.322
  WS02006229WS02006228       692.384      1262.974        19.380         1.744        10.355
  WS02006256WS02006235       383.748       684.024         9.135         0.733         4.695
  WS02006253WS02006251        44.340        86.373         0.970         0.071         0.478
  WS02006252WS02006251         0.000         0.000         0.000         0.000         0.000
  WS02006251WS02006249        45.005        87.504         1.024         0.078         0.511
  WS02006249WS02006248        45.019        87.479         1.030         0.079         0.515
  WS02006248WS02006247        45.395        88.136         1.039         0.079         0.519
  WS02006247WS02006245        46.483        89.914         1.077         0.083         0.541
  WS02006245WS02006243        48.091        92.608         1.124         0.087         0.566
  WS02006243WS02006242        51.447        98.176         1.213         0.094         0.612
  WS02006242WS02006240        57.190       107.581         1.373         0.108         0.696
  WS02006240WS02006239        62.547       116.284         1.540         0.122         0.786
  WS02006239WS02006238        68.011       125.043         1.721         0.139         0.886
  WS02006238WS02006235        71.336       130.325         1.831         0.149         0.946
  WS02006235WS02006234       425.003       765.557         9.979         0.792         5.102
  WS02006234WS02006232       424.832       765.374         9.971         0.791         5.097
  WS02006232WS02006231       423.986       763.962         9.941         0.788         5.080
  WS02006231WS02006230       423.513       763.154         9.926         0.787         5.072
  WS02006230WS02006229       423.185       762.853         9.901         0.784         5.057
  WS02006228WS02006109       691.504      1261.621        19.330         1.739        10.325
  WS02006116WS02004401       704.022      1284.454        19.986         1.816        10.716
  WS02006115WS02006116       704.726      1285.533        20.022         1.820        10.737
  WS02006113WS02006111       697.603      1271.397        19.992         1.823        10.742
  WS02006112WS02006115       705.497      1286.750        20.070         1.825        10.766
  WS02006111WS02006112       697.392      1271.146        19.973         1.820        10.731
  WS02006110WS02006113       698.024      1272.080        20.020         1.826        10.759
  WS02006109WS02006110       699.170      1273.901        20.104         1.836        10.811
  WS02004411WS02004412       697.542      1274.267        19.674         1.783        10.534
  WS02004401WS02004402       703.136      1283.061        19.936         1.810        10.686
  WS02004413WS02003067       695.686      1271.407        19.554         1.769        10.462
  WS02004412WS02004413       696.642      1272.862        19.625         1.777        10.505
  WS02004410WS02004411       698.215      1275.331        19.710         1.787        10.555
  WS02004409WS02004410       698.763      1276.180        19.741         1.790        10.574
  WS02004407WS02004409       699.239      1276.934        19.765         1.793        10.588
  WS02004406WS02004407       699.451      1277.289        19.773         1.793        10.592
  WS02004405WS02004406       701.282      1280.205        19.901         1.809        10.670
  WS02004404WS02004405       702.104      1281.497        19.924         1.810        10.682
  WS02004403WS02004404       701.483      1280.468        19.846         1.800        10.633
  WS02004402WS02004403       702.262      1281.685        19.891         1.805        10.660
  WS02004139WS02001211      1077.163      1774.041        89.778        11.000        55.459
  WS02004138WS02004139      1081.778      1781.709        90.136        11.043        55.679
  WS02003067WS02003066       695.076      1270.396        19.528         1.766        10.447
  WS02001213WS02003059      1114.621      1833.358        93.557        11.475        57.829
  WS02001212WS02001213      1120.845      1843.661        94.053        11.535        58.135
  WS02001211WS02001212      1123.097      1847.300        94.258        11.561        58.263
  WS02003072WS02003073      1913.675      3269.774       123.253        14.515        74.640
  WS02003069WS02003072      1918.421      3277.313       123.700        14.571        74.919
  WS02003060WS02003069      1919.801      3279.626       123.779        14.580        74.966
  WS02003059WS02003060      1112.154      1829.242        93.370        11.452        57.715
  HS02004901HS02004770        10.271        19.479         0.196         0.015         0.091
  HS02004876HS02004881        37.349        72.631         0.845         0.063         0.418
  HS02004870HS02004876        28.191        54.677         0.680         0.052         0.340
  HS02004842HS02004848         5.469        10.281         0.115         0.008         0.053
  HS02004837HS02004842        10.078        17.591         0.584         0.067         0.348
  HS02004830HS02004837        66.601       114.244         4.648         0.558         2.842
  HS02004824HS02004830        67.373       115.481         4.722         0.567         2.888
  HS02004817HS02004824        89.189       158.549         5.176         0.596         3.109
  HS02004770HS02004777        39.298        75.470         0.819         0.055         0.377
  HS02004799HS02004480       131.727       245.881         3.710         0.339         1.951
  HS02004792HS02004799       119.404       221.174         3.527         0.331         1.872
  HS02004788HS02004792        68.676       127.306         2.414         0.238         1.325
  HS02004785HS02004788        40.761        77.807         0.972         0.074         0.473
  HS02004777HS02004785        40.066        76.678         0.909         0.067         0.434
  HS02004480HS02004478       166.282       313.130         4.274         0.378         2.214
  HS02004479HS02004480        38.160        73.000         0.885         0.079         0.463
  HS02004862HS02004870        21.047        40.168         0.539         0.043         0.272
  HS02004848HS02004852         8.058        15.281         0.167         0.011         0.077
  HS02004856HS02004862        14.073        27.343         0.284         0.019         0.133
  HS02004852HS02004856         8.065        15.293         0.167         0.011         0.077
  HS02004802HS02004478       103.926       188.557         5.261         0.588         3.116
  HS02004478WS02006287       269.627       500.749         9.491         0.961         5.304
  HS02004817HS02004807        87.945       156.554         5.057         0.581         3.035
  HS02004807HS02004802       104.157       188.917         5.293         0.592         3.137
  YS02001759YS02001757       264.232       478.433         5.343         0.372         2.617
  YS02001762YS02001759       170.814       312.550         3.561         0.252         1.759
  YS02001765YS02001762       171.903       315.296         3.601         0.255         1.781
  YS02001770YS02001767       174.757       322.734         3.502         0.236         1.705
  YS02001774YS02001770       250.926       476.390         4.889         0.325         2.366
  YS02001779YS02001774       250.502       475.515         4.983         0.339         2.430
  YS02001649YS02001757       412.476       738.422         8.468         0.579         4.100
  YS02001767YS02001765       173.645       319.253         3.647         0.259         1.805
  YS02006561YS02001783       958.686      1759.068        20.302         1.524        10.133
  YS02001783YS02001784       958.650      1759.046        20.299         1.524        10.131
  YS02001784YS02001785       966.201      1771.180        21.027         1.615        10.586
  YS02001788YS02001790       966.923      1772.411        21.103         1.625        10.634
  YS02001790YS02001791       967.989      1774.191        21.204         1.637        10.697
  YS02001791YS02001793       967.983      1774.178        21.203         1.637        10.697
  YS02001910YS02001907       332.267       602.625         8.299         0.648         4.290
  YS02001786YS02001788       966.481      1771.686        21.057         1.619        10.605
  YS02001915YS02001910       332.257       602.575         8.254         0.642         4.260
  YS02001918YS02001915       158.106       274.062         4.640         0.434         2.530
  YS02001923YS02001920       137.715       241.510         2.645         0.184         1.282
  YS02001926YS02001923       137.437       241.094         2.608         0.179         1.259
  YS02001929YS02001926       137.213       240.723         2.576         0.175         1.238
  YS02001920YS02001918       158.071       274.083         4.607         0.429         2.509
  YS02001629YS02163301       104.131       184.429         2.185         0.141         1.019
  YS02001619YS02001622       146.823       263.591         3.041         0.197         1.419
  YS02001622YS02001625       145.705       261.836         3.014         0.196         1.406
  YS02001625YS02001629       105.182       186.160         2.208         0.142         1.029
  YS02163301YS02001633       103.863       183.984         2.178         0.141         1.016
  YS02163601YS02164001       363.650       648.782         7.154         0.505         3.422
  YS02164001YS02001641       363.203       648.039         7.134         0.503         3.411
  YS02001641YS02001644       363.467       648.425         7.134         0.503         3.410
  YS02001647YS02001649       492.633       886.799        10.073         0.693         4.847
  YS02006553YS02006556       679.305      1241.189        14.676         1.128         7.399
  YS02006556YS02006558       679.461      1241.478        14.648         1.124         7.379
  YSB6556YSB1171              21.963        42.215         0.452         0.038         0.230
  YS02001907YS02006553       679.278      1241.151        14.688         1.130         7.407
  YS02006558YS02006561       958.637      1758.960        20.300         1.524        10.132
  YS02001633YS02163601       364.290       649.754         7.131         0.501         3.404
  YS02001644YS02001647       497.112       895.367        10.142         0.698         4.879
  YS02001745YS02001748       210.038       386.382         4.683         0.323         2.330
  YS02001748YS02001751       208.806       383.890         4.779         0.339         2.399
  YS02001751YS02001754       207.876       382.376         4.764         0.339         2.393
  YS02001754YS02001757       208.703       383.638         4.931         0.362         2.501
  YS02001882YS02001884         2.572         4.422         0.052         0.004         0.026
  YS02001884YS02001887         6.830        12.093         0.134         0.010         0.066
  YS02001890YS02001895       390.274       721.974         7.210         0.541         3.519
  YS02001895YS02001898       390.163       721.855         7.204         0.541         3.516
  YS02001898YS02001901       390.056       721.688         7.202         0.540         3.514
  YS02001901YS02001904       390.003       721.660         7.210         0.542         3.520
  YS02001904YS02001907       390.357       722.246         7.266         0.549         3.556
  YS02001887YS02001890       390.967       722.967         7.263         0.548         3.551
  YS02001652YS02001649       170.337       309.425         3.497         0.250         1.636
  YS02001655YS02001652       171.321       310.984         3.522         0.252         1.648
  YS02001658YS02001655       171.099       310.587         3.441         0.241         1.594
  YS02001661YS02001658       175.688       318.708         3.536         0.247         1.637
  YS02001664YS02001661       180.167       326.192         3.635         0.254         1.683
  YSB1154YSB6556              21.539        41.539         0.403         0.032         0.199
  YSB1174YSB1171              14.658        28.297         0.298         0.024         0.150
  YSB1171HS02004479           38.117        72.931         0.889         0.080         0.465
  HS02004881HS02006253        42.096        82.069         0.934         0.068         0.461
  YS02001793JiankangQianchi       972.274      1781.378        21.346         1.651        10.776
  YS02001757CaochengTiaoxuchi       373.096       676.750         7.859         0.579         3.878
  WSF200WS02003060           694.568      1269.571        19.504         1.763        10.433
  1                         1921.849      3282.225       124.247        14.643        75.270
  CC-Pump-1                    0.000         0.000         0.000         0.000         0.000
  CC-Pump-2                    0.000         0.000         0.000         0.000         0.000
  JK-Pump-1                  475.434       849.568        11.235         0.899         5.765
  JK-Pump-2                  482.478       908.712         9.588         0.701         4.719
  XR-Pump-1                  385.020       633.028        32.378         3.972        20.017
  XR-Pump-2                  377.979       621.763        31.702         3.888        19.594
  XR-Pump-3                  320.972       530.553        26.230         3.204        16.174
  XR-Pump-4                    0.000         0.000         0.000         0.000         0.000
  

  Analysis begun on:  Sat Jul 10 17:19:01 2021
  Analysis ended on:  Sat Jul 10 17:19:03 2021
  Total elapsed time: 00:00:02