
  EPA STORM WATER MANAGEMENT MODEL - VERSION 5.1 (Build 5.3.0.dev0)
  --------------------------------------------------------------

  WARNING 04: minimum elevation drop used for Conduit WS02004404WS02004405
  WARNING 03: negative offset ignored for Link YS02001904YS02001907
  
  *********************************************************
  NOTE: The summary statistics displayed in this report are
  based on results found at every computational time step,  
  not just on results from each reporting time step.
  *********************************************************
  
  ****************
  Analysis Options
  ****************
  Flow Units ............... LPS
  Process Models:
    Rainfall/Runoff ........ YES
    RDII ................... NO
    Snowmelt ............... NO
    Groundwater ............ NO
    Flow Routing ........... YES
    Ponding Allowed ........ NO
    Water Quality .......... YES
  Infiltration Method ...... HORTON
  Flow Routing Method ...... DYNWAVE
  Surcharge Method ......... EXTRAN
  Starting Date ............ 08/28/2015 08:00:00
  Ending Date .............. 08/28/2015 16:00:00
  Antecedent Dry Days ...... 8.0
  Report Time Step ......... 00:01:00
  Wet Time Step ............ 00:01:00
  Dry Time Step ............ 00:01:00
  Routing Time Step ........ 5.00 sec
  Variable Time Step ....... YES
  Maximum Trials ........... 8
  Number of Threads ........ 4
  Head Tolerance ........... 0.001500 m
  
  
  **************************        Volume         Depth
  Runoff Quantity Continuity     hectare-m            mm
  **************************     ---------       -------
  Total Precipitation ......         4.120         9.021
  Evaporation Loss .........         0.000         0.000
  Infiltration Loss ........         0.809         1.771
  Surface Runoff ...........         2.649         5.800
  Final Storage ............         0.663         1.451
  Continuity Error (%) .....        -0.018
  
  
  **************************           COD            SS            TN            TP         NH4-N
  Runoff Quality Continuity             kg            kg            kg            kg            kg
  **************************    ----------    ----------    ----------    ----------    ----------
  Initial Buildup ..........     41378.656     70582.865      1804.177       168.684      1032.807
  Surface Buildup ..........        17.062        28.695         2.278         0.209         1.334
  Wet Deposition ...........         0.000         0.000         0.000         0.000         0.000
  Sweeping Removal .........         0.000         0.000         0.000         0.000         0.000
  Infiltration Loss ........        56.703       103.468         1.090         0.075         0.516
  BMP Removal ..............         0.000         0.000         0.000         0.000         0.000
  Surface Runoff ...........      1913.570      3400.956        37.769         2.505        17.864
  Remaining Buildup ........     39424.876     67106.123      1767.583       166.312      1015.756
  Continuity Error (%) .....         0.001         0.001         0.001         0.000         0.001
  
  
  **************************        Volume        Volume
  Flow Routing Continuity        hectare-m      10^6 ltr
  **************************     ---------     ---------
  Dry Weather Inflow .......         0.630         6.296
  Wet Weather Inflow .......         2.648        26.484
  Groundwater Inflow .......         0.000         0.000
  RDII Inflow ..............         0.000         0.000
  External Inflow ..........         0.105         1.045
  External Outflow .........         1.415        14.155
  Flooding Loss ............         1.401        14.015
  Evaporation Loss .........         0.000         0.000
  Exfiltration Loss ........         0.000         0.000
  Initial Stored Volume ....         0.076         0.761
  Final Stored Volume ......         0.646         6.457
  Continuity Error (%) .....        -0.117
  
  
  **************************           COD            SS            TN            TP         NH4-N
  Quality Routing Continuity            kg            kg            kg            kg            kg
  **************************    ----------    ----------    ----------    ----------    ----------
  Dry Weather Inflow .......      1573.993      2518.389       151.103        18.888        94.440
  Wet Weather Inflow .......      1913.258      3400.464        37.762         2.504        17.861
  Groundwater Inflow .......         0.000         0.000         0.000         0.000         0.000
  RDII Inflow ..............         0.000         0.000         0.000         0.000         0.000
  External Inflow ..........       187.321       299.713        17.983         2.248        11.239
  External Outflow .........      1843.875      3075.795       131.978        15.815        80.671
  Flooding Loss ............      1180.584      2036.916        44.064         4.460        24.863
  Exfiltration Loss ........         0.000         0.000         0.000         0.000         0.000
  Mass Reacted .............         0.000         0.000         0.000         0.000         0.000
  Initial Stored Mass ......         0.000         0.000         0.000         0.000         0.000
  Final Stored Mass ........       632.702      1075.449        30.912         3.408        18.153
  Continuity Error (%) .....         0.474         0.489        -0.051        -0.182        -0.120
  
  
  *************************
  Highest Continuity Errors
  *************************
  Node HS02004842 (18.10%)
  Node YS02001884 (12.02%)
  Node YSB1171 (3.72%)
  Node HS02004817 (3.31%)
  Node HS02004901 (2.75%)
  
  
  ***************************
  Time-Step Critical Elements
  ***************************
  Link WS02006238WS02006235 (30.58%)
  Link YS02006556YS02006558 (27.00%)
  Link WS02006280WS02006229 (14.06%)
  Link WS02003066WSF200 (10.45%)
  Link YS02001791YS02001793 (2.99%)
  
  
  ********************************
  Highest Flow Instability Indexes
  ********************************
  Link WS02006113WS02006111 (61)
  Link YS02163601YS02164001 (41)
  Link YS02163301YS02001633 (41)
  Link YS02001629YS02163301 (40)
  Link YS02001619YS02001622 (40)
  
  
  *************************
  Routing Time Step Summary
  *************************
  Minimum Time Step           :     0.16 sec
  Average Time Step           :     2.48 sec
  Maximum Time Step           :     5.00 sec
  Percent in Steady State     :     0.00
  Average Iterations per Step :     4.74
  Percent Not Converging      :    27.26
  
  
  ***************************
  Subcatchment Runoff Summary
  ***************************
  
  ------------------------------------------------------------------------------------------------------------------------------
                            Total      Total      Total      Total     Imperv       Perv      Total       Total     Peak  Runoff
                           Precip      Runon       Evap      Infil     Runoff     Runoff     Runoff      Runoff   Runoff   Coeff
  Subcatchment                 mm         mm         mm         mm         mm         mm         mm    10^6 ltr      LPS
  ------------------------------------------------------------------------------------------------------------------------------
  sub0                       9.02       0.00       0.00       0.59       8.35       0.04       8.38        0.01     1.56   0.929
  sub1                       9.02       0.00       0.00       0.96       7.94       0.03       7.97        0.05    10.73   0.884
  sub2                       9.02       0.00       0.00       3.31       5.61       0.02       5.63        0.05     9.99   0.624
  sub3                       9.02       0.00       0.00       3.32       5.57       0.02       5.59        0.13    22.00   0.620
  sub4                       9.02       0.00       0.00       0.98       7.81       0.02       7.82        0.16    26.54   0.867
  sub5                       9.02       0.00       0.00       0.61       8.30       0.02       8.32        0.09    19.09   0.923
  sub7                       9.02       0.00       0.00       0.78       8.15       0.04       8.18        0.03     6.04   0.907
  sub8                       9.02       0.00       0.00       0.78       8.14       0.03       8.17        0.05    11.14   0.906
  sub9                       9.02       0.00       0.00       0.78       8.14       0.03       8.17        0.04     8.33   0.906
  sub10                      9.02       0.00       0.00       0.69       8.22       0.03       8.24        0.09    18.71   0.914
  sub11                      9.02       0.00       0.00       0.69       8.23       0.03       8.26        0.10    20.67   0.916
  sub12                      9.02       0.00       0.00       1.12       7.80       0.05       7.85        0.07    15.49   0.870
  sub14                      9.02       0.00       0.00       0.78       8.14       0.03       8.17        0.08    16.40   0.905
  sub15                      9.02       0.00       0.00       2.67       6.26       0.04       6.29        0.11    22.55   0.698
  sub16                      9.02       0.00       0.00       2.92       6.01       0.06       6.06        0.06    14.13   0.672
  sub17                      9.02       0.00       0.00       2.83       6.09       0.05       6.15        0.05    11.66   0.682
  sub22                      9.02       0.00       0.00       3.84       5.10       0.04       5.14        0.32    70.03   0.570
  sub23                      9.02       0.00       0.00       3.29       5.64       0.05       5.69        0.27    58.88   0.631
  sub60                      9.02       0.00       0.00       1.08       6.40       0.00       6.40        1.94   172.13   0.710
  sub61                      9.02       0.00       0.00       1.53       6.53       0.00       6.54        2.02   205.32   0.725
  sub62                      9.02       0.00       0.00       0.72       7.09       0.00       7.10        2.18   212.92   0.787
  sub63                      9.02       0.00       0.00       2.61       5.72       0.00       5.73        1.73   188.61   0.635
  sub64                      9.02       0.00       0.00       1.35       6.14       0.00       6.14        1.87   163.96   0.681
  sub65                      9.02       0.00       0.00       1.17       6.24       0.00       6.24        1.92   166.84   0.692
  sub66                      9.02       0.00       0.00       2.61       5.28       0.00       5.28        1.62   148.34   0.585
  sub67                      9.02       0.00       0.00       0.72       7.51       0.01       7.52        2.32   261.90   0.833
  sub68                      9.02       0.00       0.00       1.26       6.88       0.01       6.88        2.12   224.81   0.763
  sub69                      9.02       0.00       0.00       1.35       7.15       0.01       7.16        1.67   209.78   0.793
  sub70                      9.02       7.31       0.00       5.42       9.49       0.13       9.63        2.20   205.23   0.590
  sub71                      9.02       0.00       0.00       0.72       6.90       0.00       6.90        1.63   151.64   0.765
  sub72                      9.02       0.00       0.00       0.63       5.44       0.00       5.45        1.11    80.29   0.604
  1                          9.02       9.37       0.00       1.40      10.38       2.48      12.86        3.02   224.45   0.699
  2                          9.02       0.00       0.00       3.09       2.13       0.99       3.12        1.25   130.93   0.346
  
  
  ****************************
  Subcatchment Washoff Summary
  ****************************
  
  ------------------------------------------------------------------------------------------
                                 COD            SS            TN            TP         NH4-N
  Subcatchment                    kg            kg            kg            kg            kg
  ------------------------------------------------------------------------------------------
  sub0                         1.477         2.783         0.025         0.002         0.012
  sub1                         6.153        11.822         0.115         0.008         0.055
  sub2                         3.570         6.623         0.078         0.005         0.035
  sub3                         8.790        16.141         0.188         0.012         0.086
  sub4                        14.053        27.086         0.283         0.017         0.135
  sub5                        14.210        26.953         0.250         0.019         0.121
  sub7                         3.203         6.262         0.060         0.004         0.029
  sub8                         4.830         9.644         0.097         0.006         0.046
  sub9                         4.109         8.091         0.080         0.005         0.038
  sub10                       11.729        22.539         0.214         0.015         0.103
  sub11                       11.523        22.425         0.215         0.014         0.103
  sub12                        9.597        18.329         0.172         0.013         0.083
  sub14                        8.746        17.061         0.166         0.011         0.080
  sub15                       10.387        19.321         0.202         0.014         0.094
  sub16                        6.541        12.149         0.125         0.009         0.058
  sub17                        6.007        11.057         0.111         0.009         0.052
  sub22                       30.571        55.600         0.588         0.044         0.273
  sub23                       18.601        35.114         0.407         0.026         0.185
  sub60                      125.150       222.219         2.569         0.152         1.228
  sub61                      154.464       273.089         2.927         0.195         1.406
  sub62                      162.838       293.216         3.257         0.200         1.559
  sub63                      114.021       198.625         2.363         0.162         1.087
  sub64                      152.947       261.573         2.862         0.204         1.360
  sub65                      156.927       269.565         2.958         0.207         1.409
  sub66                       89.589       154.625         1.914         0.122         0.888
  sub67                      240.412       429.263         4.324         0.312         2.084
  sub68                      171.353       306.360         3.346         0.220         1.592
  sub69                      155.141       280.943         2.947         0.202         1.403
  sub70                      249.933       453.336         5.099         0.345         2.370
  sub71                      108.130       196.375         2.297         0.128         1.096
  sub72                       80.724       135.873         1.543         0.103         0.740
  1                          161.537       295.059         3.381         0.230         1.552
  2                           21.381        36.115         0.653         0.039         0.275
  ------------------------------------------------------------------------------------------
  System                    2318.643      4135.234        45.816         3.052        21.638
  
  
  ******************
  Node Depth Summary
  ******************
  
  ---------------------------------------------------------------------------------
                                 Average  Maximum  Maximum  Time of Max    Reported
                                   Depth    Depth      HGL   Occurrence   Max Depth
  Node                 Type       Meters   Meters   Meters  days hr:min      Meters
  ---------------------------------------------------------------------------------
  WS02001211           JUNCTION     0.69     0.73     5.56     0  02:03        0.73
  WS02001212           JUNCTION     0.41     0.45     5.52     0  02:03        0.45
  WS02001213           JUNCTION     0.63     0.71     5.48     0  02:02        0.71
  WS02003069           JUNCTION     0.43     0.56     5.15     0  02:02        0.56
  WS02003072           JUNCTION     0.50     0.62     4.99     0  02:03        0.62
  WS02003073           JUNCTION     0.30     0.38     4.45     0  02:02        0.38
  WS02003060           JUNCTION     0.38     0.50     5.43     0  02:01        0.50
  WS02003066           JUNCTION     0.21     0.31     5.86     0  01:53        0.31
  WS02003059           JUNCTION     0.69     0.77     5.46     0  02:01        0.77
  WS02003067           JUNCTION     0.51     0.71     6.03     0  01:52        0.71
  WS02004401           JUNCTION     0.61     0.90     6.90     0  01:50        0.90
  WS02004402           JUNCTION     0.64     0.93     6.89     0  01:50        0.92
  WS02004403           JUNCTION     0.66     0.95     6.88     0  01:50        0.94
  WS02004404           JUNCTION     0.73     1.09     6.94     0  01:49        1.02
  WS02004406           JUNCTION     0.74     0.98     6.81     0  01:51        0.98
  WS02004409           JUNCTION     0.43     0.69     6.46     0  01:54        0.69
  WS02004410           JUNCTION     0.45     0.71     6.43     0  01:54        0.71
  WS02004411           JUNCTION     0.46     0.71     6.39     0  01:55        0.71
  WS02004412           JUNCTION     0.48     0.72     6.36     0  01:53        0.72
  WS02004413           JUNCTION     0.62     0.87     6.34     0  01:53        0.87
  WS02004405           JUNCTION     0.72     1.00     6.85     0  01:51        0.99
  WS02006109           JUNCTION     0.70     1.01     7.62     0  01:57        1.00
  WS02006110           JUNCTION     0.70     0.94     7.53     0  01:56        0.94
  WS02006111           JUNCTION     0.20     0.29     7.00     0  01:53        0.29
  WS02006112           JUNCTION     0.78     1.11     7.00     0  01:54        1.09
  WS02006113           JUNCTION     0.30     0.47     7.36     0  01:56        0.47
  WS02006115           JUNCTION     0.51     0.81     6.94     0  01:50        0.80
  WS02006116           JUNCTION     0.58     0.88     6.92     0  01:50        0.88
  WS02006230           JUNCTION     0.65     1.03     7.78     0  01:55        1.03
  WS02006231           JUNCTION     0.40     0.69     7.81     0  01:57        0.69
  WS02006232           JUNCTION     0.51     0.81     7.85     0  01:54        0.80
  WS02006234           JUNCTION     0.43     0.73     7.88     0  01:57        0.73
  WS02006235           JUNCTION     0.45     0.76     7.92     0  01:57        0.75
  WS02006238           JUNCTION     0.47     0.78     7.92     0  01:57        0.77
  WS02006240           JUNCTION     0.34     0.62     7.91     0  01:59        0.62
  WS02006242           JUNCTION     0.37     0.65     7.92     0  01:59        0.65
  WS02006243           JUNCTION     0.24     0.50     7.92     0  01:58        0.50
  WS02006245           JUNCTION     0.20     0.43     7.92     0  01:59        0.43
  WS02006247           JUNCTION     0.19     0.42     7.92     0  01:59        0.42
  WS02006248           JUNCTION     0.13     0.34     7.92     0  01:58        0.34
  WS02006249           JUNCTION     0.13     0.33     7.93     0  01:58        0.33
  WS02006239           JUNCTION     0.41     0.70     7.91     0  01:58        0.70
  WS02006251           JUNCTION     0.10     0.27     7.94     0  01:58        0.27
  WS02006252           JUNCTION     0.00     0.00     8.24     0  00:00        0.00
  WS02006253           JUNCTION     0.14     0.30     7.95     0  01:58        0.30
  WS02006256           JUNCTION     1.76     2.35     9.28     0  01:34        2.35
  WS02004138           JUNCTION     0.16     0.17     7.42     0  04:08        0.17
  WS02004139           JUNCTION     0.63     0.67     5.58     0  02:04        0.67
  WS02004407           JUNCTION     0.20     0.31     6.62     0  01:51        0.31
  WS02006228           JUNCTION     0.70     1.05     7.70     0  01:56        1.04
  WS02006229           JUNCTION     0.67     1.04     7.74     0  01:54        1.04
  WS02006280           JUNCTION     0.08     0.17     8.44     0  01:41        0.17
  WS02006284           JUNCTION     0.38     0.52     8.92     0  01:41        0.52
  WS02006287           JUNCTION     0.12     0.25     9.20     0  01:41        0.25
  WSF200               JUNCTION     0.19     0.32     5.56     0  01:53        0.32
  HS02004901           JUNCTION     0.14     0.26    10.08     0  01:38        0.26
  HS02004881           JUNCTION     0.01     0.03     9.06     0  01:41        0.03
  HS02004876           JUNCTION     0.06     0.11     9.14     0  01:34        0.11
  HS02004870           JUNCTION     0.02     0.05     9.34     0  01:42        0.05
  HS02004862           JUNCTION     0.02     0.06     9.45     0  01:42        0.06
  HS02004856           JUNCTION     0.08     0.11     9.54     0  01:42        0.11
  HS02004852           JUNCTION     0.01     0.04     9.55     0  01:43        0.04
  HS02004848           JUNCTION     0.01     0.04     9.64     0  01:42        0.04
  HS02004842           JUNCTION     0.33     0.37     9.64     0  01:42        0.37
  HS02004837           JUNCTION     0.03     0.06     9.64     0  01:42        0.06
  HS02004830           JUNCTION     0.04     0.07     9.54     0  01:43        0.07
  HS02004824           JUNCTION     0.03     0.05     9.45     0  01:53        0.05
  HS02004817           JUNCTION     0.45     0.56     9.41     0  01:42        0.56
  HS02004807           JUNCTION     0.14     0.24     9.41     0  01:42        0.24
  HS02004802           JUNCTION     0.17     0.27     9.40     0  01:41        0.27
  HS02004799           JUNCTION     0.14     0.30     9.51     0  01:39        0.30
  HS02004792           JUNCTION     0.04     0.12     9.64     0  01:38        0.12
  HS02004788           JUNCTION     0.03     0.09     9.99     0  01:39        0.09
  HS02004785           JUNCTION     0.06     0.15    10.06     0  01:39        0.15
  HS02004777           JUNCTION     0.16     0.28    10.08     0  01:38        0.28
  HS02004770           JUNCTION     0.13     0.25    10.08     0  01:38        0.25
  HS02004480           JUNCTION     0.10     0.23     9.48     0  01:39        0.23
  HS02004479           JUNCTION     0.14     0.27     9.48     0  01:39        0.27
  HS02004478           JUNCTION     0.07     0.16     9.38     0  01:41        0.16
  YS02001745           JUNCTION     0.64     0.89     8.40     0  02:52        0.89
  YS02001748           JUNCTION     1.02     1.48     8.56     0  02:17        1.32
  YS02001751           JUNCTION     1.19     1.64     8.52     0  02:03        1.53
  YS02001754           JUNCTION     1.44     1.82     8.43     0  02:49        1.81
  YS02001762           JUNCTION     1.63     2.06     8.46     0  02:43        2.02
  YS02001765           JUNCTION     1.58     2.01     8.46     0  02:43        1.96
  YS02001767           JUNCTION     1.55     1.96     8.44     0  02:43        1.92
  YS02001770           JUNCTION     1.54     1.92     8.42     0  02:43        1.90
  YS02001774           JUNCTION     1.61     1.98     8.40     0  02:43        1.96
  YS02001779           JUNCTION     1.36     1.68     8.37     0  02:24        1.68
  YS02001882           JUNCTION     0.43     0.66     7.37     0  02:12        0.66
  YS02001884           JUNCTION     0.52     0.76     7.37     0  02:11        0.76
  YS02001759           JUNCTION     1.66     2.09     8.46     0  02:43        2.06
  YS02001887           JUNCTION     0.60     0.84     7.37     0  02:12        0.83
  YS02001890           JUNCTION     0.63     0.86     7.37     0  02:11        0.86
  YS02001898           JUNCTION     0.40     0.61     7.35     0  02:11        0.61
  YS02001901           JUNCTION     0.51     0.74     7.35     0  02:10        0.74
  YS02001904           JUNCTION     0.49     0.71     7.34     0  02:12        0.71
  YS02001907           JUNCTION     0.81     1.07     7.36     0  02:15        1.06
  YS02001910           JUNCTION     0.61     0.84     7.35     0  02:09        0.84
  YS02001915           JUNCTION     0.41     0.63     7.34     0  02:10        0.63
  YS02001918           JUNCTION     0.16     0.28     7.34     0  02:10        0.28
  YS02001619           JUNCTION     1.16     1.54     8.47     0  02:14        1.46
  YS02001629           JUNCTION     1.50     1.85     8.40     0  02:14        1.83
  YS02001641           JUNCTION     1.60     1.94     8.38     0  02:25        1.93
  YS02001644           JUNCTION     1.60     1.92     8.35     0  02:24        1.92
  YS02001652           JUNCTION     1.45     2.12     8.71     0  02:33        1.87
  YS02001655           JUNCTION     1.22     2.05     8.90     0  02:33        1.64
  YS02001920           JUNCTION     0.25     0.34     7.35     0  02:14        0.34
  YS02001923           JUNCTION     0.10     0.13     7.39     0  02:59        0.13
  YS02001926           JUNCTION     0.19     0.25     7.69     0  02:59        0.25
  YS02001929           JUNCTION     0.10     0.13     7.83     0  02:59        0.13
  YS02001658           JUNCTION     0.96     1.87     9.01     0  02:45        1.36
  YS02001661           JUNCTION     0.75     2.06     9.46     0  02:33        1.09
  YS02001664           JUNCTION     0.33     0.58     8.51     0  02:34        0.57
  YS02001622           JUNCTION     1.18     1.54     8.45     0  02:14        1.49
  YS02001633           JUNCTION     1.59     1.96     8.41     0  02:25        1.93
  YS02001649           JUNCTION     1.64     2.05     8.44     0  02:33        2.05
  YS02001757           JUNCTION     1.76     2.18     8.44     0  02:43        2.17
  YS02001895           JUNCTION     0.39     0.61     7.36     0  02:10        0.61
  YS02001625           JUNCTION     1.46     1.78     8.38     0  02:14        1.78
  YS02163301           JUNCTION     1.53     1.89     8.41     0  02:25        1.87
  YS02163601           JUNCTION     1.64     2.01     8.40     0  02:25        1.98
  YS02164001           JUNCTION     1.58     1.94     8.40     0  02:25        1.91
  YS02001647           JUNCTION     1.43     1.80     8.41     0  02:35        1.79
  YSB1154              JUNCTION     0.27     0.42     9.48     0  01:39        0.42
  YSB6556              JUNCTION     0.17     0.31     9.48     0  01:39        0.31
  YSB1174              JUNCTION     0.23     0.37     9.48     0  01:39        0.37
  YSB1171              JUNCTION     0.42     0.57     9.48     0  01:39        0.57
  YS02006553           JUNCTION     0.82     1.07     7.35     0  02:15        1.06
  YS02006561           JUNCTION     0.22     0.38     7.04     0  02:14        0.38
  YS02006556           JUNCTION     0.79     1.03     7.34     0  02:31        1.02
  YS02006558           JUNCTION     0.83     1.08     7.35     0  01:56        1.07
  YS02001783           JUNCTION     0.39     0.66     6.80     0  02:16        0.66
  YS02001784           JUNCTION     0.42     0.66     6.73     0  02:11        0.66
  YS02001786           JUNCTION     0.35     0.55     6.58     0  02:13        0.55
  YS02001788           JUNCTION     0.27     0.43     6.41     0  02:19        0.43
  YS02001790           JUNCTION     0.32     0.52     6.17     0  02:18        0.52
  YS02001791           JUNCTION     0.20     0.32     5.79     0  02:16        0.32
  YS02001793           JUNCTION     0.41     1.31     6.14     0  01:54        1.08
  WSC                  OUTFALL      0.30     0.38     1.05     0  02:03        0.38
  JK-storage           STORAGE      4.25     4.89     5.69     0  02:25        4.88
  CC-storage           STORAGE      1.01     1.40     8.40     0  02:49        1.39
  XR-storage           STORAGE      7.54     7.72     5.72     0  01:44        7.72
  
  
  *******************
  Node Inflow Summary
  *******************
  
  -------------------------------------------------------------------------------------------------
                                  Maximum  Maximum                  Lateral       Total        Flow
                                  Lateral    Total  Time of Max      Inflow      Inflow     Balance
                                   Inflow   Inflow   Occurrence      Volume      Volume       Error
  Node                 Type           LPS      LPS  days hr:min    10^6 ltr    10^6 ltr     Percent
  -------------------------------------------------------------------------------------------------
  WS02001211           JUNCTION      7.35   293.82     0  01:25       0.212        7.76       0.490
  WS02001212           JUNCTION      0.00   294.59     0  05:05           0        7.73       0.251
  WS02001213           JUNCTION      0.00   295.64     0  05:04           0        7.71       0.280
  WS02003069           JUNCTION      0.32   880.25     0  02:01     0.00922        14.2       0.153
  WS02003072           JUNCTION      0.00   880.25     0  02:02           0        14.2       0.196
  WS02003073           JUNCTION      1.82   882.04     0  02:03      0.0524        14.2       0.211
  WS02003060           JUNCTION     16.53   880.03     0  02:01       0.476        14.2       0.149
  WS02003066           JUNCTION      0.00   573.55     0  01:53           0        6.07       0.042
  WS02003059           JUNCTION      0.00   297.73     0  05:03           0        7.69       0.489
  WS02003067           JUNCTION      0.00   573.53     0  01:53           0        6.08       0.098
  WS02004401           JUNCTION      0.00   586.93     0  01:51           0        6.23       0.246
  WS02004402           JUNCTION      0.00   589.14     0  01:51           0        6.22       0.238
  WS02004403           JUNCTION      0.00   595.21     0  01:51           0         6.2       0.224
  WS02004404           JUNCTION      0.16   599.75     0  01:51     0.00467        6.19       0.175
  WS02004406           JUNCTION      0.00   598.29     0  01:50           0        6.17       0.430
  WS02004409           JUNCTION      0.00   584.82     0  01:51           0        6.14       0.127
  WS02004410           JUNCTION      0.00   580.24     0  01:51           0        6.13       0.158
  WS02004411           JUNCTION      0.00   577.33     0  01:52           0        6.12       0.173
  WS02004412           JUNCTION      0.00   575.37     0  01:52           0        6.11       0.203
  WS02004413           JUNCTION      0.00   573.60     0  01:55           0         6.1       0.331
  WS02004405           JUNCTION      0.04   609.50     0  01:49      0.0011        6.19       0.249
  WS02006109           JUNCTION      1.23   562.46     0  01:56      0.0354        6.26       0.221
  WS02006110           JUNCTION      0.00   562.33     0  01:55           0        6.25       0.229
  WS02006111           JUNCTION      0.00   588.44     0  01:57           0        6.23       0.035
  WS02006112           JUNCTION     11.66   578.24     0  01:53      0.0527        6.28       0.319
  WS02006113           JUNCTION      0.00   562.93     0  01:56           0        6.23       0.080
  WS02006115           JUNCTION      0.00   584.19     0  01:51           0        6.26       0.234
  WS02006116           JUNCTION      0.00   583.59     0  01:51           0        6.24       0.170
  WS02006230           JUNCTION     10.28   307.90     0  02:15       0.296        4.65       0.200
  WS02006231           JUNCTION      0.00   296.60     0  02:10           0        4.35      -0.020
  WS02006232           JUNCTION      0.00   296.55     0  02:10           0        4.35       0.188
  WS02006234           JUNCTION      0.00   296.50     0  02:10           0        4.35      -0.013
  WS02006235           JUNCTION      0.00   335.40     0  01:35           0        4.67       0.111
  WS02006238           JUNCTION      0.00   233.61     0  01:34           0       0.875       0.164
  WS02006240           JUNCTION      0.00   125.01     0  01:36           0       0.637       0.393
  WS02006242           JUNCTION      0.00   108.05     0  01:36           0       0.509       0.629
  WS02006243           JUNCTION      0.00    63.28     0  01:37           0       0.408       1.154
  WS02006245           JUNCTION      0.00    59.76     0  01:39           0       0.354       1.055
  WS02006247           JUNCTION      0.00    60.06     0  01:40           0       0.324       0.188
  WS02006248           JUNCTION      0.00    60.52     0  01:41           0       0.308      -0.003
  WS02006249           JUNCTION      0.00    60.96     0  01:41           0       0.305       0.251
  WS02006239           JUNCTION      0.00   135.47     0  01:35           0       0.765       0.162
  WS02006251           JUNCTION      0.08    60.98     0  01:41     0.00222       0.304      -0.042
  WS02006252           JUNCTION      0.00     0.00     0  00:00           0           0       0.000 ltr
  WS02006253           JUNCTION      1.56    60.91     0  01:40     0.00679       0.302       0.134
  WS02006256           JUNCTION      0.00   983.00     0  01:43           0        7.17      -0.143
  WS02004138           JUNCTION      0.00   285.00     0  01:24           0        7.58       0.052
  WS02004139           JUNCTION      0.32   285.32     0  01:49     0.00924        7.59       0.475
  WS02004407           JUNCTION      0.00   586.67     0  01:51           0        6.14       0.064
  WS02006228           JUNCTION      0.00   561.31     0  01:55           0        6.24       0.167
  WS02006229           JUNCTION      0.00   561.88     0  01:54           0        6.25       0.187
  WS02006280           JUNCTION      0.00   293.89     0  01:41           0        1.62       0.004
  WS02006284           JUNCTION      0.10   293.90     0  01:41     0.00275        1.62       0.037
  WS02006287           JUNCTION      0.00   293.83     0  01:41           0        1.62       0.044
  WSF200               JUNCTION      0.00   573.67     0  01:53           0        6.07       0.032
  HS02004901           JUNCTION     14.13    14.13     0  01:35      0.0635      0.0638       2.828
  HS02004881           JUNCTION      6.04    59.47     0  01:40      0.0276       0.295       0.020
  HS02004876           JUNCTION     10.73    53.52     0  01:41       0.053       0.268       0.196
  HS02004870           JUNCTION     11.14    42.89     0  01:41      0.0522       0.215       0.048
  HS02004862           JUNCTION     10.19    32.12     0  01:42      0.0582       0.163       0.102
  HS02004856           JUNCTION      8.33    21.96     0  01:41      0.0393       0.106       1.367
  HS02004852           JUNCTION      0.00    13.91     0  01:42           0       0.067       0.074
  HS02004848           JUNCTION     22.00    22.00     0  01:52       0.126       0.126       0.031
  HS02004842           JUNCTION      0.00     8.57     0  01:56           0      0.0718      22.104
  HS02004837           JUNCTION     25.06    32.52     0  01:42       0.274       0.333       0.235
  HS02004830           JUNCTION      0.15    32.65     0  01:42     0.00432       0.323       0.383
  HS02004824           JUNCTION     26.59    58.69     0  01:53       0.165       0.486       0.110
  HS02004817           JUNCTION      0.60    59.28     0  01:53      0.0173       0.503       3.424
  HS02004807           JUNCTION     20.67    78.27     0  01:44       0.096       0.584       0.747
  HS02004802           JUNCTION      0.00    78.60     0  01:45           0       0.583       0.673
  HS02004799           JUNCTION     16.40   183.02     0  01:38      0.0777       0.895       0.332
  HS02004792           JUNCTION     70.31   166.68     0  01:38       0.333       0.818       0.048
  HS02004788           JUNCTION     24.22    96.80     0  01:38       0.156       0.486       0.078
  HS02004785           JUNCTION      0.15    72.64     0  01:38     0.00432       0.331       0.145
  HS02004777           JUNCTION      0.03    72.63     0  01:37    0.000864       0.332       1.590
  HS02004770           JUNCTION     58.88    72.83     0  01:36       0.271       0.333       0.928
  HS02004480           JUNCTION      0.00   217.11     0  01:39           0        1.05       0.084
  HS02004479           JUNCTION      0.00    34.23     0  01:40           0       0.172       0.428
  HS02004478           JUNCTION      0.00   293.82     0  01:41           0        1.62       0.023
  YS02001745           JUNCTION    172.13   311.70     0  02:14        1.94        1.96       0.597
  YS02001748           JUNCTION      0.04   469.47     0  02:17      0.0013        1.95       1.067
  YS02001751           JUNCTION      0.01   258.45     0  01:59    0.000317        1.91       1.253
  YS02001754           JUNCTION      0.26   235.31     0  02:15     0.00749        1.89       1.322
  YS02001762           JUNCTION      0.00   235.50     0  02:11           0        1.56       1.371
  YS02001765           JUNCTION      0.00   231.54     0  02:11           0        1.56       1.574
  YS02001767           JUNCTION      0.54   228.38     0  02:11      0.0154        1.58       2.302
  YS02001770           JUNCTION    213.08   336.78     0  02:57        2.19         2.4       1.310
  YS02001774           JUNCTION      0.00   338.11     0  02:55           0        1.02       2.509
  YS02001779           JUNCTION      0.01   339.09     0  02:55    0.000144       0.985       1.561
  YS02001882           JUNCTION      0.00    14.04     0  01:56           0      0.0143      15.773
  YS02001884           JUNCTION      0.00    23.87     0  01:58           0      0.0451      13.661
  YS02001759           JUNCTION    205.36   444.03     0  02:11        2.02        3.33       0.685
  YS02001887           JUNCTION    262.35   274.79     0  01:56        2.33        2.36       0.328
  YS02001890           JUNCTION      0.00   269.08     0  01:59           0        2.32       0.366
  YS02001898           JUNCTION      0.00   271.95     0  01:59           0         2.3       0.102
  YS02001901           JUNCTION      0.00   281.11     0  01:59           0         2.3       0.271
  YS02001904           JUNCTION      0.00   270.62     0  01:59           0         2.3       0.246
  YS02001907           JUNCTION      0.00   497.82     0  02:23           0         5.1       0.456
  YS02001910           JUNCTION      0.00   245.28     0  02:57           0        2.81       0.389
  YS02001915           JUNCTION    151.66   241.95     0  02:57        1.63        2.82       0.185
  YS02001918           JUNCTION      0.00    91.77     0  02:57           0        1.19       0.134
  YS02001619           JUNCTION    148.34   148.34     0  02:29        1.62        1.62       0.759
  YS02001629           JUNCTION      0.00   159.16     0  02:13           0        1.54       1.901
  YS02001641           JUNCTION      0.00   340.57     0  02:16           0        3.36       0.637
  YS02001644           JUNCTION    164.00   959.58     0  02:51        1.87        9.12       0.282
  YS02001652           JUNCTION      0.00   237.18     0  02:33           0        1.68       1.390
  YS02001655           JUNCTION      0.15   317.22     0  01:57     0.00443        1.71       1.461
  YS02001920           JUNCTION      2.87    83.24     0  02:59      0.0827        1.19       0.219
  YS02001923           JUNCTION      0.04    80.37     0  02:59     0.00109        1.11       0.040
  YS02001926           JUNCTION      0.05    80.34     0  02:59      0.0015        1.11       0.268
  YS02001929           JUNCTION     80.29    80.29     0  02:59        1.11        1.11       0.039
  YS02001658           JUNCTION      0.00   466.57     0  02:14           0        1.73       1.352
  YS02001661           JUNCTION      0.00   517.42     0  02:33           0         1.8       0.081
  YS02001664           JUNCTION    188.61   331.18     0  02:34        1.73        1.81       0.335
  YS02001622           JUNCTION      0.00   151.80     0  02:13           0        1.61       2.012
  YS02001633           JUNCTION    167.04   337.81     0  02:13        1.92        3.42       0.939
  YS02001649           JUNCTION      0.00   712.44     0  02:14           0        5.86       0.637
  YS02001757           JUNCTION      0.00  1239.70     0  02:25           0        6.97       1.342
  YS02001895           JUNCTION      0.00   275.73     0  01:59           0        2.31       0.201
  YS02001625           JUNCTION      0.00   159.12     0  02:13           0        1.57       2.536
  YS02163301           JUNCTION      0.00   177.40     0  02:13           0        1.53       1.587
  YS02163601           JUNCTION      0.11   337.69     0  02:13     0.00317        3.38       0.892
  YS02164001           JUNCTION      0.00   338.24     0  02:16           0        3.36       0.593
  YS02001647           JUNCTION      0.00   502.83     0  02:16           0        5.24       0.535
  YSB1154              JUNCTION     19.09    19.09     0  01:39      0.0943      0.0949       1.541
  YSB6556              JUNCTION      0.00    19.20     0  01:39           0      0.0956       1.325
  YSB1174              JUNCTION     15.49    15.49     0  01:35      0.0686       0.069       1.887
  YSB1171              JUNCTION      0.00    34.42     0  01:38           0        0.17       3.862
  YS02006553           JUNCTION      0.00   491.99     0  02:32           0        5.09       0.294
  YS02006561           JUNCTION      0.00   726.14     0  02:15           0        7.18       0.011
  YS02006556           JUNCTION      0.00   493.58     0  02:15           0         5.1       0.209
  YS02006558           JUNCTION    225.69   733.59     0  02:31        2.14        7.21       0.059
  YS02001783           JUNCTION      0.00   719.61     0  02:14           0        7.18       0.026
  YS02001784           JUNCTION      1.06   712.44     0  02:15      0.0305        7.21       0.042
  YS02001786           JUNCTION      0.06   710.48     0  02:15     0.00162         7.2       0.041
  YS02001788           JUNCTION      0.07   710.01     0  02:13     0.00204         7.2       0.024
  YS02001790           JUNCTION      0.15   710.51     0  02:16     0.00446        7.21       0.030
  YS02001791           JUNCTION      0.00   731.40     0  02:18           0         7.2       0.014
  YS02001793           JUNCTION      0.00   798.35     0  01:39           0        7.24      -0.187
  WSC                  OUTFALL       0.00   882.04     0  02:03           0        14.2       0.000
  JK-storage           STORAGE       0.00  1155.48     0  02:14           0        7.41       0.055
  CC-storage           STORAGE       0.00  1241.47     0  02:12           0        3.96       1.668
  XR-storage           STORAGE     525.74   525.74     0  02:57          10        10.6      -0.001
  
  
  **********************
  Node Surcharge Summary
  **********************
  
  Surcharging occurs when water rises above the top of the highest conduit.
  ---------------------------------------------------------------------
                                               Max. Height   Min. Depth
                                   Hours       Above Crown    Below Rim
  Node                 Type      Surcharged         Meters       Meters
  ---------------------------------------------------------------------
  WS02004404           JUNCTION        0.03          0.094        2.686
  WS02006109           JUNCTION        1.30          0.185        1.635
  WS02006110           JUNCTION        0.51          0.031        1.819
  WS02006112           JUNCTION        0.71          0.114        1.566
  WS02006232           JUNCTION        0.75          0.108        1.372
  WS02006234           JUNCTION        0.15          0.007        1.233
  WS02006235           JUNCTION        0.37          0.045        1.245
  WS02006238           JUNCTION        0.43          0.056        1.374
  WS02006256           JUNCTION        6.50          2.050        0.000
  WS02006228           JUNCTION        1.26          0.222        1.978
  YS02001748           JUNCTION        5.65          0.398        0.792
  YS02001751           JUNCTION        5.88          0.645        0.555
  YS02001754           JUNCTION        6.12          0.770        0.380
  YS02001762           JUNCTION        6.31          1.060        0.090
  YS02001765           JUNCTION        6.29          1.007        0.093
  YS02001767           JUNCTION        6.28          0.955        0.075
  YS02001770           JUNCTION        6.27          0.891        0.029
  YS02001774           JUNCTION        6.30          0.977        0.073
  YS02001779           JUNCTION        6.11          0.680        0.000
  YS02001759           JUNCTION        6.33          1.091        0.119
  YS02001907           JUNCTION        1.33          0.057        0.893
  YS02001619           JUNCTION        5.92          0.540        0.070
  YS02001629           JUNCTION        5.92          0.470        0.000
  YS02001641           JUNCTION        6.30          0.945        0.155
  YS02001644           JUNCTION        6.30          0.920        0.000
  YS02001652           JUNCTION        6.15          1.086        0.044
  YS02001655           JUNCTION        5.97          1.051        0.149
  YS02001658           JUNCTION        5.67          0.872        0.428
  YS02001661           JUNCTION        0.06          0.988        0.402
  YS02001622           JUNCTION        5.96          0.543        0.077
  YS02001633           JUNCTION        6.29          0.940        0.120
  YS02001649           JUNCTION        6.31          1.050        0.000
  YS02001757           JUNCTION        6.37          1.177        0.033
  YS02001625           JUNCTION        6.22          0.780        0.000
  YS02163301           JUNCTION        6.27          0.895        0.135
  YS02163601           JUNCTION        6.31          1.006        0.074
  YS02164001           JUNCTION        6.29          0.941        0.159
  YS02001647           JUNCTION        6.18          0.804        0.096
  YS02006553           JUNCTION        1.41          0.066        1.124
  YS02001793           JUNCTION        0.01          0.313        2.287
  
  
  *********************
  Node Flooding Summary
  *********************
  
  Flooding refers to all water that overflows a node, whether it ponds or not.
  --------------------------------------------------------------------------
                                                             Total   Maximum
                                 Maximum   Time of Max       Flood    Ponded
                        Hours       Rate    Occurrence      Volume     Depth
  Node                 Flooded       LPS   days hr:min    10^6 ltr    Meters
  --------------------------------------------------------------------------
  WS02006256              4.54    751.58      0  01:58       3.114     0.000
  YS02001779              2.20    338.99      0  02:55       0.965     0.000
  YS02001629              0.01     26.06      0  02:14       0.000     0.000
  YS02001644              5.56    959.49      0  02:51       7.764     0.000
  YS02001649              0.01     31.80      0  02:35       0.000     0.000
  YS02001625              0.10     17.13      0  02:25       0.001     0.000
  XR-storage              5.10    240.74      0  02:57       2.170     0.000
  
  
  **********************
  Storage Volume Summary
  **********************
  
  --------------------------------------------------------------------------------------------------
                         Average     Avg  Evap Exfil       Maximum     Max    Time of Max    Maximum
                          Volume    Pcnt  Pcnt  Pcnt        Volume    Pcnt     Occurrence    Outflow
  Storage Unit           1000 m3    Full  Loss  Loss       1000 m3    Full    days hr:min        LPS
  --------------------------------------------------------------------------------------------------
  JK-storage               0.214      73     0     0         0.246      84       0  02:25     983.00
  CC-storage               2.817      18     0     0         3.888      25       0  02:49     114.12
  XR-storage               0.905      98     0     0         0.926     100       0  01:44     285.00
  
  
  ***********************
  Outfall Loading Summary
  ***********************
  
  ---------------------------------------------------------------------------------------------------------------------------------
                         Flow       Avg       Max       Total         Total         Total         Total         Total         Total
                         Freq      Flow      Flow      Volume           COD            SS            TN            TP         NH4-N
  Outfall Node           Pcnt       LPS       LPS    10^6 ltr            kg            kg            kg            kg            kg
  ---------------------------------------------------------------------------------------------------------------------------------
  WSC                   99.99    574.09    882.04      14.155      1844.002      3075.993       131.991        15.817        80.680
  ---------------------------------------------------------------------------------------------------------------------------------
  System                99.99    574.09    882.04      14.155      1844.002      3075.993       131.991        15.817        80.680
  
  
  ********************
  Link Flow Summary
  ********************
  
  -----------------------------------------------------------------------------
                                 Maximum  Time of Max   Maximum    Max/    Max/
                                  |Flow|   Occurrence   |Veloc|    Full    Full
  Link                 Type          LPS  days hr:min     m/sec    Flow   Depth
  -----------------------------------------------------------------------------
  WS02003066WSF200     CONDUIT    573.67     0  01:53      2.74    0.10    0.24
  WS02006287WS02006284 CONDUIT    293.81     0  01:41      1.83    0.14    0.26
  WS02006284WS02006280 CONDUIT    293.89     0  01:41      2.07    0.12    0.24
  WS02006280WS02006229 CONDUIT    293.89     0  01:41      3.33    0.06    0.17
  WS02006229WS02006228 CONDUIT    561.31     0  01:55      1.12    1.86    1.00
  WS02006256WS02006235 CONDUIT    287.76     0  07:46      4.18    3.05    1.00
  WS02006253WS02006251 CONDUIT     60.90     0  01:41      0.56    0.18    0.40
  WS02006252WS02006251 CONDUIT      0.00     0  00:00      0.00    0.00    0.00
  WS02006251WS02006249 CONDUIT     60.96     0  01:41      0.62    0.18    0.43
  WS02006249WS02006248 CONDUIT     60.52     0  01:41      0.72    0.33    0.46
  WS02006248WS02006247 CONDUIT     60.06     0  01:40      0.69    0.13    0.53
  WS02006247WS02006245 CONDUIT     59.76     0  01:39      0.64    0.47    0.60
  WS02006245WS02006243 CONDUIT     59.57     0  01:37      0.78    0.18    0.66
  WS02006243WS02006242 CONDUIT     62.16     0  01:38      0.62    0.13    0.80
  WS02006242WS02006240 CONDUIT     80.04     0  04:51      0.70    0.32    0.90
  WS02006240WS02006239 CONDUIT    102.02     0  04:50      0.75    0.32    0.92
  WS02006239WS02006238 CONDUIT    127.71     0  04:50      0.85    0.41    1.00
  WS02006238WS02006235 CONDUIT    190.69     0  01:35      1.16    0.43    1.00
  WS02006235WS02006234 CONDUIT    296.50     0  02:10      1.05    3.13    1.00
  WS02006234WS02006232 CONDUIT    296.55     0  02:10      0.94    0.60    1.00
  WS02006232WS02006231 CONDUIT    296.60     0  02:10      0.86    0.62    0.99
  WS02006231WS02006230 CONDUIT    297.62     0  02:15      1.21    4.51    0.96
  WS02006230WS02006229 CONDUIT    309.44     0  02:17      0.80    6.89    1.00
  WS02006228WS02006109 CONDUIT    561.23     0  01:56      1.12    2.45    1.00
  WS02006116WS02004401 CONDUIT    586.93     0  01:51      0.80    0.81    0.89
  WS02006115WS02006116 CONDUIT    583.59     0  01:51      1.00    0.75    0.81
  WS02006113WS02006111 CONDUIT    588.44     0  01:57      2.50    0.71    0.47
  WS02006112WS02006115 CONDUIT    584.19     0  01:51      0.79    0.34    0.90
  WS02006111WS02006112 CONDUIT    568.51     0  01:53      1.57    0.27    0.68
  WS02006110WS02006113 CONDUIT    562.93     0  01:56      1.32    0.51    0.79
  WS02006109WS02006110 CONDUIT    562.33     0  01:55      1.12    1.08    1.00
  WS02004411WS02004412 CONDUIT    575.37     0  01:52      1.00    0.82    0.71
  WS02004401WS02004402 CONDUIT    589.14     0  01:51      0.79    0.71    0.91
  WS02004413WS02003067 CONDUIT    573.53     0  01:53      1.15    0.25    0.61
  WS02004412WS02004413 CONDUIT    573.60     0  01:55      0.96    0.38    0.80
  WS02004410WS02004411 CONDUIT    577.33     0  01:52      0.97    0.79    0.71
  WS02004409WS02004410 CONDUIT    580.24     0  01:51      1.00    0.75    0.70
  WS02004407WS02004409 CONDUIT    584.82     0  01:51      1.50    0.21    0.50
  WS02004406WS02004407 CONDUIT    586.67     0  01:51      1.09    0.26    0.65
  WS02004405WS02004406 CONDUIT    598.29     0  01:50      0.76    1.18    0.99
  WS02004404WS02004405 CONDUIT    609.46     0  01:49      0.78    5.97    1.00
  WS02004403WS02004404 CONDUIT    599.59     0  01:51      0.77    0.43    0.97
  WS02004402WS02004403 CONDUIT    595.21     0  01:51      0.79    0.86    0.94
  WS02004139WS02001211 CONDUIT    286.47     0  01:25      0.54    0.36    0.54
  WS02004138WS02004139 CONDUIT    285.00     0  01:49      2.39    0.06    0.39
  WS02003067WS02003066 CONDUIT    573.55     0  01:53      1.25    0.18    0.43
  WS02001213WS02003059 CONDUIT    297.73     0  05:03      0.59    0.49    0.73
  WS02001212WS02001213 CONDUIT    295.64     0  05:04      1.19    0.46    0.42
  WS02001211WS02001212 CONDUIT    294.59     0  05:05      0.67    0.23    0.59
  WS02003072WS02003073 CONDUIT    880.22     0  02:03      1.69    1.90    0.47
  WS02003069WS02003072 CONDUIT    880.25     0  02:02      1.59    0.42    0.49
  WS02003060WS02003069 CONDUIT    879.93     0  02:01      1.84    0.34    0.44
  WS02003059WS02003060 CONDUIT    300.76     0  05:03      0.82    0.20    0.63
  HS02004901HS02004770 CONDUIT     13.98     0  01:36      0.07    0.05    0.36
  HS02004876HS02004881 CONDUIT     53.62     0  01:41      0.78    0.57    0.10
  HS02004870HS02004876 CONDUIT     42.88     0  01:42      0.54    0.03    0.11
  HS02004842HS02004848 CONDUIT      8.57     0  01:56      0.04    0.00    0.29
  HS02004837HS02004842 CONDUIT      8.74     0  01:59      0.42    0.01    0.30
  HS02004830HS02004837 CONDUIT     32.50     0  01:42      0.50    0.03    0.09
  HS02004824HS02004830 CONDUIT     32.65     0  01:43      0.54    0.04    0.09
  HS02004817HS02004824 CONDUIT     58.68     0  01:53      0.19    0.03    0.44
  HS02004770HS02004777 CONDUIT     72.60     0  01:37      0.28    0.13    0.37
  HS02004799HS02004480 CONDUIT    182.94     0  01:38      0.70    0.23    0.37
  HS02004792HS02004799 CONDUIT    166.64     0  01:38      0.80    0.10    0.30
  HS02004788HS02004792 CONDUIT     96.77     0  01:39      0.94    0.06    0.15
  HS02004785HS02004788 CONDUIT     72.61     0  01:39      0.60    0.55    0.17
  HS02004777HS02004785 CONDUIT     72.49     0  01:38      0.34    0.09    0.31
  HS02004480HS02004478 CONDUIT    216.95     0  01:39      1.11    0.91    0.28
  HS02004479HS02004480 CONDUIT     34.42     0  01:41      0.37    0.03    0.36
  HS02004862HS02004870 CONDUIT     32.10     0  01:42      0.56    0.03    0.08
  HS02004848HS02004852 CONDUIT     13.91     0  01:42      0.38    0.02    0.05
  HS02004856HS02004862 CONDUIT     21.94     0  01:42      0.41    0.02    0.08
  HS02004852HS02004856 CONDUIT     13.90     0  01:43      0.18    0.02    0.11
  HS02004802HS02004478 CONDUIT     78.95     0  01:46      0.38    0.07    0.30
  HS02004478WS02006287 CONDUIT    293.83     0  01:41      1.53    0.08    0.21
  HS02004817HS02004807 CONDUIT     59.61     0  01:53      0.15    0.04    0.57
  HS02004807HS02004802 CONDUIT     78.60     0  01:45      0.32    0.15    0.35
  YS02001759YS02001757 CONDUIT    446.98     0  02:11      0.57    0.32    1.00
  YS02001762YS02001759 CONDUIT    239.38     0  02:11      0.30    0.28    1.00
  YS02001765YS02001762 CONDUIT    235.50     0  02:11      0.30    0.22    1.00
  YS02001770YS02001767 CONDUIT    227.84     0  02:11      0.42    0.90    1.00
  YS02001774YS02001770 CONDUIT    338.11     0  02:55      0.43    0.22    1.00
  YS02001779YS02001774 CONDUIT    339.08     0  02:55      0.43    0.17    1.00
  YS02001649YS02001757 CONDUIT    713.35     0  02:14      0.91    0.43    1.00
  YS02001767YS02001765 CONDUIT    231.54     0  02:11      0.40    0.29    1.00
  YS02006561YS02001783 CONDUIT    719.61     0  02:14      2.12    0.37    0.65
  YS02001783YS02001784 CONDUIT    711.38     0  02:15      1.61    0.98    0.82
  YS02001784YS02001785 CONDUIT    710.42     0  02:15      1.74    1.65    0.76
  YS02001788YS02001790 CONDUIT    710.36     0  02:16      2.27    0.52    0.60
  YS02001790YS02001791 CONDUIT    731.40     0  02:18      2.79    0.80    0.53
  YS02001791YS02001793 CONDUIT    749.50     0  02:18      4.05    0.32    0.70
  YS02001910YS02001907 CONDUIT    242.71     0  03:01      0.49    0.14    0.92
  YS02001786YS02001788 CONDUIT    709.93     0  02:13      2.19    1.37    0.62
  YS02001915YS02001910 CONDUIT    245.28     0  02:57      0.65    0.12    0.73
  YS02001918YS02001915 CONDUIT    100.86     0  02:57      0.44    0.06    0.45
  YS02001923YS02001920 CONDUIT     80.37     0  02:59      0.63    0.04    0.24
  YS02001926YS02001923 CONDUIT     80.33     0  02:59      0.71    0.11    0.20
  YS02001929YS02001926 CONDUIT     80.29     0  02:59      0.77    0.04    0.19
  YS02001920YS02001918 CONDUIT     91.77     0  02:57      0.62    0.09    0.31
  YS02001629YS02163301 CONDUIT    177.40     0  02:13      0.23    0.22    1.00
  YS02001619YS02001622 CONDUIT    151.80     0  02:13      0.70    0.22    1.00
  YS02001622YS02001625 CONDUIT    159.12     0  02:13      0.46    0.08    1.00
  YS02001625YS02001629 CONDUIT    159.16     0  02:13      0.28    0.08    1.00
  YS02163301YS02001633 CONDUIT    177.42     0  02:13      0.23    0.17    1.00
  YS02163601YS02164001 CONDUIT    338.24     0  02:16      0.43    0.30    1.00
  YS02164001YS02001641 CONDUIT    340.57     0  02:16      0.43    0.47    1.00
  YS02001641YS02001644 CONDUIT    342.57     0  02:16      0.44    1.11    1.00
  YS02001647YS02001649 CONDUIT    504.62     0  02:16      0.64    0.27    1.00
  YS02006553YS02006556 CONDUIT    493.58     0  02:15      0.63    0.42    1.00
  YS02006556YS02006558 CONDUIT    515.57     0  02:31      0.66    0.41    1.00
  YSB6556YSB1171       CONDUIT     19.41     0  01:42      0.09    0.02    0.63
  YS02001907YS02006553 CONDUIT    491.99     0  02:32      0.55    0.58    1.00
  YS02006558YS02006561 CONDUIT    726.14     0  02:15      3.14    1.60    0.77
  YS02001633YS02163601 CONDUIT    337.58     0  02:13      0.43    0.35    1.00
  YS02001644YS02001647 CONDUIT    502.83     0  02:16      0.64    0.30    1.00
  YS02001745YS02001748 CONDUIT    469.42     0  02:17      1.56    0.18    0.94
  YS02001748YS02001751 CONDUIT    258.43     0  01:59      1.17    0.13    1.00
  YS02001751YS02001754 CONDUIT    235.05     0  02:15      1.01    0.11    1.00
  YS02001754YS02001757 CONDUIT    235.94     0  02:15      0.33    0.10    1.00
  YS02001882YS02001884 CONDUIT     16.93     0  01:56      0.16    0.02    0.68
  YS02001884YS02001887 CONDUIT     25.33     0  01:56      0.12    0.03    0.77
  YS02001890YS02001895 CONDUIT    275.73     0  01:59      0.46    0.13    0.74
  YS02001895YS02001898 CONDUIT    271.95     0  01:59      0.58    0.47    0.60
  YS02001898YS02001901 CONDUIT    281.11     0  01:59      0.51    0.18    0.67
  YS02001901YS02001904 CONDUIT    270.62     0  01:59      0.46    0.42    0.73
  YS02001904YS02001907 CONDUIT    272.83     0  02:10      0.38    0.10    0.86
  YS02001887YS02001890 CONDUIT    269.08     0  01:59      0.40    0.46    0.82
  YS02001652YS02001649 CONDUIT    241.85     0  02:33      0.72    0.12    1.00
  YS02001655YS02001652 CONDUIT    237.18     0  02:33      1.08    0.12    1.00
  YS02001658YS02001655 CONDUIT    317.06     0  01:57      1.35    0.13    1.00
  YS02001661YS02001658 CONDUIT    466.57     0  02:14      1.65    0.18    1.00
  YS02001664YS02001661 CONDUIT    517.42     0  02:33      1.51    0.16    0.73
  YSB1154YSB6556       CONDUIT     19.20     0  01:39      0.15    0.03    0.52
  YSB1174YSB1171       CONDUIT     15.50     0  01:36      0.06    0.02    0.64
  YSB1171HS02004479    CONDUIT     34.23     0  01:40      0.54    0.02    0.50
  HS02004881HS02006253 CONDUIT     59.46     0  01:41      1.96    0.01    0.04
  YS02001793JiankangQianchi CONDUIT   1155.48     0  02:14      1.69    0.09    1.00
  YS02001757CaochengTiaoxuchi CONDUIT   1241.47     0  02:12      2.23    0.55    1.00
  WSF200WS02003060     CONDUIT    574.47     0  01:53      1.70    0.13    0.34
  1                    CONDUIT    882.04     0  02:03      3.22    0.31    0.38
  CC-Pump-1            PUMP         0.00     0  00:00              0.00
  CC-Pump-2            PUMP         0.00     0  00:00              0.00
  JK-Pump-1            PUMP       300.00     0  01:34              1.00
  JK-Pump-2            PUMP       683.00     0  01:43              1.00
  XR-Pump-1            PUMP        95.00     0  00:00              1.00
  XR-Pump-2            PUMP        95.00     0  00:25              1.00
  XR-Pump-3            PUMP        95.00     0  01:24              1.00
  XR-Pump-4            PUMP         0.00     0  00:00              0.00
  
  
  ***************************
  Flow Classification Summary
  ***************************
  
  -------------------------------------------------------------------------------------
                      Adjusted    ---------- Fraction of Time in Flow Class ---------- 
                       /Actual         Up    Down  Sub   Sup   Up    Down  Norm  Inlet 
  Conduit               Length    Dry  Dry   Dry   Crit  Crit  Crit  Crit  Ltd   Ctrl  
  -------------------------------------------------------------------------------------
  WS02003066WSF200        1.00   0.14  0.00  0.00  0.00  0.86  0.00  0.00  0.69  0.00
  WS02006287WS02006284    1.00   0.05  0.02  0.00  0.41  0.52  0.00  0.00  0.75  0.00
  WS02006284WS02006280    1.00   0.07  0.00  0.00  0.00  0.00  0.00  0.93  0.00  0.00
  WS02006280WS02006229    1.00   0.07  0.00  0.00  0.00  0.00  0.00  0.93  0.00  0.00
  WS02006229WS02006228    1.00   0.00  0.00  0.00  1.00  0.00  0.00  0.00  0.00  0.00
  WS02006256WS02006235    1.00   0.10  0.00  0.00  0.90  0.01  0.00  0.00  0.00  0.00
  WS02006253WS02006251    1.00   0.02  0.03  0.00  0.93  0.00  0.01  0.00  0.00  0.00
  WS02006252WS02006251    1.00   1.00  0.00  0.00  0.00  0.00  0.00  0.00  0.00  0.00
  WS02006251WS02006249    1.00   0.00  0.00  0.00  1.00  0.00  0.00  0.00  0.79  0.00
  WS02006249WS02006248    1.00   0.00  0.01  0.00  0.68  0.00  0.31  0.00  0.00  0.00
  WS02006248WS02006247    1.00   0.01  0.00  0.00  0.96  0.00  0.00  0.03  0.33  0.00
  WS02006247WS02006245    1.00   0.01  0.00  0.00  0.94  0.00  0.00  0.05  0.00  0.00
  WS02006245WS02006243    1.00   0.02  0.00  0.00  0.91  0.00  0.00  0.08  0.01  0.00
  WS02006243WS02006242    1.00   0.02  0.00  0.00  0.91  0.00  0.00  0.07  0.24  0.00
  WS02006242WS02006240    1.00   0.02  0.06  0.00  0.90  0.00  0.01  0.00  0.00  0.00
  WS02006240WS02006239    1.00   0.08  0.00  0.00  0.89  0.00  0.00  0.03  0.03  0.00
  WS02006239WS02006238    1.00   0.08  0.00  0.00  0.90  0.00  0.00  0.01  0.00  0.00
  WS02006238WS02006235    1.00   0.09  0.01  0.00  0.90  0.00  0.00  0.00  0.00  0.00
  WS02006235WS02006234    1.00   0.10  0.00  0.00  0.89  0.00  0.02  0.00  0.00  0.00
  WS02006234WS02006232    1.00   0.09  0.00  0.00  0.90  0.00  0.00  0.00  0.01  0.00
  WS02006232WS02006231    1.00   0.09  0.00  0.00  0.90  0.00  0.00  0.00  0.00  0.00
  WS02006231WS02006230    1.00   0.09  0.00  0.00  0.48  0.00  0.43  0.00  0.00  0.00
  WS02006230WS02006229    1.00   0.00  0.00  0.00  0.98  0.00  0.00  0.02  0.01  0.00
  WS02006228WS02006109    1.00   0.00  0.00  0.00  1.00  0.00  0.00  0.00  0.01  0.00
  WS02006116WS02004401    1.00   0.05  0.00  0.00  0.95  0.00  0.00  0.00  0.00  0.00
  WS02006115WS02006116    1.00   0.05  0.00  0.00  0.90  0.00  0.00  0.04  0.00  0.00
  WS02006113WS02006111    1.00   0.03  0.00  0.00  0.01  0.95  0.00  0.00  0.32  0.00
  WS02006112WS02006115    1.00   0.03  0.02  0.00  0.94  0.00  0.00  0.00  0.00  0.00
  WS02006111WS02006112    1.00   0.03  0.00  0.00  0.96  0.00  0.00  0.00  0.92  0.00
  WS02006110WS02006113    1.00   0.01  0.03  0.00  0.97  0.00  0.00  0.00  0.00  0.00
  WS02006109WS02006110    1.00   0.00  0.01  0.00  0.99  0.00  0.01  0.00  0.00  0.00
  WS02004411WS02004412    1.00   0.11  0.00  0.00  0.89  0.00  0.00  0.00  0.00  0.00
  WS02004401WS02004402    1.00   0.05  0.00  0.00  0.95  0.00  0.00  0.00  0.03  0.00
  WS02004413WS02003067    1.00   0.12  0.01  0.00  0.00  0.00  0.87  0.00  0.00  0.00
  WS02004412WS02004413    1.00   0.11  0.00  0.00  0.88  0.00  0.00  0.00  0.00  0.00
  WS02004410WS02004411    1.00   0.11  0.00  0.00  0.89  0.00  0.00  0.00  0.00  0.00
  WS02004409WS02004410    1.00   0.11  0.00  0.00  0.89  0.00  0.00  0.00  0.00  0.00
  WS02004407WS02004409    1.00   0.11  0.00  0.00  0.88  0.01  0.00  0.00  0.81  0.00
  WS02004406WS02004407    1.00   0.00  0.11  0.00  0.89  0.00  0.00  0.00  0.00  0.00
  WS02004405WS02004406    1.00   0.00  0.00  0.00  1.00  0.00  0.00  0.00  0.04  0.00
  WS02004404WS02004405    1.00   0.00  0.00  0.00  1.00  0.00  0.00  0.00  0.02  0.00
  WS02004403WS02004404    1.00   0.00  0.06  0.00  0.94  0.00  0.00  0.00  0.04  0.00
  WS02004402WS02004403    1.00   0.06  0.00  0.00  0.94  0.00  0.00  0.00  0.00  0.00
  WS02004139WS02001211    1.00   0.00  0.00  0.00  1.00  0.00  0.00  0.00  0.00  0.00
  WS02004138WS02004139    1.00   0.00  0.00  0.00  0.99  0.00  0.00  0.00  1.00  0.00
  WS02003067WS02003066    1.00   0.13  0.01  0.00  0.87  0.00  0.00  0.00  0.00  0.00
  WS02001213WS02003059    1.00   0.00  0.00  0.00  1.00  0.00  0.00  0.00  0.00  0.00
  WS02001212WS02001213    1.00   0.00  0.00  0.00  0.63  0.00  0.36  0.00  0.00  0.00
  WS02001211WS02001212    1.00   0.00  0.00  0.00  1.00  0.00  0.00  0.00  0.00  0.00
  WS02003072WS02003073    1.00   0.00  0.00  0.00  0.00  0.00  0.00  1.00  0.00  0.00
  WS02003069WS02003072    1.00   0.00  0.00  0.00  1.00  0.00  0.00  0.00  0.21  0.00
  WS02003060WS02003069    1.00   0.00  0.00  0.00  0.99  0.01  0.00  0.00  0.14  0.00
  WS02003059WS02003060    1.00   0.00  0.00  0.00  1.00  0.00  0.00  0.00  0.02  0.00
  HS02004901HS02004770    1.00   0.06  0.00  0.00  0.94  0.00  0.00  0.00  0.00  0.00
  HS02004876HS02004881    1.00   0.01  0.00  0.00  0.99  0.00  0.00  0.00  0.00  0.00
  HS02004870HS02004876    1.00   0.00  0.00  0.00  0.99  0.00  0.00  0.00  0.95  0.00
  HS02004842HS02004848    1.00   0.00  0.06  0.00  0.94  0.00  0.00  0.00  0.59  0.00
  HS02004837HS02004842    1.00   0.00  0.00  0.00  1.00  0.00  0.00  0.00  0.11  0.00
  HS02004830HS02004837    1.00   0.00  0.00  0.00  1.00  0.00  0.00  0.00  0.99  0.00
  HS02004824HS02004830    1.00   0.00  0.00  0.00  1.00  0.00  0.00  0.00  0.00  0.00
  HS02004817HS02004824    1.00   0.00  0.00  0.00  1.00  0.00  0.00  0.00  1.00  0.00
  HS02004770HS02004777    1.00   0.00  0.06  0.00  0.94  0.00  0.00  0.00  0.01  0.00
  HS02004799HS02004480    1.00   0.00  0.02  0.00  0.93  0.00  0.06  0.00  0.00  0.00
  HS02004792HS02004799    1.00   0.00  0.00  0.00  0.99  0.01  0.00  0.00  0.98  0.00
  HS02004788HS02004792    1.00   0.00  0.00  0.00  1.00  0.00  0.00  0.00  0.98  0.00
  HS02004785HS02004788    1.00   0.00  0.00  0.00  1.00  0.00  0.00  0.00  0.00  0.00
  HS02004777HS02004785    1.00   0.00  0.00  0.00  1.00  0.00  0.00  0.00  0.11  0.00
  HS02004480HS02004478    1.00   0.07  0.00  0.00  0.44  0.00  0.00  0.50  0.00  0.00
  HS02004479HS02004480    1.00   0.02  0.00  0.00  0.98  0.00  0.00  0.00  0.11  0.00
  HS02004862HS02004870    1.00   0.00  0.00  0.00  1.00  0.00  0.00  0.00  0.02  0.00
  HS02004848HS02004852    1.00   0.06  0.00  0.00  0.94  0.00  0.00  0.00  0.79  0.00
  HS02004856HS02004862    1.00   0.00  0.08  0.00  0.92  0.00  0.00  0.00  0.85  0.00
  HS02004852HS02004856    1.00   0.06  0.00  0.00  0.93  0.00  0.00  0.00  0.86  0.00
  HS02004802HS02004478    1.00   0.06  0.00  0.00  0.93  0.00  0.00  0.00  0.02  0.00
  HS02004478WS02006287    1.00   0.07  0.00  0.00  0.65  0.27  0.00  0.00  0.73  0.00
  HS02004817HS02004807    1.00   0.00  0.06  0.00  0.94  0.00  0.00  0.00  0.01  0.00
  HS02004807HS02004802    1.00   0.06  0.00  0.00  0.93  0.00  0.00  0.01  0.00  0.00
  YS02001759YS02001757    1.00   0.00  0.00  0.00  1.00  0.00  0.00  0.00  0.15  0.00
  YS02001762YS02001759    1.00   0.00  0.00  0.00  1.00  0.00  0.00  0.00  0.02  0.00
  YS02001765YS02001762    1.00   0.00  0.00  0.00  1.00  0.00  0.00  0.00  0.13  0.00
  YS02001770YS02001767    1.00   0.00  0.00  0.00  1.00  0.00  0.00  0.00  0.00  0.00
  YS02001774YS02001770    1.00   0.00  0.06  0.00  0.93  0.00  0.00  0.00  0.01  0.00
  YS02001779YS02001774    1.00   0.00  0.00  0.00  1.00  0.00  0.00  0.00  0.16  0.00
  YS02001649YS02001757    1.00   0.00  0.00  0.00  1.00  0.00  0.00  0.00  0.15  0.00
  YS02001767YS02001765    1.00   0.00  0.00  0.00  1.00  0.00  0.00  0.00  0.00  0.00
  YS02006561YS02001783    1.00   0.08  0.00  0.00  0.07  0.85  0.00  0.00  0.56  0.00
  YS02001783YS02001784    1.00   0.00  0.09  0.00  0.91  0.00  0.00  0.00  0.00  0.00
  YS02001784YS02001785    1.00   0.00  0.00  0.00  1.00  0.00  0.00  0.00  0.15  0.00
  YS02001788YS02001790    1.00   0.00  0.00  0.00  0.09  0.91  0.00  0.00  0.55  0.00
  YS02001790YS02001791    1.00   0.00  0.00  0.00  0.01  0.99  0.00  0.00  0.72  0.00
  YS02001791YS02001793    1.00   0.00  0.00  0.00  0.36  0.64  0.00  0.00  0.41  0.00
  YS02001910YS02001907    1.00   0.00  0.00  0.00  0.99  0.00  0.00  0.01  0.11  0.00
  YS02001786YS02001788    1.00   0.00  0.00  0.00  0.09  0.91  0.00  0.00  0.00  0.00
  YS02001915YS02001910    1.00   0.00  0.00  0.00  0.99  0.01  0.00  0.00  0.13  0.00
  YS02001918YS02001915    1.00   0.00  0.00  0.00  0.99  0.01  0.00  0.00  0.61  0.00
  YS02001923YS02001920    1.00   0.00  0.00  0.00  1.00  0.00  0.00  0.00  1.00  0.00
  YS02001926YS02001923    1.00   0.00  0.04  0.00  0.00  0.00  0.96  0.00  0.00  0.00
  YS02001929YS02001926    1.00   0.00  0.06  0.00  0.94  0.00  0.00  0.00  0.87  0.00
  YS02001920YS02001918    1.00   0.00  0.00  0.00  1.00  0.00  0.00  0.00  0.00  0.00
  YS02001629YS02163301    1.00   0.07  0.01  0.00  0.92  0.00  0.00  0.00  0.00  0.00
  YS02001619YS02001622    1.00   0.06  0.00  0.00  0.94  0.00  0.00  0.00  0.00  0.00
  YS02001622YS02001625    1.00   0.06  0.00  0.00  0.93  0.00  0.00  0.00  0.03  0.00
  YS02001625YS02001629    1.00   0.06  0.02  0.00  0.89  0.00  0.03  0.00  0.00  0.00
  YS02163301YS02001633    1.00   0.00  0.07  0.00  0.93  0.00  0.00  0.00  0.00  0.00
  YS02163601YS02164001    1.00   0.00  0.04  0.00  0.96  0.00  0.00  0.00  0.00  0.00
  YS02164001YS02001641    1.00   0.00  0.04  0.00  0.96  0.00  0.00  0.00  0.05  0.00
  YS02001641YS02001644    1.00   0.00  0.00  0.00  1.00  0.00  0.00  0.00  0.00  0.00
  YS02001647YS02001649    1.00   0.00  0.08  0.00  0.92  0.00  0.00  0.00  0.01  0.00
  YS02006553YS02006556    1.00   0.01  0.00  0.00  0.99  0.00  0.00  0.00  0.03  0.00
  YS02006556YS02006558    1.00   0.00  0.00  0.00  1.00  0.00  0.00  0.00  0.00  0.00
  YSB6556YSB1171          1.00   0.02  0.04  0.00  0.94  0.00  0.00  0.00  0.00  0.00
  YS02001907YS02006553    1.00   0.00  0.01  0.00  0.99  0.00  0.00  0.00  0.00  0.00
  YS02006558YS02006561    1.00   0.08  0.00  0.00  0.00  0.91  0.00  0.00  0.61  0.00
  YS02001633YS02163601    1.00   0.00  0.00  0.00  1.00  0.00  0.00  0.00  0.14  0.00
  YS02001644YS02001647    1.00   0.00  0.08  0.00  0.92  0.00  0.00  0.00  0.00  0.00
  YS02001745YS02001748    1.00   0.00  0.00  0.00  0.86  0.01  0.00  0.14  0.03  0.00
  YS02001748YS02001751    1.00   0.00  0.00  0.00  0.95  0.05  0.00  0.00  0.14  0.00
  YS02001751YS02001754    1.00   0.00  0.00  0.00  0.90  0.00  0.00  0.09  0.01  0.00
  YS02001754YS02001757    1.00   0.00  0.00  0.00  1.00  0.00  0.00  0.00  0.16  0.00
  YS02001882YS02001884    1.00   0.07  0.00  0.00  0.93  0.00  0.00  0.00  0.00  0.00
  YS02001884YS02001887    1.00   0.03  0.03  0.00  0.94  0.00  0.00  0.00  0.00  0.00
  YS02001890YS02001895    1.00   0.00  0.07  0.00  0.93  0.00  0.00  0.00  0.00  0.00
  YS02001895YS02001898    1.00   0.07  0.00  0.00  0.91  0.00  0.02  0.00  0.00  0.00
  YS02001898YS02001901    1.00   0.08  0.00  0.00  0.92  0.00  0.00  0.00  0.01  0.00
  YS02001901YS02001904    1.00   0.08  0.00  0.00  0.92  0.00  0.00  0.00  0.00  0.00
  YS02001904YS02001907    1.00   0.00  0.07  0.00  0.92  0.00  0.00  0.00  0.00  0.00
  YS02001887YS02001890    1.00   0.00  0.00  0.00  0.98  0.00  0.01  0.00  0.00  0.00
  YS02001652YS02001649    1.00   0.00  0.00  0.00  1.00  0.00  0.00  0.00  0.14  0.00
  YS02001655YS02001652    1.00   0.00  0.00  0.00  0.90  0.00  0.00  0.09  0.02  0.00
  YS02001658YS02001655    1.00   0.00  0.07  0.00  0.89  0.05  0.00  0.00  0.02  0.00
  YS02001661YS02001658    1.00   0.07  0.00  0.00  0.85  0.08  0.00  0.00  0.03  0.00
  YS02001664YS02001661    1.00   0.06  0.00  0.00  0.84  0.10  0.00  0.00  0.16  0.00
  YSB1154YSB6556          1.00   0.06  0.00  0.00  0.94  0.00  0.00  0.00  0.01  0.00
  YSB1174YSB1171          1.00   0.02  0.02  0.00  0.95  0.00  0.00  0.00  0.00  0.00
  YSB1171HS02004479       1.00   0.02  0.00  0.00  0.97  0.00  0.00  0.01  0.09  0.00
  HS02004881HS02006253    1.00   0.03  0.00  0.00  0.00  0.00  0.00  0.97  0.00  0.00
  YS02001793JiankangQianchi    1.00   0.00  0.00  0.00  1.00  0.00  0.00  0.00  0.46  0.00
  YS02001757CaochengTiaoxuchi    1.00   0.00  0.11  0.00  0.88  0.00  0.00  0.00  0.00  0.00
  WSF200WS02003060        1.00   0.00  0.14  0.00  0.86  0.00  0.00  0.00  0.56  0.00
  1                       1.00   0.00  0.00  0.00  0.00  1.00  0.00  0.00  0.40  0.00
  
  
  *************************
  Conduit Surcharge Summary
  *************************
  
  ----------------------------------------------------------------------------
                                                           Hours        Hours 
                         --------- Hours Full --------   Above Full   Capacity
  Conduit                Both Ends  Upstream  Dnstream   Normal Flow   Limited
  ----------------------------------------------------------------------------
  WS02006229WS02006228        1.26      1.34      1.26      2.10         1.26
  WS02006256WS02006235        5.07      5.12      6.48      4.56         0.01
  WS02006239WS02006238        0.11      0.11      0.43      0.01         0.01
  WS02006238WS02006235        0.42      0.42      0.53      0.01         0.01
  WS02006235WS02006234        0.15      0.15      0.37      4.76         0.01
  WS02006234WS02006232        0.32      0.32      0.75      0.01         0.01
  WS02006232WS02006231        0.01      0.01      0.75      0.01         0.01
  WS02006231WS02006230        0.01      0.01      0.01      5.43         0.01
  WS02006230WS02006229        1.63      1.82      1.63      5.99         1.62
  WS02006228WS02006109        1.30      1.51      1.30      3.55         1.30
  WS02006112WS02006115        0.01      0.01      0.71      0.01         0.01
  WS02006111WS02006112        0.01      0.01      2.53      0.01         0.01
  WS02006110WS02006113        0.01      0.01      1.44      0.01         0.01
  WS02006109WS02006110        0.51      0.51      1.51      0.51         0.01
  WS02004405WS02004406        0.01      0.01      0.01      0.61         0.01
  WS02004404WS02004405        0.01      0.03      0.01      5.72         0.01
  WS02004403WS02004404        0.01      0.01      0.03      0.01         0.01
  WS02003072WS02003073        0.01      0.01      0.01      4.34         0.01
  YS02001759YS02001757        6.33      6.33      6.37      0.01         0.01
  YS02001762YS02001759        6.31      6.31      6.33      0.01         0.01
  YS02001765YS02001762        6.29      6.29      6.31      0.01         0.01
  YS02001770YS02001767        6.28      6.28      6.28      0.01         0.66
  YS02001774YS02001770        6.27      6.27      6.30      0.01         0.01
  YS02001779YS02001774        6.11      6.11      6.30      0.01         0.01
  YS02001649YS02001757        6.31      6.31      6.37      0.01         0.01
  YS02001767YS02001765        6.28      6.28      6.29      0.01         0.01
  YS02001784YS02001785        0.01      0.01      0.01      1.89         0.01
  YS02001791YS02001793        0.01      0.01      0.38      0.01         0.01
  YS02001910YS02001907        0.01      0.01      1.33      0.01         0.01
  YS02001786YS02001788        0.01      0.01      0.01      1.47         0.01
  YS02001629YS02163301        6.27      6.27      6.27      0.01         0.01
  YS02001619YS02001622        5.92      5.92      5.96      0.01         0.01
  YS02001622YS02001625        5.96      5.96      6.22      0.01         0.01
  YS02001625YS02001629        5.92      5.92      6.22      0.01         0.01
  YS02163301YS02001633        6.27      6.27      6.29      0.01         0.01
  YS02163601YS02164001        6.29      6.29      6.31      0.01         0.01
  YS02164001YS02001641        6.29      6.29      6.30      0.01         0.02
  YS02001641YS02001644        6.30      6.30      6.30      0.34         1.03
  YS02001647YS02001649        6.18      6.18      6.31      0.01         0.01
  YS02006553YS02006556        0.01      0.01      1.41      0.01         0.01
  YS02006556YS02006558        0.72      0.72      1.48      0.01         0.01
  YS02001907YS02006553        1.92      1.92      2.13      0.01         0.01
  YS02006558YS02006561        0.01      0.01      0.01      1.74         0.01
  YS02001633YS02163601        6.29      6.29      6.31      0.01         0.01
  YS02001644YS02001647        6.18      6.18      6.30      0.01         0.01
  YS02001745YS02001748        0.01      0.01      5.64      0.01         0.01
  YS02001748YS02001751        5.71      5.71      5.88      0.01         0.01
  YS02001751YS02001754        5.88      5.88      6.12      0.01         0.01
  YS02001754YS02001757        6.17      6.17      6.37      0.01         0.01
  YS02001904YS02001907        0.01      0.01      1.43      0.01         0.01
  YS02001652YS02001649        6.20      6.20      6.31      0.01         0.01
  YS02001655YS02001652        5.97      5.97      6.15      0.01         0.01
  YS02001658YS02001655        5.66      5.66      5.97      0.01         0.01
  YS02001661YS02001658        0.05      0.05      5.66      0.01         0.01
  YS02001664YS02001661        0.01      0.01      0.40      0.01         0.01
  YS02001793JiankangQianchi        0.01      0.01      7.98      0.01         0.01
  YS02001757CaochengTiaoxuchi        5.61      5.61      6.37      0.01         0.01
  
  
  ***************
  Pumping Summary
  ***************
  
  ---------------------------------------------------------------------------------------------------------
                                                  Min       Avg       Max     Total     Power    % Time Off
                        Percent   Number of      Flow      Flow      Flow    Volume     Usage    Pump Curve
  Pump                 Utilized   Start-Ups       LPS       LPS       LPS  10^6 ltr     Kw-hr    Low   High
  ---------------------------------------------------------------------------------------------------------
  CC-Pump-1                0.00           0      0.00      0.00      0.00     0.000      0.00    0.0    0.0
  CC-Pump-2                0.00           0      0.00      0.00      0.00     0.000      0.00    0.0    0.0
  JK-Pump-1               56.78          10      0.00    300.00    300.00     4.906     54.17    0.0    0.0
  JK-Pump-2               11.53          50      0.00    683.00    683.00     2.267     23.34    0.0  100.0
  XR-Pump-1              100.00           1      0.00     95.00     95.00     2.736     14.81    0.0    0.0
  XR-Pump-2               94.81           1      0.00     95.00     95.00     2.594     13.38    0.0    0.0
  XR-Pump-3               82.40           1      0.00     95.00     95.00     2.255     10.72    0.0    0.0
  XR-Pump-4                0.00           0      0.00      0.00      0.00     0.000      0.00    0.0    0.0
  
  
  ***************************
  Link Pollutant Load Summary
  ***************************
  
  ------------------------------------------------------------------------------------------
                                 COD            SS            TN            TP         NH4-N
  Link                            kg            kg            kg            kg            kg
  ------------------------------------------------------------------------------------------
  WS02003066WSF200           545.179       971.007        16.542         1.545         8.995
  WS02006287WS02006284       194.057       350.481         7.996         0.850         4.584
  WS02006284WS02006280       194.569       351.300         8.044         0.856         4.615
  WS02006280WS02006229       194.539       351.250         8.042         0.856         4.613
  WS02006229WS02006228       547.075       971.792        16.628         1.551         9.042
  WS02006256WS02006235       326.689       570.055         8.078         0.661         4.189
  WS02006253WS02006251        29.452        56.219         0.679         0.052         0.339
  WS02006252WS02006251         0.000         0.000         0.000         0.000         0.000
  WS02006251WS02006249        30.104        57.317         0.733         0.058         0.373
  WS02006249WS02006248        30.050        57.174         0.735         0.059         0.374
  WS02006248WS02006247        30.563        58.063         0.753         0.060         0.384
  WS02006247WS02006245        32.066        60.487         0.814         0.066         0.419
  WS02006245WS02006243        34.231        64.092         0.884         0.073         0.457
  WS02006243WS02006242        38.585        71.256         1.003         0.083         0.519
  WS02006242WS02006240        45.959        83.135         1.219         0.101         0.634
  WS02006240WS02006239        53.053        94.548         1.448         0.122         0.759
  WS02006239WS02006238        60.400       106.230         1.698         0.145         0.897
  WS02006238WS02006235        64.757       113.017         1.851         0.160         0.982
  WS02006235WS02006234       353.680       622.189         8.660         0.703         4.473
  WS02006234WS02006232       353.896       622.624         8.664         0.703         4.475
  WS02006232WS02006231       353.448       621.873         8.648         0.701         4.466
  WS02006231WS02006230       353.605       622.137         8.654         0.702         4.470
  WS02006230WS02006229       354.209       623.405         8.666         0.703         4.476
  WS02006228WS02006109       546.265       970.585        16.574         1.544         9.010
  WS02006116WS02004401       555.808       987.697        17.168         1.616         9.369
  WS02006115WS02006116       556.553       988.777        17.224         1.623         9.404
  WS02006113WS02006111       552.823       981.148        17.267         1.632         9.445
  WS02006112WS02006115       557.496       990.310        17.284         1.630         9.440
  WS02006111WS02006112       552.635       980.912        17.253         1.631         9.437
  WS02006110WS02006113       553.179       981.728        17.290         1.635         9.459
  WS02006109WS02006110       554.222       983.408        17.363         1.643         9.504
  WS02004411WS02004412       548.105       975.730        16.716         1.565         9.099
  WS02004401WS02004402       554.669       985.865        17.096         1.608         9.326
  WS02004413WS02003067       545.831       972.019        16.580         1.549         9.018
  WS02004412WS02004413       547.156       974.252        16.657         1.559         9.064
  WS02004410WS02004411       548.790       976.778        16.760         1.570         9.126
  WS02004409WS02004410       549.403       977.731        16.799         1.575         9.149
  WS02004407WS02004409       549.892       978.449        16.832         1.578         9.169
  WS02004406WS02004407       550.071       978.663        16.845         1.580         9.177
  WS02004405WS02004406       552.207       982.110        16.988         1.597         9.264
  WS02004404WS02004405       553.055       983.349        17.031         1.601         9.289
  WS02004403WS02004404       552.595       982.581        16.965         1.593         9.247
  WS02004402WS02004403       553.614       984.225        17.027         1.600         9.284
  WS02004139WS02001211      1152.117      1870.838       101.014        12.461        62.646
  WS02004138WS02004139      1157.301      1879.269       101.456        12.515        62.920
  WS02003067WS02003066       545.263       971.141        16.548         1.546         8.998
  WS02001213WS02003059      1188.405      1928.601       104.616        12.913        64.903
  WS02001212WS02001213      1195.306      1939.807       105.214        12.987        65.273
  WS02001211WS02001212      1197.597      1943.491       105.426        13.013        65.406
  WS02003072WS02003073      1836.901      3064.769       131.199        15.716        80.180
  WS02003069WS02003072      1841.638      3072.364       131.643        15.771        80.457
  WS02003060WS02003069      1843.317      3075.092       131.771        15.786        80.535
  WS02003059WS02003060      1185.715      1924.216       104.390        12.885        64.763
  HS02004901HS02004770         6.587        12.286         0.126         0.009         0.059
  HS02004876HS02004881        24.785        47.176         0.597         0.046         0.300
  HS02004870HS02004876        18.753        35.564         0.491         0.039         0.251
  HS02004842HS02004848         3.655         6.698         0.078         0.005         0.036
  HS02004837HS02004842         8.310        14.103         0.550         0.065         0.332
  HS02004830HS02004837        59.020        99.011         4.506         0.547         2.774
  HS02004824HS02004830        59.793       100.250         4.580         0.557         2.820
  HS02004817HS02004824        74.057       127.684         4.878         0.575         2.965
  HS02004770HS02004777        25.090        47.241         0.530         0.035         0.242
  HS02004799HS02004480        89.146       162.166         2.880         0.279         1.561
  HS02004792HS02004799        81.141       146.306         2.779         0.276         1.522
  HS02004788HS02004792        48.654        87.627         2.011         0.210         1.137
  HS02004785HS02004788        26.514        49.512         0.678         0.054         0.336
  HS02004777HS02004785        25.818        48.395         0.615         0.046         0.296
  HS02004480HS02004478       111.819       205.727         3.225         0.301         1.718
  HS02004479HS02004480        26.264        49.346         0.652         0.060         0.347
  HS02004862HS02004870        13.917        25.896         0.395         0.034         0.205
  HS02004848HS02004852         4.922         9.099         0.104         0.007         0.048
  HS02004856HS02004862         8.939        17.023         0.182         0.012         0.085
  HS02004852HS02004856         4.936         9.125         0.104         0.007         0.048
  HS02004802HS02004478        83.266       146.445         4.840         0.557         2.909
  HS02004478WS02006287       194.254       350.799         8.014         0.853         4.596
  HS02004817HS02004807        72.753       125.629         4.742         0.558         2.879
  HS02004807HS02004802        83.410       146.658         4.871         0.562         2.929
  YS02001759YS02001757       234.248       415.427         4.838         0.335         2.376
  YS02001762YS02001759       119.489       213.365         2.646         0.188         1.320
  YS02001765YS02001762       119.492       213.688         2.671         0.191         1.336
  YS02001770YS02001767       118.331       212.705         2.457         0.161         1.196
  YS02001774YS02001770        83.937       152.789         1.704         0.111         0.826
  YS02001779YS02001774        83.251       151.449         1.790         0.124         0.886
  YS02001649YS02001757       341.258       594.624         7.119         0.493         3.451
  YS02001767YS02001765       119.925       214.756         2.700         0.194         1.353
  YS02006561YS02001783       623.715      1105.221        14.087         1.091         7.138
  YS02001783YS02001784       623.651      1105.142        14.083         1.090         7.136
  YS02001784YS02001785       631.175      1117.205        14.811         1.181         7.591
  YS02001788YS02001790       631.849      1118.316        14.885         1.191         7.638
  YS02001790YS02001791       632.850      1119.932        14.985         1.204         7.701
  YS02001791YS02001793       632.827      1119.913        14.985         1.204         7.700
  YS02001910YS02001907       209.552       365.368         5.935         0.495         3.150
  YS02001786YS02001788       631.403      1117.585        14.839         1.185         7.609
  YS02001915YS02001910       209.589       365.394         5.898         0.489         3.125
  YS02001918YS02001915       101.580       169.191         3.599         0.360         2.028
  YS02001923YS02001920        81.256       136.733         1.613         0.112         0.785
  YS02001926YS02001923        80.907       136.182         1.574         0.107         0.760
  YS02001929YS02001926        80.662       135.777         1.542         0.102         0.740
  YS02001920YS02001918       101.587       169.265         3.572         0.357         2.010
  YS02001629YS02163301        86.869       150.581         1.844         0.118         0.857
  YS02001619YS02001622        89.563       154.741         1.911         0.121         0.887
  YS02001622YS02001625        88.572       153.224         1.886         0.120         0.876
  YS02001625YS02001629        87.413       151.490         1.857         0.118         0.863
  YS02163301YS02001633        87.612       151.887         1.855         0.119         0.863
  YS02163601YS02164001       242.393       418.152         4.918         0.344         2.351
  YS02164001YS02001641       242.266       417.952         4.905         0.342         2.343
  YS02001641YS02001644       243.021       419.220         4.912         0.342         2.345
  YS02001647YS02001649       339.392       588.219         7.126         0.493         3.452
  YS02006553YS02006556       450.551       795.794        10.447         0.832         5.356
  YS02006556YS02006558       450.810       796.279        10.413         0.827         5.333
  YSB6556YSB1171              14.811        27.965         0.317         0.027         0.163
  YS02001907YS02006553       450.504       795.704        10.477         0.836         5.377
  YS02006558YS02006561       623.752      1105.273        14.088         1.091         7.139
  YS02001633YS02163601       242.900       418.911         4.893         0.339         2.331
  YS02001644YS02001647       343.141       595.242         7.182         0.497         3.478
  YS02001745YS02001748       134.966       238.011         3.551         0.276         1.844
  YS02001748YS02001751       133.570       234.963         3.736         0.305         1.972
  YS02001751YS02001754       132.711       233.594         3.720         0.304         1.965
  YS02001754YS02001757       133.576       234.936         3.887         0.327         2.073
  YS02001882YS02001884         2.163         3.688         0.043         0.003         0.022
  YS02001884YS02001887         5.365         9.317         0.105         0.008         0.052
  YS02001890YS02001895       241.917       431.721         4.560         0.343         2.235
  YS02001895YS02001898       241.754       431.491         4.554         0.342         2.232
  YS02001898YS02001901       241.672       431.383         4.551         0.342         2.230
  YS02001901YS02001904       241.619       431.339         4.562         0.343         2.237
  YS02001904YS02001907       241.980       431.943         4.617         0.350         2.272
  YS02001887YS02001890       242.710       432.935         4.614         0.349         2.268
  YS02001652YS02001649        91.575       159.868         1.963         0.140         0.919
  YS02001655YS02001652        92.490       161.309         1.988         0.142         0.931
  YS02001658YS02001655        92.258       160.886         1.907         0.131         0.877
  YS02001661YS02001658        93.698       163.282         1.940         0.133         0.892
  YS02001664YS02001661       104.616       182.302         2.167         0.149         0.996
  YSB1154YSB6556              14.384        27.271         0.270         0.021         0.134
  YSB1174YSB1171               9.937        18.931         0.208         0.017         0.105
  YSB1171HS02004479           26.196        49.219         0.658         0.061         0.351
  HS02004881HS02006253        27.964        53.393         0.656         0.050         0.329
  YS02001793JiankangQianchi       637.075      1127.161        15.118         1.216         7.773
  YS02001757CaochengTiaoxuchi       348.826       623.011         7.824         0.605         3.930
  WSF200WS02003060           544.776       970.388        16.519         1.543         8.981
  1                         1844.002      3075.993       131.991        15.817        80.680
  CC-Pump-1                    0.000         0.000         0.000         0.000         0.000
  CC-Pump-2                    0.000         0.000         0.000         0.000         0.000
  JK-Pump-1                  396.071       691.799         9.756         0.797         5.054
  JK-Pump-2                  226.373       412.255         4.759         0.358         2.376
  XR-Pump-1                  407.616       661.402        35.908         4.433        22.279
  XR-Pump-2                  400.576       650.137        35.232         4.348        21.856
  XR-Pump-3                  351.582       571.748        30.530         3.761        18.917
  XR-Pump-4                    0.000         0.000         0.000         0.000         0.000
  

  Analysis begun on:  Sat Jul 10 17:22:56 2021
  Analysis ended on:  Sat Jul 10 17:22:58 2021
  Total elapsed time: 00:00:02