
  EPA STORM WATER MANAGEMENT MODEL - VERSION 5.1 (Build 5.3.0.dev0)
  --------------------------------------------------------------

  WARNING 04: minimum elevation drop used for Conduit WS02004404WS02004405
  WARNING 03: negative offset ignored for Link YS02001904YS02001907
  
  *********************************************************
  NOTE: The summary statistics displayed in this report are
  based on results found at every computational time step,  
  not just on results from each reporting time step.
  *********************************************************
  
  ****************
  Analysis Options
  ****************
  Flow Units ............... LPS
  Process Models:
    Rainfall/Runoff ........ YES
    RDII ................... NO
    Snowmelt ............... NO
    Groundwater ............ NO
    Flow Routing ........... YES
    Ponding Allowed ........ NO
    Water Quality .......... YES
  Infiltration Method ...... HORTON
  Flow Routing Method ...... DYNWAVE
  Surcharge Method ......... EXTRAN
  Starting Date ............ 08/28/2015 08:00:00
  Ending Date .............. 08/28/2015 16:00:00
  Antecedent Dry Days ...... 8.0
  Report Time Step ......... 00:01:00
  Wet Time Step ............ 00:01:00
  Dry Time Step ............ 00:01:00
  Routing Time Step ........ 5.00 sec
  Variable Time Step ....... YES
  Maximum Trials ........... 8
  Number of Threads ........ 4
  Head Tolerance ........... 0.001500 m
  
  
  **************************        Volume         Depth
  Runoff Quantity Continuity     hectare-m            mm
  **************************     ---------       -------
  Total Precipitation ......         3.198         7.002
  Evaporation Loss .........         0.000         0.000
  Infiltration Loss ........         0.665         1.457
  Surface Runoff ...........         1.944         4.256
  Final Storage ............         0.590         1.291
  Continuity Error (%) .....        -0.020
  
  
  **************************           COD            SS            TN            TP         NH4-N
  Runoff Quality Continuity             kg            kg            kg            kg            kg
  **************************    ----------    ----------    ----------    ----------    ----------
  Initial Buildup ..........     41378.656     70582.865      1804.177       168.684      1032.807
  Surface Buildup ..........        14.431        21.004         2.453         0.226         1.446
  Wet Deposition ...........         0.000         0.000         0.000         0.000         0.000
  Sweeping Removal .........         0.000         0.000         0.000         0.000         0.000
  Infiltration Loss ........        37.523        66.853         0.733         0.050         0.345
  BMP Removal ..............         0.000         0.000         0.000         0.000         0.000
  Surface Runoff ...........      1247.024      2158.751        24.994         1.634        11.795
  Remaining Buildup ........     40108.155     68377.598      1780.894       167.225      1022.109
  Continuity Error (%) .....         0.001         0.001         0.000         0.000         0.000
  
  
  **************************        Volume        Volume
  Flow Routing Continuity        hectare-m      10^6 ltr
  **************************     ---------     ---------
  Dry Weather Inflow .......         0.630         6.296
  Wet Weather Inflow .......         1.943        19.430
  Groundwater Inflow .......         0.000         0.000
  RDII Inflow ..............         0.000         0.000
  External Inflow ..........         0.105         1.045
  External Outflow .........         2.756        27.564
  Flooding Loss ............         0.425         4.246
  Evaporation Loss .........         0.000         0.000
  Exfiltration Loss ........         0.000         0.000
  Initial Stored Volume ....         0.076         0.761
  Final Stored Volume ......         0.180         1.804
  Continuity Error (%) .....       -22.090
  
  
  **************************           COD            SS            TN            TP         NH4-N
  Quality Routing Continuity            kg            kg            kg            kg            kg
  **************************    ----------    ----------    ----------    ----------    ----------
  Dry Weather Inflow .......      1573.993      2518.389       151.103        18.888        94.440
  Wet Weather Inflow .......      1246.715      2158.264        24.987         1.634        11.792
  Groundwater Inflow .......         0.000         0.000         0.000         0.000         0.000
  RDII Inflow ..............         0.000         0.000         0.000         0.000         0.000
  External Inflow ..........       187.321       299.713        17.983         2.248        11.239
  External Outflow .........      1720.827      2857.585       110.115        12.903        66.568
  Flooding Loss ............         0.000         0.000         0.000         0.000         0.000
  Exfiltration Loss ........         0.000         0.000         0.000         0.000         0.000
  Mass Reacted .............         0.000         0.000         0.000         0.000         0.000
  Initial Stored Mass ......         0.000         0.000         0.000         0.000         0.000
  Final Stored Mass ........       110.503       175.956         5.849         0.644         3.441
  Continuity Error (%) .....        39.119        39.041        40.247        40.504        40.402
  
  
  *************************
  Highest Continuity Errors
  *************************
  Node JK-storage (-78.70%)
  Node YS02001774 (24.65%)
  Node HS02004842 (21.29%)
  Node YS02001884 (14.49%)
  Node WS02003059 (9.52%)
  
  
  ***************************
  Time-Step Critical Elements
  ***************************
  Link YS02001793JiankangQianchi (74.14%)
  Link WS02006280WS02006229 (7.46%)
  Link YS02006556YS02006558 (3.71%)
  Link WS02006252WS02006251 (2.96%)
  Link YS02164001YS02001641 (1.21%)
  
  
  ********************************
  Highest Flow Instability Indexes
  ********************************
  Link WS02006113WS02006111 (37)
  Link WS02006252WS02006251 (37)
  Link YS02006558YS02006561 (23)
  Link YS02001779YS02001774 (20)
  Link YS02001774YS02001770 (18)
  
  
  *************************
  Routing Time Step Summary
  *************************
  Minimum Time Step           :     0.50 sec
  Average Time Step           :     2.30 sec
  Maximum Time Step           :     5.00 sec
  Percent in Steady State     :    -0.00
  Average Iterations per Step :     4.21
  Percent Not Converging      :    23.12
  
  
  ***************************
  Subcatchment Runoff Summary
  ***************************
  
  ------------------------------------------------------------------------------------------------------------------------------
                            Total      Total      Total      Total     Imperv       Perv      Total       Total     Peak  Runoff
                           Precip      Runon       Evap      Infil     Runoff     Runoff     Runoff      Runoff   Runoff   Coeff
  Subcatchment                 mm         mm         mm         mm         mm         mm         mm    10^6 ltr      LPS
  ------------------------------------------------------------------------------------------------------------------------------
  sub0                       7.00       0.00       0.00       0.49       6.47       0.00       6.47        0.01     1.30   0.924
  sub1                       7.00       0.00       0.00       0.77       6.15       0.00       6.15        0.04     8.65   0.878
  sub2                       7.00       0.00       0.00       2.59       4.33       0.00       4.33        0.04     8.07   0.619
  sub3                       7.00       0.00       0.00       2.59       4.30       0.00       4.30        0.10    17.69   0.614
  sub4                       7.00       0.00       0.00       0.77       6.01       0.00       6.01        0.13    20.90   0.858
  sub5                       7.00       0.00       0.00       0.49       6.42       0.00       6.42        0.07    15.40   0.917
  sub7                       7.00       0.00       0.00       0.63       6.31       0.00       6.31        0.02     4.90   0.902
  sub8                       7.00       0.00       0.00       0.63       6.30       0.00       6.30        0.04     9.00   0.900
  sub9                       7.00       0.00       0.00       0.63       6.30       0.00       6.30        0.03     6.73   0.900
  sub10                      7.00       0.00       0.00       0.56       6.36       0.00       6.36        0.07    15.09   0.908
  sub11                      7.00       0.00       0.00       0.56       6.38       0.00       6.38        0.07    16.72   0.911
  sub12                      7.00       0.00       0.00       0.91       6.04       0.00       6.05        0.05    12.74   0.864
  sub14                      7.00       0.00       0.00       0.63       6.30       0.00       6.30        0.06    13.24   0.900
  sub15                      7.00       0.00       0.00       2.10       4.84       0.00       4.84        0.08    18.19   0.692
  sub16                      7.00       0.00       0.00       2.31       4.65       0.00       4.65        0.05    11.55   0.665
  sub17                      7.00       0.00       0.00       2.24       4.72       0.00       4.72        0.04     9.50   0.674
  sub22                      7.00       0.00       0.00       3.01       3.95       0.00       3.95        0.25    56.69   0.564
  sub23                      7.00       0.00       0.00       2.59       4.37       0.00       4.37        0.21    47.72   0.624
  sub60                      7.00       0.00       0.00       0.84       4.70       0.00       4.70        1.42   135.07   0.671
  sub61                      7.00       0.00       0.00       1.19       4.88       0.00       4.88        1.50   160.74   0.697
  sub62                      7.00       0.00       0.00       0.56       5.27       0.00       5.27        1.62   166.96   0.753
  sub63                      7.00       0.00       0.00       2.03       4.30       0.00       4.30        1.30   146.73   0.614
  sub64                      7.00       0.00       0.00       1.05       4.50       0.00       4.50        1.37   128.68   0.642
  sub65                      7.00       0.00       0.00       0.91       4.56       0.00       4.56        1.40   130.95   0.652
  sub66                      7.00       0.00       0.00       2.03       3.89       0.00       3.89        1.19   116.30   0.555
  sub67                      7.00       0.00       0.00       0.56       5.66       0.00       5.66        1.75   203.52   0.808
  sub68                      7.00       0.00       0.00       0.98       5.15       0.00       5.15        1.59   175.22   0.736
  sub69                      7.00       0.00       0.00       1.05       5.43       0.00       5.43        1.27   163.70   0.776
  sub70                      7.00       5.54       0.00       4.24       7.02       0.03       7.05        1.61   158.32   0.562
  sub71                      7.00       0.00       0.00       0.56       5.10       0.00       5.10        1.20   118.85   0.728
  sub72                      7.00       0.00       0.00       0.49       3.85       0.00       3.85        0.78    60.42   0.549
  1                          7.00       6.86       0.00       1.40       7.46       1.43       8.89        2.09   157.98   0.642
  2                          7.00       0.00       0.00       3.08       1.63       0.51       2.14        0.85   100.74   0.305
  
  
  ****************************
  Subcatchment Washoff Summary
  ****************************
  
  ------------------------------------------------------------------------------------------
                                 COD            SS            TN            TP         NH4-N
  Subcatchment                    kg            kg            kg            kg            kg
  ------------------------------------------------------------------------------------------
  sub0                         1.006         1.851         0.017         0.001         0.008
  sub1                         4.263         8.014         0.080         0.005         0.038
  sub2                         2.470         4.480         0.055         0.004         0.025
  sub3                         6.066        10.891         0.132         0.009         0.060
  sub4                         9.755        18.383         0.199         0.012         0.095
  sub5                         9.808        18.207         0.172         0.013         0.083
  sub7                         2.222         4.249         0.042         0.003         0.020
  sub8                         3.381         6.603         0.069         0.004         0.033
  sub9                         2.864         5.517         0.056         0.003         0.027
  sub10                        8.123        15.275         0.149         0.010         0.071
  sub11                        7.995        15.221         0.150         0.010         0.072
  sub12                        6.571        12.259         0.118         0.009         0.056
  sub14                        6.078        11.600         0.116         0.007         0.056
  sub15                        7.128        12.958         0.140         0.010         0.065
  sub16                        4.447         8.059         0.086         0.006         0.040
  sub17                        4.076         7.320         0.076         0.006         0.035
  sub22                       20.796        36.914         0.406         0.030         0.187
  sub23                       12.826        23.650         0.287         0.018         0.130
  sub60                       81.562       140.838         1.708         0.100         0.816
  sub61                      101.872       175.289         1.956         0.128         0.938
  sub62                      107.588       188.558         2.189         0.132         1.047
  sub63                       75.723       128.516         1.605         0.109         0.734
  sub64                       98.197       163.232         1.861         0.131         0.882
  sub65                      100.738       168.198         1.925         0.133         0.915
  sub66                       58.446        98.156         1.281         0.080         0.592
  sub67                      159.820       277.988         2.891         0.206         1.392
  sub68                      113.833       198.201         2.257         0.146         1.072
  sub69                      104.570       184.698         2.010         0.136         0.955
  sub70                      163.375       288.616         3.391         0.227         1.569
  sub71                       71.397       126.153         1.550         0.085         0.739
  sub72                       49.793        81.330         0.967         0.063         0.464
  1                           94.922       168.925         2.032         0.136         0.927
  2                           13.261        21.919         0.422         0.025         0.176
  ------------------------------------------------------------------------------------------
  System                    1514.970      2632.064        30.394         1.997        14.318
  
  
  ******************
  Node Depth Summary
  ******************
  
  ---------------------------------------------------------------------------------
                                 Average  Maximum  Maximum  Time of Max    Reported
                                   Depth    Depth      HGL   Occurrence   Max Depth
  Node                 Type       Meters   Meters   Meters  days hr:min      Meters
  ---------------------------------------------------------------------------------
  WS02001211           JUNCTION     0.31     0.32     5.16     0  02:27        0.32
  WS02001212           JUNCTION     0.08     0.10     5.16     0  02:26        0.10
  WS02001213           JUNCTION     0.33     0.44     5.20     0  02:25        0.44
  WS02003069           JUNCTION     0.18     0.30     4.88     0  02:26        0.30
  WS02003072           JUNCTION     0.24     0.37     4.74     0  02:27        0.37
  WS02003073           JUNCTION     0.13     0.21     4.28     0  02:28        0.21
  WS02003060           JUNCTION     0.16     0.27     5.20     0  02:25        0.27
  WS02003066           JUNCTION     0.14     0.23     5.78     0  02:24        0.23
  WS02003059           JUNCTION     0.40     0.51     5.20     0  02:26        0.51
  WS02003067           JUNCTION     0.37     0.58     5.90     0  02:24        0.58
  WS02004401           JUNCTION     0.44     0.65     6.65     0  02:20        0.65
  WS02004402           JUNCTION     0.47     0.68     6.64     0  02:20        0.68
  WS02004403           JUNCTION     0.50     0.71     6.64     0  02:20        0.71
  WS02004404           JUNCTION     0.57     0.79     6.64     0  02:20        0.79
  WS02004406           JUNCTION     0.59     0.80     6.63     0  02:20        0.80
  WS02004409           JUNCTION     0.25     0.47     6.24     0  02:22        0.47
  WS02004410           JUNCTION     0.27     0.49     6.21     0  02:23        0.49
  WS02004411           JUNCTION     0.30     0.51     6.19     0  02:23        0.51
  WS02004412           JUNCTION     0.32     0.53     6.17     0  02:23        0.53
  WS02004413           JUNCTION     0.47     0.70     6.17     0  02:23        0.70
  WS02004405           JUNCTION     0.57     0.78     6.63     0  02:19        0.78
  WS02006109           JUNCTION     0.49     0.71     7.33     0  02:14        0.71
  WS02006110           JUNCTION     0.52     0.72     7.30     0  02:15        0.72
  WS02006111           JUNCTION     0.12     0.21     6.91     0  02:14        0.21
  WS02006112           JUNCTION     0.58     0.81     6.70     0  02:19        0.81
  WS02006113           JUNCTION     0.18     0.32     7.21     0  02:15        0.32
  WS02006115           JUNCTION     0.32     0.53     6.67     0  02:19        0.53
  WS02006116           JUNCTION     0.41     0.62     6.66     0  02:20        0.62
  WS02006230           JUNCTION     0.38     0.61     7.36     0  02:14        0.61
  WS02006231           JUNCTION     0.17     0.24     7.36     0  02:14        0.24
  WS02006232           JUNCTION     0.27     0.33     7.37     0  02:15        0.33
  WS02006234           JUNCTION     0.15     0.21     7.37     0  02:15        0.21
  WS02006235           JUNCTION     0.17     0.22     7.38     0  02:16        0.22
  WS02006238           JUNCTION     0.21     0.26     7.40     0  02:16        0.26
  WS02006240           JUNCTION     0.18     0.23     7.52     0  02:16        0.23
  WS02006242           JUNCTION     0.25     0.31     7.57     0  02:15        0.31
  WS02006243           JUNCTION     0.15     0.19     7.61     0  02:14        0.19
  WS02006245           JUNCTION     0.18     0.22     7.71     0  02:13        0.22
  WS02006247           JUNCTION     0.20     0.25     7.75     0  02:13        0.25
  WS02006248           JUNCTION     0.16     0.20     7.79     0  02:13        0.20
  WS02006249           JUNCTION     0.21     0.25     7.85     0  02:12        0.25
  WS02006239           JUNCTION     0.19     0.24     7.45     0  02:16        0.24
  WS02006251           JUNCTION     0.19     0.23     7.90     0  02:12        0.23
  WS02006252           JUNCTION     0.50     0.59     8.84     0  04:47        0.59
  WS02006253           JUNCTION     0.22     0.27     7.92     0  02:11        0.27
  WS02006256           JUNCTION     1.88     2.35     9.28     0  00:00        2.35
  WS02004138           JUNCTION     0.19     0.20     7.45     0  00:00        0.19
  WS02004139           JUNCTION     0.24     0.25     5.16     0  02:28        0.25
  WS02004407           JUNCTION     0.11     0.21     6.53     0  02:20        0.21
  WS02006228           JUNCTION     0.47     0.70     7.35     0  02:14        0.70
  WS02006229           JUNCTION     0.43     0.66     7.36     0  02:14        0.66
  WS02006280           JUNCTION     0.07     0.15     8.42     0  02:12        0.15
  WS02006284           JUNCTION     0.36     0.49     8.89     0  02:12        0.49
  WS02006287           JUNCTION     0.10     0.23     9.18     0  02:12        0.23
  WSF200               JUNCTION     0.10     0.20     5.44     0  02:24        0.20
  HS02004901           JUNCTION     0.12     0.24    10.06     0  02:09        0.24
  HS02004881           JUNCTION     0.01     0.03     9.06     0  02:11        0.03
  HS02004876           JUNCTION     0.05     0.10     9.13     0  02:09        0.10
  HS02004870           JUNCTION     0.01     0.05     9.33     0  02:12        0.05
  HS02004862           JUNCTION     0.02     0.05     9.44     0  02:13        0.05
  HS02004856           JUNCTION     0.08     0.11     9.53     0  02:12        0.11
  HS02004852           JUNCTION     0.01     0.03     9.54     0  02:13        0.03
  HS02004848           JUNCTION     0.01     0.03     9.63     0  02:12        0.03
  HS02004842           JUNCTION     0.33     0.36     9.63     0  02:12        0.36
  HS02004837           JUNCTION     0.03     0.05     9.63     0  02:12        0.05
  HS02004830           JUNCTION     0.04     0.07     9.53     0  02:13        0.07
  HS02004824           JUNCTION     0.02     0.05     9.45     0  02:15        0.05
  HS02004817           JUNCTION     0.43     0.54     9.39     0  02:13        0.54
  HS02004807           JUNCTION     0.12     0.21     9.38     0  02:13        0.21
  HS02004802           JUNCTION     0.16     0.25     9.38     0  02:12        0.25
  HS02004799           JUNCTION     0.12     0.27     9.48     0  02:10        0.27
  HS02004792           JUNCTION     0.03     0.10     9.63     0  02:09        0.10
  HS02004788           JUNCTION     0.03     0.08     9.98     0  02:10        0.08
  HS02004785           JUNCTION     0.05     0.14    10.04     0  02:10        0.14
  HS02004777           JUNCTION     0.15     0.26    10.06     0  02:10        0.26
  HS02004770           JUNCTION     0.12     0.23    10.06     0  02:09        0.23
  HS02004480           JUNCTION     0.08     0.21     9.45     0  02:11        0.21
  HS02004479           JUNCTION     0.12     0.25     9.45     0  02:10        0.25
  HS02004478           JUNCTION     0.06     0.14     9.36     0  02:12        0.14
  YS02001745           JUNCTION     0.22     0.54     8.06     0  04:21        0.54
  YS02001748           JUNCTION     0.55     0.97     8.04     0  04:21        0.96
  YS02001751           JUNCTION     0.72     1.35     8.23     0  03:22        1.16
  YS02001754           JUNCTION     0.95     1.42     8.03     0  04:14        1.42
  YS02001762           JUNCTION     1.15     1.64     8.04     0  04:22        1.63
  YS02001765           JUNCTION     1.10     1.60     8.05     0  04:22        1.59
  YS02001767           JUNCTION     1.07     1.56     8.05     0  04:22        1.56
  YS02001770           JUNCTION     1.06     1.57     8.06     0  04:22        1.56
  YS02001774           JUNCTION     1.13     1.64     8.06     0  04:22        1.63
  YS02001779           JUNCTION     0.89     1.38     8.07     0  04:22        1.37
  YS02001882           JUNCTION     0.35     0.61     7.33     0  02:47        0.61
  YS02001884           JUNCTION     0.44     0.71     7.33     0  02:50        0.71
  YS02001759           JUNCTION     1.18     1.67     8.04     0  04:22        1.66
  YS02001887           JUNCTION     0.52     0.79     7.33     0  02:47        0.79
  YS02001890           JUNCTION     0.55     0.82     7.32     0  02:55        0.82
  YS02001898           JUNCTION     0.32     0.58     7.31     0  02:49        0.58
  YS02001901           JUNCTION     0.43     0.70     7.31     0  02:48        0.70
  YS02001904           JUNCTION     0.41     0.68     7.31     0  02:48        0.67
  YS02001907           JUNCTION     0.74     1.04     7.33     0  03:00        1.02
  YS02001910           JUNCTION     0.53     0.80     7.31     0  02:54        0.80
  YS02001915           JUNCTION     0.34     0.59     7.31     0  02:53        0.59
  YS02001918           JUNCTION     0.11     0.24     7.31     0  02:53        0.24
  YS02001619           JUNCTION     0.69     1.11     8.04     0  04:21        1.10
  YS02001629           JUNCTION     1.02     1.47     8.02     0  04:21        1.47
  YS02001641           JUNCTION     1.12     1.57     8.01     0  04:21        1.56
  YS02001644           JUNCTION     1.12     1.59     8.02     0  04:15        1.57
  YS02001652           JUNCTION     0.97     1.53     8.12     0  03:17        1.42
  YS02001655           JUNCTION     0.75     1.54     8.39     0  02:59        1.30
  YS02001920           JUNCTION     0.21     0.31     7.32     0  02:59        0.31
  YS02001923           JUNCTION     0.08     0.11     7.37     0  03:01        0.11
  YS02001926           JUNCTION     0.16     0.22     7.67     0  03:01        0.22
  YS02001929           JUNCTION     0.08     0.12     7.81     0  03:01        0.12
  YS02001658           JUNCTION     0.50     0.92     8.06     0  04:18        0.91
  YS02001661           JUNCTION     0.32     0.62     8.02     0  04:17        0.61
  YS02001664           JUNCTION     0.08     0.15     8.07     0  02:44        0.15
  YS02001622           JUNCTION     0.71     1.13     8.04     0  04:21        1.12
  YS02001633           JUNCTION     1.11     1.56     8.01     0  04:23        1.55
  YS02001649           JUNCTION     1.16     1.63     8.02     0  04:22        1.62
  YS02001757           JUNCTION     1.28     1.76     8.02     0  04:21        1.76
  YS02001895           JUNCTION     0.32     0.57     7.32     0  02:55        0.57
  YS02001625           JUNCTION     0.98     1.43     8.03     0  04:21        1.42
  YS02163301           JUNCTION     1.05     1.50     8.02     0  04:22        1.50
  YS02163601           JUNCTION     1.16     1.60     8.00     0  04:15        1.59
  YS02164001           JUNCTION     1.10     1.55     8.01     0  04:23        1.54
  YS02001647           JUNCTION     0.96     1.41     8.02     0  04:15        1.40
  YSB1154              JUNCTION     0.25     0.39     9.45     0  02:10        0.39
  YSB6556              JUNCTION     0.15     0.28     9.45     0  02:11        0.28
  YSB1174              JUNCTION     0.21     0.34     9.45     0  02:11        0.34
  YSB1171              JUNCTION     0.40     0.55     9.45     0  02:10        0.55
  YS02006553           JUNCTION     0.74     1.04     7.32     0  03:00        1.03
  YS02006561           JUNCTION     0.17     0.33     6.99     0  02:56        0.32
  YS02006556           JUNCTION     0.71     0.99     7.30     0  02:57        0.99
  YS02006558           JUNCTION     0.76     1.04     7.31     0  02:48        1.04
  YS02001783           JUNCTION     0.30     0.57     6.71     0  02:56        0.57
  YS02001784           JUNCTION     0.33     0.59     6.65     0  02:56        0.58
  YS02001786           JUNCTION     0.28     0.49     6.52     0  02:56        0.49
  YS02001788           JUNCTION     0.21     0.38     6.36     0  02:57        0.38
  YS02001790           JUNCTION     0.26     0.46     6.11     0  02:57        0.46
  YS02001791           JUNCTION     0.16     0.28     5.75     0  02:57        0.28
  YS02001793           JUNCTION     0.11     0.18     5.01     0  02:57        0.18
  WSC                  OUTFALL      0.13     0.21     0.88     0  02:28        0.21
  3                    OUTFALL      0.00     0.00     7.16     0  00:00        0.00
  4                    OUTFALL      0.00     0.00     7.67     0  00:00        0.00
  5                    OUTFALL      0.00     0.00     4.91     0  00:00        0.00
  JK-storage           STORAGE      0.01     3.00     3.80     0  00:00        2.00
  CC-storage           STORAGE      0.51     0.95     7.95     0  04:36        0.95
  XR-storage           STORAGE      0.68     5.00     3.00     0  00:00        4.91
  
  
  *******************
  Node Inflow Summary
  *******************
  
  -------------------------------------------------------------------------------------------------
                                  Maximum  Maximum                  Lateral       Total        Flow
                                  Lateral    Total  Time of Max      Inflow      Inflow     Balance
                                   Inflow   Inflow   Occurrence      Volume      Volume       Error
  Node                 Type           LPS      LPS  days hr:min    10^6 ltr    10^6 ltr     Percent
  -------------------------------------------------------------------------------------------------
  WS02001211           JUNCTION      7.35    55.09     0  00:02       0.212       0.276       3.639
  WS02001212           JUNCTION      0.00    23.05     0  00:04           0       0.168       1.409
  WS02001213           JUNCTION      0.00    35.91     0  02:02           0       0.171       5.510
  WS02003069           JUNCTION      0.32   276.49     0  02:25     0.00922         2.7       0.222
  WS02003072           JUNCTION      0.00   276.17     0  02:26           0        2.69       0.355
  WS02003073           JUNCTION      1.82   277.90     0  02:27      0.0524        2.73       0.310
  WS02003060           JUNCTION     16.53   297.22     0  02:24       0.476        2.77       0.206
  WS02003066           JUNCTION      0.00   280.69     0  02:24           0        2.19       0.080
  WS02003059           JUNCTION      0.00    52.60     0  02:02           0       0.187      10.521
  WS02003067           JUNCTION      0.00   280.70     0  02:24           0        2.19       0.218
  WS02004401           JUNCTION      0.00   283.55     0  02:17           0        2.31       0.504
  WS02004402           JUNCTION      0.00   283.05     0  02:18           0         2.3       0.508
  WS02004403           JUNCTION      0.00   282.80     0  02:19           0        2.29       0.490
  WS02004404           JUNCTION      0.16   282.77     0  02:19     0.00467        2.28       0.398
  WS02004406           JUNCTION      0.00   282.69     0  02:19           0        2.26       0.989
  WS02004409           JUNCTION      0.00   282.54     0  02:20           0        2.23       0.188
  WS02004410           JUNCTION      0.00   281.90     0  02:22           0        2.23       0.270
  WS02004411           JUNCTION      0.00   281.45     0  02:22           0        2.22       0.322
  WS02004412           JUNCTION      0.00   281.10     0  02:23           0        2.22       0.411
  WS02004413           JUNCTION      0.00   280.85     0  02:23           0        2.21       0.710
  WS02004405           JUNCTION      0.04   282.73     0  02:19      0.0011        2.27       0.614
  WS02006109           JUNCTION      1.23   278.32     0  02:13      0.0354        2.33       0.516
  WS02006110           JUNCTION      0.00   278.33     0  02:14           0        2.32       0.456
  WS02006111           JUNCTION      0.00   281.95     0  02:13           0         2.3       0.050
  WS02006112           JUNCTION      9.50   287.20     0  02:14      0.0405        2.34       0.686
  WS02006113           JUNCTION      0.00   278.40     0  02:14           0         2.3       0.112
  WS02006115           JUNCTION      0.00   285.66     0  02:15           0        2.33       0.402
  WS02006116           JUNCTION      0.00   284.40     0  02:16           0        2.32       0.341
  WS02006230           JUNCTION     10.28    49.65     0  02:48       0.296        1.02       0.483
  WS02006231           JUNCTION      0.00    39.23     0  02:55           0       0.723       0.168
  WS02006232           JUNCTION      0.00    39.17     0  02:57           0       0.728       0.681
  WS02006234           JUNCTION      0.00    39.13     0  02:59           0       0.728       0.075
  WS02006235           JUNCTION      0.00   361.91     0  02:16           0         7.1       0.042
  WS02006238           JUNCTION      0.00    78.82     0  02:17           0        1.52       0.159
  WS02006240           JUNCTION      0.00    78.83     0  02:15           0        1.52       0.251
  WS02006242           JUNCTION      0.00    78.85     0  02:14           0        1.52       0.388
  WS02006243           JUNCTION      0.00    78.85     0  02:14           0        1.52       0.154
  WS02006245           JUNCTION      0.00    78.85     0  02:13           0        1.53       0.263
  WS02006247           JUNCTION      0.00    78.85     0  02:13           0        1.53       0.225
  WS02006248           JUNCTION      0.00    78.86     0  02:12           0        1.53       0.094
  WS02006249           JUNCTION      0.00    78.86     0  02:12           0        1.54       0.346
  WS02006239           JUNCTION      0.00    78.82     0  02:16           0        1.52       0.218
  WS02006251           JUNCTION      0.08   448.83     0  02:11     0.00222        8.94       0.037
  WS02006252           JUNCTION      0.00   400.00     0  01:59           0        8.71       0.006
  WS02006253           JUNCTION      1.30    48.75     0  02:11     0.00524        0.23       1.114
  WS02006256           JUNCTION      0.00   983.00     0  00:00           0        9.83      -0.014
  WS02004138           JUNCTION      0.00   380.00     0  00:00           0        10.9       0.058
  WS02004139           JUNCTION      0.32   408.65     0  02:28     0.00924        11.1       0.079
  WS02004407           JUNCTION      0.00   282.58     0  02:20           0        2.24       0.091
  WS02006228           JUNCTION      0.00   277.23     0  02:13           0         2.3       0.326
  WS02006229           JUNCTION      0.00   277.46     0  02:13           0        2.31       0.307
  WS02006280           JUNCTION      0.00   239.35     0  02:12           0        1.29       0.005
  WS02006284           JUNCTION      0.10   239.35     0  02:12     0.00275         1.3       0.091
  WS02006287           JUNCTION      0.00   239.25     0  02:12           0        1.29       0.054
  WSF200               JUNCTION      0.00   280.68     0  02:24           0        2.18       0.045
  HS02004901           JUNCTION     11.55    11.55     0  02:06      0.0487      0.0489       3.726
  HS02004881           JUNCTION      4.90    47.58     0  02:11      0.0213       0.225       0.027
  HS02004876           JUNCTION      8.65    42.81     0  02:12      0.0409       0.205       0.257
  HS02004870           JUNCTION      9.00    34.26     0  02:12      0.0403       0.164       0.065
  HS02004862           JUNCTION      8.27    25.58     0  02:12      0.0461       0.124       0.136
  HS02004856           JUNCTION      6.73    17.36     0  02:11      0.0303       0.079       1.855
  HS02004852           JUNCTION      0.00    10.86     0  02:12           0      0.0487       0.103
  HS02004848           JUNCTION     17.69    17.69     0  02:14      0.0967      0.0967       0.045
  HS02004842           JUNCTION      0.00     7.13     0  02:22           0      0.0611      27.045
  HS02004837           JUNCTION     21.44    27.99     0  02:12       0.253       0.301       0.271
  HS02004830           JUNCTION      0.15    28.13     0  02:12     0.00432       0.292       0.424
  HS02004824           JUNCTION     20.95    48.94     0  02:15       0.127       0.417       0.129
  HS02004817           JUNCTION      0.60    49.54     0  02:15      0.0173       0.434       3.995
  HS02004807           JUNCTION     16.72    65.38     0  02:14      0.0741       0.491       0.879
  HS02004802           JUNCTION      0.00    65.60     0  02:15           0       0.488       0.825
  HS02004799           JUNCTION     13.24   147.45     0  02:09        0.06         0.7       0.367
  HS02004792           JUNCTION     56.97   134.31     0  02:09       0.258        0.64       0.065
  HS02004788           JUNCTION     19.86    78.13     0  02:10       0.131       0.384       0.102
  HS02004785           JUNCTION      0.15    58.43     0  02:09     0.00432       0.254       0.188
  HS02004777           JUNCTION      0.03    58.50     0  02:08    0.000864       0.254       2.078
  HS02004770           JUNCTION     47.72    58.88     0  02:07       0.208       0.256       1.226
  HS02004480           JUNCTION      0.00   174.64     0  02:10           0       0.822       0.138
  HS02004479           JUNCTION      0.00    27.50     0  02:11           0       0.134       0.546
  HS02004478           JUNCTION      0.00   239.24     0  02:12           0        1.29       0.029
  YS02001745           JUNCTION    135.08   221.36     0  04:07        1.42        1.51       0.143
  YS02001748           JUNCTION      0.04   290.33     0  04:06      0.0013        1.51      -0.222
  YS02001751           JUNCTION      0.01   298.29     0  03:16    0.000317        1.43       0.344
  YS02001754           JUNCTION      0.26   199.23     0  02:59     0.00749        1.43       1.104
  YS02001762           JUNCTION      0.00   199.29     0  02:52           0        1.58       1.185
  YS02001765           JUNCTION      0.00   195.75     0  02:52           0        1.57       1.322
  YS02001767           JUNCTION      0.54   193.17     0  02:52      0.0154        1.59       1.857
  YS02001770           JUNCTION    167.11   185.84     0  02:52        1.62        1.66       1.497
  YS02001774           JUNCTION      0.00    36.09     0  01:57           0      0.0857      32.722
  YS02001779           JUNCTION      0.01    26.38     0  02:25    0.000144      0.0312      41.518
  YS02001882           JUNCTION      0.00    11.40     0  02:46           0      0.0108      20.791
  YS02001884           JUNCTION      0.00    12.97     0  02:46           0      0.0364      16.942
  YS02001759           JUNCTION    160.78   363.82     0  02:52         1.5        3.05       0.680
  YS02001887           JUNCTION    203.97   219.69     0  02:50        1.76        1.78       0.428
  YS02001890           JUNCTION      0.00   213.09     0  02:50           0        1.74       0.477
  YS02001898           JUNCTION      0.00   213.10     0  02:57           0        1.73       0.144
  YS02001901           JUNCTION      0.00   218.85     0  02:39           0        1.73       0.348
  YS02001904           JUNCTION      0.00   220.73     0  02:38           0        1.73       0.320
  YS02001907           JUNCTION      0.00   422.62     0  03:00           0        3.78       0.598
  YS02001910           JUNCTION      0.00   202.33     0  03:00           0        2.06       0.521
  YS02001915           JUNCTION    118.87   192.16     0  02:56         1.2        2.06       0.244
  YS02001918           JUNCTION      0.00    67.22     0  02:57           0       0.863       0.168
  YS02001619           JUNCTION    116.30   116.30     0  03:01        1.19        1.19       0.225
  YS02001629           JUNCTION      0.00   228.89     0  02:56           0        1.16       1.136
  YS02001641           JUNCTION      0.00   280.46     0  02:33           0        2.49       0.723
  YS02001644           JUNCTION    128.72   398.03     0  02:33        1.37        3.84       0.579
  YS02001652           JUNCTION      0.00   216.61     0  02:50           0         1.3       1.296
  YS02001655           JUNCTION      0.15   346.31     0  02:49     0.00443        1.31       0.306
  YS02001920           JUNCTION      2.87    63.24     0  03:01      0.0827       0.865       0.278
  YS02001923           JUNCTION      0.04    60.37     0  03:01     0.00109       0.783       0.050
  YS02001926           JUNCTION      0.05    60.45     0  03:01      0.0015       0.784       0.343
  YS02001929           JUNCTION     60.42    60.42     0  03:01       0.783       0.783       0.049
  YS02001658           JUNCTION      0.00   389.72     0  03:00           0        1.46      -0.143
  YS02001661           JUNCTION      0.00   282.11     0  03:19           0        1.47       0.133
  YS02001664           JUNCTION    146.73   146.73     0  02:44         1.3         1.3       0.002
  YS02001622           JUNCTION      0.00   167.10     0  02:56           0        1.19       0.851
  YS02001633           JUNCTION    131.15   280.38     0  02:34        1.41        2.54       1.066
  YS02001649           JUNCTION      0.00   586.43     0  02:32           0        5.07       0.659
  YS02001757           JUNCTION      0.00  1072.29     0  02:32           0        9.44       0.949
  YS02001895           JUNCTION      0.00   214.66     0  02:47           0        1.74       0.238
  YS02001625           JUNCTION      0.00   229.69     0  02:56           0        1.18       2.152
  YS02163301           JUNCTION      0.00   160.58     0  02:34           0        1.15       1.629
  YS02163601           JUNCTION      0.11   279.91     0  02:34     0.00317        2.51       1.072
  YS02164001           JUNCTION      0.00   279.49     0  02:34           0        2.49       0.651
  YS02001647           JUNCTION      0.00   399.65     0  02:33           0         3.8       0.506
  YSB1154              JUNCTION     15.40    15.40     0  02:09      0.0727      0.0736       2.003
  YSB6556              JUNCTION      0.00    15.35     0  02:10           0      0.0744       1.701
  YSB1174              JUNCTION     12.74    12.74     0  02:05      0.0528      0.0534       2.464
  YSB1171              JUNCTION      0.00    27.48     0  02:10           0       0.133       4.988
  YS02006553           JUNCTION      0.00   413.39     0  02:55           0        3.76       0.392
  YS02006561           JUNCTION      0.00   627.70     0  02:55           0        5.32      -0.009
  YS02006556           JUNCTION      0.00   411.13     0  02:56           0        3.77       0.283
  YS02006558           JUNCTION    176.10   597.63     0  02:55        1.61        5.35       0.106
  YS02001783           JUNCTION      0.00   591.40     0  02:56           0        5.32       0.034
  YS02001784           JUNCTION      1.06   592.05     0  02:56      0.0305        5.35       0.055
  YS02001786           JUNCTION      0.06   585.49     0  02:56     0.00162        5.35       0.053
  YS02001788           JUNCTION      0.07   584.16     0  02:57     0.00204        5.35       0.031
  YS02001790           JUNCTION      0.15   583.19     0  02:57     0.00446        5.35       0.037
  YS02001791           JUNCTION      0.00   581.72     0  02:57           0        5.35       0.020
  YS02001793           JUNCTION      0.00   581.99     0  02:57           0        5.35       0.008
  WSC                  OUTFALL       0.00   277.84     0  02:28           0        2.72       0.000
  3                    OUTFALL       0.00   333.66     0  02:16           0        6.36       0.000
  4                    OUTFALL       0.00   369.97     0  02:12           0         7.4       0.000
  5                    OUTFALL       0.00   408.64     0  02:28           0        11.1       0.000
  JK-storage           STORAGE       0.00   582.16     0  02:57           0         5.5     -44.039
  CC-storage           STORAGE       0.00  1072.80     0  02:32           0        9.35      -0.742
  XR-storage           STORAGE     450.98   450.98     0  03:01         8.7         9.3     -14.996
  
  
  **********************
  Node Surcharge Summary
  **********************
  
  Surcharging occurs when water rises above the top of the highest conduit.
  ---------------------------------------------------------------------
                                               Max. Height   Min. Depth
                                   Hours       Above Crown    Below Rim
  Node                 Type      Surcharged         Meters       Meters
  ---------------------------------------------------------------------
  WS02006252           JUNCTION        6.05          0.193        0.907
  WS02006256           JUNCTION        6.35          2.050        0.000
  YS02001751           JUNCTION        1.81          0.354        0.846
  YS02001754           JUNCTION        3.91          0.373        0.777
  YS02001762           JUNCTION        5.34          0.642        0.508
  YS02001765           JUNCTION        5.05          0.600        0.500
  YS02001767           JUNCTION        4.80          0.564        0.466
  YS02001770           JUNCTION        4.65          0.537        0.383
  YS02001774           JUNCTION        5.25          0.643        0.407
  YS02001779           JUNCTION        3.75          0.380        0.300
  YS02001759           JUNCTION        5.50          0.672        0.538
  YS02001907           JUNCTION        0.15          0.031        0.919
  YS02001619           JUNCTION        1.25          0.114        0.496
  YS02001629           JUNCTION        1.33          0.092        0.378
  YS02001641           JUNCTION        5.18          0.575        0.525
  YS02001644           JUNCTION        5.21          0.586        0.334
  YS02001652           JUNCTION        4.08          0.499        0.631
  YS02001655           JUNCTION        2.30          0.540        0.660
  YS02001622           JUNCTION        1.66          0.134        0.486
  YS02001633           JUNCTION        4.96          0.539        0.521
  YS02001649           JUNCTION        5.38          0.632        0.418
  YS02001757           JUNCTION        5.90          0.762        0.448
  YS02001625           JUNCTION        4.26          0.425        0.355
  YS02163301           JUNCTION        4.71          0.501        0.529
  YS02163601           JUNCTION        5.37          0.603        0.477
  YS02164001           JUNCTION        5.05          0.547        0.553
  YS02001647           JUNCTION        4.19          0.408        0.492
  YS02006553           JUNCTION        0.49          0.038        1.152
  
  
  *********************
  Node Flooding Summary
  *********************
  
  Flooding refers to all water that overflows a node, whether it ponds or not.
  --------------------------------------------------------------------------
                                                             Total   Maximum
                                 Maximum   Time of Max       Flood    Ponded
                        Hours       Rate    Occurrence      Volume     Depth
  Node                 Flooded       LPS   days hr:min    10^6 ltr    Meters
  --------------------------------------------------------------------------
  WS02006256              3.81    978.40      0  00:00       4.245     0.000
  
  
  **********************
  Storage Volume Summary
  **********************
  
  --------------------------------------------------------------------------------------------------
                         Average     Avg  Evap Exfil       Maximum     Max    Time of Max    Maximum
                          Volume    Pcnt  Pcnt  Pcnt        Volume    Pcnt     Occurrence    Outflow
  Storage Unit           1000 m3    Full  Loss  Loss       1000 m3    Full    days hr:min        LPS
  --------------------------------------------------------------------------------------------------
  JK-storage               0.000       0     0     0         0.151      52       0  00:00     983.00
  CC-storage               1.424       9     0     0         2.644      17       0  04:36     400.00
  XR-storage               0.081       9     0     0         0.600      65       0  00:00     380.00
  
  
  ***********************
  Outfall Loading Summary
  ***********************
  
  ---------------------------------------------------------------------------------------------------------------------------------
                         Flow       Avg       Max       Total         Total         Total         Total         Total         Total
                         Freq      Flow      Flow      Volume           COD            SS            TN            TP         NH4-N
  Outfall Node           Pcnt       LPS       LPS    10^6 ltr            kg            kg            kg            kg            kg
  ---------------------------------------------------------------------------------------------------------------------------------
  WSC                   99.97    113.65    277.84       2.724       302.313       508.635        20.959         2.504        12.780
  3                     99.98    254.10    333.66       6.359        93.232       159.767         2.418         0.201         1.253
  4                     99.97    290.06    369.97       7.402       510.357       873.773        13.295         1.106         6.899
  5                     99.99    386.22    408.64      11.079       814.939      1315.430        73.443         9.092        45.637
  ---------------------------------------------------------------------------------------------------------------------------------
  System                99.98   1044.03   1376.63      27.564      1720.841      2857.605       110.116        12.903        66.569
  
  
  ********************
  Link Flow Summary
  ********************
  
  -----------------------------------------------------------------------------
                                 Maximum  Time of Max   Maximum    Max/    Max/
                                  |Flow|   Occurrence   |Veloc|    Full    Full
  Link                 Type          LPS  days hr:min     m/sec    Flow   Depth
  -----------------------------------------------------------------------------
  WS02003066WSF200     CONDUIT    280.68     0  02:24      2.42    0.05    0.16
  WS02006287WS02006284 CONDUIT    239.25     0  02:12      1.71    0.11    0.23
  WS02006284WS02006280 CONDUIT    239.35     0  02:12      1.95    0.10    0.21
  WS02006280WS02006229 CONDUIT    239.35     0  02:12      3.13    0.05    0.15
  WS02006229WS02006228 CONDUIT    277.23     0  02:13      0.62    0.92    0.83
  WS02006256WS02006235 CONDUIT    283.09     0  02:16      4.46    3.00    0.86
  WS02006253WS02006251 CONDUIT     48.75     0  02:11      0.51    0.15    0.35
  WS02006252WS02006251 CONDUIT    400.94     0  04:53      3.19    1.47    1.00
  WS02006251WS02006249 CONDUIT     78.86     0  02:12      0.69    0.23    0.34
  WS02006249WS02006248 CONDUIT     78.86     0  02:12      0.79    0.43    0.31
  WS02006248WS02006247 CONDUIT     78.85     0  02:13      0.79    0.17    0.32
  WS02006247WS02006245 CONDUIT     78.85     0  02:13      0.74    0.63    0.33
  WS02006245WS02006243 CONDUIT     78.85     0  02:14      0.86    0.23    0.29
  WS02006243WS02006242 CONDUIT     78.85     0  02:14      0.77    0.17    0.34
  WS02006242WS02006240 CONDUIT     78.83     0  02:15      0.60    0.31    0.37
  WS02006240WS02006239 CONDUIT     78.82     0  02:16      0.80    0.25    0.30
  WS02006239WS02006238 CONDUIT     78.82     0  02:17      0.76    0.25    0.34
  WS02006238WS02006235 CONDUIT     78.82     0  02:17      1.17    0.18    0.34
  WS02006235WS02006234 CONDUIT     39.13     0  02:59      0.53    0.41    0.29
  WS02006234WS02006232 CONDUIT     39.17     0  02:57      0.82    0.08    0.39
  WS02006232WS02006231 CONDUIT     39.23     0  02:55      0.33    0.08    0.40
  WS02006231WS02006230 CONDUIT     39.37     0  02:48      0.60    0.60    0.34
  WS02006230WS02006229 CONDUIT     50.69     0  02:45      0.40    1.13    0.88
  WS02006228WS02006109 CONDUIT    277.09     0  02:13      0.60    1.21    0.87
  WS02006116WS02004401 CONDUIT    283.55     0  02:17      0.54    0.39    0.63
  WS02006115WS02006116 CONDUIT    284.40     0  02:16      0.74    0.36    0.55
  WS02006113WS02006111 CONDUIT    281.95     0  02:13      1.97    0.34    0.33
  WS02006112WS02006115 CONDUIT    285.66     0  02:15      0.52    0.17    0.67
  WS02006111WS02006112 CONDUIT    278.48     0  02:14      0.86    0.13    0.62
  WS02006110WS02006113 CONDUIT    278.40     0  02:14      0.81    0.25    0.65
  WS02006109WS02006110 CONDUIT    278.33     0  02:14      0.63    0.54    0.82
  WS02004411WS02004412 CONDUIT    281.10     0  02:23      0.80    0.40    0.52
  WS02004401WS02004402 CONDUIT    283.05     0  02:18      0.51    0.34    0.67
  WS02004413WS02003067 CONDUIT    280.70     0  02:24      0.78    0.12    0.47
  WS02004412WS02004413 CONDUIT    280.85     0  02:23      0.78    0.19    0.61
  WS02004410WS02004411 CONDUIT    281.45     0  02:22      0.72    0.38    0.50
  WS02004409WS02004410 CONDUIT    281.90     0  02:22      0.76    0.36    0.48
  WS02004407WS02004409 CONDUIT    282.54     0  02:20      1.21    0.10    0.34
  WS02004406WS02004407 CONDUIT    282.58     0  02:20      0.71    0.13    0.51
  WS02004405WS02004406 CONDUIT    282.69     0  02:19      0.42    0.56    0.79
  WS02004404WS02004405 CONDUIT    282.69     0  02:19      0.43    2.77    0.78
  WS02004403WS02004404 CONDUIT    282.61     0  02:19      0.45    0.20    0.75
  WS02004402WS02004403 CONDUIT    282.80     0  02:19      0.49    0.41    0.70
  WS02004139WS02001211 CONDUIT     47.74     0  00:02      0.48    0.06    0.20
  WS02004138WS02004139 CONDUIT    396.29     0  00:00      3.67    0.08    0.20
  WS02003067WS02003066 CONDUIT    280.69     0  02:24      0.84    0.09    0.34
  WS02001213WS02003059 CONDUIT     31.22     0  02:02      0.14    0.05    0.46
  WS02001212WS02001213 CONDUIT     20.99     0  02:25      0.46    0.03    0.11
  WS02001211WS02001212 CONDUIT     23.05     0  00:04      0.24    0.02    0.21
  WS02003072WS02003073 CONDUIT    276.08     0  02:27      1.13    0.60    0.27
  WS02003069WS02003072 CONDUIT    276.17     0  02:26      1.09    0.13    0.28
  WS02003060WS02003069 CONDUIT    276.17     0  02:25      1.37    0.11    0.23
  WS02003059WS02003060 CONDUIT     52.60     0  02:02      0.56    0.03    0.39
  HS02004901HS02004770 CONDUIT     11.26     0  02:09      0.05    0.04    0.33
  HS02004876HS02004881 CONDUIT     42.88     0  02:12      0.65    0.46    0.09
  HS02004870HS02004876 CONDUIT     34.25     0  02:12      0.46    0.02    0.11
  HS02004842HS02004848 CONDUIT      7.13     0  02:22      0.04    0.00    0.28
  HS02004837HS02004842 CONDUIT      7.28     0  02:23      0.42    0.00    0.30
  HS02004830HS02004837 CONDUIT     27.98     0  02:12      0.47    0.03    0.08
  HS02004824HS02004830 CONDUIT     28.13     0  02:13      0.51    0.04    0.08
  HS02004817HS02004824 CONDUIT     48.94     0  02:15      0.17    0.02    0.42
  HS02004770HS02004777 CONDUIT     58.47     0  02:08      0.24    0.11    0.35
  HS02004799HS02004480 CONDUIT    147.33     0  02:10      0.63    0.19    0.33
  HS02004792HS02004799 CONDUIT    134.28     0  02:09      0.72    0.08    0.27
  HS02004788HS02004792 CONDUIT     78.09     0  02:10      0.87    0.05    0.13
  HS02004785HS02004788 CONDUIT     58.38     0  02:10      0.54    0.44    0.15
  HS02004777HS02004785 CONDUIT     58.28     0  02:09      0.29    0.07    0.28
  HS02004480HS02004478 CONDUIT    174.62     0  02:11      1.01    0.74    0.25
  HS02004479HS02004480 CONDUIT     27.65     0  02:12      0.25    0.03    0.33
  HS02004862HS02004870 CONDUIT     25.56     0  02:13      0.51    0.03    0.07
  HS02004848HS02004852 CONDUIT     10.86     0  02:12      0.35    0.01    0.04
  HS02004856HS02004862 CONDUIT     17.33     0  02:12      0.38    0.02    0.07
  HS02004852HS02004856 CONDUIT     10.84     0  02:13      0.15    0.01    0.10
  HS02004802HS02004478 CONDUIT     65.88     0  02:16      0.35    0.06    0.28
  HS02004478WS02006287 CONDUIT    239.25     0  02:12      1.40    0.07    0.19
  HS02004817HS02004807 CONDUIT     49.94     0  02:17      0.13    0.03    0.54
  HS02004807HS02004802 CONDUIT     65.60     0  02:15      0.29    0.13    0.32
  YS02001759YS02001757 CONDUIT    366.43     0  02:52      0.47    0.26    1.00
  YS02001762YS02001759 CONDUIT    203.11     0  02:52      0.26    0.23    1.00
  YS02001765YS02001762 CONDUIT    199.29     0  02:52      0.27    0.19    1.00
  YS02001770YS02001767 CONDUIT    192.63     0  02:52      0.30    0.76    1.00
  YS02001774YS02001770 CONDUIT     36.09     0  01:57      0.19    0.02    1.00
  YS02001779YS02001774 CONDUIT     26.38     0  02:25      0.07    0.01    1.00
  YS02001649YS02001757 CONDUIT    587.65     0  02:32      0.75    0.36    1.00
  YS02001767YS02001765 CONDUIT    195.75     0  02:52      0.31    0.25    1.00
  YS02006561YS02001783 CONDUIT    591.40     0  02:56      2.07    0.31    0.56
  YS02001783YS02001784 CONDUIT    590.99     0  02:56      1.53    0.81    0.72
  YS02001784YS02001785 CONDUIT    585.44     0  02:56      1.63    1.36    0.67
  YS02001788YS02001790 CONDUIT    583.04     0  02:57      2.17    0.43    0.53
  YS02001790YS02001791 CONDUIT    581.72     0  02:57      2.54    0.63    0.46
  YS02001791YS02001793 CONDUIT    581.99     0  02:57      4.81    0.25    0.29
  YS02001910YS02001907 CONDUIT    206.84     0  03:00      0.49    0.12    0.90
  YS02001786YS02001788 CONDUIT    584.09     0  02:57      2.08    1.13    0.55
  YS02001915YS02001910 CONDUIT    202.33     0  03:00      0.52    0.10    0.69
  YS02001918YS02001915 CONDUIT     73.42     0  02:56      0.44    0.04    0.41
  YS02001923YS02001920 CONDUIT     60.37     0  03:01      0.57    0.03    0.21
  YS02001926YS02001923 CONDUIT     60.34     0  03:01      0.64    0.09    0.18
  YS02001929YS02001926 CONDUIT     60.39     0  03:01      0.69    0.03    0.17
  YS02001920YS02001918 CONDUIT     67.22     0  02:57      0.56    0.07    0.27
  YS02001629YS02163301 CONDUIT    160.58     0  02:34      0.20    0.20    1.00
  YS02001619YS02001622 CONDUIT    167.10     0  02:56      0.58    0.25    1.00
  YS02001622YS02001625 CONDUIT    229.69     0  02:56      0.30    0.12    1.00
  YS02001625YS02001629 CONDUIT    228.89     0  02:56      0.30    0.11    1.00
  YS02163301YS02001633 CONDUIT    161.17     0  02:34      0.21    0.15    1.00
  YS02163601YS02164001 CONDUIT    279.49     0  02:34      0.36    0.25    1.00
  YS02164001YS02001641 CONDUIT    280.46     0  02:33      0.36    0.38    1.00
  YS02001641YS02001644 CONDUIT    281.01     0  02:33      0.36    0.91    1.00
  YS02001647YS02001649 CONDUIT    411.85     0  02:33      0.53    0.22    1.00
  YS02006553YS02006556 CONDUIT    411.13     0  02:56      0.53    0.35    0.98
  YS02006556YS02006558 CONDUIT    423.16     0  02:55      0.54    0.33    1.00
  YSB6556YSB1171       CONDUIT     15.52     0  02:13      0.07    0.02    0.59
  YS02001907YS02006553 CONDUIT    413.39     0  02:55      0.46    0.49    1.00
  YS02006558YS02006561 CONDUIT    627.70     0  02:55      3.02    1.39    0.71
  YS02001633YS02163601 CONDUIT    279.80     0  02:34      0.36    0.29    1.00
  YS02001644YS02001647 CONDUIT    399.65     0  02:33      0.51    0.23    1.00
  YS02001745YS02001748 CONDUIT    290.29     0  04:06      1.50    0.11    0.64
  YS02001748YS02001751 CONDUIT    298.28     0  03:16      1.02    0.15    0.98
  YS02001751YS02001754 CONDUIT    198.97     0  02:59      0.83    0.10    1.00
  YS02001754YS02001757 CONDUIT    198.78     0  03:21      0.33    0.08    1.00
  YS02001882YS02001884 CONDUIT     11.74     0  03:03      0.10    0.01    0.63
  YS02001884YS02001887 CONDUIT     17.95     0  02:50      0.06    0.02    0.72
  YS02001890YS02001895 CONDUIT    214.66     0  02:47      0.37    0.10    0.69
  YS02001895YS02001898 CONDUIT    213.10     0  02:57      0.48    0.37    0.56
  YS02001898YS02001901 CONDUIT    218.85     0  02:39      0.43    0.14    0.64
  YS02001901YS02001904 CONDUIT    220.73     0  02:38      0.39    0.34    0.69
  YS02001904YS02001907 CONDUIT    227.15     0  02:43      0.32    0.08    0.84
  YS02001887YS02001890 CONDUIT    213.09     0  02:50      0.33    0.36    0.78
  YS02001652YS02001649 CONDUIT    218.98     0  02:50      0.52    0.11    1.00
  YS02001655YS02001652 CONDUIT    216.61     0  02:50      0.88    0.11    1.00
  YS02001658YS02001655 CONDUIT    346.15     0  02:49      1.16    0.15    0.96
  YS02001661YS02001658 CONDUIT    389.72     0  03:00      1.57    0.15    0.68
  YS02001664YS02001661 CONDUIT    146.73     0  02:44      1.42    0.05    0.35
  YSB1154YSB6556       CONDUIT     15.35     0  02:10      0.18    0.03    0.48
  YSB1174YSB1171       CONDUIT     12.39     0  02:07      0.05    0.02    0.60
  YSB1171HS02004479    CONDUIT     27.50     0  02:11      0.54    0.02    0.47
  HS02004881HS02006253 CONDUIT     47.57     0  02:12      1.80    0.01    0.04
  YS02001793JiankangQianchi CONDUIT    582.16     0  02:57     16.18    0.05    0.50
  YS02001757CaochengTiaoxuchi CONDUIT   1072.80     0  02:32      2.27    0.47    0.97
  WSF200WS02003060     CONDUIT    280.69     0  02:24      1.79    0.06    0.20
  1                    CONDUIT    277.84     0  02:28      2.32    0.10    0.21
  CC-Pump-1            PUMP       200.00     0  01:59              1.00
  CC-Pump-2            PUMP       200.00     0  01:59              1.00
  JK-Pump-1            PUMP       300.00     0  00:00              1.00
  JK-Pump-2            PUMP       683.00     0  00:00              1.00
  XR-Pump-1            PUMP        95.00     0  00:00              1.00
  XR-Pump-2            PUMP        95.00     0  00:00              1.00
  XR-Pump-3            PUMP        95.00     0  00:00              1.00
  XR-Pump-4            PUMP        95.00     0  00:00              1.00
  3                    WEIR       369.97     0  02:12                      0.23
  5                    WEIR       333.66     0  02:16                      0.22
  6                    WEIR       408.64     0  02:28                      0.25
  
  
  ***************************
  Flow Classification Summary
  ***************************
  
  -------------------------------------------------------------------------------------
                      Adjusted    ---------- Fraction of Time in Flow Class ---------- 
                       /Actual         Up    Down  Sub   Sup   Up    Down  Norm  Inlet 
  Conduit               Length    Dry  Dry   Dry   Crit  Crit  Crit  Crit  Ltd   Ctrl  
  -------------------------------------------------------------------------------------
  WS02003066WSF200        1.00   0.16  0.00  0.00  0.00  0.84  0.00  0.00  0.75  0.00
  WS02006287WS02006284    1.00   0.05  0.03  0.00  0.52  0.40  0.00  0.00  0.77  0.00
  WS02006284WS02006280    1.00   0.07  0.00  0.00  0.00  0.00  0.00  0.93  0.00  0.00
  WS02006280WS02006229    1.00   0.07  0.00  0.00  0.00  0.00  0.00  0.93  0.00  0.00
  WS02006229WS02006228    1.00   0.00  0.00  0.00  0.99  0.00  0.00  0.01  0.00  0.00
  WS02006256WS02006235    1.00   0.00  0.00  0.00  0.11  0.89  0.00  0.00  0.01  0.00
  WS02006253WS02006251    1.00   0.02  0.03  0.00  0.86  0.00  0.09  0.00  0.00  0.00
  WS02006252WS02006251    1.00   0.14  0.00  0.00  0.00  0.00  0.86  0.00  0.00  0.00
  WS02006251WS02006249    1.00   0.00  0.00  0.00  1.00  0.00  0.00  0.00  0.22  0.00
  WS02006249WS02006248    1.00   0.00  0.07  0.00  0.83  0.00  0.09  0.00  0.00  0.00
  WS02006248WS02006247    1.00   0.08  0.00  0.00  0.90  0.00  0.00  0.03  0.03  0.00
  WS02006247WS02006245    1.00   0.08  0.00  0.00  0.87  0.00  0.00  0.06  0.00  0.00
  WS02006245WS02006243    1.00   0.08  0.00  0.00  0.83  0.00  0.00  0.08  0.00  0.00
  WS02006243WS02006242    1.00   0.09  0.00  0.00  0.87  0.00  0.00  0.05  0.75  0.00
  WS02006242WS02006240    1.00   0.00  0.10  0.00  0.89  0.00  0.00  0.00  0.23  0.00
  WS02006240WS02006239    1.00   0.00  0.00  0.00  0.89  0.00  0.00  0.11  0.01  0.00
  WS02006239WS02006238    1.00   0.00  0.03  0.00  0.97  0.00  0.00  0.00  0.20  0.00
  WS02006238WS02006235    1.00   0.00  0.00  0.00  1.00  0.00  0.00  0.00  0.00  0.00
  WS02006235WS02006234    1.00   0.09  0.00  0.00  0.87  0.00  0.03  0.01  0.00  0.00
  WS02006234WS02006232    1.00   0.00  0.01  0.00  0.98  0.00  0.00  0.00  0.19  0.00
  WS02006232WS02006231    1.00   0.00  0.00  0.00  0.99  0.00  0.00  0.00  0.00  0.00
  WS02006231WS02006230    1.00   0.00  0.00  0.00  0.25  0.00  0.75  0.00  0.00  0.00
  WS02006230WS02006229    1.00   0.00  0.00  0.00  0.98  0.00  0.00  0.02  0.00  0.00
  WS02006228WS02006109    1.00   0.00  0.00  0.00  1.00  0.00  0.00  0.00  0.00  0.00
  WS02006116WS02004401    1.00   0.05  0.00  0.00  0.95  0.00  0.00  0.00  0.01  0.00
  WS02006115WS02006116    1.00   0.05  0.00  0.00  0.90  0.00  0.00  0.05  0.00  0.00
  WS02006113WS02006111    1.00   0.03  0.00  0.00  0.01  0.96  0.00  0.00  0.09  0.00
  WS02006112WS02006115    1.00   0.03  0.02  0.00  0.95  0.00  0.00  0.00  0.00  0.00
  WS02006111WS02006112    1.00   0.03  0.00  0.00  0.96  0.00  0.00  0.00  0.93  0.00
  WS02006110WS02006113    1.00   0.01  0.02  0.00  0.97  0.00  0.00  0.00  0.00  0.00
  WS02006109WS02006110    1.00   0.00  0.01  0.00  0.99  0.00  0.01  0.00  0.00  0.00
  WS02004411WS02004412    1.00   0.12  0.00  0.00  0.88  0.00  0.00  0.00  0.00  0.00
  WS02004401WS02004402    1.00   0.05  0.00  0.00  0.95  0.00  0.00  0.00  0.04  0.00
  WS02004413WS02003067    1.00   0.12  0.02  0.00  0.00  0.00  0.86  0.00  0.00  0.00
  WS02004412WS02004413    1.00   0.12  0.00  0.00  0.88  0.00  0.00  0.00  0.00  0.00
  WS02004410WS02004411    1.00   0.12  0.00  0.00  0.88  0.00  0.00  0.00  0.00  0.00
  WS02004409WS02004410    1.00   0.12  0.00  0.00  0.88  0.00  0.00  0.00  0.00  0.00
  WS02004407WS02004409    1.00   0.11  0.00  0.00  0.88  0.01  0.00  0.00  0.78  0.00
  WS02004406WS02004407    1.00   0.00  0.11  0.00  0.89  0.00  0.00  0.00  0.00  0.00
  WS02004405WS02004406    1.00   0.00  0.00  0.00  1.00  0.00  0.00  0.00  0.04  0.00
  WS02004404WS02004405    1.00   0.00  0.00  0.00  1.00  0.00  0.00  0.00  0.00  0.00
  WS02004403WS02004404    1.00   0.00  0.05  0.00  0.95  0.00  0.00  0.00  0.04  0.00
  WS02004402WS02004403    1.00   0.05  0.00  0.00  0.95  0.00  0.00  0.00  0.00  0.00
  WS02004139WS02001211    1.00   0.00  0.00  0.00  1.00  0.00  0.00  0.00  0.00  0.00
  WS02004138WS02004139    1.00   0.00  0.00  0.00  0.00  0.18  0.00  0.82  0.11  0.00
  WS02003067WS02003066    1.00   0.14  0.02  0.00  0.84  0.00  0.00  0.00  0.00  0.00
  WS02001213WS02003059    1.00   0.00  0.00  0.00  0.99  0.00  0.00  0.00  0.00  0.00
  WS02001212WS02001213    1.00   0.00  0.00  0.00  0.29  0.00  0.70  0.00  0.00  0.00
  WS02001211WS02001212    1.00   0.00  0.00  0.00  1.00  0.00  0.00  0.00  0.00  0.00
  WS02003072WS02003073    1.00   0.00  0.00  0.00  0.00  0.00  0.00  1.00  0.00  0.00
  WS02003069WS02003072    1.00   0.00  0.00  0.00  1.00  0.00  0.00  0.00  0.98  0.00
  WS02003060WS02003069    1.00   0.00  0.00  0.00  0.98  0.02  0.00  0.00  0.92  0.00
  WS02003059WS02003060    1.00   0.00  0.00  0.00  1.00  0.00  0.00  0.00  0.05  0.00
  HS02004901HS02004770    1.00   0.06  0.00  0.00  0.94  0.00  0.00  0.00  0.00  0.00
  HS02004876HS02004881    1.00   0.01  0.00  0.00  0.99  0.00  0.00  0.00  0.00  0.00
  HS02004870HS02004876    1.00   0.00  0.00  0.00  0.99  0.00  0.00  0.00  0.95  0.00
  HS02004842HS02004848    1.00   0.00  0.06  0.00  0.94  0.00  0.00  0.00  0.61  0.00
  HS02004837HS02004842    1.00   0.00  0.00  0.00  1.00  0.00  0.00  0.00  0.11  0.00
  HS02004830HS02004837    1.00   0.00  0.00  0.00  1.00  0.00  0.00  0.00  0.99  0.00
  HS02004824HS02004830    1.00   0.00  0.00  0.00  1.00  0.00  0.00  0.00  0.00  0.00
  HS02004817HS02004824    1.00   0.00  0.00  0.00  1.00  0.00  0.00  0.00  1.00  0.00
  HS02004770HS02004777    1.00   0.00  0.06  0.00  0.94  0.00  0.00  0.00  0.03  0.00
  HS02004799HS02004480    1.00   0.00  0.02  0.00  0.92  0.00  0.06  0.00  0.00  0.00
  HS02004792HS02004799    1.00   0.00  0.00  0.00  0.99  0.01  0.00  0.00  0.98  0.00
  HS02004788HS02004792    1.00   0.00  0.00  0.00  0.99  0.01  0.00  0.00  0.98  0.00
  HS02004785HS02004788    1.00   0.00  0.00  0.00  1.00  0.00  0.00  0.00  0.00  0.00
  HS02004777HS02004785    1.00   0.00  0.00  0.00  1.00  0.00  0.00  0.00  0.13  0.00
  HS02004480HS02004478    1.00   0.06  0.00  0.00  0.56  0.00  0.00  0.37  0.00  0.00
  HS02004479HS02004480    1.00   0.02  0.00  0.00  0.98  0.00  0.00  0.00  0.12  0.00
  HS02004862HS02004870    1.00   0.00  0.00  0.00  1.00  0.00  0.00  0.00  0.04  0.00
  HS02004848HS02004852    1.00   0.06  0.00  0.00  0.94  0.00  0.00  0.00  0.73  0.00
  HS02004856HS02004862    1.00   0.00  0.09  0.00  0.91  0.00  0.00  0.00  0.82  0.00
  HS02004852HS02004856    1.00   0.06  0.01  0.00  0.93  0.00  0.00  0.00  0.86  0.00
  HS02004802HS02004478    1.00   0.06  0.00  0.00  0.93  0.00  0.00  0.00  0.02  0.00
  HS02004478WS02006287    1.00   0.08  0.00  0.00  0.73  0.19  0.00  0.00  0.76  0.00
  HS02004817HS02004807    1.00   0.00  0.06  0.00  0.94  0.00  0.00  0.00  0.01  0.00
  HS02004807HS02004802    1.00   0.06  0.00  0.00  0.93  0.00  0.00  0.01  0.00  0.00
  YS02001759YS02001757    1.00   0.00  0.00  0.00  1.00  0.00  0.00  0.00  0.16  0.00
  YS02001762YS02001759    1.00   0.00  0.00  0.00  1.00  0.00  0.00  0.00  0.03  0.00
  YS02001765YS02001762    1.00   0.00  0.00  0.00  1.00  0.00  0.00  0.00  0.16  0.00
  YS02001770YS02001767    1.00   0.00  0.00  0.00  1.00  0.00  0.00  0.00  0.00  0.00
  YS02001774YS02001770    1.00   0.00  0.07  0.00  0.93  0.00  0.00  0.00  0.04  0.00
  YS02001779YS02001774    1.00   0.00  0.00  0.00  1.00  0.00  0.00  0.00  0.20  0.00
  YS02001649YS02001757    1.00   0.00  0.00  0.00  1.00  0.00  0.00  0.00  0.16  0.00
  YS02001767YS02001765    1.00   0.00  0.00  0.00  1.00  0.00  0.00  0.00  0.00  0.00
  YS02006561YS02001783    1.00   0.10  0.00  0.00  0.00  0.90  0.00  0.00  0.61  0.00
  YS02001783YS02001784    1.00   0.00  0.10  0.00  0.90  0.00  0.00  0.00  0.01  0.00
  YS02001784YS02001785    1.00   0.00  0.00  0.00  1.00  0.00  0.00  0.00  0.19  0.00
  YS02001788YS02001790    1.00   0.00  0.00  0.00  0.11  0.89  0.00  0.00  0.63  0.00
  YS02001790YS02001791    1.00   0.00  0.00  0.00  0.01  0.99  0.00  0.00  0.71  0.00
  YS02001791YS02001793    1.00   0.00  0.00  0.00  0.00  1.00  0.00  0.00  0.00  0.00
  YS02001910YS02001907    1.00   0.00  0.00  0.00  0.98  0.00  0.00  0.01  0.12  0.00
  YS02001786YS02001788    1.00   0.00  0.00  0.00  0.11  0.89  0.00  0.00  0.00  0.00
  YS02001915YS02001910    1.00   0.00  0.00  0.00  0.98  0.02  0.00  0.00  0.18  0.00
  YS02001918YS02001915    1.00   0.00  0.00  0.00  0.99  0.01  0.00  0.00  0.68  0.00
  YS02001923YS02001920    1.00   0.00  0.00  0.00  1.00  0.00  0.00  0.00  1.00  0.00
  YS02001926YS02001923    1.00   0.00  0.04  0.00  0.00  0.00  0.96  0.00  0.00  0.00
  YS02001929YS02001926    1.00   0.00  0.06  0.00  0.94  0.00  0.00  0.00  0.87  0.00
  YS02001920YS02001918    1.00   0.00  0.00  0.00  1.00  0.00  0.00  0.00  0.00  0.00
  YS02001629YS02163301    1.00   0.08  0.01  0.00  0.92  0.00  0.00  0.00  0.00  0.00
  YS02001619YS02001622    1.00   0.06  0.00  0.00  0.94  0.00  0.00  0.00  0.00  0.00
  YS02001622YS02001625    1.00   0.06  0.00  0.00  0.94  0.00  0.00  0.00  0.07  0.00
  YS02001625YS02001629    1.00   0.06  0.04  0.00  0.86  0.00  0.03  0.00  0.00  0.00
  YS02163301YS02001633    1.00   0.00  0.08  0.00  0.92  0.00  0.00  0.00  0.00  0.00
  YS02163601YS02164001    1.00   0.00  0.04  0.00  0.96  0.00  0.00  0.00  0.00  0.00
  YS02164001YS02001641    1.00   0.01  0.03  0.00  0.96  0.00  0.00  0.00  0.06  0.00
  YS02001641YS02001644    1.00   0.00  0.00  0.00  0.99  0.00  0.00  0.00  0.00  0.00
  YS02001647YS02001649    1.00   0.00  0.09  0.00  0.91  0.00  0.00  0.00  0.01  0.00
  YS02006553YS02006556    1.00   0.01  0.00  0.00  0.99  0.00  0.00  0.00  0.03  0.00
  YS02006556YS02006558    1.00   0.00  0.00  0.00  1.00  0.00  0.00  0.00  0.00  0.00
  YSB6556YSB1171          1.00   0.02  0.04  0.00  0.94  0.00  0.00  0.00  0.00  0.00
  YS02001907YS02006553    1.00   0.00  0.01  0.00  0.99  0.00  0.00  0.00  0.00  0.00
  YS02006558YS02006561    1.00   0.10  0.00  0.00  0.00  0.90  0.00  0.00  0.65  0.00
  YS02001633YS02163601    1.00   0.00  0.01  0.00  0.99  0.00  0.00  0.00  0.16  0.00
  YS02001644YS02001647    1.00   0.00  0.09  0.00  0.91  0.00  0.00  0.00  0.00  0.00
  YS02001745YS02001748    1.00   0.00  0.00  0.00  0.80  0.01  0.00  0.19  0.23  0.00
  YS02001748YS02001751    1.00   0.00  0.00  0.00  0.93  0.07  0.00  0.00  0.15  0.00
  YS02001751YS02001754    1.00   0.00  0.00  0.00  0.89  0.00  0.00  0.11  0.02  0.00
  YS02001754YS02001757    1.00   0.00  0.00  0.00  1.00  0.00  0.00  0.00  0.19  0.00
  YS02001882YS02001884    1.00   0.07  0.00  0.00  0.92  0.00  0.00  0.00  0.00  0.00
  YS02001884YS02001887    1.00   0.03  0.02  0.00  0.95  0.00  0.00  0.00  0.00  0.00
  YS02001890YS02001895    1.00   0.00  0.08  0.00  0.92  0.00  0.00  0.00  0.00  0.00
  YS02001895YS02001898    1.00   0.08  0.00  0.00  0.89  0.00  0.02  0.00  0.00  0.00
  YS02001898YS02001901    1.00   0.08  0.00  0.00  0.92  0.00  0.00  0.00  0.02  0.00
  YS02001901YS02001904    1.00   0.08  0.00  0.00  0.92  0.00  0.00  0.00  0.00  0.00
  YS02001904YS02001907    1.00   0.00  0.08  0.00  0.92  0.00  0.00  0.00  0.00  0.00
  YS02001887YS02001890    1.00   0.00  0.00  0.00  0.98  0.00  0.01  0.00  0.00  0.00
  YS02001652YS02001649    1.00   0.00  0.00  0.00  0.99  0.01  0.00  0.00  0.17  0.00
  YS02001655YS02001652    1.00   0.00  0.00  0.00  0.89  0.00  0.00  0.11  0.03  0.00
  YS02001658YS02001655    1.00   0.00  0.07  0.00  0.86  0.07  0.00  0.00  0.11  0.00
  YS02001661YS02001658    1.00   0.07  0.00  0.00  0.80  0.13  0.00  0.00  0.26  0.00
  YS02001664YS02001661    1.00   0.06  0.00  0.00  0.77  0.16  0.00  0.00  0.87  0.00
  YSB1154YSB6556          1.00   0.06  0.00  0.00  0.94  0.00  0.00  0.00  0.02  0.00
  YSB1174YSB1171          1.00   0.03  0.02  0.00  0.95  0.00  0.00  0.00  0.00  0.00
  YSB1171HS02004479       1.00   0.02  0.00  0.00  0.97  0.00  0.00  0.01  0.11  0.00
  HS02004881HS02006253    1.00   0.03  0.00  0.00  0.00  0.00  0.00  0.97  0.00  0.00
  YS02001793JiankangQianchi    1.00   0.00  0.00  0.00  0.00  0.99  0.00  0.00  0.00  0.00
  YS02001757CaochengTiaoxuchi    1.00   0.00  0.14  0.00  0.84  0.02  0.00  0.00  0.00  0.00
  WSF200WS02003060        1.00   0.00  0.16  0.00  0.00  0.83  0.00  0.00  0.65  0.00
  1                       1.00   0.00  0.00  0.00  0.00  1.00  0.00  0.00  0.25  0.00
  
  
  *************************
  Conduit Surcharge Summary
  *************************
  
  ----------------------------------------------------------------------------
                                                           Hours        Hours 
                         --------- Hours Full --------   Above Full   Capacity
  Conduit                Both Ends  Upstream  Dnstream   Normal Flow   Limited
  ----------------------------------------------------------------------------
  WS02006256WS02006235        0.01      0.01      6.35      6.30         0.01
  WS02006252WS02006251        6.02      6.02      6.05      6.04         0.01
  WS02006230WS02006229        0.01      0.01      0.01      3.53         0.01
  WS02006228WS02006109        0.01      0.01      0.01      0.54         0.01
  WS02004404WS02004405        0.01      0.01      0.01      1.75         0.01
  YS02001759YS02001757        5.50      5.50      5.90      0.01         0.01
  YS02001762YS02001759        5.34      5.34      5.50      0.01         0.01
  YS02001765YS02001762        5.05      5.05      5.34      0.01         0.01
  YS02001770YS02001767        4.77      4.77      4.80      0.01         0.70
  YS02001774YS02001770        4.65      4.65      5.25      0.01         0.01
  YS02001779YS02001774        3.75      3.75      5.25      0.01         0.01
  YS02001649YS02001757        5.38      5.38      5.90      0.01         0.01
  YS02001767YS02001765        4.80      4.80      5.05      0.01         0.01
  YS02001784YS02001785        0.01      0.01      0.01      1.16         0.01
  YS02001910YS02001907        0.01      0.01      0.15      0.01         0.01
  YS02001786YS02001788        0.01      0.01      0.01      0.61         0.01
  YS02001629YS02163301        4.55      4.55      4.71      0.01         0.01
  YS02001619YS02001622        1.26      1.26      1.66      0.01         0.01
  YS02001622YS02001625        1.66      1.66      4.26      0.01         0.01
  YS02001625YS02001629        1.33      1.33      4.26      0.01         0.01
  YS02163301YS02001633        4.71      4.71      5.10      0.01         0.01
  YS02163601YS02164001        5.05      5.05      5.37      0.01         0.01
  YS02164001YS02001641        5.05      5.05      5.18      0.01         0.01
  YS02001641YS02001644        5.18      5.18      5.21      0.01         0.91
  YS02001647YS02001649        4.19      4.19      5.38      0.01         0.01
  YS02006553YS02006556        0.01      0.01      0.49      0.01         0.01
  YS02006556YS02006558        0.01      0.01      0.62      0.01         0.01
  YS02001907YS02006553        1.17      1.17      1.39      0.01         0.01
  YS02006558YS02006561        0.01      0.01      0.01      0.98         0.01
  YS02001633YS02163601        4.96      4.96      5.37      0.01         0.01
  YS02001644YS02001647        4.19      4.19      5.21      0.01         0.01
  YS02001748YS02001751        0.01      0.01      1.81      0.01         0.01
  YS02001751YS02001754        1.81      1.81      3.91      0.01         0.01
  YS02001754YS02001757        4.17      4.17      5.90      0.01         0.01
  YS02001904YS02001907        0.01      0.01      0.53      0.01         0.01
  YS02001652YS02001649        4.27      4.27      5.38      0.01         0.01
  YS02001655YS02001652        2.29      2.29      4.08      0.01         0.01
  YS02001658YS02001655        0.01      0.01      2.29      0.01         0.01
  YS02001793JiankangQianchi        0.01      0.01      0.02      0.01         0.01
  YS02001757CaochengTiaoxuchi        0.01      0.01      5.90      0.01         0.01
  
  
  ***************
  Pumping Summary
  ***************
  
  ---------------------------------------------------------------------------------------------------------
                                                  Min       Avg       Max     Total     Power    % Time Off
                        Percent   Number of      Flow      Flow      Flow    Volume     Usage    Pump Curve
  Pump                 Utilized   Start-Ups       LPS       LPS       LPS  10^6 ltr     Kw-hr    Low   High
  ---------------------------------------------------------------------------------------------------------
  CC-Pump-1               76.26           1      0.00    196.62    200.00     4.357     14.24    0.0   16.5
  CC-Pump-2               76.26           1      0.00    196.62    200.00     4.357     14.24    0.0   16.5
  JK-Pump-1              100.00           1      0.00    185.40    300.00     4.354     98.44    0.0    0.0
  JK-Pump-2              100.00           1      0.00    241.38    683.00     5.474    124.01    0.0   99.8
  XR-Pump-1              100.00           1      0.00     95.00     95.00     2.736     65.09    0.0    0.0
  XR-Pump-2              100.00           1      0.00     95.00     95.00     2.736     65.09    0.0    0.0
  XR-Pump-3              100.00           1      0.00     95.00     95.00     2.736     65.09    0.0    0.0
  XR-Pump-4              100.00           1      0.00     95.00     95.00     2.736     65.09    0.0    0.0
  
  
  ***************************
  Link Pollutant Load Summary
  ***************************
  
  ------------------------------------------------------------------------------------------
                                 COD            SS            TN            TP         NH4-N
  Link                            kg            kg            kg            kg            kg
  ------------------------------------------------------------------------------------------
  WS02003066WSF200           161.548       283.795         7.325         0.798         4.254
  WS02006287WS02006284       150.777       264.602         7.218         0.798         4.223
  WS02006284WS02006280       151.240       265.347         7.263         0.803         4.251
  WS02006280WS02006229       151.214       265.302         7.261         0.803         4.250
  WS02006229WS02006228       161.087       282.307         7.488         0.820         4.363
  WS02006256WS02006235         0.000         0.000         0.000         0.000         0.000
  WS02006253WS02006251        20.407        38.122         0.488         0.038         0.246
  WS02006252WS02006251       595.468      1016.365        15.512         1.292         8.051
  WS02006251WS02006249       105.803       181.181         2.750         0.229         1.426
  WS02006249WS02006248       105.587       180.814         2.744         0.228         1.423
  WS02006248WS02006247       105.455       180.610         2.739         0.228         1.420
  WS02006247WS02006245       105.282       180.327         2.734         0.227         1.418
  WS02006245WS02006243       105.062       179.967         2.728         0.227         1.414
  WS02006243WS02006242       104.841       179.624         2.721         0.226         1.410
  WS02006242WS02006240       104.485       179.040         2.710         0.225         1.405
  WS02006240WS02006239       104.282       178.708         2.704         0.224         1.401
  WS02006239WS02006238       104.048       178.328         2.697         0.224         1.398
  WS02006238WS02006235       104.000       178.249         2.695         0.224         1.397
  WS02006235WS02006234        10.727        18.416         0.276         0.023         0.143
  WS02006234WS02006232        10.657        18.301         0.274         0.023         0.142
  WS02006232WS02006231        10.604        18.215         0.273         0.023         0.141
  WS02006231WS02006230        10.574        18.166         0.272         0.022         0.141
  WS02006230WS02006229        10.459        17.973         0.269         0.022         0.139
  WS02006228WS02006109       160.446       281.277         7.431         0.813         4.327
  WS02006116WS02004401       168.978       295.726         7.960         0.876         4.647
  WS02006115WS02006116       169.650       296.804         8.021         0.884         4.685
  WS02006113WS02006111       167.416       292.426         8.113         0.899         4.755
  WS02006112WS02006115       170.249       297.765         8.072         0.890         4.717
  WS02006111WS02006112       167.229       292.134         8.093         0.896         4.742
  WS02006110WS02006113       167.590       292.704         8.129         0.901         4.764
  WS02006109WS02006110       168.378       293.964         8.199         0.909         4.808
  WS02004411WS02004412       163.428       286.770         7.494         0.819         4.359
  WS02004401WS02004402       168.164       294.418         7.890         0.868         4.604
  WS02004413WS02003067       162.037       284.598         7.363         0.803         4.277
  WS02004412WS02004413       162.721       285.631         7.433         0.812         4.321
  WS02004410WS02004411       163.905       287.540         7.535         0.824         4.384
  WS02004409WS02004410       164.279       288.136         7.569         0.828         4.405
  WS02004407WS02004409       164.579       288.629         7.594         0.831         4.421
  WS02004406WS02004407       164.703       288.840         7.603         0.832         4.426
  WS02004405WS02004406       166.358       291.482         7.753         0.851         4.520
  WS02004404WS02004405       167.183       292.835         7.818         0.859         4.559
  WS02004403WS02004404       166.590       291.889         7.755         0.851         4.520
  WS02004402WS02004403       167.336       293.085         7.819         0.859         4.560
  WS02004139WS02001211        30.228        48.578         2.821         0.352         1.760
  WS02004138WS02004139       782.608      1263.485        70.420         8.715        43.751
  WS02003067WS02003066       161.579       283.836         7.329         0.799         4.256
  WS02001213WS02003059        28.145        45.732         2.470         0.306         1.535
  WS02001212WS02001213        31.476        50.769         2.879         0.358         1.794
  WS02001211WS02001212        32.954        53.031         3.053         0.380         1.904
  WS02003072WS02003073       290.028       489.129        19.745         2.352        12.020
  WS02003069WS02003072       291.480       491.394        19.895         2.371        12.113
  WS02003060WS02003069       289.833       488.766        19.733         2.350        12.012
  WS02003059WS02003060        29.676        48.807         2.435         0.299         1.505
  HS02004901HS02004770         4.388         7.966         0.085         0.006         0.039
  HS02004876HS02004881        17.425        32.395         0.454         0.037         0.233
  HS02004870HS02004876        13.265        24.550         0.383         0.032         0.200
  HS02004842HS02004848         2.626         4.710         0.057         0.004         0.026
  HS02004837HS02004842         7.245        12.058         0.526         0.063         0.320
  HS02004830HS02004837        54.357        89.715         4.417         0.541         2.731
  HS02004824HS02004830        55.130        90.954         4.491         0.550         2.777
  HS02004817HS02004824        65.178       109.803         4.719         0.565         2.890
  HS02004770HS02004777        17.122        31.466         0.370         0.024         0.168
  HS02004799HS02004480        65.577       116.061         2.433         0.247         1.352
  HS02004792HS02004799        60.170       105.534         2.379         0.247         1.336
  HS02004788HS02004792        37.475        65.581         1.793         0.195         1.036
  HS02004785HS02004788        18.625        33.877         0.525         0.044         0.266
  HS02004777HS02004785        17.975        32.829         0.465         0.036         0.229
  HS02004480HS02004478        80.743       144.611         2.648         0.260         1.447
  HS02004479HS02004480        18.911        34.515         0.560         0.055         0.309
  HS02004862HS02004870         9.889        17.949         0.315         0.028         0.168
  HS02004848HS02004852         3.218         5.821         0.069         0.005         0.032
  HS02004856HS02004862         6.006        11.210         0.124         0.008         0.058
  HS02004852HS02004856         3.219         5.823         0.069         0.005         0.032
  HS02004802HS02004478        70.554       120.831         4.616         0.544         2.804
  HS02004478WS02006287       150.967       264.915         7.235         0.800         4.233
  HS02004817HS02004807        63.907       107.766         4.598         0.550         2.815
  HS02004807HS02004802        70.943       121.451         4.656         0.549         2.830
  YS02001759YS02001757       208.511       362.412         4.486         0.312         2.218
  YS02001762YS02001759       109.629       191.795         2.576         0.185         1.298
  YS02001765YS02001762       109.219       191.098         2.589         0.187         1.308
  YS02001770YS02001767       106.575       186.892         2.279         0.147         1.111
  YS02001774YS02001770         6.458        10.919         0.205         0.018         0.111
  YS02001779YS02001774         4.786         7.875         0.271         0.030         0.162
  YS02001649YS02001757       322.247       541.028         6.786         0.489         3.254
  YS02001767YS02001765       109.202       191.080         2.601         0.189         1.315
  YS02006561YS02001783       418.132       721.377        10.236         0.828         5.287
  YS02001783YS02001784       418.044       721.244        10.232         0.827         5.284
  YS02001784YS02001785       425.541       733.252        10.960         0.918         5.740
  YS02001788YS02001790       426.198       734.320        11.034         0.928         5.786
  YS02001790YS02001791       427.198       735.929        11.135         0.941         5.849
  YS02001791YS02001793       427.123       735.813        11.130         0.940         5.846
  YS02001910YS02001907       142.105       240.986         4.625         0.414         2.524
  YS02001786YS02001788       425.768       733.625        10.989         0.922         5.758
  YS02001915YS02001910       142.071       240.893         4.582         0.407         2.495
  YS02001918YS02001915        70.758       114.856         3.026         0.321         1.752
  YS02001923YS02001920        50.357        82.246         1.037         0.072         0.508
  YS02001926YS02001923        49.996        81.669         0.998         0.067         0.484
  YS02001929YS02001926        49.733        81.237         0.966         0.063         0.463
  YS02001920YS02001918        70.707       114.812         2.997         0.317         1.733
  YS02001629YS02163301        57.146        96.266         1.249         0.079         0.578
  YS02001619YS02001622        58.672        98.638         1.284         0.080         0.594
  YS02001622YS02001625        58.349        98.146         1.276         0.080         0.590
  YS02001625YS02001629        57.755        97.313         1.261         0.079         0.583
  YS02163301YS02001633        57.244        96.437         1.250         0.079         0.580
  YS02163601YS02164001       157.439       263.960         3.310         0.232         1.587
  YS02164001YS02001641       157.194       263.541         3.295         0.230         1.579
  YS02001641YS02001644       157.488       263.970         3.295         0.230         1.578
  YS02001647YS02001649       253.224       423.617         5.114         0.359         2.442
  YS02006553YS02006556       302.120       519.526         7.697         0.645         4.035
  YS02006556YS02006558       302.067       519.410         7.670         0.641         4.017
  YSB6556YSB1171              10.447        19.243         0.250         0.023         0.133
  YS02001907YS02006553       302.209       519.697         7.706         0.646         4.040
  YS02006558YS02006561       418.069       721.255        10.234         0.828         5.286
  YS02001633YS02163601       157.843       264.541         3.284         0.228         1.569
  YS02001644YS02001647       253.636       424.239         5.122         0.360         2.446
  YS02001745YS02001748       126.383       212.609         6.034         0.641         3.521
  YS02001748YS02001751       114.426       192.698         5.476         0.582         3.196
  YS02001751YS02001754       115.749       194.650         5.687         0.610         3.332
  YS02001754YS02001757       117.059       196.716         5.868         0.634         3.448
  YS02001882YS02001884         1.346         2.215         0.031         0.003         0.016
  YS02001884YS02001887         3.848         6.514         0.084         0.007         0.043
  YS02001890YS02001895       161.467       280.720         3.126         0.237         1.541
  YS02001895YS02001898       161.322       280.513         3.120         0.236         1.538
  YS02001898YS02001901       161.202       280.339         3.117         0.236         1.536
  YS02001901YS02001904       161.128       280.256         3.126         0.237         1.542
  YS02001904YS02001907       161.464       280.831         3.180         0.244         1.577
  YS02001887YS02001890       162.269       281.951         3.182         0.243         1.576
  YS02001652YS02001649        70.705       119.995         1.700         0.131         0.822
  YS02001655YS02001652        71.386       121.084         1.718         0.132         0.831
  YS02001658YS02001655        69.070       117.396         1.461         0.099         0.669
  YS02001661YS02001658        84.502       143.128         1.795         0.122         0.821
  YS02001664YS02001661        75.873       128.820         1.607         0.109         0.735
  YSB1154YSB6556              10.037        18.593         0.199         0.016         0.100
  YSB1174YSB1171               6.869        12.721         0.161         0.014         0.084
  YSB1171HS02004479           18.886        34.484         0.561         0.056         0.310
  HS02004881HS02006253        19.631        36.615         0.495         0.039         0.252
  YS02001793JiankangQianchi       427.098       735.777        11.128         0.940         5.846
  YS02001757CaochengTiaoxuchi       642.859      1093.333        16.835         1.402         8.739
  WSF200WS02003060           161.415       283.563         7.317         0.797         4.249
  1                          302.313       508.635        20.959         2.504        12.780
  CC-Pump-1                  297.760       508.222         7.757         0.646         4.026
  CC-Pump-2                  297.760       508.222         7.757         0.646         4.026
  JK-Pump-1                    0.000         0.000         0.000         0.000         0.000
  JK-Pump-2                    0.000         0.000         0.000         0.000         0.000
  XR-Pump-1                  195.640       315.853        17.604         2.179        10.937
  XR-Pump-2                  195.640       315.853        17.604         2.179        10.937
  XR-Pump-3                  195.640       315.853        17.604         2.179        10.937
  XR-Pump-4                  195.640       315.853        17.604         2.179        10.937
  3                          510.357       873.773        13.295         1.106         6.899
  5                           93.232       159.767         2.418         0.201         1.253
  6                          814.939      1315.430        73.443         9.092        45.637
  

  Analysis begun on:  Fri Jul 16 10:10:21 2021
  Analysis ended on:  Fri Jul 16 10:10:24 2021
  Total elapsed time: 00:00:03