
  EPA STORM WATER MANAGEMENT MODEL - VERSION 5.1 (Build 5.3.0.dev0)
  --------------------------------------------------------------

  WARNING 04: minimum elevation drop used for Conduit WS02004404WS02004405
  WARNING 03: negative offset ignored for Link YS02001904YS02001907
  
  *********************************************************
  NOTE: The summary statistics displayed in this report are
  based on results found at every computational time step,  
  not just on results from each reporting time step.
  *********************************************************
  
  ****************
  Analysis Options
  ****************
  Flow Units ............... LPS
  Process Models:
    Rainfall/Runoff ........ YES
    RDII ................... NO
    Snowmelt ............... NO
    Groundwater ............ NO
    Flow Routing ........... YES
    Ponding Allowed ........ NO
    Water Quality .......... YES
  Infiltration Method ...... HORTON
  Flow Routing Method ...... DYNWAVE
  Surcharge Method ......... EXTRAN
  Starting Date ............ 08/28/2015 08:00:00
  Ending Date .............. 08/28/2015 15:50:00
  Antecedent Dry Days ...... 8.0
  Report Time Step ......... 00:01:00
  Wet Time Step ............ 00:01:00
  Dry Time Step ............ 00:01:00
  Routing Time Step ........ 5.00 sec
  Variable Time Step ....... YES
  Maximum Trials ........... 8
  Number of Threads ........ 4
  Head Tolerance ........... 0.001500 m
  
  
  **************************        Volume         Depth
  Runoff Quantity Continuity     hectare-m            mm
  **************************     ---------       -------
  Total Precipitation ......         3.198         7.002
  Evaporation Loss .........         0.000         0.000
  Infiltration Loss ........         0.662         1.449
  Surface Runoff ...........         1.930         4.225
  Final Storage ............         0.607         1.329
  Continuity Error (%) .....        -0.020
  
  
  **************************           COD            SS            TN            TP         NH4-N
  Runoff Quality Continuity             kg            kg            kg            kg            kg
  **************************    ----------    ----------    ----------    ----------    ----------
  Initial Buildup ..........     41378.656     70582.865      1804.177       168.684      1032.807
  Surface Buildup ..........        13.831        19.720         2.426         0.224         1.431
  Wet Deposition ...........         0.000         0.000         0.000         0.000         0.000
  Sweeping Removal .........         0.000         0.000         0.000         0.000         0.000
  Infiltration Loss ........        37.001        65.948         0.722         0.049         0.340
  BMP Removal ..............         0.000         0.000         0.000         0.000         0.000
  Surface Runoff ...........      1241.539      2150.190        24.870         1.627        11.737
  Remaining Buildup ........     40113.560     68385.777      1781.002       167.231      1022.157
  Continuity Error (%) .....         0.001         0.001         0.000         0.000         0.000
  
  
  **************************        Volume        Volume
  Flow Routing Continuity        hectare-m      10^6 ltr
  **************************     ---------     ---------
  Dry Weather Inflow .......         0.616         6.165
  Wet Weather Inflow .......         1.929        19.292
  Groundwater Inflow .......         0.000         0.000
  RDII Inflow ..............         0.000         0.000
  External Inflow ..........         0.102         1.024
  External Outflow .........         2.698        26.982
  Flooding Loss ............         0.425         4.246
  Evaporation Loss .........         0.000         0.000
  Exfiltration Loss ........         0.000         0.000
  Initial Stored Volume ....         0.076         0.761
  Final Stored Volume ......         0.197         1.974
  Continuity Error (%) .....       -21.884
  
  
  **************************           COD            SS            TN            TP         NH4-N
  Quality Routing Continuity            kg            kg            kg            kg            kg
  **************************    ----------    ----------    ----------    ----------    ----------
  Dry Weather Inflow .......      1541.201      2465.922       147.955        18.494        92.472
  Wet Weather Inflow .......      1241.211      2149.675        24.863         1.626        11.734
  Groundwater Inflow .......         0.000         0.000         0.000         0.000         0.000
  RDII Inflow ..............         0.000         0.000         0.000         0.000         0.000
  External Inflow ..........       183.418       293.469        17.608         2.201        11.005
  External Outflow .........      1702.353      2827.747       109.218        12.806        66.045
  Flooding Loss ............         0.000         0.000         0.000         0.000         0.000
  Exfiltration Loss ........         0.000         0.000         0.000         0.000         0.000
  Mass Reacted .............         0.000         0.000         0.000         0.000         0.000
  Initial Stored Mass ......         0.000         0.000         0.000         0.000         0.000
  Final Stored Mass ........       120.795       193.008         6.130         0.668         3.588
  Continuity Error (%) .....        38.528        38.466        39.427        39.640        39.561
  
  
  *************************
  Highest Continuity Errors
  *************************
  Node JK-storage (-78.53%)
  Node YS02001774 (26.13%)
  Node HS02004842 (21.31%)
  Node YS02001884 (14.77%)
  Node WS02003059 (9.70%)
  
  
  ***************************
  Time-Step Critical Elements
  ***************************
  Link YS02001793JiankangQianchi (73.72%)
  Link WS02006280WS02006229 (7.59%)
  Link YS02006556YS02006558 (3.77%)
  Link WS02006252WS02006251 (3.01%)
  Link YS02164001YS02001641 (1.23%)
  
  
  ********************************
  Highest Flow Instability Indexes
  ********************************
  Link WS02006113WS02006111 (38)
  Link WS02006252WS02006251 (38)
  Link YS02006558YS02006561 (24)
  Link YS02001779YS02001774 (21)
  Link YS02001774YS02001770 (18)
  
  
  *************************
  Routing Time Step Summary
  *************************
  Minimum Time Step           :     0.50 sec
  Average Time Step           :     2.29 sec
  Maximum Time Step           :     5.00 sec
  Percent in Steady State     :    -0.00
  Average Iterations per Step :     4.24
  Percent Not Converging      :    23.50
  
  
  ***************************
  Subcatchment Runoff Summary
  ***************************
  
  ------------------------------------------------------------------------------------------------------------------------------
                            Total      Total      Total      Total     Imperv       Perv      Total       Total     Peak  Runoff
                           Precip      Runon       Evap      Infil     Runoff     Runoff     Runoff      Runoff   Runoff   Coeff
  Subcatchment                 mm         mm         mm         mm         mm         mm         mm    10^6 ltr      LPS
  ------------------------------------------------------------------------------------------------------------------------------
  sub0                       7.00       0.00       0.00       0.49       6.47       0.00       6.47        0.01     1.30   0.924
  sub1                       7.00       0.00       0.00       0.77       6.14       0.00       6.14        0.04     8.65   0.877
  sub2                       7.00       0.00       0.00       2.59       4.33       0.00       4.33        0.04     8.07   0.619
  sub3                       7.00       0.00       0.00       2.59       4.29       0.00       4.29        0.10    17.69   0.613
  sub4                       7.00       0.00       0.00       0.77       6.00       0.00       6.00        0.13    20.90   0.857
  sub5                       7.00       0.00       0.00       0.49       6.42       0.00       6.42        0.07    15.40   0.917
  sub7                       7.00       0.00       0.00       0.63       6.31       0.00       6.31        0.02     4.90   0.901
  sub8                       7.00       0.00       0.00       0.63       6.30       0.00       6.30        0.04     9.00   0.900
  sub9                       7.00       0.00       0.00       0.63       6.30       0.00       6.30        0.03     6.73   0.900
  sub10                      7.00       0.00       0.00       0.56       6.36       0.00       6.36        0.07    15.09   0.908
  sub11                      7.00       0.00       0.00       0.56       6.37       0.00       6.38        0.07    16.72   0.910
  sub12                      7.00       0.00       0.00       0.91       6.04       0.00       6.05        0.05    12.74   0.864
  sub14                      7.00       0.00       0.00       0.63       6.30       0.00       6.30        0.06    13.24   0.900
  sub15                      7.00       0.00       0.00       2.10       4.84       0.00       4.84        0.08    18.19   0.692
  sub16                      7.00       0.00       0.00       2.31       4.65       0.00       4.65        0.05    11.55   0.665
  sub17                      7.00       0.00       0.00       2.24       4.72       0.00       4.72        0.04     9.50   0.674
  sub22                      7.00       0.00       0.00       3.01       3.95       0.00       3.95        0.25    56.69   0.564
  sub23                      7.00       0.00       0.00       2.59       4.37       0.00       4.37        0.21    47.72   0.624
  sub60                      7.00       0.00       0.00       0.84       4.66       0.00       4.66        1.41   135.07   0.665
  sub61                      7.00       0.00       0.00       1.19       4.85       0.00       4.85        1.50   160.74   0.693
  sub62                      7.00       0.00       0.00       0.56       5.24       0.00       5.24        1.61   166.96   0.748
  sub63                      7.00       0.00       0.00       2.03       4.28       0.00       4.28        1.30   146.73   0.611
  sub64                      7.00       0.00       0.00       1.05       4.46       0.00       4.46        1.36   128.68   0.637
  sub65                      7.00       0.00       0.00       0.91       4.52       0.00       4.52        1.39   130.95   0.646
  sub66                      7.00       0.00       0.00       2.03       3.86       0.00       3.86        1.18   116.30   0.551
  sub67                      7.00       0.00       0.00       0.56       5.63       0.00       5.63        1.74   203.52   0.805
  sub68                      7.00       0.00       0.00       0.98       5.13       0.00       5.13        1.58   175.22   0.732
  sub69                      7.00       0.00       0.00       1.05       5.41       0.00       5.41        1.27   163.70   0.773
  sub70                      7.00       5.53       0.00       4.23       6.97       0.03       7.00        1.60   158.32   0.558
  sub71                      7.00       0.00       0.00       0.56       5.06       0.00       5.06        1.19   118.85   0.722
  sub72                      7.00       0.00       0.00       0.49       3.79       0.00       3.79        0.77    60.42   0.542
  1                          7.00       6.81       0.00       1.37       7.38       1.40       8.78        2.06   157.98   0.636
  2                          7.00       0.00       0.00       3.02       1.62       0.51       2.13        0.85   100.74   0.304
  
  
  ****************************
  Subcatchment Washoff Summary
  ****************************
  
  ------------------------------------------------------------------------------------------
                                 COD            SS            TN            TP         NH4-N
  Subcatchment                    kg            kg            kg            kg            kg
  ------------------------------------------------------------------------------------------
  sub0                         1.006         1.851         0.017         0.001         0.008
  sub1                         4.263         8.014         0.080         0.005         0.038
  sub2                         2.470         4.480         0.055         0.004         0.025
  sub3                         6.066        10.891         0.132         0.009         0.060
  sub4                         9.752        18.379         0.199         0.012         0.095
  sub5                         9.808        18.207         0.172         0.013         0.083
  sub7                         2.222         4.249         0.042         0.003         0.020
  sub8                         3.381         6.603         0.069         0.004         0.033
  sub9                         2.864         5.517         0.056         0.003         0.027
  sub10                        8.123        15.275         0.149         0.010         0.071
  sub11                        7.995        15.221         0.150         0.010         0.072
  sub12                        6.571        12.259         0.118         0.009         0.056
  sub14                        6.078        11.600         0.116         0.007         0.056
  sub15                        7.128        12.958         0.140         0.010         0.065
  sub16                        4.447         8.059         0.086         0.006         0.040
  sub17                        4.076         7.320         0.076         0.006         0.035
  sub22                       20.796        36.914         0.406         0.030         0.187
  sub23                       12.826        23.650         0.287         0.018         0.130
  sub60                       81.170       140.244         1.699         0.099         0.811
  sub61                      101.605       174.904         1.950         0.128         0.935
  sub62                      107.238       188.037         2.180         0.131         1.043
  sub63                       75.565       128.293         1.601         0.109         0.732
  sub64                       97.738       162.561         1.852         0.130         0.878
  sub65                      100.246       167.474         1.915         0.132         0.910
  sub66                       58.198        97.792         1.274         0.080         0.589
  sub67                      159.556       277.619         2.885         0.206         1.389
  sub68                      113.574       197.828         2.251         0.146         1.069
  sub69                      104.460       184.546         2.007         0.136         0.953
  sub70                      162.444       287.102         3.370         0.225         1.559
  sub71                       71.103       125.704         1.542         0.085         0.735
  sub72                       49.311        80.599         0.957         0.063         0.459
  1                           93.136       165.814         1.993         0.134         0.909
  2                           13.230        21.874         0.420         0.025         0.176
  ------------------------------------------------------------------------------------------
  System                    1508.443      2621.838        30.247         1.988        14.250
  
  
  ******************
  Node Depth Summary
  ******************
  
  ---------------------------------------------------------------------------------
                                 Average  Maximum  Maximum  Time of Max    Reported
                                   Depth    Depth      HGL   Occurrence   Max Depth
  Node                 Type       Meters   Meters   Meters  days hr:min      Meters
  ---------------------------------------------------------------------------------
  WS02001211           JUNCTION     0.31     0.32     5.16     0  02:27        0.32
  WS02001212           JUNCTION     0.08     0.10     5.16     0  02:26        0.10
  WS02001213           JUNCTION     0.33     0.44     5.20     0  02:25        0.44
  WS02003069           JUNCTION     0.18     0.30     4.88     0  02:26        0.30
  WS02003072           JUNCTION     0.24     0.37     4.74     0  02:27        0.37
  WS02003073           JUNCTION     0.13     0.21     4.28     0  02:28        0.21
  WS02003060           JUNCTION     0.16     0.27     5.20     0  02:25        0.27
  WS02003066           JUNCTION     0.14     0.23     5.78     0  02:24        0.23
  WS02003059           JUNCTION     0.40     0.51     5.20     0  02:26        0.51
  WS02003067           JUNCTION     0.37     0.58     5.90     0  02:24        0.58
  WS02004401           JUNCTION     0.44     0.65     6.65     0  02:20        0.65
  WS02004402           JUNCTION     0.47     0.68     6.64     0  02:20        0.68
  WS02004403           JUNCTION     0.50     0.71     6.64     0  02:20        0.71
  WS02004404           JUNCTION     0.57     0.79     6.64     0  02:20        0.79
  WS02004406           JUNCTION     0.59     0.80     6.63     0  02:20        0.80
  WS02004409           JUNCTION     0.25     0.47     6.24     0  02:22        0.47
  WS02004410           JUNCTION     0.28     0.49     6.21     0  02:23        0.49
  WS02004411           JUNCTION     0.30     0.51     6.19     0  02:23        0.51
  WS02004412           JUNCTION     0.32     0.53     6.17     0  02:23        0.53
  WS02004413           JUNCTION     0.47     0.70     6.17     0  02:23        0.70
  WS02004405           JUNCTION     0.57     0.78     6.63     0  02:19        0.78
  WS02006109           JUNCTION     0.49     0.71     7.33     0  02:14        0.71
  WS02006110           JUNCTION     0.52     0.72     7.30     0  02:15        0.72
  WS02006111           JUNCTION     0.12     0.21     6.91     0  02:14        0.21
  WS02006112           JUNCTION     0.58     0.81     6.70     0  02:19        0.81
  WS02006113           JUNCTION     0.18     0.32     7.21     0  02:15        0.32
  WS02006115           JUNCTION     0.32     0.53     6.67     0  02:19        0.53
  WS02006116           JUNCTION     0.41     0.62     6.66     0  02:20        0.62
  WS02006230           JUNCTION     0.38     0.61     7.36     0  02:14        0.61
  WS02006231           JUNCTION     0.17     0.24     7.36     0  02:14        0.24
  WS02006232           JUNCTION     0.27     0.33     7.37     0  02:15        0.33
  WS02006234           JUNCTION     0.15     0.21     7.37     0  02:15        0.21
  WS02006235           JUNCTION     0.17     0.22     7.38     0  02:16        0.22
  WS02006238           JUNCTION     0.21     0.26     7.40     0  02:16        0.26
  WS02006240           JUNCTION     0.18     0.23     7.52     0  02:16        0.23
  WS02006242           JUNCTION     0.25     0.31     7.57     0  02:15        0.31
  WS02006243           JUNCTION     0.15     0.19     7.61     0  02:14        0.19
  WS02006245           JUNCTION     0.18     0.22     7.71     0  02:13        0.22
  WS02006247           JUNCTION     0.20     0.25     7.75     0  02:13        0.25
  WS02006248           JUNCTION     0.16     0.20     7.79     0  02:13        0.20
  WS02006249           JUNCTION     0.20     0.25     7.85     0  02:12        0.25
  WS02006239           JUNCTION     0.19     0.24     7.45     0  02:16        0.24
  WS02006251           JUNCTION     0.19     0.23     7.90     0  02:12        0.23
  WS02006252           JUNCTION     0.50     0.59     8.84     0  04:47        0.59
  WS02006253           JUNCTION     0.22     0.27     7.92     0  02:11        0.27
  WS02006256           JUNCTION     1.89     2.35     9.28     0  00:00        2.35
  WS02004138           JUNCTION     0.19     0.20     7.45     0  00:00        0.19
  WS02004139           JUNCTION     0.24     0.25     5.16     0  02:28        0.25
  WS02004407           JUNCTION     0.12     0.21     6.53     0  02:20        0.21
  WS02006228           JUNCTION     0.47     0.70     7.35     0  02:14        0.70
  WS02006229           JUNCTION     0.43     0.66     7.36     0  02:14        0.66
  WS02006280           JUNCTION     0.07     0.15     8.42     0  02:12        0.15
  WS02006284           JUNCTION     0.36     0.49     8.89     0  02:12        0.49
  WS02006287           JUNCTION     0.10     0.23     9.18     0  02:12        0.23
  WSF200               JUNCTION     0.11     0.20     5.44     0  02:24        0.20
  HS02004901           JUNCTION     0.12     0.24    10.06     0  02:09        0.24
  HS02004881           JUNCTION     0.01     0.03     9.06     0  02:11        0.03
  HS02004876           JUNCTION     0.05     0.10     9.13     0  02:09        0.10
  HS02004870           JUNCTION     0.02     0.05     9.33     0  02:12        0.05
  HS02004862           JUNCTION     0.02     0.05     9.44     0  02:13        0.05
  HS02004856           JUNCTION     0.08     0.11     9.53     0  02:12        0.11
  HS02004852           JUNCTION     0.01     0.03     9.54     0  02:13        0.03
  HS02004848           JUNCTION     0.01     0.03     9.63     0  02:12        0.03
  HS02004842           JUNCTION     0.33     0.36     9.63     0  02:12        0.36
  HS02004837           JUNCTION     0.03     0.05     9.63     0  02:12        0.05
  HS02004830           JUNCTION     0.04     0.07     9.53     0  02:13        0.07
  HS02004824           JUNCTION     0.02     0.05     9.45     0  02:15        0.05
  HS02004817           JUNCTION     0.43     0.54     9.39     0  02:13        0.54
  HS02004807           JUNCTION     0.12     0.21     9.38     0  02:13        0.21
  HS02004802           JUNCTION     0.16     0.25     9.38     0  02:12        0.25
  HS02004799           JUNCTION     0.12     0.27     9.48     0  02:10        0.27
  HS02004792           JUNCTION     0.03     0.10     9.63     0  02:09        0.10
  HS02004788           JUNCTION     0.03     0.08     9.98     0  02:10        0.08
  HS02004785           JUNCTION     0.05     0.14    10.04     0  02:10        0.14
  HS02004777           JUNCTION     0.15     0.26    10.06     0  02:10        0.26
  HS02004770           JUNCTION     0.12     0.23    10.06     0  02:09        0.23
  HS02004480           JUNCTION     0.08     0.21     9.45     0  02:11        0.21
  HS02004479           JUNCTION     0.12     0.25     9.45     0  02:10        0.25
  HS02004478           JUNCTION     0.06     0.14     9.36     0  02:12        0.14
  YS02001745           JUNCTION     0.22     0.54     8.06     0  04:21        0.54
  YS02001748           JUNCTION     0.55     0.97     8.04     0  04:21        0.96
  YS02001751           JUNCTION     0.72     1.35     8.23     0  03:22        1.16
  YS02001754           JUNCTION     0.96     1.42     8.03     0  04:14        1.42
  YS02001762           JUNCTION     1.15     1.64     8.04     0  04:22        1.63
  YS02001765           JUNCTION     1.10     1.60     8.05     0  04:22        1.59
  YS02001767           JUNCTION     1.07     1.56     8.05     0  04:22        1.56
  YS02001770           JUNCTION     1.07     1.57     8.06     0  04:22        1.56
  YS02001774           JUNCTION     1.13     1.64     8.06     0  04:22        1.63
  YS02001779           JUNCTION     0.89     1.38     8.07     0  04:22        1.37
  YS02001882           JUNCTION     0.35     0.61     7.33     0  02:47        0.61
  YS02001884           JUNCTION     0.44     0.71     7.33     0  02:50        0.71
  YS02001759           JUNCTION     1.18     1.67     8.04     0  04:22        1.66
  YS02001887           JUNCTION     0.52     0.79     7.33     0  02:47        0.79
  YS02001890           JUNCTION     0.55     0.82     7.32     0  02:55        0.82
  YS02001898           JUNCTION     0.32     0.58     7.31     0  02:49        0.58
  YS02001901           JUNCTION     0.44     0.70     7.31     0  02:48        0.70
  YS02001904           JUNCTION     0.42     0.68     7.31     0  02:48        0.67
  YS02001907           JUNCTION     0.74     1.04     7.33     0  03:00        1.02
  YS02001910           JUNCTION     0.53     0.80     7.31     0  02:54        0.80
  YS02001915           JUNCTION     0.34     0.59     7.31     0  02:53        0.59
  YS02001918           JUNCTION     0.11     0.24     7.31     0  02:53        0.24
  YS02001619           JUNCTION     0.69     1.11     8.04     0  04:21        1.10
  YS02001629           JUNCTION     1.02     1.47     8.02     0  04:21        1.47
  YS02001641           JUNCTION     1.12     1.57     8.01     0  04:21        1.56
  YS02001644           JUNCTION     1.13     1.59     8.02     0  04:15        1.57
  YS02001652           JUNCTION     0.97     1.53     8.12     0  03:17        1.42
  YS02001655           JUNCTION     0.75     1.54     8.39     0  02:59        1.30
  YS02001920           JUNCTION     0.21     0.31     7.32     0  02:59        0.31
  YS02001923           JUNCTION     0.08     0.11     7.37     0  03:01        0.11
  YS02001926           JUNCTION     0.17     0.22     7.67     0  03:01        0.22
  YS02001929           JUNCTION     0.08     0.12     7.81     0  03:01        0.12
  YS02001658           JUNCTION     0.50     0.92     8.06     0  04:18        0.91
  YS02001661           JUNCTION     0.32     0.62     8.02     0  04:17        0.61
  YS02001664           JUNCTION     0.09     0.15     8.07     0  02:44        0.15
  YS02001622           JUNCTION     0.71     1.13     8.04     0  04:21        1.12
  YS02001633           JUNCTION     1.11     1.56     8.01     0  04:23        1.55
  YS02001649           JUNCTION     1.16     1.63     8.02     0  04:22        1.62
  YS02001757           JUNCTION     1.28     1.76     8.02     0  04:21        1.76
  YS02001895           JUNCTION     0.32     0.57     7.32     0  02:55        0.57
  YS02001625           JUNCTION     0.98     1.43     8.03     0  04:21        1.42
  YS02163301           JUNCTION     1.05     1.50     8.02     0  04:22        1.50
  YS02163601           JUNCTION     1.16     1.60     8.00     0  04:15        1.59
  YS02164001           JUNCTION     1.11     1.55     8.01     0  04:23        1.54
  YS02001647           JUNCTION     0.96     1.41     8.02     0  04:15        1.40
  YSB1154              JUNCTION     0.25     0.39     9.45     0  02:10        0.39
  YSB6556              JUNCTION     0.15     0.28     9.45     0  02:11        0.28
  YSB1174              JUNCTION     0.21     0.34     9.45     0  02:11        0.34
  YSB1171              JUNCTION     0.40     0.55     9.45     0  02:10        0.55
  YS02006553           JUNCTION     0.74     1.04     7.32     0  03:00        1.03
  YS02006561           JUNCTION     0.17     0.33     6.99     0  02:56        0.32
  YS02006556           JUNCTION     0.72     0.99     7.30     0  02:57        0.99
  YS02006558           JUNCTION     0.76     1.04     7.31     0  02:48        1.04
  YS02001783           JUNCTION     0.31     0.57     6.71     0  02:56        0.57
  YS02001784           JUNCTION     0.34     0.59     6.65     0  02:56        0.58
  YS02001786           JUNCTION     0.28     0.49     6.52     0  02:56        0.49
  YS02001788           JUNCTION     0.21     0.38     6.36     0  02:57        0.38
  YS02001790           JUNCTION     0.26     0.46     6.11     0  02:57        0.46
  YS02001791           JUNCTION     0.16     0.28     5.75     0  02:57        0.28
  YS02001793           JUNCTION     0.11     0.18     5.01     0  02:57        0.18
  WSC                  OUTFALL      0.13     0.21     0.88     0  02:28        0.21
  3                    OUTFALL      0.00     0.00     7.16     0  00:00        0.00
  4                    OUTFALL      0.00     0.00     7.67     0  00:00        0.00
  5                    OUTFALL      0.00     0.00     4.91     0  00:00        0.00
  JK-storage           STORAGE      0.01     3.00     3.80     0  00:00        2.00
  CC-storage           STORAGE      0.51     0.95     7.95     0  04:36        0.95
  XR-storage           STORAGE      0.69     5.00     3.00     0  00:00        4.91
  
  
  *******************
  Node Inflow Summary
  *******************
  
  -------------------------------------------------------------------------------------------------
                                  Maximum  Maximum                  Lateral       Total        Flow
                                  Lateral    Total  Time of Max      Inflow      Inflow     Balance
                                   Inflow   Inflow   Occurrence      Volume      Volume       Error
  Node                 Type           LPS      LPS  days hr:min    10^6 ltr    10^6 ltr     Percent
  -------------------------------------------------------------------------------------------------
  WS02001211           JUNCTION      7.35    55.09     0  00:02       0.207       0.271       3.700
  WS02001212           JUNCTION      0.00    23.05     0  00:04           0       0.166       1.433
  WS02001213           JUNCTION      0.00    35.91     0  02:02           0       0.168       5.634
  WS02003069           JUNCTION      0.32   276.49     0  02:25     0.00902        2.66       0.227
  WS02003072           JUNCTION      0.00   276.17     0  02:26           0        2.65       0.364
  WS02003073           JUNCTION      1.82   277.90     0  02:27      0.0514        2.69       0.318
  WS02003060           JUNCTION     16.53   297.22     0  02:24       0.466        2.73       0.211
  WS02003066           JUNCTION      0.00   280.69     0  02:24           0        2.16       0.082
  WS02003059           JUNCTION      0.00    52.60     0  02:02           0       0.184      10.747
  WS02003067           JUNCTION      0.00   280.70     0  02:24           0        2.17       0.222
  WS02004401           JUNCTION      0.00   283.55     0  02:17           0        2.28       0.511
  WS02004402           JUNCTION      0.00   283.05     0  02:18           0        2.27       0.516
  WS02004403           JUNCTION      0.00   282.80     0  02:19           0        2.26       0.497
  WS02004404           JUNCTION      0.16   282.77     0  02:19     0.00457        2.25       0.403
  WS02004406           JUNCTION      0.00   282.69     0  02:19           0        2.23       1.002
  WS02004409           JUNCTION      0.00   282.54     0  02:20           0        2.21       0.193
  WS02004410           JUNCTION      0.00   281.90     0  02:22           0         2.2       0.276
  WS02004411           JUNCTION      0.00   281.45     0  02:22           0         2.2       0.329
  WS02004412           JUNCTION      0.00   281.10     0  02:23           0        2.19       0.418
  WS02004413           JUNCTION      0.00   280.85     0  02:23           0        2.18       0.722
  WS02004405           JUNCTION      0.04   282.73     0  02:19     0.00107        2.25       0.623
  WS02006109           JUNCTION      1.23   278.32     0  02:13      0.0347         2.3       0.524
  WS02006110           JUNCTION      0.00   278.33     0  02:14           0        2.29       0.464
  WS02006111           JUNCTION      0.00   281.95     0  02:13           0        2.28       0.051
  WS02006112           JUNCTION      9.50   287.20     0  02:14      0.0405        2.32       0.695
  WS02006113           JUNCTION      0.00   278.40     0  02:14           0        2.28       0.115
  WS02006115           JUNCTION      0.00   285.66     0  02:15           0         2.3       0.409
  WS02006116           JUNCTION      0.00   284.40     0  02:16           0        2.29       0.347
  WS02006230           JUNCTION     10.28    49.65     0  02:48        0.29           1       0.494
  WS02006231           JUNCTION      0.00    39.23     0  02:55           0       0.712       0.182
  WS02006232           JUNCTION      0.00    39.17     0  02:57           0       0.717       0.701
  WS02006234           JUNCTION      0.00    39.13     0  02:59           0       0.718       0.084
  WS02006235           JUNCTION      0.00   361.91     0  02:16           0        6.97       0.044
  WS02006238           JUNCTION      0.00    78.82     0  02:17           0        1.48       0.165
  WS02006240           JUNCTION      0.00    78.83     0  02:15           0        1.48       0.259
  WS02006242           JUNCTION      0.00    78.85     0  02:14           0        1.48       0.399
  WS02006243           JUNCTION      0.00    78.85     0  02:14           0        1.48       0.158
  WS02006245           JUNCTION      0.00    78.85     0  02:13           0        1.49       0.270
  WS02006247           JUNCTION      0.00    78.85     0  02:13           0        1.49       0.231
  WS02006248           JUNCTION      0.00    78.86     0  02:12           0        1.49       0.097
  WS02006249           JUNCTION      0.00    78.86     0  02:12           0         1.5       0.356
  WS02006239           JUNCTION      0.00    78.82     0  02:16           0        1.48       0.224
  WS02006251           JUNCTION      0.08   448.83     0  02:11     0.00217         8.7       0.038
  WS02006252           JUNCTION      0.00   400.00     0  01:59           0        8.47       0.006
  WS02006253           JUNCTION      1.30    48.75     0  02:11     0.00524        0.23       1.115
  WS02006256           JUNCTION      0.00   983.00     0  00:00           0        9.75      -0.014
  WS02004138           JUNCTION      0.00   380.00     0  00:00           0        10.7       0.060
  WS02004139           JUNCTION      0.32   408.65     0  02:28     0.00905        10.9       0.081
  WS02004407           JUNCTION      0.00   282.58     0  02:20           0        2.21       0.094
  WS02006228           JUNCTION      0.00   277.23     0  02:13           0        2.28       0.332
  WS02006229           JUNCTION      0.00   277.46     0  02:13           0        2.28       0.311
  WS02006280           JUNCTION      0.00   239.35     0  02:12           0        1.29       0.006
  WS02006284           JUNCTION      0.10   239.35     0  02:12      0.0027        1.29       0.092
  WS02006287           JUNCTION      0.00   239.25     0  02:12           0        1.29       0.054
  WSF200               JUNCTION      0.00   280.68     0  02:24           0        2.16       0.046
  HS02004901           JUNCTION     11.55    11.55     0  02:06      0.0487      0.0489       3.734
  HS02004881           JUNCTION      4.90    47.58     0  02:11      0.0213       0.225       0.028
  HS02004876           JUNCTION      8.65    42.81     0  02:12      0.0408       0.204       0.262
  HS02004870           JUNCTION      9.00    34.26     0  02:12      0.0403       0.164       0.066
  HS02004862           JUNCTION      8.27    25.58     0  02:12       0.046       0.123       0.138
  HS02004856           JUNCTION      6.73    17.36     0  02:11      0.0303      0.0789       1.859
  HS02004852           JUNCTION      0.00    10.86     0  02:12           0      0.0487       0.108
  HS02004848           JUNCTION     17.69    17.69     0  02:14      0.0967      0.0967       0.047
  HS02004842           JUNCTION      0.00     7.13     0  02:22           0       0.061      27.080
  HS02004837           JUNCTION     21.44    27.99     0  02:12       0.249       0.297       0.275
  HS02004830           JUNCTION      0.15    28.13     0  02:12     0.00423       0.288       0.430
  HS02004824           JUNCTION     20.95    48.94     0  02:15       0.127       0.413       0.131
  HS02004817           JUNCTION      0.60    49.54     0  02:15      0.0169       0.429       4.040
  HS02004807           JUNCTION     16.72    65.38     0  02:14      0.0741       0.487       0.888
  HS02004802           JUNCTION      0.00    65.60     0  02:15           0       0.483       0.833
  HS02004799           JUNCTION     13.24   147.45     0  02:09      0.0599       0.699       0.368
  HS02004792           JUNCTION     56.97   134.31     0  02:09       0.257       0.639       0.065
  HS02004788           JUNCTION     19.86    78.13     0  02:10        0.13       0.383       0.103
  HS02004785           JUNCTION      0.15    58.43     0  02:09     0.00423       0.254       0.191
  HS02004777           JUNCTION      0.03    58.50     0  02:08    0.000846       0.254       2.082
  HS02004770           JUNCTION     47.72    58.88     0  02:07       0.208       0.255       1.228
  HS02004480           JUNCTION      0.00   174.64     0  02:10           0        0.82       0.138
  HS02004479           JUNCTION      0.00    27.50     0  02:11           0       0.134       0.548
  HS02004478           JUNCTION      0.00   239.24     0  02:12           0        1.29       0.029
  YS02001745           JUNCTION    135.08   221.36     0  04:07        1.41         1.5       0.145
  YS02001748           JUNCTION      0.04   290.33     0  04:06     0.00127         1.5      -0.155
  YS02001751           JUNCTION      0.01   298.29     0  03:16     0.00031        1.42       0.438
  YS02001754           JUNCTION      0.26   199.23     0  02:59     0.00733        1.41       1.204
  YS02001762           JUNCTION      0.00   199.29     0  02:52           0        1.56       1.245
  YS02001765           JUNCTION      0.00   195.75     0  02:52           0        1.56       1.401
  YS02001767           JUNCTION      0.54   193.17     0  02:52      0.0151        1.57       1.980
  YS02001770           JUNCTION    167.11   185.84     0  02:52        1.61        1.65       1.596
  YS02001774           JUNCTION      0.00    36.09     0  01:57           0      0.0849      35.367
  YS02001779           JUNCTION      0.01    26.38     0  02:25    0.000141      0.0312      46.860
  YS02001882           JUNCTION      0.00    11.40     0  02:46           0      0.0108      21.392
  YS02001884           JUNCTION      0.00    12.97     0  02:46           0      0.0363      17.330
  YS02001759           JUNCTION    160.78   363.82     0  02:52         1.5        3.02       0.706
  YS02001887           JUNCTION    203.97   219.69     0  02:50        1.75        1.77       0.436
  YS02001890           JUNCTION      0.00   213.09     0  02:50           0        1.74       0.485
  YS02001898           JUNCTION      0.00   213.10     0  02:57           0        1.72       0.149
  YS02001901           JUNCTION      0.00   218.85     0  02:39           0        1.72       0.355
  YS02001904           JUNCTION      0.00   220.73     0  02:38           0        1.72       0.327
  YS02001907           JUNCTION      0.00   422.62     0  03:00           0        3.74       0.607
  YS02001910           JUNCTION      0.00   202.33     0  03:00           0        2.04       0.533
  YS02001915           JUNCTION    118.87   192.16     0  02:56        1.19        2.04       0.252
  YS02001918           JUNCTION      0.00    67.22     0  02:57           0        0.85       0.174
  YS02001619           JUNCTION    116.30   116.30     0  03:01        1.18        1.18       0.285
  YS02001629           JUNCTION      0.00   228.89     0  02:56           0        1.14       1.282
  YS02001641           JUNCTION      0.00   280.46     0  02:33           0        2.46       0.767
  YS02001644           JUNCTION    128.72   398.03     0  02:33        1.36        3.79       0.614
  YS02001652           JUNCTION      0.00   216.61     0  02:50           0        1.29       1.404
  YS02001655           JUNCTION      0.15   346.31     0  02:49     0.00434         1.3       0.414
  YS02001920           JUNCTION      2.87    63.24     0  03:01      0.0809       0.852       0.286
  YS02001923           JUNCTION      0.04    60.37     0  03:01     0.00106       0.772       0.052
  YS02001926           JUNCTION      0.05    60.45     0  03:01     0.00147       0.774       0.355
  YS02001929           JUNCTION     60.42    60.42     0  03:01       0.772       0.772       0.051
  YS02001658           JUNCTION      0.00   389.72     0  03:00           0        1.46      -0.075
  YS02001661           JUNCTION      0.00   282.11     0  03:19           0        1.46       0.135
  YS02001664           JUNCTION    146.73   146.73     0  02:44        1.29        1.29       0.003
  YS02001622           JUNCTION      0.00   167.10     0  02:56           0        1.18       1.012
  YS02001633           JUNCTION    131.15   280.38     0  02:34         1.4        2.51       1.132
  YS02001649           JUNCTION      0.00   586.43     0  02:32           0        5.01       0.693
  YS02001757           JUNCTION      0.00  1072.29     0  02:32           0        9.34       0.970
  YS02001895           JUNCTION      0.00   214.66     0  02:47           0        1.73       0.244
  YS02001625           JUNCTION      0.00   229.69     0  02:56           0        1.17       2.351
  YS02163301           JUNCTION      0.00   160.58     0  02:34           0        1.14       1.751
  YS02163601           JUNCTION      0.11   279.91     0  02:34      0.0031        2.48       1.129
  YS02164001           JUNCTION      0.00   279.49     0  02:34           0        2.46       0.692
  YS02001647           JUNCTION      0.00   399.65     0  02:33           0        3.76       0.549
  YSB1154              JUNCTION     15.40    15.40     0  02:09      0.0727      0.0736       2.006
  YSB6556              JUNCTION      0.00    15.35     0  02:10           0      0.0743       1.705
  YSB1174              JUNCTION     12.74    12.74     0  02:05      0.0528      0.0534       2.468
  YSB1171              JUNCTION      0.00    27.48     0  02:10           0       0.133       4.993
  YS02006553           JUNCTION      0.00   413.39     0  02:55           0        3.73       0.397
  YS02006561           JUNCTION      0.00   627.70     0  02:55           0        5.28      -0.008
  YS02006556           JUNCTION      0.00   411.13     0  02:56           0        3.74       0.287
  YS02006558           JUNCTION    176.10   597.63     0  02:55         1.6        5.31       0.107
  YS02001783           JUNCTION      0.00   591.40     0  02:56           0        5.28       0.035
  YS02001784           JUNCTION      1.06   592.05     0  02:56      0.0299        5.31       0.057
  YS02001786           JUNCTION      0.06   585.49     0  02:56     0.00159        5.31       0.055
  YS02001788           JUNCTION      0.07   584.16     0  02:57       0.002        5.31       0.032
  YS02001790           JUNCTION      0.15   583.19     0  02:57     0.00437        5.31       0.039
  YS02001791           JUNCTION      0.00   581.72     0  02:57           0        5.31       0.021
  YS02001793           JUNCTION      0.00   581.99     0  02:57           0        5.31       0.008
  WSC                  OUTFALL       0.00   277.84     0  02:28           0        2.68       0.000
  3                    OUTFALL       0.00   333.66     0  02:16           0        6.25       0.000
  4                    OUTFALL       0.00   369.97     0  02:12           0         7.2       0.000
  5                    OUTFALL       0.00   408.64     0  02:28           0        10.8       0.000
  JK-storage           STORAGE       0.00   582.16     0  02:57           0        5.46     -43.988
  CC-storage           STORAGE       0.00  1072.80     0  02:32           0        9.25      -0.717
  XR-storage           STORAGE     450.98   450.98     0  03:01        8.55        9.15     -14.587
  
  
  **********************
  Node Surcharge Summary
  **********************
  
  Surcharging occurs when water rises above the top of the highest conduit.
  ---------------------------------------------------------------------
                                               Max. Height   Min. Depth
                                   Hours       Above Crown    Below Rim
  Node                 Type      Surcharged         Meters       Meters
  ---------------------------------------------------------------------
  WS02006252           JUNCTION        5.88          0.193        0.907
  WS02006256           JUNCTION        6.19          2.050        0.000
  YS02001751           JUNCTION        1.81          0.354        0.846
  YS02001754           JUNCTION        3.91          0.373        0.777
  YS02001762           JUNCTION        5.34          0.642        0.508
  YS02001765           JUNCTION        5.05          0.600        0.500
  YS02001767           JUNCTION        4.80          0.564        0.466
  YS02001770           JUNCTION        4.65          0.537        0.383
  YS02001774           JUNCTION        5.25          0.643        0.407
  YS02001779           JUNCTION        3.75          0.380        0.300
  YS02001759           JUNCTION        5.50          0.672        0.538
  YS02001907           JUNCTION        0.15          0.031        0.919
  YS02001619           JUNCTION        1.25          0.114        0.496
  YS02001629           JUNCTION        1.33          0.092        0.378
  YS02001641           JUNCTION        5.18          0.575        0.525
  YS02001644           JUNCTION        5.21          0.586        0.334
  YS02001652           JUNCTION        4.08          0.499        0.631
  YS02001655           JUNCTION        2.30          0.540        0.660
  YS02001622           JUNCTION        1.66          0.134        0.486
  YS02001633           JUNCTION        4.96          0.539        0.521
  YS02001649           JUNCTION        5.38          0.632        0.418
  YS02001757           JUNCTION        5.73          0.762        0.448
  YS02001625           JUNCTION        4.26          0.425        0.355
  YS02163301           JUNCTION        4.71          0.501        0.529
  YS02163601           JUNCTION        5.37          0.603        0.477
  YS02164001           JUNCTION        5.05          0.547        0.553
  YS02001647           JUNCTION        4.19          0.408        0.492
  YS02006553           JUNCTION        0.49          0.038        1.152
  
  
  *********************
  Node Flooding Summary
  *********************
  
  Flooding refers to all water that overflows a node, whether it ponds or not.
  --------------------------------------------------------------------------
                                                             Total   Maximum
                                 Maximum   Time of Max       Flood    Ponded
                        Hours       Rate    Occurrence      Volume     Depth
  Node                 Flooded       LPS   days hr:min    10^6 ltr    Meters
  --------------------------------------------------------------------------
  WS02006256              3.81    978.40      0  00:00       4.245     0.000
  
  
  **********************
  Storage Volume Summary
  **********************
  
  --------------------------------------------------------------------------------------------------
                         Average     Avg  Evap Exfil       Maximum     Max    Time of Max    Maximum
                          Volume    Pcnt  Pcnt  Pcnt        Volume    Pcnt     Occurrence    Outflow
  Storage Unit           1000 m3    Full  Loss  Loss       1000 m3    Full    days hr:min        LPS
  --------------------------------------------------------------------------------------------------
  JK-storage               0.000       0     0     0         0.151      52       0  00:00     983.00
  CC-storage               1.434       9     0     0         2.644      17       0  04:36     400.00
  XR-storage               0.082       9     0     0         0.600      65       0  00:00     380.00
  
  
  ***********************
  Outfall Loading Summary
  ***********************
  
  ---------------------------------------------------------------------------------------------------------------------------------
                         Flow       Avg       Max       Total         Total         Total         Total         Total         Total
                         Freq      Flow      Flow      Volume           COD            SS            TN            TP         NH4-N
  Outfall Node           Pcnt       LPS       LPS    10^6 ltr            kg            kg            kg            kg            kg
  ---------------------------------------------------------------------------------------------------------------------------------
  WSC                   99.97    114.43    277.84       2.684       297.305       500.600        20.498         2.447        12.492
  3                     99.98    255.17    333.66       6.246        91.103       156.305         2.353         0.195         1.219
  4                     99.97    289.38    369.97       7.203       499.465       856.145        12.967         1.078         6.724
  5                     99.99    386.27    408.64      10.849       814.494      1314.719        73.400         9.086        45.610
  ---------------------------------------------------------------------------------------------------------------------------------
  System                99.98   1045.25   1376.63      26.982      1702.367      2827.769       109.218        12.806        66.045
  
  
  ********************
  Link Flow Summary
  ********************
  
  -----------------------------------------------------------------------------
                                 Maximum  Time of Max   Maximum    Max/    Max/
                                  |Flow|   Occurrence   |Veloc|    Full    Full
  Link                 Type          LPS  days hr:min     m/sec    Flow   Depth
  -----------------------------------------------------------------------------
  WS02003066WSF200     CONDUIT    280.68     0  02:24      2.42    0.05    0.16
  WS02006287WS02006284 CONDUIT    239.25     0  02:12      1.71    0.11    0.23
  WS02006284WS02006280 CONDUIT    239.35     0  02:12      1.95    0.10    0.21
  WS02006280WS02006229 CONDUIT    239.35     0  02:12      3.13    0.05    0.15
  WS02006229WS02006228 CONDUIT    277.23     0  02:13      0.62    0.92    0.83
  WS02006256WS02006235 CONDUIT    283.09     0  02:16      4.46    3.00    0.86
  WS02006253WS02006251 CONDUIT     48.75     0  02:11      0.51    0.15    0.35
  WS02006252WS02006251 CONDUIT    400.94     0  04:53      3.19    1.47    1.00
  WS02006251WS02006249 CONDUIT     78.86     0  02:12      0.69    0.23    0.34
  WS02006249WS02006248 CONDUIT     78.86     0  02:12      0.79    0.43    0.31
  WS02006248WS02006247 CONDUIT     78.85     0  02:13      0.79    0.17    0.32
  WS02006247WS02006245 CONDUIT     78.85     0  02:13      0.74    0.63    0.33
  WS02006245WS02006243 CONDUIT     78.85     0  02:14      0.86    0.23    0.29
  WS02006243WS02006242 CONDUIT     78.85     0  02:14      0.77    0.17    0.34
  WS02006242WS02006240 CONDUIT     78.83     0  02:15      0.60    0.31    0.37
  WS02006240WS02006239 CONDUIT     78.82     0  02:16      0.80    0.25    0.30
  WS02006239WS02006238 CONDUIT     78.82     0  02:17      0.75    0.25    0.34
  WS02006238WS02006235 CONDUIT     78.82     0  02:17      1.17    0.18    0.34
  WS02006235WS02006234 CONDUIT     39.13     0  02:59      0.53    0.41    0.29
  WS02006234WS02006232 CONDUIT     39.17     0  02:57      0.82    0.08    0.39
  WS02006232WS02006231 CONDUIT     39.23     0  02:55      0.33    0.08    0.40
  WS02006231WS02006230 CONDUIT     39.37     0  02:48      0.60    0.60    0.34
  WS02006230WS02006229 CONDUIT     50.69     0  02:45      0.40    1.13    0.88
  WS02006228WS02006109 CONDUIT    277.09     0  02:13      0.60    1.21    0.87
  WS02006116WS02004401 CONDUIT    283.55     0  02:17      0.54    0.39    0.63
  WS02006115WS02006116 CONDUIT    284.40     0  02:16      0.74    0.36    0.55
  WS02006113WS02006111 CONDUIT    281.95     0  02:13      1.97    0.34    0.33
  WS02006112WS02006115 CONDUIT    285.66     0  02:15      0.52    0.17    0.67
  WS02006111WS02006112 CONDUIT    278.48     0  02:14      0.86    0.13    0.62
  WS02006110WS02006113 CONDUIT    278.40     0  02:14      0.81    0.25    0.65
  WS02006109WS02006110 CONDUIT    278.33     0  02:14      0.63    0.54    0.82
  WS02004411WS02004412 CONDUIT    281.10     0  02:23      0.80    0.40    0.52
  WS02004401WS02004402 CONDUIT    283.05     0  02:18      0.51    0.34    0.67
  WS02004413WS02003067 CONDUIT    280.70     0  02:24      0.78    0.12    0.47
  WS02004412WS02004413 CONDUIT    280.85     0  02:23      0.78    0.19    0.61
  WS02004410WS02004411 CONDUIT    281.45     0  02:22      0.72    0.38    0.50
  WS02004409WS02004410 CONDUIT    281.90     0  02:22      0.76    0.36    0.48
  WS02004407WS02004409 CONDUIT    282.54     0  02:20      1.21    0.10    0.34
  WS02004406WS02004407 CONDUIT    282.58     0  02:20      0.71    0.13    0.51
  WS02004405WS02004406 CONDUIT    282.69     0  02:19      0.42    0.56    0.79
  WS02004404WS02004405 CONDUIT    282.69     0  02:19      0.43    2.77    0.78
  WS02004403WS02004404 CONDUIT    282.61     0  02:19      0.45    0.20    0.75
  WS02004402WS02004403 CONDUIT    282.80     0  02:19      0.49    0.41    0.70
  WS02004139WS02001211 CONDUIT     47.74     0  00:02      0.48    0.06    0.20
  WS02004138WS02004139 CONDUIT    396.29     0  00:00      3.67    0.08    0.20
  WS02003067WS02003066 CONDUIT    280.69     0  02:24      0.84    0.09    0.34
  WS02001213WS02003059 CONDUIT     31.22     0  02:02      0.14    0.05    0.46
  WS02001212WS02001213 CONDUIT     20.99     0  02:25      0.46    0.03    0.11
  WS02001211WS02001212 CONDUIT     23.05     0  00:04      0.24    0.02    0.21
  WS02003072WS02003073 CONDUIT    276.08     0  02:27      1.13    0.60    0.27
  WS02003069WS02003072 CONDUIT    276.17     0  02:26      1.09    0.13    0.28
  WS02003060WS02003069 CONDUIT    276.17     0  02:25      1.37    0.11    0.23
  WS02003059WS02003060 CONDUIT     52.60     0  02:02      0.56    0.03    0.39
  HS02004901HS02004770 CONDUIT     11.26     0  02:09      0.05    0.04    0.33
  HS02004876HS02004881 CONDUIT     42.88     0  02:12      0.65    0.46    0.09
  HS02004870HS02004876 CONDUIT     34.25     0  02:12      0.46    0.02    0.11
  HS02004842HS02004848 CONDUIT      7.13     0  02:22      0.04    0.00    0.28
  HS02004837HS02004842 CONDUIT      7.28     0  02:23      0.42    0.00    0.30
  HS02004830HS02004837 CONDUIT     27.98     0  02:12      0.47    0.03    0.08
  HS02004824HS02004830 CONDUIT     28.13     0  02:13      0.51    0.04    0.08
  HS02004817HS02004824 CONDUIT     48.94     0  02:15      0.17    0.02    0.42
  HS02004770HS02004777 CONDUIT     58.47     0  02:08      0.24    0.11    0.35
  HS02004799HS02004480 CONDUIT    147.33     0  02:10      0.63    0.19    0.33
  HS02004792HS02004799 CONDUIT    134.28     0  02:09      0.72    0.08    0.27
  HS02004788HS02004792 CONDUIT     78.09     0  02:10      0.87    0.05    0.13
  HS02004785HS02004788 CONDUIT     58.38     0  02:10      0.54    0.44    0.15
  HS02004777HS02004785 CONDUIT     58.28     0  02:09      0.29    0.07    0.28
  HS02004480HS02004478 CONDUIT    174.62     0  02:11      1.01    0.74    0.25
  HS02004479HS02004480 CONDUIT     27.65     0  02:12      0.25    0.03    0.33
  HS02004862HS02004870 CONDUIT     25.56     0  02:13      0.51    0.03    0.07
  HS02004848HS02004852 CONDUIT     10.86     0  02:12      0.35    0.01    0.04
  HS02004856HS02004862 CONDUIT     17.33     0  02:12      0.38    0.02    0.07
  HS02004852HS02004856 CONDUIT     10.84     0  02:13      0.15    0.01    0.10
  HS02004802HS02004478 CONDUIT     65.88     0  02:16      0.35    0.06    0.28
  HS02004478WS02006287 CONDUIT    239.25     0  02:12      1.40    0.07    0.19
  HS02004817HS02004807 CONDUIT     49.94     0  02:17      0.13    0.03    0.54
  HS02004807HS02004802 CONDUIT     65.60     0  02:15      0.29    0.13    0.32
  YS02001759YS02001757 CONDUIT    366.43     0  02:52      0.47    0.26    1.00
  YS02001762YS02001759 CONDUIT    203.11     0  02:52      0.26    0.23    1.00
  YS02001765YS02001762 CONDUIT    199.29     0  02:52      0.27    0.19    1.00
  YS02001770YS02001767 CONDUIT    192.63     0  02:52      0.30    0.76    1.00
  YS02001774YS02001770 CONDUIT     36.09     0  01:57      0.19    0.02    1.00
  YS02001779YS02001774 CONDUIT     26.38     0  02:25      0.07    0.01    1.00
  YS02001649YS02001757 CONDUIT    587.65     0  02:32      0.75    0.36    1.00
  YS02001767YS02001765 CONDUIT    195.75     0  02:52      0.31    0.25    1.00
  YS02006561YS02001783 CONDUIT    591.40     0  02:56      2.07    0.31    0.56
  YS02001783YS02001784 CONDUIT    590.99     0  02:56      1.53    0.81    0.72
  YS02001784YS02001785 CONDUIT    585.44     0  02:56      1.63    1.36    0.67
  YS02001788YS02001790 CONDUIT    583.04     0  02:57      2.17    0.43    0.53
  YS02001790YS02001791 CONDUIT    581.72     0  02:57      2.54    0.63    0.46
  YS02001791YS02001793 CONDUIT    581.99     0  02:57      4.81    0.25    0.29
  YS02001910YS02001907 CONDUIT    206.84     0  03:00      0.49    0.12    0.90
  YS02001786YS02001788 CONDUIT    584.09     0  02:57      2.08    1.13    0.55
  YS02001915YS02001910 CONDUIT    202.33     0  03:00      0.52    0.10    0.69
  YS02001918YS02001915 CONDUIT     73.42     0  02:56      0.44    0.04    0.41
  YS02001923YS02001920 CONDUIT     60.37     0  03:01      0.57    0.03    0.21
  YS02001926YS02001923 CONDUIT     60.34     0  03:01      0.64    0.09    0.18
  YS02001929YS02001926 CONDUIT     60.39     0  03:01      0.69    0.03    0.17
  YS02001920YS02001918 CONDUIT     67.22     0  02:57      0.56    0.07    0.27
  YS02001629YS02163301 CONDUIT    160.58     0  02:34      0.20    0.20    1.00
  YS02001619YS02001622 CONDUIT    167.10     0  02:56      0.58    0.25    1.00
  YS02001622YS02001625 CONDUIT    229.69     0  02:56      0.30    0.12    1.00
  YS02001625YS02001629 CONDUIT    228.89     0  02:56      0.30    0.11    1.00
  YS02163301YS02001633 CONDUIT    161.17     0  02:34      0.21    0.15    1.00
  YS02163601YS02164001 CONDUIT    279.49     0  02:34      0.36    0.25    1.00
  YS02164001YS02001641 CONDUIT    280.46     0  02:33      0.36    0.38    1.00
  YS02001641YS02001644 CONDUIT    281.01     0  02:33      0.36    0.91    1.00
  YS02001647YS02001649 CONDUIT    411.85     0  02:33      0.53    0.22    1.00
  YS02006553YS02006556 CONDUIT    411.13     0  02:56      0.53    0.35    0.98
  YS02006556YS02006558 CONDUIT    423.16     0  02:55      0.54    0.33    1.00
  YSB6556YSB1171       CONDUIT     15.52     0  02:13      0.07    0.02    0.59
  YS02001907YS02006553 CONDUIT    413.39     0  02:55      0.46    0.49    1.00
  YS02006558YS02006561 CONDUIT    627.70     0  02:55      3.02    1.39    0.71
  YS02001633YS02163601 CONDUIT    279.80     0  02:34      0.36    0.29    1.00
  YS02001644YS02001647 CONDUIT    399.65     0  02:33      0.51    0.23    1.00
  YS02001745YS02001748 CONDUIT    290.29     0  04:06      1.50    0.11    0.64
  YS02001748YS02001751 CONDUIT    298.28     0  03:16      1.02    0.15    0.98
  YS02001751YS02001754 CONDUIT    198.97     0  02:59      0.83    0.10    1.00
  YS02001754YS02001757 CONDUIT    198.78     0  03:21      0.33    0.08    1.00
  YS02001882YS02001884 CONDUIT     11.74     0  03:03      0.10    0.01    0.63
  YS02001884YS02001887 CONDUIT     17.95     0  02:50      0.06    0.02    0.72
  YS02001890YS02001895 CONDUIT    214.66     0  02:47      0.37    0.10    0.69
  YS02001895YS02001898 CONDUIT    213.10     0  02:57      0.48    0.37    0.56
  YS02001898YS02001901 CONDUIT    218.85     0  02:39      0.43    0.14    0.64
  YS02001901YS02001904 CONDUIT    220.73     0  02:38      0.39    0.34    0.69
  YS02001904YS02001907 CONDUIT    227.15     0  02:43      0.32    0.08    0.84
  YS02001887YS02001890 CONDUIT    213.09     0  02:50      0.33    0.36    0.78
  YS02001652YS02001649 CONDUIT    218.98     0  02:50      0.52    0.11    1.00
  YS02001655YS02001652 CONDUIT    216.61     0  02:50      0.88    0.11    1.00
  YS02001658YS02001655 CONDUIT    346.15     0  02:49      1.16    0.15    0.96
  YS02001661YS02001658 CONDUIT    389.72     0  03:00      1.57    0.15    0.68
  YS02001664YS02001661 CONDUIT    146.73     0  02:44      1.42    0.05    0.35
  YSB1154YSB6556       CONDUIT     15.35     0  02:10      0.18    0.03    0.48
  YSB1174YSB1171       CONDUIT     12.39     0  02:07      0.05    0.02    0.60
  YSB1171HS02004479    CONDUIT     27.50     0  02:11      0.54    0.02    0.47
  HS02004881HS02006253 CONDUIT     47.57     0  02:12      1.80    0.01    0.04
  YS02001793JiankangQianchi CONDUIT    582.16     0  02:57     16.18    0.05    0.50
  YS02001757CaochengTiaoxuchi CONDUIT   1072.80     0  02:32      2.27    0.47    0.97
  WSF200WS02003060     CONDUIT    280.69     0  02:24      1.79    0.06    0.20
  1                    CONDUIT    277.84     0  02:28      2.32    0.10    0.21
  CC-Pump-1            PUMP       200.00     0  01:59              1.00
  CC-Pump-2            PUMP       200.00     0  01:59              1.00
  JK-Pump-1            PUMP       300.00     0  00:00              1.00
  JK-Pump-2            PUMP       683.00     0  00:00              1.00
  XR-Pump-1            PUMP        95.00     0  00:00              1.00
  XR-Pump-2            PUMP        95.00     0  00:00              1.00
  XR-Pump-3            PUMP        95.00     0  00:00              1.00
  XR-Pump-4            PUMP        95.00     0  00:00              1.00
  3                    WEIR       369.97     0  02:12                      0.23
  5                    WEIR       333.66     0  02:16                      0.22
  6                    WEIR       408.64     0  02:28                      0.25
  
  
  ***************************
  Flow Classification Summary
  ***************************
  
  -------------------------------------------------------------------------------------
                      Adjusted    ---------- Fraction of Time in Flow Class ---------- 
                       /Actual         Up    Down  Sub   Sup   Up    Down  Norm  Inlet 
  Conduit               Length    Dry  Dry   Dry   Crit  Crit  Crit  Crit  Ltd   Ctrl  
  -------------------------------------------------------------------------------------
  WS02003066WSF200        1.00   0.17  0.00  0.00  0.00  0.83  0.00  0.00  0.74  0.00
  WS02006287WS02006284    1.00   0.05  0.03  0.00  0.51  0.41  0.00  0.00  0.77  0.00
  WS02006284WS02006280    1.00   0.07  0.00  0.00  0.00  0.00  0.00  0.93  0.00  0.00
  WS02006280WS02006229    1.00   0.07  0.00  0.00  0.00  0.00  0.00  0.93  0.00  0.00
  WS02006229WS02006228    1.00   0.00  0.00  0.00  0.99  0.00  0.00  0.01  0.00  0.00
  WS02006256WS02006235    1.00   0.00  0.00  0.00  0.11  0.89  0.00  0.00  0.01  0.00
  WS02006253WS02006251    1.00   0.03  0.03  0.00  0.85  0.00  0.09  0.00  0.00  0.00
  WS02006252WS02006251    1.00   0.14  0.00  0.00  0.00  0.00  0.86  0.00  0.00  0.00
  WS02006251WS02006249    1.00   0.00  0.00  0.00  1.00  0.00  0.00  0.00  0.23  0.00
  WS02006249WS02006248    1.00   0.00  0.08  0.00  0.83  0.00  0.10  0.00  0.00  0.00
  WS02006248WS02006247    1.00   0.08  0.00  0.00  0.90  0.00  0.00  0.03  0.03  0.00
  WS02006247WS02006245    1.00   0.08  0.00  0.00  0.86  0.00  0.00  0.06  0.00  0.00
  WS02006245WS02006243    1.00   0.08  0.00  0.00  0.83  0.00  0.00  0.09  0.00  0.00
  WS02006243WS02006242    1.00   0.09  0.00  0.00  0.86  0.00  0.00  0.05  0.75  0.00
  WS02006242WS02006240    1.00   0.00  0.11  0.00  0.89  0.00  0.00  0.00  0.23  0.00
  WS02006240WS02006239    1.00   0.00  0.00  0.00  0.88  0.00  0.00  0.11  0.01  0.00
  WS02006239WS02006238    1.00   0.00  0.03  0.00  0.97  0.00  0.00  0.00  0.21  0.00
  WS02006238WS02006235    1.00   0.00  0.00  0.00  1.00  0.00  0.00  0.00  0.00  0.00
  WS02006235WS02006234    1.00   0.10  0.00  0.00  0.86  0.00  0.03  0.01  0.00  0.00
  WS02006234WS02006232    1.00   0.00  0.01  0.00  0.98  0.00  0.00  0.00  0.19  0.00
  WS02006232WS02006231    1.00   0.00  0.00  0.00  0.99  0.00  0.00  0.00  0.00  0.00
  WS02006231WS02006230    1.00   0.00  0.00  0.00  0.25  0.00  0.74  0.00  0.00  0.00
  WS02006230WS02006229    1.00   0.00  0.00  0.00  0.98  0.00  0.00  0.02  0.00  0.00
  WS02006228WS02006109    1.00   0.00  0.00  0.00  1.00  0.00  0.00  0.00  0.00  0.00
  WS02006116WS02004401    1.00   0.05  0.00  0.00  0.95  0.00  0.00  0.00  0.01  0.00
  WS02006115WS02006116    1.00   0.05  0.00  0.00  0.90  0.00  0.00  0.05  0.00  0.00
  WS02006113WS02006111    1.00   0.03  0.00  0.00  0.01  0.96  0.00  0.00  0.09  0.00
  WS02006112WS02006115    1.00   0.03  0.02  0.00  0.95  0.00  0.00  0.00  0.00  0.00
  WS02006111WS02006112    1.00   0.03  0.00  0.00  0.96  0.00  0.00  0.00  0.93  0.00
  WS02006110WS02006113    1.00   0.01  0.02  0.00  0.97  0.00  0.00  0.00  0.00  0.00
  WS02006109WS02006110    1.00   0.00  0.01  0.00  0.99  0.00  0.01  0.00  0.00  0.00
  WS02004411WS02004412    1.00   0.12  0.00  0.00  0.88  0.00  0.00  0.00  0.00  0.00
  WS02004401WS02004402    1.00   0.05  0.00  0.00  0.95  0.00  0.00  0.00  0.04  0.00
  WS02004413WS02003067    1.00   0.12  0.02  0.00  0.00  0.00  0.86  0.00  0.00  0.00
  WS02004412WS02004413    1.00   0.12  0.00  0.00  0.87  0.00  0.00  0.00  0.00  0.00
  WS02004410WS02004411    1.00   0.12  0.00  0.00  0.88  0.00  0.00  0.00  0.00  0.00
  WS02004409WS02004410    1.00   0.12  0.00  0.00  0.88  0.00  0.00  0.00  0.00  0.00
  WS02004407WS02004409    1.00   0.12  0.00  0.00  0.87  0.01  0.00  0.00  0.77  0.00
  WS02004406WS02004407    1.00   0.00  0.12  0.00  0.88  0.00  0.00  0.00  0.00  0.00
  WS02004405WS02004406    1.00   0.00  0.00  0.00  1.00  0.00  0.00  0.00  0.04  0.00
  WS02004404WS02004405    1.00   0.00  0.00  0.00  1.00  0.00  0.00  0.00  0.00  0.00
  WS02004403WS02004404    1.00   0.00  0.05  0.00  0.95  0.00  0.00  0.00  0.04  0.00
  WS02004402WS02004403    1.00   0.05  0.00  0.00  0.95  0.00  0.00  0.00  0.00  0.00
  WS02004139WS02001211    1.00   0.00  0.00  0.00  1.00  0.00  0.00  0.00  0.00  0.00
  WS02004138WS02004139    1.00   0.00  0.00  0.00  0.00  0.18  0.00  0.82  0.11  0.00
  WS02003067WS02003066    1.00   0.14  0.02  0.00  0.84  0.00  0.00  0.00  0.00  0.00
  WS02001213WS02003059    1.00   0.00  0.00  0.00  0.99  0.00  0.00  0.00  0.00  0.00
  WS02001212WS02001213    1.00   0.00  0.00  0.00  0.30  0.00  0.69  0.00  0.00  0.00
  WS02001211WS02001212    1.00   0.00  0.00  0.00  1.00  0.00  0.00  0.00  0.00  0.00
  WS02003072WS02003073    1.00   0.00  0.00  0.00  0.00  0.00  0.00  1.00  0.00  0.00
  WS02003069WS02003072    1.00   0.00  0.00  0.00  1.00  0.00  0.00  0.00  0.98  0.00
  WS02003060WS02003069    1.00   0.00  0.00  0.00  0.98  0.02  0.00  0.00  0.92  0.00
  WS02003059WS02003060    1.00   0.00  0.00  0.00  1.00  0.00  0.00  0.00  0.05  0.00
  HS02004901HS02004770    1.00   0.06  0.00  0.00  0.94  0.00  0.00  0.00  0.00  0.00
  HS02004876HS02004881    1.00   0.01  0.00  0.00  0.99  0.00  0.00  0.00  0.00  0.00
  HS02004870HS02004876    1.00   0.00  0.00  0.00  0.99  0.00  0.00  0.00  0.95  0.00
  HS02004842HS02004848    1.00   0.00  0.06  0.00  0.94  0.00  0.00  0.00  0.60  0.00
  HS02004837HS02004842    1.00   0.00  0.00  0.00  0.99  0.01  0.00  0.00  0.11  0.00
  HS02004830HS02004837    1.00   0.00  0.00  0.00  1.00  0.00  0.00  0.00  0.99  0.00
  HS02004824HS02004830    1.00   0.00  0.00  0.00  1.00  0.00  0.00  0.00  0.00  0.00
  HS02004817HS02004824    1.00   0.00  0.00  0.00  1.00  0.00  0.00  0.00  1.00  0.00
  HS02004770HS02004777    1.00   0.00  0.06  0.00  0.94  0.00  0.00  0.00  0.03  0.00
  HS02004799HS02004480    1.00   0.00  0.02  0.00  0.92  0.00  0.06  0.00  0.00  0.00
  HS02004792HS02004799    1.00   0.00  0.00  0.00  0.99  0.01  0.00  0.00  0.98  0.00
  HS02004788HS02004792    1.00   0.00  0.00  0.00  0.99  0.01  0.00  0.00  0.98  0.00
  HS02004785HS02004788    1.00   0.00  0.00  0.00  1.00  0.00  0.00  0.00  0.00  0.00
  HS02004777HS02004785    1.00   0.00  0.00  0.00  1.00  0.00  0.00  0.00  0.13  0.00
  HS02004480HS02004478    1.00   0.07  0.00  0.00  0.56  0.00  0.00  0.38  0.00  0.00
  HS02004479HS02004480    1.00   0.02  0.00  0.00  0.98  0.00  0.00  0.00  0.12  0.00
  HS02004862HS02004870    1.00   0.00  0.00  0.00  1.00  0.00  0.00  0.00  0.04  0.00
  HS02004848HS02004852    1.00   0.06  0.00  0.00  0.94  0.00  0.00  0.00  0.72  0.00
  HS02004856HS02004862    1.00   0.00  0.09  0.00  0.91  0.00  0.00  0.00  0.81  0.00
  HS02004852HS02004856    1.00   0.06  0.01  0.00  0.93  0.00  0.00  0.00  0.86  0.00
  HS02004802HS02004478    1.00   0.07  0.00  0.00  0.93  0.00  0.00  0.00  0.03  0.00
  HS02004478WS02006287    1.00   0.08  0.00  0.00  0.73  0.19  0.00  0.00  0.75  0.00
  HS02004817HS02004807    1.00   0.00  0.06  0.00  0.94  0.00  0.00  0.00  0.01  0.00
  HS02004807HS02004802    1.00   0.06  0.00  0.00  0.93  0.00  0.00  0.01  0.00  0.00
  YS02001759YS02001757    1.00   0.00  0.00  0.00  1.00  0.00  0.00  0.00  0.16  0.00
  YS02001762YS02001759    1.00   0.00  0.00  0.00  1.00  0.00  0.00  0.00  0.03  0.00
  YS02001765YS02001762    1.00   0.00  0.00  0.00  1.00  0.00  0.00  0.00  0.16  0.00
  YS02001770YS02001767    1.00   0.00  0.00  0.00  1.00  0.00  0.00  0.00  0.00  0.00
  YS02001774YS02001770    1.00   0.00  0.07  0.00  0.93  0.00  0.00  0.00  0.04  0.00
  YS02001779YS02001774    1.00   0.00  0.00  0.00  1.00  0.00  0.00  0.00  0.20  0.00
  YS02001649YS02001757    1.00   0.00  0.00  0.00  1.00  0.00  0.00  0.00  0.17  0.00
  YS02001767YS02001765    1.00   0.00  0.00  0.00  1.00  0.00  0.00  0.00  0.00  0.00
  YS02006561YS02001783    1.00   0.10  0.00  0.00  0.00  0.90  0.00  0.00  0.61  0.00
  YS02001783YS02001784    1.00   0.00  0.10  0.00  0.90  0.00  0.00  0.00  0.01  0.00
  YS02001784YS02001785    1.00   0.00  0.00  0.00  1.00  0.00  0.00  0.00  0.19  0.00
  YS02001788YS02001790    1.00   0.00  0.00  0.00  0.11  0.89  0.00  0.00  0.62  0.00
  YS02001790YS02001791    1.00   0.00  0.00  0.00  0.01  0.99  0.00  0.00  0.72  0.00
  YS02001791YS02001793    1.00   0.00  0.00  0.00  0.00  1.00  0.00  0.00  0.00  0.00
  YS02001910YS02001907    1.00   0.00  0.00  0.00  0.98  0.00  0.00  0.01  0.13  0.00
  YS02001786YS02001788    1.00   0.00  0.00  0.00  0.12  0.88  0.00  0.00  0.00  0.00
  YS02001915YS02001910    1.00   0.00  0.00  0.00  0.98  0.02  0.00  0.00  0.18  0.00
  YS02001918YS02001915    1.00   0.00  0.00  0.00  0.99  0.01  0.00  0.00  0.68  0.00
  YS02001923YS02001920    1.00   0.00  0.00  0.00  1.00  0.00  0.00  0.00  1.00  0.00
  YS02001926YS02001923    1.00   0.00  0.04  0.00  0.00  0.00  0.96  0.00  0.00  0.00
  YS02001929YS02001926    1.00   0.00  0.06  0.00  0.94  0.00  0.00  0.00  0.87  0.00
  YS02001920YS02001918    1.00   0.00  0.00  0.00  1.00  0.00  0.00  0.00  0.00  0.00
  YS02001629YS02163301    1.00   0.08  0.01  0.00  0.92  0.00  0.00  0.00  0.00  0.00
  YS02001619YS02001622    1.00   0.06  0.00  0.00  0.94  0.00  0.00  0.00  0.00  0.00
  YS02001622YS02001625    1.00   0.06  0.00  0.00  0.94  0.00  0.00  0.00  0.07  0.00
  YS02001625YS02001629    1.00   0.06  0.04  0.00  0.86  0.00  0.04  0.00  0.00  0.00
  YS02163301YS02001633    1.00   0.00  0.08  0.00  0.92  0.00  0.00  0.00  0.00  0.00
  YS02163601YS02164001    1.00   0.00  0.04  0.00  0.96  0.00  0.00  0.00  0.00  0.00
  YS02164001YS02001641    1.00   0.01  0.03  0.00  0.96  0.00  0.00  0.00  0.06  0.00
  YS02001641YS02001644    1.00   0.00  0.00  0.00  0.99  0.00  0.00  0.00  0.00  0.00
  YS02001647YS02001649    1.00   0.00  0.09  0.00  0.90  0.00  0.00  0.00  0.01  0.00
  YS02006553YS02006556    1.00   0.01  0.00  0.00  0.99  0.00  0.00  0.00  0.03  0.00
  YS02006556YS02006558    1.00   0.00  0.00  0.00  1.00  0.00  0.00  0.00  0.00  0.00
  YSB6556YSB1171          1.00   0.02  0.04  0.00  0.94  0.00  0.00  0.00  0.00  0.00
  YS02001907YS02006553    1.00   0.00  0.01  0.00  0.99  0.00  0.00  0.00  0.00  0.00
  YS02006558YS02006561    1.00   0.10  0.00  0.00  0.00  0.90  0.00  0.00  0.65  0.00
  YS02001633YS02163601    1.00   0.00  0.01  0.00  0.99  0.00  0.00  0.00  0.16  0.00
  YS02001644YS02001647    1.00   0.00  0.09  0.00  0.91  0.00  0.00  0.00  0.00  0.00
  YS02001745YS02001748    1.00   0.00  0.00  0.00  0.80  0.01  0.00  0.19  0.22  0.00
  YS02001748YS02001751    1.00   0.00  0.00  0.00  0.93  0.07  0.00  0.00  0.15  0.00
  YS02001751YS02001754    1.00   0.00  0.00  0.00  0.89  0.00  0.00  0.11  0.03  0.00
  YS02001754YS02001757    1.00   0.00  0.00  0.00  1.00  0.00  0.00  0.00  0.20  0.00
  YS02001882YS02001884    1.00   0.08  0.00  0.00  0.92  0.00  0.00  0.00  0.00  0.00
  YS02001884YS02001887    1.00   0.03  0.03  0.00  0.94  0.00  0.00  0.00  0.00  0.00
  YS02001890YS02001895    1.00   0.00  0.08  0.00  0.92  0.00  0.00  0.00  0.00  0.00
  YS02001895YS02001898    1.00   0.08  0.00  0.00  0.89  0.00  0.02  0.00  0.00  0.00
  YS02001898YS02001901    1.00   0.09  0.00  0.00  0.91  0.00  0.00  0.00  0.02  0.00
  YS02001901YS02001904    1.00   0.08  0.00  0.00  0.92  0.00  0.00  0.00  0.00  0.00
  YS02001904YS02001907    1.00   0.00  0.08  0.00  0.92  0.00  0.00  0.00  0.00  0.00
  YS02001887YS02001890    1.00   0.00  0.00  0.00  0.98  0.00  0.01  0.00  0.00  0.00
  YS02001652YS02001649    1.00   0.00  0.00  0.00  0.99  0.01  0.00  0.00  0.18  0.00
  YS02001655YS02001652    1.00   0.00  0.00  0.00  0.89  0.00  0.00  0.11  0.03  0.00
  YS02001658YS02001655    1.00   0.00  0.07  0.00  0.86  0.07  0.00  0.00  0.11  0.00
  YS02001661YS02001658    1.00   0.07  0.00  0.00  0.80  0.13  0.00  0.00  0.24  0.00
  YS02001664YS02001661    1.00   0.06  0.00  0.00  0.77  0.17  0.00  0.00  0.87  0.00
  YSB1154YSB6556          1.00   0.06  0.00  0.00  0.94  0.00  0.00  0.00  0.02  0.00
  YSB1174YSB1171          1.00   0.03  0.02  0.00  0.95  0.00  0.00  0.00  0.00  0.00
  YSB1171HS02004479       1.00   0.02  0.00  0.00  0.97  0.00  0.00  0.01  0.11  0.00
  HS02004881HS02006253    1.00   0.03  0.00  0.00  0.00  0.00  0.00  0.97  0.00  0.00
  YS02001793JiankangQianchi    1.00   0.00  0.00  0.00  0.00  0.99  0.00  0.00  0.00  0.00
  YS02001757CaochengTiaoxuchi    1.00   0.00  0.14  0.00  0.84  0.02  0.00  0.00  0.00  0.00
  WSF200WS02003060        1.00   0.00  0.17  0.00  0.00  0.83  0.00  0.00  0.64  0.00
  1                       1.00   0.00  0.00  0.00  0.00  1.00  0.00  0.00  0.25  0.00
  
  
  *************************
  Conduit Surcharge Summary
  *************************
  
  ----------------------------------------------------------------------------
                                                           Hours        Hours 
                         --------- Hours Full --------   Above Full   Capacity
  Conduit                Both Ends  Upstream  Dnstream   Normal Flow   Limited
  ----------------------------------------------------------------------------
  WS02006256WS02006235        0.01      0.01      6.18      6.14         0.01
  WS02006252WS02006251        5.85      5.85      5.88      5.87         0.01
  WS02006230WS02006229        0.01      0.01      0.01      3.53         0.01
  WS02006228WS02006109        0.01      0.01      0.01      0.54         0.01
  WS02004404WS02004405        0.01      0.01      0.01      1.75         0.01
  YS02001759YS02001757        5.50      5.50      5.73      0.01         0.01
  YS02001762YS02001759        5.34      5.34      5.50      0.01         0.01
  YS02001765YS02001762        5.05      5.05      5.34      0.01         0.01
  YS02001770YS02001767        4.77      4.77      4.80      0.01         0.70
  YS02001774YS02001770        4.65      4.65      5.25      0.01         0.01
  YS02001779YS02001774        3.75      3.75      5.25      0.01         0.01
  YS02001649YS02001757        5.38      5.38      5.73      0.01         0.01
  YS02001767YS02001765        4.80      4.80      5.05      0.01         0.01
  YS02001784YS02001785        0.01      0.01      0.01      1.16         0.01
  YS02001910YS02001907        0.01      0.01      0.15      0.01         0.01
  YS02001786YS02001788        0.01      0.01      0.01      0.61         0.01
  YS02001629YS02163301        4.55      4.55      4.71      0.01         0.01
  YS02001619YS02001622        1.26      1.26      1.66      0.01         0.01
  YS02001622YS02001625        1.66      1.66      4.26      0.01         0.01
  YS02001625YS02001629        1.33      1.33      4.26      0.01         0.01
  YS02163301YS02001633        4.71      4.71      5.10      0.01         0.01
  YS02163601YS02164001        5.05      5.05      5.37      0.01         0.01
  YS02164001YS02001641        5.05      5.05      5.18      0.01         0.01
  YS02001641YS02001644        5.18      5.18      5.21      0.01         0.91
  YS02001647YS02001649        4.19      4.19      5.38      0.01         0.01
  YS02006553YS02006556        0.01      0.01      0.49      0.01         0.01
  YS02006556YS02006558        0.01      0.01      0.62      0.01         0.01
  YS02001907YS02006553        1.17      1.17      1.39      0.01         0.01
  YS02006558YS02006561        0.01      0.01      0.01      0.98         0.01
  YS02001633YS02163601        4.96      4.96      5.37      0.01         0.01
  YS02001644YS02001647        4.19      4.19      5.21      0.01         0.01
  YS02001748YS02001751        0.01      0.01      1.81      0.01         0.01
  YS02001751YS02001754        1.81      1.81      3.91      0.01         0.01
  YS02001754YS02001757        4.17      4.17      5.73      0.01         0.01
  YS02001904YS02001907        0.01      0.01      0.53      0.01         0.01
  YS02001652YS02001649        4.27      4.27      5.38      0.01         0.01
  YS02001655YS02001652        2.29      2.29      4.08      0.01         0.01
  YS02001658YS02001655        0.01      0.01      2.29      0.01         0.01
  YS02001793JiankangQianchi        0.01      0.01      0.02      0.01         0.01
  YS02001757CaochengTiaoxuchi        0.01      0.01      5.73      0.01         0.01
  
  
  ***************
  Pumping Summary
  ***************
  
  ---------------------------------------------------------------------------------------------------------
                                                  Min       Avg       Max     Total     Power    % Time Off
                        Percent   Number of      Flow      Flow      Flow    Volume     Usage    Pump Curve
  Pump                 Utilized   Start-Ups       LPS       LPS       LPS  10^6 ltr     Kw-hr    Low   High
  ---------------------------------------------------------------------------------------------------------
  CC-Pump-1               75.76           1      0.00    196.56    200.00     4.237     13.74    0.0   14.3
  CC-Pump-2               75.76           1      0.00    196.56    200.00     4.237     13.74    0.0   14.3
  JK-Pump-1              100.00           1      0.00    187.32    300.00     4.313     97.64    0.0    0.0
  JK-Pump-2              100.00           1      0.00    244.22    683.00     5.432    123.22    0.0   99.8
  XR-Pump-1              100.00           1      0.00     95.00     95.00     2.679     63.63    0.0    0.0
  XR-Pump-2              100.00           1      0.00     95.00     95.00     2.679     63.63    0.0    0.0
  XR-Pump-3              100.00           1      0.00     95.00     95.00     2.679     63.63    0.0    0.0
  XR-Pump-4              100.00           1      0.00     95.00     95.00     2.679     63.63    0.0    0.0
  
  
  ***************************
  Link Pollutant Load Summary
  ***************************
  
  ------------------------------------------------------------------------------------------
                                 COD            SS            TN            TP         NH4-N
  Link                            kg            kg            kg            kg            kg
  ------------------------------------------------------------------------------------------
  WS02003066WSF200           159.993       281.290         7.193         0.782         4.172
  WS02006287WS02006284       149.410       262.415         7.089         0.781         4.142
  WS02006284WS02006280       149.859       263.138         7.132         0.787         4.169
  WS02006280WS02006229       149.834       263.093         7.130         0.787         4.168
  WS02006229WS02006228       159.508       279.773         7.351         0.803         4.278
  WS02006256WS02006235         0.000         0.000         0.000         0.000         0.000
  WS02006253WS02006251        20.385        38.088         0.486         0.037         0.244
  WS02006252WS02006251       582.353       995.138        15.119         1.257         7.842
  WS02006251WS02006249       103.534       177.506         2.682         0.223         1.390
  WS02006249WS02006248       103.313       177.130         2.675         0.222         1.386
  WS02006248WS02006247       103.175       176.915         2.671         0.222         1.384
  WS02006247WS02006245       102.997       176.623         2.665         0.221         1.381
  WS02006245WS02006243       102.770       176.250         2.658         0.221         1.377
  WS02006243WS02006242       102.540       175.889         2.651         0.220         1.373
  WS02006242WS02006240       102.174       175.286         2.640         0.219         1.367
  WS02006240WS02006239       101.965       174.942         2.634         0.218         1.364
  WS02006239WS02006238       101.724       174.549         2.626         0.218         1.360
  WS02006238WS02006235       101.673       174.465         2.625         0.218         1.359
  WS02006235WS02006234        10.529        18.093         0.270         0.022         0.140
  WS02006234WS02006232        10.457        17.976         0.268         0.022         0.139
  WS02006232WS02006231        10.403        17.888         0.266         0.022         0.138
  WS02006231WS02006230        10.372        17.836         0.266         0.022         0.137
  WS02006230WS02006229        10.255        17.640         0.262         0.022         0.136
  WS02006228WS02006109       158.877       278.760         7.295         0.796         4.243
  WS02006116WS02004401       167.294       293.020         7.814         0.858         4.556
  WS02006115WS02006116       167.950       294.073         7.873         0.865         4.593
  WS02006113WS02006111       165.682       289.642         7.962         0.880         4.661
  WS02006112WS02006115       168.542       295.024         7.924         0.872         4.625
  WS02006111WS02006112       165.503       289.362         7.943         0.878         4.649
  WS02006110WS02006113       165.856       289.920         7.977         0.882         4.670
  WS02006109WS02006110       166.637       291.170         8.047         0.890         4.713
  WS02004411WS02004412       161.841       284.214         7.359         0.802         4.275
  WS02004401WS02004402       166.493       291.733         7.746         0.850         4.514
  WS02004413WS02003067       160.472       282.078         7.231         0.786         4.195
  WS02004412WS02004413       161.149       283.100         7.300         0.795         4.238
  WS02004410WS02004411       162.308       284.969         7.399         0.807         4.300
  WS02004409WS02004410       162.675       285.555         7.432         0.811         4.320
  WS02004407WS02004409       162.970       286.039         7.456         0.814         4.335
  WS02004406WS02004407       163.091       286.247         7.465         0.815         4.341
  WS02004405WS02004406       164.728       288.860         7.613         0.834         4.433
  WS02004404WS02004405       165.529       290.173         7.675         0.841         4.471
  WS02004403WS02004404       164.949       289.250         7.614         0.833         4.432
  WS02004402WS02004403       165.682       290.426         7.676         0.841         4.471
  WS02004139WS02001211        29.831        47.943         2.783         0.347         1.736
  WS02004138WS02004139       782.608      1263.485        70.420         8.715        43.751
  WS02003067WS02003066       160.024       281.331         7.197         0.782         4.175
  WS02001213WS02003059        27.450        44.617         2.404         0.297         1.493
  WS02001212WS02001213        30.772        49.642         2.811         0.349         1.751
  WS02001211WS02001212        32.249        51.904         2.986         0.372         1.862
  WS02003072WS02003073       285.265       481.488        19.307         2.297        11.746
  WS02003069WS02003072       286.719       483.755        19.456         2.316        11.840
  WS02003060WS02003069       285.111       481.190        19.299         2.296        11.742
  WS02003059WS02003060        28.982        47.692         2.369         0.290         1.464
  HS02004901HS02004770         4.387         7.964         0.085         0.006         0.039
  HS02004876HS02004881        17.396        32.348         0.451         0.036         0.231
  HS02004870HS02004876        13.236        24.503         0.380         0.032         0.198
  HS02004842HS02004848         2.624         4.707         0.057         0.004         0.026
  HS02004837HS02004842         7.242        12.053         0.526         0.063         0.320
  HS02004830HS02004837        53.401        88.186         4.326         0.530         2.674
  HS02004824HS02004830        54.152        89.389         4.398         0.539         2.719
  HS02004817HS02004824        64.199       108.237         4.626         0.554         2.832
  HS02004770HS02004777        17.120        31.464         0.370         0.024         0.168
  HS02004799HS02004480        65.262       115.557         2.403         0.243         1.334
  HS02004792HS02004799        59.854       105.028         2.349         0.244         1.317
  HS02004788HS02004792        37.198        65.139         1.766         0.192         1.020
  HS02004785HS02004788        18.599        33.834         0.522         0.044         0.264
  HS02004777HS02004785        17.970        32.822         0.465         0.036         0.229
  HS02004480HS02004478        80.424       144.101         2.618         0.256         1.428
  HS02004479HS02004480        18.907        34.509         0.560         0.055         0.309
  HS02004862HS02004870         9.858        17.900         0.312         0.028         0.166
  HS02004848HS02004852         3.218         5.821         0.069         0.005         0.032
  HS02004856HS02004862         6.005        11.208         0.124         0.008         0.058
  HS02004852HS02004856         3.219         5.822         0.069         0.005         0.032
  HS02004802HS02004478        69.505       119.153         4.516         0.531         2.742
  HS02004478WS02006287       149.600       262.727         7.105         0.783         4.152
  HS02004817HS02004807        62.849       106.075         4.497         0.538         2.752
  HS02004807HS02004802        69.890       119.768         4.556         0.536         2.767
  YS02001759YS02001757       207.384       360.678         4.450         0.309         2.198
  YS02001762YS02001759       108.807       190.508         2.547         0.183         1.282
  YS02001765YS02001762       108.437       189.877         2.560         0.185         1.292
  YS02001770YS02001767       105.989       185.986         2.260         0.145         1.101
  YS02001774YS02001770         6.292        10.642         0.196         0.017         0.106
  YS02001779YS02001774         4.693         7.721         0.265         0.030         0.158
  YS02001649YS02001757       319.971       537.597         6.729         0.485         3.226
  YS02001767YS02001765       108.466       189.935         2.573         0.186         1.300
  YS02006561YS02001783       416.083       718.244        10.147         0.819         5.235
  YS02001783YS02001784       415.991       718.106        10.143         0.818         5.233
  YS02001784YS02001785       423.325       729.852        10.855         0.907         5.679
  YS02001788YS02001790       423.956       730.880        10.927         0.917         5.724
  YS02001790YS02001791       424.930       732.446        11.026         0.929         5.786
  YS02001791YS02001793       424.853       732.328        11.021         0.928         5.783
  YS02001910YS02001907       140.859       239.049         4.565         0.407         2.489
  YS02001786YS02001788       423.540       730.206        10.883         0.911         5.696
  YS02001915YS02001910       140.830       238.968         4.522         0.401         2.460
  YS02001918YS02001915        69.822       113.397         2.973         0.315         1.721
  YS02001923YS02001920        49.855        81.483         1.026         0.072         0.503
  YS02001926YS02001923        49.501        80.917         0.988         0.067         0.478
  YS02001929YS02001926        49.249        80.503         0.956         0.063         0.458
  YS02001920YS02001918        69.773       113.356         2.945         0.311         1.702
  YS02001629YS02163301        56.679        95.558         1.237         0.078         0.573
  YS02001619YS02001622        58.399        98.235         1.277         0.080         0.590
  YS02001622YS02001625        58.010        97.641         1.267         0.079         0.586
  YS02001625YS02001629        57.345        96.696         1.250         0.079         0.579
  YS02163301YS02001633        56.725        95.644         1.237         0.078         0.574
  YS02163601YS02164001       156.244       262.149         3.279         0.230         1.573
  YS02164001YS02001641       155.955       261.660         3.263         0.228         1.563
  YS02001641YS02001644       156.197       262.005         3.262         0.228         1.562
  YS02001647YS02001649       251.325       420.747         5.069         0.356         2.420
  YS02006553YS02006556       300.471       516.994         7.626         0.638         3.994
  YS02006556YS02006558       300.413       516.869         7.600         0.634         3.976
  YSB6556YSB1171              10.445        19.239         0.250         0.023         0.132
  YS02001907YS02006553       300.566       517.177         7.634         0.639         3.999
  YS02006558YS02006561       416.021       718.126        10.145         0.818         5.234
  YS02001633YS02163601       156.721       262.848         3.257         0.226         1.555
  YS02001644YS02001647       251.815       421.491         5.078         0.357         2.425
  YS02001745YS02001748       125.988       212.010         6.025         0.640         3.516
  YS02001748YS02001751       113.985       192.027         5.465         0.582         3.191
  YS02001751YS02001754       115.250       193.886         5.674         0.609         3.325
  YS02001754YS02001757       116.430       195.744         5.847         0.632         3.436
  YS02001882YS02001884         1.343         2.209         0.031         0.003         0.016
  YS02001884YS02001887         3.836         6.492         0.083         0.007         0.043
  YS02001890YS02001895       161.107       280.195         3.114         0.235         1.535
  YS02001895YS02001898       160.957       279.980         3.108         0.235         1.531
  YS02001898YS02001901       160.831       279.797         3.104         0.235         1.530
  YS02001901YS02001904       160.750       279.703         3.113         0.236         1.536
  YS02001904YS02001907       161.077       280.264         3.167         0.243         1.570
  YS02001887YS02001890       161.916       281.438         3.170         0.242         1.569
  YS02001652YS02001649        70.395       119.540         1.690         0.130         0.817
  YS02001655YS02001652        71.124       120.704         1.710         0.131         0.827
  YS02001658YS02001655        68.879       117.125         1.456         0.099         0.666
  YS02001661YS02001658        84.341       142.901         1.790         0.122         0.819
  YS02001664YS02001661        75.714       128.595         1.603         0.109         0.733
  YSB1154YSB6556              10.035        18.591         0.199         0.016         0.100
  YSB1174YSB1171               6.869        12.720         0.161         0.014         0.084
  YSB1171HS02004479           18.882        34.478         0.560         0.056         0.310
  HS02004881HS02006253        19.601        36.568         0.492         0.039         0.250
  YS02001793JiankangQianchi       424.828       732.290        11.019         0.928         5.782
  YS02001757CaochengTiaoxuchi       638.718      1087.014        16.717         1.392         8.679
  WSF200WS02003060           159.863       281.061         7.186         0.781         4.167
  1                          297.305       500.600        20.498         2.447        12.492
  CC-Pump-1                  291.204       497.612         7.560         0.629         3.921
  CC-Pump-2                  291.204       497.612         7.560         0.629         3.921
  JK-Pump-1                    0.000         0.000         0.000         0.000         0.000
  JK-Pump-2                    0.000         0.000         0.000         0.000         0.000
  XR-Pump-1                  195.640       315.853        17.604         2.179        10.937
  XR-Pump-2                  195.640       315.853        17.604         2.179        10.937
  XR-Pump-3                  195.640       315.853        17.604         2.179        10.937
  XR-Pump-4                  195.640       315.853        17.604         2.179        10.937
  3                          499.465       856.145        12.967         1.078         6.724
  5                           91.103       156.305         2.353         0.195         1.219
  6                          814.494      1314.719        73.400         9.086        45.610
  

  Analysis begun on:  Fri Jul 16 10:06:06 2021
  Analysis ended on:  Fri Jul 16 10:06:08 2021
  Total elapsed time: 00:00:02