
  EPA STORM WATER MANAGEMENT MODEL - VERSION 5.1 (Build 5.3.0.dev0)
  --------------------------------------------------------------

  WARNING 04: minimum elevation drop used for Conduit WS02004404WS02004405
  WARNING 03: negative offset ignored for Link YS02001904YS02001907
  
  *********************************************************
  NOTE: The summary statistics displayed in this report are
  based on results found at every computational time step,  
  not just on results from each reporting time step.
  *********************************************************
  
  ****************
  Analysis Options
  ****************
  Flow Units ............... LPS
  Process Models:
    Rainfall/Runoff ........ YES
    RDII ................... NO
    Snowmelt ............... NO
    Groundwater ............ NO
    Flow Routing ........... YES
    Ponding Allowed ........ NO
    Water Quality .......... YES
  Infiltration Method ...... HORTON
  Flow Routing Method ...... DYNWAVE
  Surcharge Method ......... EXTRAN
  Starting Date ............ 08/28/2015 08:00:00
  Ending Date .............. 08/28/2015 15:50:00
  Antecedent Dry Days ...... 8.0
  Report Time Step ......... 00:01:00
  Wet Time Step ............ 00:01:00
  Dry Time Step ............ 00:01:00
  Routing Time Step ........ 5.00 sec
  Variable Time Step ....... YES
  Maximum Trials ........... 8
  Number of Threads ........ 4
  Head Tolerance ........... 0.001500 m
  
  
  **************************        Volume         Depth
  Runoff Quantity Continuity     hectare-m            mm
  **************************     ---------       -------
  Total Precipitation ......         2.606         5.704
  Evaporation Loss .........         0.000         0.000
  Infiltration Loss ........         0.561         1.229
  Surface Runoff ...........         1.510         3.306
  Final Storage ............         0.535         1.170
  Continuity Error (%) .....        -0.022
  
  
  **************************           COD            SS            TN            TP         NH4-N
  Runoff Quality Continuity             kg            kg            kg            kg            kg
  **************************    ----------    ----------    ----------    ----------    ----------
  Initial Buildup ..........     41378.656     70582.865      1804.177       168.684      1032.807
  Surface Buildup ..........        14.984        19.577         2.992         0.276         1.770
  Wet Deposition ...........         0.000         0.000         0.000         0.000         0.000
  Sweeping Removal .........         0.000         0.000         0.000         0.000         0.000
  Infiltration Loss ........        27.328        48.049         0.541         0.036         0.254
  BMP Removal ..............         0.000         0.000         0.000         0.000         0.000
  Surface Runoff ...........       902.424      1539.396        18.273         1.185         8.612
  Remaining Buildup ........     40463.596     69014.503      1788.349       167.738      1025.708
  Continuity Error (%) .....         0.001         0.001         0.000         0.000         0.000
  
  
  **************************        Volume        Volume
  Flow Routing Continuity        hectare-m      10^6 ltr
  **************************     ---------     ---------
  Dry Weather Inflow .......         0.616         6.165
  Wet Weather Inflow .......         1.509        15.094
  Groundwater Inflow .......         0.000         0.000
  RDII Inflow ..............         0.000         0.000
  External Inflow ..........         0.102         1.024
  External Outflow .........         1.630        16.304
  Flooding Loss ............         0.302         3.021
  Evaporation Loss .........         0.000         0.000
  Exfiltration Loss ........         0.000         0.000
  Initial Stored Volume ....         0.076         0.761
  Final Stored Volume ......         0.493         4.926
  Continuity Error (%) .....        -5.242
  
  
  **************************           COD            SS            TN            TP         NH4-N
  Quality Routing Continuity            kg            kg            kg            kg            kg
  **************************    ----------    ----------    ----------    ----------    ----------
  Dry Weather Inflow .......      1541.201      2465.922       147.955        18.494        92.472
  Wet Weather Inflow .......       902.116      1538.913        18.266         1.185         8.609
  Groundwater Inflow .......         0.000         0.000         0.000         0.000         0.000
  RDII Inflow ..............         0.000         0.000         0.000         0.000         0.000
  External Inflow ..........       183.418       293.469        17.608         2.201        11.005
  External Outflow .........      1963.078      3204.250       154.927        18.835        95.428
  Flooding Loss ............       153.084       261.485         4.083         0.349         2.155
  Exfiltration Loss ........         0.000         0.000         0.000         0.000         0.000
  Mass Reacted .............         0.000         0.000         0.000         0.000         0.000
  Initial Stored Mass ......         0.000         0.000         0.000         0.000         0.000
  Final Stored Mass ........       357.192       580.030        17.738         1.936        10.386
  Continuity Error (%) .....         5.839         5.875         3.852         3.478         3.673
  
  
  *************************
  Highest Continuity Errors
  *************************
  Node YS02001774 (36.27%)
  Node HS02004842 (24.91%)
  Node JK-storage (-24.67%)
  Node YS02001884 (18.96%)
  Node YSB1171 (5.73%)
  
  
  ***************************
  Time-Step Critical Elements
  ***************************
  Link WS02006252WS02006251 (63.32%)
  Link WS02006280WS02006229 (10.20%)
  Link WS02006238WS02006235 (7.71%)
  Link YS02001793JiankangQianchi (5.17%)
  Link WS02006235WS02006234 (2.51%)
  
  
  ********************************
  Highest Flow Instability Indexes
  ********************************
  Link WS02006113WS02006111 (48)
  Link YS02001779YS02001774 (31)
  Link YS02001774YS02001770 (27)
  Link WS02006111WS02006112 (25)
  Link YS02001619YS02001622 (24)
  
  
  *************************
  Routing Time Step Summary
  *************************
  Minimum Time Step           :     0.36 sec
  Average Time Step           :     1.29 sec
  Maximum Time Step           :     5.00 sec
  Percent in Steady State     :    -0.00
  Average Iterations per Step :     4.27
  Percent Not Converging      :    22.82
  
  
  ***************************
  Subcatchment Runoff Summary
  ***************************
  
  ------------------------------------------------------------------------------------------------------------------------------
                            Total      Total      Total      Total     Imperv       Perv      Total       Total     Peak  Runoff
                           Precip      Runon       Evap      Infil     Runoff     Runoff     Runoff      Runoff   Runoff   Coeff
  Subcatchment                 mm         mm         mm         mm         mm         mm         mm    10^6 ltr      LPS
  ------------------------------------------------------------------------------------------------------------------------------
  sub0                       5.70       0.00       0.00       0.40       5.26       0.00       5.26        0.00     1.76   0.923
  sub1                       5.70       0.00       0.00       0.63       4.99       0.00       4.99        0.03    10.00   0.875
  sub2                       5.70       0.00       0.00       2.11       3.51       0.00       3.52        0.03     8.93   0.616
  sub3                       5.70       0.00       0.00       2.11       3.48       0.00       3.48        0.08    18.51   0.610
  sub4                       5.70       0.00       0.00       0.63       4.85       0.00       4.85        0.10    20.80   0.850
  sub5                       5.70       0.00       0.00       0.40       5.21       0.00       5.22        0.06    17.78   0.914
  sub7                       5.70       0.00       0.00       0.51       5.13       0.00       5.13        0.02     6.10   0.900
  sub8                       5.70       0.00       0.00       0.51       5.12       0.00       5.12        0.03    10.90   0.898
  sub9                       5.70       0.00       0.00       0.51       5.12       0.00       5.12        0.02     8.10   0.898
  sub10                      5.70       0.00       0.00       0.46       5.16       0.00       5.17        0.06    17.68   0.906
  sub11                      5.70       0.00       0.00       0.45       5.18       0.00       5.18        0.06    20.43   0.908
  sub12                      5.70       0.00       0.00       0.74       4.92       0.00       4.92        0.04    16.67   0.862
  sub14                      5.70       0.00       0.00       0.51       5.12       0.00       5.12        0.05    15.85   0.897
  sub15                      5.70       0.00       0.00       1.71       3.93       0.00       3.93        0.07    21.58   0.690
  sub16                      5.70       0.00       0.00       1.88       3.78       0.00       3.78        0.04    14.81   0.663
  sub17                      5.70       0.00       0.00       1.82       3.84       0.00       3.84        0.03    12.06   0.673
  sub22                      5.70       0.00       0.00       2.45       3.21       0.00       3.21        0.20    69.69   0.563
  sub23                      5.70       0.00       0.00       2.11       3.55       0.00       3.55        0.17    59.12   0.623
  sub60                      5.70       0.00       0.00       0.68       3.63       0.00       3.63        1.10   103.27   0.637
  sub61                      5.70       0.00       0.00       0.97       3.83       0.00       3.83        1.18   130.65   0.672
  sub62                      5.70       0.00       0.00       0.46       4.12       0.00       4.12        1.27   133.19   0.723
  sub63                      5.70       0.00       0.00       1.65       3.39       0.00       3.40        1.03   122.35   0.595
  sub64                      5.70       0.00       0.00       0.86       3.47       0.00       3.47        1.06    98.04   0.609
  sub65                      5.70       0.00       0.00       0.74       3.52       0.00       3.52        1.08    99.43   0.617
  sub66                      5.70       0.00       0.00       1.65       3.02       0.00       3.02        0.93    90.08   0.529
  sub67                      5.70       0.00       0.00       0.46       4.48       0.00       4.48        1.38   172.31   0.786
  sub68                      5.70       0.00       0.00       0.80       4.06       0.00       4.06        1.25   144.75   0.712
  sub69                      5.70       0.00       0.00       0.86       4.33       0.00       4.33        1.01   144.98   0.760
  sub70                      5.70       4.42       0.00       3.44       5.46       0.01       5.47        1.25   117.52   0.540
  sub71                      5.70       0.00       0.00       0.46       3.96       0.00       3.96        0.94    92.68   0.695
  sub72                      5.70       0.00       0.00       0.40       2.88       0.00       2.88        0.59    44.34   0.506
  1                          5.70       5.32       0.00       1.32       5.68       0.92       6.60        1.55   113.61   0.598
  2                          5.70       0.00       0.00       2.90       1.30       0.32       1.62        0.65    89.22   0.284
  
  
  ****************************
  Subcatchment Washoff Summary
  ****************************
  
  ------------------------------------------------------------------------------------------
                                 COD            SS            TN            TP         NH4-N
  Subcatchment                    kg            kg            kg            kg            kg
  ------------------------------------------------------------------------------------------
  sub0                         0.879         1.648         0.014         0.001         0.007
  sub1                         3.523         6.669         0.066         0.004         0.031
  sub2                         2.005         3.647         0.044         0.003         0.020
  sub3                         4.828         8.653         0.106         0.007         0.048
  sub4                         7.645        14.326         0.157         0.009         0.075
  sub5                         8.122        15.189         0.142         0.011         0.068
  sub7                         1.879         3.637         0.035         0.002         0.017
  sub8                         2.824         5.570         0.057         0.003         0.027
  sub9                         2.393         4.654         0.047         0.003         0.022
  sub10                        6.749        12.796         0.123         0.009         0.059
  sub11                        6.725        12.948         0.125         0.008         0.060
  sub12                        5.654        10.723         0.101         0.007         0.048
  sub14                        5.077         9.782         0.096         0.006         0.046
  sub15                        5.936        10.888         0.116         0.008         0.054
  sub16                        3.797         6.985         0.073         0.005         0.034
  sub17                        3.476         6.334         0.064         0.005         0.030
  sub22                       17.518        31.464         0.339         0.025         0.157
  sub23                       10.777        20.097         0.239         0.015         0.108
  sub60                       57.922        97.961         1.233         0.071         0.588
  sub61                       73.614       124.286         1.428         0.093         0.684
  sub62                       77.600       133.390         1.600         0.095         0.765
  sub63                       55.254        92.167         1.190         0.080         0.543
  sub64                       68.924       112.157         1.321         0.092         0.625
  sub65                       70.660       115.483         1.366         0.093         0.648
  sub66                       41.633        68.541         0.930         0.058         0.429
  sub67                      116.966       199.978         2.126         0.150         1.023
  sub68                       82.898       141.755         1.663         0.106         0.789
  sub69                       78.034       135.854         1.511         0.102         0.717
  sub70                      117.757       204.265         2.477         0.164         1.143
  sub71                       51.318        88.875         1.133         0.061         0.540
  sub72                       33.610        53.608         0.663         0.043         0.317
  1                           62.698       109.624         1.365         0.091         0.620
  2                            9.521        15.559         0.310         0.018         0.129
  ------------------------------------------------------------------------------------------
  System                    1098.215      1879.515        22.261         1.451        10.472
  
  
  ******************
  Node Depth Summary
  ******************
  
  ---------------------------------------------------------------------------------
                                 Average  Maximum  Maximum  Time of Max    Reported
                                   Depth    Depth      HGL   Occurrence   Max Depth
  Node                 Type       Meters   Meters   Meters  days hr:min      Meters
  ---------------------------------------------------------------------------------
  WS02001211           JUNCTION     0.70     0.79     5.63     0  05:01        0.79
  WS02001212           JUNCTION     0.42     0.51     5.57     0  05:00        0.51
  WS02001213           JUNCTION     0.67     0.76     5.52     0  04:59        0.76
  WS02003069           JUNCTION     0.48     0.59     5.17     0  04:59        0.59
  WS02003072           JUNCTION     0.54     0.64     5.01     0  04:59        0.64
  WS02003073           JUNCTION     0.33     0.40     4.46     0  05:00        0.40
  WS02003060           JUNCTION     0.42     0.52     5.45     0  04:58        0.52
  WS02003066           JUNCTION     0.24     0.30     5.86     0  03:57        0.30
  WS02003059           JUNCTION     0.72     0.81     5.50     0  04:59        0.81
  WS02003067           JUNCTION     0.59     0.71     6.03     0  03:57        0.71
  WS02004401           JUNCTION     0.70     0.87     6.87     0  03:55        0.87
  WS02004402           JUNCTION     0.73     0.89     6.85     0  03:55        0.89
  WS02004403           JUNCTION     0.75     0.90     6.83     0  03:55        0.90
  WS02004404           JUNCTION     0.82     0.98     6.83     0  03:55        0.98
  WS02004406           JUNCTION     0.83     0.97     6.80     0  03:56        0.97
  WS02004409           JUNCTION     0.52     0.68     6.45     0  03:56        0.68
  WS02004410           JUNCTION     0.54     0.69     6.41     0  03:56        0.69
  WS02004411           JUNCTION     0.55     0.70     6.38     0  03:57        0.70
  WS02004412           JUNCTION     0.57     0.71     6.35     0  03:57        0.71
  WS02004413           JUNCTION     0.72     0.87     6.34     0  03:57        0.87
  WS02004405           JUNCTION     0.82     0.97     6.82     0  03:55        0.97
  WS02006109           JUNCTION     0.77     1.01     7.62     0  03:43        0.99
  WS02006110           JUNCTION     0.76     0.95     7.53     0  03:43        0.94
  WS02006111           JUNCTION     0.22     0.29     7.00     0  03:46        0.29
  WS02006112           JUNCTION     0.87     1.11     6.99     0  03:55        1.07
  WS02006113           JUNCTION     0.35     0.47     7.36     0  03:44        0.47
  WS02006115           JUNCTION     0.59     0.77     6.91     0  03:54        0.77
  WS02006116           JUNCTION     0.67     0.85     6.89     0  03:55        0.85
  WS02006230           JUNCTION     0.77     1.14     7.88     0  03:43        1.13
  WS02006231           JUNCTION     0.52     0.89     8.01     0  03:43        0.88
  WS02006232           JUNCTION     0.66     1.08     8.12     0  03:43        1.07
  WS02006234           JUNCTION     0.60     1.10     8.26     0  03:43        1.10
  WS02006235           JUNCTION     0.65     1.19     8.35     0  03:43        1.19
  WS02006238           JUNCTION     0.67     1.22     8.37     0  03:43        1.22
  WS02006240           JUNCTION     0.59     1.17     8.46     0  03:43        1.17
  WS02006242           JUNCTION     0.65     1.25     8.52     0  06:21        1.24
  WS02006243           JUNCTION     0.55     1.15     8.57     0  06:21        1.13
  WS02006245           JUNCTION     0.53     1.13     8.61     0  06:21        1.11
  WS02006247           JUNCTION     0.55     1.14     8.64     0  06:21        1.13
  WS02006248           JUNCTION     0.49     1.09     8.68     0  03:42        1.08
  WS02006249           JUNCTION     0.52     1.09     8.69     0  03:42        1.09
  WS02006239           JUNCTION     0.64     1.21     8.42     0  03:43        1.21
  WS02006251           JUNCTION     0.50     1.31     8.98     0  03:42        1.18
  WS02006252           JUNCTION     0.34     0.87     9.11     0  03:42        0.73
  WS02006253           JUNCTION     0.53     1.36     9.01     0  03:42        1.23
  WS02006256           JUNCTION     1.43     2.35     9.28     0  00:12        2.35
  WS02004138           JUNCTION     0.16     0.20     7.45     0  00:00        0.19
  WS02004139           JUNCTION     0.64     0.74     5.65     0  05:01        0.74
  WS02004407           JUNCTION     0.23     0.30     6.61     0  03:56        0.30
  WS02006228           JUNCTION     0.77     1.06     7.71     0  03:43        1.05
  WS02006229           JUNCTION     0.75     1.05     7.74     0  03:43        1.04
  WS02006280           JUNCTION     0.05     0.17     8.44     0  02:13        0.17
  WS02006284           JUNCTION     0.34     0.51     8.91     0  02:12        0.51
  WS02006287           JUNCTION     0.07     0.24     9.20     0  02:12        0.24
  WSF200               JUNCTION     0.23     0.32     5.55     0  03:58        0.32
  HS02004901           JUNCTION     0.10     0.25    10.08     0  02:10        0.25
  HS02004881           JUNCTION     0.00     0.03     9.06     0  02:12        0.03
  HS02004876           JUNCTION     0.03     0.11     9.14     0  02:08        0.11
  HS02004870           JUNCTION     0.01     0.05     9.34     0  02:12        0.05
  HS02004862           JUNCTION     0.01     0.06     9.44     0  02:13        0.06
  HS02004856           JUNCTION     0.07     0.11     9.54     0  02:13        0.11
  HS02004852           JUNCTION     0.01     0.03     9.55     0  02:13        0.03
  HS02004848           JUNCTION     0.01     0.03     9.63     0  02:12        0.03
  HS02004842           JUNCTION     0.33     0.36     9.63     0  02:12        0.36
  HS02004837           JUNCTION     0.02     0.05     9.63     0  02:12        0.05
  HS02004830           JUNCTION     0.04     0.07     9.54     0  02:12        0.07
  HS02004824           JUNCTION     0.02     0.05     9.45     0  02:15        0.05
  HS02004817           JUNCTION     0.42     0.55     9.40     0  02:13        0.55
  HS02004807           JUNCTION     0.11     0.23     9.40     0  02:13        0.23
  HS02004802           JUNCTION     0.14     0.26     9.39     0  02:13        0.26
  HS02004799           JUNCTION     0.09     0.29     9.50     0  02:11        0.29
  HS02004792           JUNCTION     0.02     0.12     9.64     0  02:10        0.12
  HS02004788           JUNCTION     0.02     0.09     9.99     0  02:11        0.09
  HS02004785           JUNCTION     0.03     0.15    10.05     0  02:11        0.15
  HS02004777           JUNCTION     0.13     0.27    10.07     0  02:10        0.27
  HS02004770           JUNCTION     0.10     0.25    10.08     0  02:10        0.25
  HS02004480           JUNCTION     0.06     0.23     9.47     0  02:11        0.23
  HS02004479           JUNCTION     0.09     0.27     9.47     0  02:11        0.27
  HS02004478           JUNCTION     0.05     0.15     9.38     0  02:12        0.15
  YS02001745           JUNCTION     0.58     0.83     8.34     0  04:28        0.82
  YS02001748           JUNCTION     0.97     1.27     8.34     0  04:28        1.26
  YS02001751           JUNCTION     1.15     1.47     8.35     0  04:26        1.46
  YS02001754           JUNCTION     1.40     1.75     8.36     0  04:29        1.73
  YS02001762           JUNCTION     1.59     1.97     8.37     0  04:30        1.95
  YS02001765           JUNCTION     1.54     1.92     8.37     0  04:29        1.91
  YS02001767           JUNCTION     1.51     1.89     8.38     0  04:29        1.87
  YS02001770           JUNCTION     1.50     1.88     8.38     0  04:29        1.87
  YS02001774           JUNCTION     1.57     1.96     8.38     0  04:29        1.94
  YS02001779           JUNCTION     1.32     1.68     8.37     0  04:20        1.68
  YS02001882           JUNCTION     0.29     0.54     7.26     0  02:38        0.54
  YS02001884           JUNCTION     0.38     0.64     7.26     0  02:39        0.64
  YS02001759           JUNCTION     1.63     2.00     8.36     0  04:29        1.99
  YS02001887           JUNCTION     0.46     0.72     7.26     0  02:39        0.72
  YS02001890           JUNCTION     0.49     0.75     7.26     0  02:40        0.75
  YS02001898           JUNCTION     0.26     0.51     7.24     0  02:39        0.50
  YS02001901           JUNCTION     0.38     0.63     7.24     0  02:37        0.63
  YS02001904           JUNCTION     0.36     0.61     7.24     0  02:37        0.61
  YS02001907           JUNCTION     0.69     0.95     7.24     0  02:40        0.95
  YS02001910           JUNCTION     0.48     0.73     7.24     0  02:37        0.73
  YS02001915           JUNCTION     0.28     0.52     7.24     0  02:38        0.52
  YS02001918           JUNCTION     0.09     0.17     7.24     0  02:38        0.17
  YS02001619           JUNCTION     1.11     1.49     8.42     0  03:54        1.47
  YS02001629           JUNCTION     1.45     1.85     8.40     0  03:54        1.84
  YS02001641           JUNCTION     1.56     1.94     8.38     0  04:21        1.93
  YS02001644           JUNCTION     1.56     1.92     8.35     0  04:16        1.92
  YS02001652           JUNCTION     1.41     1.80     8.39     0  03:55        1.77
  YS02001655           JUNCTION     1.18     1.67     8.52     0  03:55        1.54
  YS02001920           JUNCTION     0.19     0.25     7.26     0  02:48        0.25
  YS02001923           JUNCTION     0.07     0.10     7.36     0  03:01        0.10
  YS02001926           JUNCTION     0.15     0.20     7.64     0  03:01        0.20
  YS02001929           JUNCTION     0.07     0.10     7.79     0  03:01        0.10
  YS02001658           JUNCTION     0.91     1.47     8.62     0  03:55        1.26
  YS02001661           JUNCTION     0.68     1.02     8.42     0  04:27        1.01
  YS02001664           JUNCTION     0.24     0.51     8.43     0  04:28        0.50
  YS02001622           JUNCTION     1.13     1.51     8.41     0  03:54        1.49
  YS02001633           JUNCTION     1.55     1.95     8.41     0  05:18        1.93
  YS02001649           JUNCTION     1.60     1.98     8.37     0  04:28        1.97
  YS02001757           JUNCTION     1.72     2.10     8.36     0  04:28        2.08
  YS02001895           JUNCTION     0.26     0.50     7.25     0  02:39        0.50
  YS02001625           JUNCTION     1.41     1.78     8.38     0  03:54        1.78
  YS02163301           JUNCTION     1.48     1.91     8.43     0  03:54        1.87
  YS02163601           JUNCTION     1.60     2.00     8.40     0  05:18        1.98
  YS02164001           JUNCTION     1.54     1.93     8.39     0  05:18        1.92
  YS02001647           JUNCTION     1.40     1.76     8.37     0  04:29        1.74
  YSB1154              JUNCTION     0.23     0.42     9.47     0  02:11        0.42
  YSB6556              JUNCTION     0.12     0.30     9.47     0  02:11        0.30
  YSB1174              JUNCTION     0.18     0.36     9.47     0  02:11        0.36
  YSB1171              JUNCTION     0.38     0.57     9.47     0  02:11        0.57
  YS02006553           JUNCTION     0.69     0.95     7.24     0  02:37        0.95
  YS02006561           JUNCTION     0.14     0.28     6.94     0  02:38        0.27
  YS02006556           JUNCTION     0.67     0.92     7.23     0  02:35        0.92
  YS02006558           JUNCTION     0.71     0.96     7.23     0  02:40        0.96
  YS02001783           JUNCTION     0.25     0.72     6.86     0  02:27        0.69
  YS02001784           JUNCTION     0.29     0.78     6.85     0  02:28        0.76
  YS02001786           JUNCTION     0.25     0.77     6.80     0  02:28        0.76
  YS02001788           JUNCTION     0.19     0.80     6.78     0  02:27        0.76
  YS02001790           JUNCTION     0.24     1.44     7.08     0  03:24        1.05
  YS02001791           JUNCTION     0.19     1.32     6.79     0  03:24        1.17
  YS02001793           JUNCTION     0.19     1.79     6.62     0  02:27        1.79
  WSC                  OUTFALL      0.33     0.40     1.07     0  05:00        0.40
  JK-storage           STORAGE      1.25     5.80     6.60     0  02:26        5.80
  CC-storage           STORAGE      1.00     1.32     8.32     0  04:28        1.32
  XR-storage           STORAGE      2.36     6.15     4.15     0  06:46        6.15
  
  
  *******************
  Node Inflow Summary
  *******************
  
  -------------------------------------------------------------------------------------------------
                                  Maximum  Maximum                  Lateral       Total        Flow
                                  Lateral    Total  Time of Max      Inflow      Inflow     Balance
                                   Inflow   Inflow   Occurrence      Volume      Volume       Error
  Node                 Type           LPS      LPS  days hr:min    10^6 ltr    10^6 ltr     Percent
  -------------------------------------------------------------------------------------------------
  WS02001211           JUNCTION      7.35   389.55     0  05:38       0.207        8.45       0.484
  WS02001212           JUNCTION      0.00   391.60     0  05:38           0        8.42       0.296
  WS02001213           JUNCTION      0.00   393.51     0  05:37           0        8.41       0.348
  WS02003069           JUNCTION      0.32   948.30     0  04:58     0.00902        16.4       0.234
  WS02003072           JUNCTION      0.00   948.21     0  04:59           0        16.4       0.276
  WS02003073           JUNCTION      1.82   949.96     0  05:00      0.0514        16.4       0.320
  WS02003060           JUNCTION     16.53   948.00     0  04:58       0.466        16.5       0.221
  WS02003066           JUNCTION      0.00   554.76     0  03:57           0        7.67       0.069
  WS02003059           JUNCTION      0.00   396.51     0  05:37           0         8.4       0.498
  WS02003067           JUNCTION      0.00   554.72     0  03:57           0        7.68       0.138
  WS02004401           JUNCTION      0.00   556.73     0  03:55           0        7.95       0.311
  WS02004402           JUNCTION      0.00   556.43     0  03:55           0        7.92       0.289
  WS02004403           JUNCTION      0.00   556.29     0  03:55           0         7.9       0.259
  WS02004404           JUNCTION      0.16   556.38     0  03:55     0.00457        7.88       0.191
  WS02004406           JUNCTION      0.00   556.22     0  03:55           0        7.85       0.465
  WS02004409           JUNCTION      0.00   556.05     0  03:56           0         7.8       0.262
  WS02004410           JUNCTION      0.00   555.57     0  03:56           0        7.78       0.289
  WS02004411           JUNCTION      0.00   555.20     0  03:56           0        7.76       0.292
  WS02004412           JUNCTION      0.00   554.99     0  03:57           0        7.74       0.308
  WS02004413           JUNCTION      0.00   554.92     0  03:57           0        7.71       0.444
  WS02004405           JUNCTION      0.04   556.29     0  03:55     0.00107        7.87       0.285
  WS02006109           JUNCTION      1.23   561.29     0  03:44      0.0347        8.05       0.216
  WS02006110           JUNCTION      0.00   562.12     0  03:44           0        8.03       0.286
  WS02006111           JUNCTION      0.00   584.80     0  03:44           0           8       0.071
  WS02006112           JUNCTION     12.06   564.55     0  03:46      0.0329        8.02       0.410
  WS02006113           JUNCTION      0.00   563.22     0  03:43           0        8.01       0.150
  WS02006115           JUNCTION      0.00   572.12     0  03:55           0        7.99       0.310
  WS02006116           JUNCTION      0.00   558.01     0  03:55           0        7.97       0.276
  WS02006230           JUNCTION     10.28   537.36     0  06:21        0.29        6.98       0.204
  WS02006231           JUNCTION      0.00   528.76     0  04:42           0        6.71       0.247
  WS02006232           JUNCTION      0.00   529.56     0  04:42           0        6.72       0.272
  WS02006234           JUNCTION      0.00   531.03     0  04:42           0        6.73       0.161
  WS02006235           JUNCTION      0.00   528.39     0  04:42           0        6.81       0.186
  WS02006238           JUNCTION      0.00   400.44     0  07:50           0        4.48       0.168
  WS02006240           JUNCTION      0.00   400.44     0  07:50           0        4.44       0.381
  WS02006242           JUNCTION      0.00   400.44     0  07:50           0        4.43       0.427
  WS02006243           JUNCTION      0.00   400.44     0  07:50           0        4.42       0.112
  WS02006245           JUNCTION      0.00   400.44     0  07:50           0        4.43       0.342
  WS02006247           JUNCTION      0.00   400.44     0  07:50           0        4.44       0.270
  WS02006248           JUNCTION      0.00   400.44     0  07:50           0        4.44       0.216
  WS02006249           JUNCTION      0.00   428.34     0  03:43           0         4.6       0.350
  WS02006239           JUNCTION      0.00   400.44     0  07:50           0        4.46       0.126
  WS02006251           JUNCTION      0.08   414.67     0  03:43     0.00217        4.68       0.382
  WS02006252           JUNCTION      0.00   400.00     0  03:40           0        4.44       0.014
  WS02006253           JUNCTION      1.76   133.84     0  03:41     0.00426       0.253       5.504
  WS02006256           JUNCTION      0.00   983.00     0  02:40           0           5       0.032
  WS02004138           JUNCTION      0.00   380.00     0  00:00           0        8.27       0.076
  WS02004139           JUNCTION      0.32   394.45     0  00:00     0.00905        8.28       0.558
  WS02004407           JUNCTION      0.00   556.16     0  03:56           0        7.81       0.116
  WS02006228           JUNCTION      0.00   561.22     0  03:44           0        8.03       0.171
  WS02006229           JUNCTION      0.00   560.58     0  03:43           0        8.05       0.183
  WS02006280           JUNCTION      0.00   279.03     0  02:13           0        1.08       0.006
  WS02006284           JUNCTION      0.10   279.00     0  02:12      0.0027        1.08       0.109
  WS02006287           JUNCTION      0.00   278.86     0  02:12           0        1.08       0.066
  WSF200               JUNCTION      0.00   554.78     0  03:58           0        7.66       0.069
  HS02004901           JUNCTION     14.81    14.81     0  02:06      0.0396      0.0398       4.623
  HS02004881           JUNCTION      6.10    54.62     0  02:11      0.0173       0.183       0.070
  HS02004876           JUNCTION     10.00    48.75     0  02:12      0.0332       0.166       0.318
  HS02004870           JUNCTION     10.90    38.99     0  02:12      0.0327       0.133       0.080
  HS02004862           JUNCTION      9.13    28.78     0  02:12      0.0384       0.101       0.168
  HS02004856           JUNCTION      8.10    19.75     0  02:12      0.0246      0.0637       2.311
  HS02004852           JUNCTION      0.00    12.15     0  02:12           0      0.0392       0.130
  HS02004848           JUNCTION     18.51    18.51     0  02:14      0.0783      0.0783       0.055
  HS02004842           JUNCTION      0.00     6.94     0  02:22           0      0.0522      33.170
  HS02004837           JUNCTION     24.03    29.96     0  02:11       0.236       0.275       0.295
  HS02004830           JUNCTION      0.15    30.09     0  02:12     0.00423       0.266       0.466
  HS02004824           JUNCTION     20.85    50.75     0  02:14       0.103       0.367       0.147
  HS02004817           JUNCTION      0.60    51.35     0  02:15      0.0169       0.383       4.546
  HS02004807           JUNCTION     20.43    70.16     0  02:13      0.0602       0.427       1.000
  HS02004802           JUNCTION      0.00    70.58     0  02:14           0       0.423       0.968
  HS02004799           JUNCTION     15.85   177.85     0  02:10      0.0487       0.577       0.410
  HS02004792           JUNCTION     69.97   162.29     0  02:10       0.211       0.529       0.078
  HS02004788           JUNCTION     23.25    94.35     0  02:10       0.115       0.319       0.121
  HS02004785           JUNCTION      0.15    71.49     0  02:10     0.00423       0.206       0.233
  HS02004777           JUNCTION      0.03    71.86     0  02:09    0.000846       0.206       2.572
  HS02004770           JUNCTION     59.12    72.92     0  02:08       0.169       0.207       1.516
  HS02004480           JUNCTION      0.00   209.80     0  02:11           0       0.676       0.111
  HS02004479           JUNCTION      0.00    32.74     0  02:12           0       0.111       0.660
  HS02004478           JUNCTION      0.00   278.84     0  02:12           0        1.08       0.051
  YS02001745           JUNCTION    103.28   119.55     0  03:06         1.1         1.1       0.467
  YS02001748           JUNCTION      0.04   262.56     0  02:56     0.00127        1.11       1.624
  YS02001751           JUNCTION      0.01   309.00     0  02:55     0.00031        1.09       2.038
  YS02001754           JUNCTION      0.26   180.77     0  02:59     0.00733        1.06       2.296
  YS02001762           JUNCTION      0.00   160.71     0  03:01           0         1.2       1.785
  YS02001765           JUNCTION      0.00   156.39     0  03:01           0         1.2       2.053
  YS02001767           JUNCTION      0.54   153.31     0  02:56      0.0151        1.22       3.013
  YS02001770           JUNCTION    133.34   153.40     0  02:56        1.27        1.29       2.484
  YS02001774           JUNCTION      0.00    46.29     0  02:08           0      0.0694      56.915
  YS02001779           JUNCTION      0.01    37.02     0  02:25    0.000141      0.0274     125.804
  YS02001882           JUNCTION      0.00     4.91     0  02:05           0       0.007      34.358
  YS02001884           JUNCTION      0.00    13.87     0  02:05           0       0.027      23.392
  YS02001759           JUNCTION    130.69   285.70     0  03:01        1.18        2.34       0.985
  YS02001887           JUNCTION    172.76   174.71     0  02:34         1.4        1.41       0.528
  YS02001890           JUNCTION      0.00   173.95     0  02:36           0        1.38       0.590
  YS02001898           JUNCTION      0.00   173.31     0  02:35           0        1.37       0.176
  YS02001901           JUNCTION      0.00   174.26     0  02:36           0        1.37       0.426
  YS02001904           JUNCTION      0.00   175.52     0  02:36           0        1.37       0.394
  YS02001907           JUNCTION      0.00   312.93     0  02:40           0        2.95       0.768
  YS02001910           JUNCTION      0.00   143.53     0  02:50           0         1.6       0.661
  YS02001915           JUNCTION     92.70   141.48     0  02:54       0.936         1.6       0.303
  YS02001918           JUNCTION      0.00    47.74     0  02:55           0       0.665       0.196
  YS02001619           JUNCTION     90.08    90.08     0  02:44       0.925       0.925       1.250
  YS02001629           JUNCTION      0.00   194.17     0  03:01           0       0.847       3.262
  YS02001641           JUNCTION      0.00   196.38     0  02:56           0        1.84       1.156
  YS02001644           JUNCTION     98.08   294.48     0  02:56        1.06        2.86       0.912
  YS02001652           JUNCTION      0.00   159.80     0  02:57           0       0.987       2.392
  YS02001655           JUNCTION      0.15   332.17     0  03:00     0.00434        1.01       2.264
  YS02001920           JUNCTION      2.87    47.25     0  03:01      0.0809       0.667       0.337
  YS02001923           JUNCTION      0.04    44.38     0  03:01     0.00106       0.587       0.060
  YS02001926           JUNCTION      0.05    44.38     0  03:01     0.00147       0.588       0.418
  YS02001929           JUNCTION     44.34    44.34     0  03:01       0.587       0.587       0.058
  YS02001658           JUNCTION      0.00   294.80     0  02:55           0        1.04       1.440
  YS02001661           JUNCTION      0.00   349.91     0  04:16           0        1.33       0.382
  YS02001664           JUNCTION    122.35   312.19     0  04:16        1.03        1.31       0.152
  YS02001622           JUNCTION      0.00   140.95     0  03:01           0       0.915       3.490
  YS02001633           JUNCTION     99.63   197.61     0  02:56        1.09        1.89       1.723
  YS02001649           JUNCTION      0.00   440.71     0  02:49           0        3.75       0.993
  YS02001757           JUNCTION      0.00   762.56     0  02:54           0        7.04       1.323
  YS02001895           JUNCTION      0.00   174.32     0  02:34           0        1.37       0.289
  YS02001625           JUNCTION      0.00   194.91     0  03:01           0       0.885       4.619
  YS02163301           JUNCTION      0.00    98.59     0  02:56           0       0.831       2.962
  YS02163601           JUNCTION      0.11   197.96     0  02:56      0.0031        1.85       1.639
  YS02164001           JUNCTION      0.00   197.43     0  02:56           0        1.83       1.087
  YS02001647           JUNCTION      0.00   293.97     0  02:56           0        2.82       0.985
  YSB1154              JUNCTION     17.78    17.78     0  02:10      0.0591      0.0603       2.454
  YSB6556              JUNCTION      0.00    17.70     0  02:11           0      0.0612       2.080
  YSB1174              JUNCTION     16.67    16.67     0  02:06       0.043      0.0437       3.024
  YSB1171              JUNCTION      0.00    32.56     0  02:11           0        0.11       6.076
  YS02006553           JUNCTION      0.00   312.51     0  02:40           0        2.94       0.497
  YS02006561           JUNCTION      0.00   488.28     0  02:40           0        4.16       0.003
  YS02006556           JUNCTION      0.00   312.97     0  02:35           0        2.94       0.360
  YS02006558           JUNCTION    145.63   457.70     0  02:40        1.27        4.19       0.123
  YS02001783           JUNCTION      0.00   457.60     0  02:38           0        4.16       0.040
  YS02001784           JUNCTION      1.06   474.66     0  02:27      0.0299        4.19       0.061
  YS02001786           JUNCTION      0.06   494.76     0  02:38     0.00159        4.19       0.062
  YS02001788           JUNCTION      0.07   543.85     0  02:38       0.002        4.19       0.036
  YS02001790           JUNCTION      0.15   599.15     0  02:37     0.00437        4.19       0.024
  YS02001791           JUNCTION      0.00   647.92     0  02:38           0        4.19       0.014
  YS02001793           JUNCTION      0.00   691.08     0  02:39           0        4.19      -0.012
  WSC                  OUTFALL       0.00   949.91     0  05:00           0        16.3       0.000
  JK-storage           STORAGE       0.00   712.36     0  02:41           0        4.34     -19.787
  CC-storage           STORAGE       0.00   763.99     0  02:54           0        6.95       0.749
  XR-storage           STORAGE     387.22   387.22     0  02:45        7.84        8.44      -0.892
  
  
  **********************
  Node Surcharge Summary
  **********************
  
  Surcharging occurs when water rises above the top of the highest conduit.
  ---------------------------------------------------------------------
                                               Max. Height   Min. Depth
                                   Hours       Above Crown    Below Rim
  Node                 Type      Surcharged         Meters       Meters
  ---------------------------------------------------------------------
  WS02006109           JUNCTION        2.84          0.185        1.635
  WS02006110           JUNCTION        0.94          0.036        1.814
  WS02006112           JUNCTION        1.13          0.107        1.573
  WS02006230           JUNCTION        0.81          0.059        1.511
  WS02006231           JUNCTION        1.21          0.180        1.350
  WS02006232           JUNCTION        2.74          0.383        1.097
  WS02006234           JUNCTION        2.08          0.379        0.861
  WS02006235           JUNCTION        2.56          0.480        0.810
  WS02006238           JUNCTION        2.63          0.504        0.926
  WS02006240           JUNCTION        2.42          0.459        0.931
  WS02006242           JUNCTION        2.65          0.517        0.303
  WS02006243           JUNCTION        2.00          0.441        0.329
  WS02006245           JUNCTION        1.84          0.420        0.430
  WS02006247           JUNCTION        1.90          0.433        0.327
  WS02006248           JUNCTION        1.69          0.369        0.011
  WS02006249           JUNCTION        1.77          0.390        0.000
  WS02006239           JUNCTION        2.47          0.469        0.821
  WS02006251           JUNCTION        0.73          0.282        0.898
  WS02006252           JUNCTION        2.57          0.472        0.628
  WS02006253           JUNCTION        0.76          0.323        2.157
  WS02006256           JUNCTION        6.34          2.050        0.000
  WS02006228           JUNCTION        2.80          0.227        1.973
  YS02001748           JUNCTION        2.98          0.186        1.004
  YS02001751           JUNCTION        4.66          0.471        0.729
  YS02001754           JUNCTION        5.06          0.697        0.453
  YS02001762           JUNCTION        5.47          0.971        0.179
  YS02001765           JUNCTION        5.44          0.925        0.175
  YS02001767           JUNCTION        5.42          0.889        0.141
  YS02001770           JUNCTION        5.39          0.854        0.066
  YS02001774           JUNCTION        5.46          0.956        0.094
  YS02001779           JUNCTION        4.94          0.680        0.000
  YS02001759           JUNCTION        5.50          0.997        0.213
  YS02001619           JUNCTION        4.46          0.486        0.124
  YS02001629           JUNCTION        4.47          0.470        0.000
  YS02001641           JUNCTION        5.46          0.941        0.159
  YS02001644           JUNCTION        5.45          0.920        0.000
  YS02001652           JUNCTION        5.19          0.765        0.365
  YS02001655           JUNCTION        4.71          0.675        0.525
  YS02001658           JUNCTION        2.96          0.474        0.826
  YS02001622           JUNCTION        4.58          0.509        0.111
  YS02001633           JUNCTION        5.43          0.932        0.128
  YS02001649           JUNCTION        5.48          0.981        0.069
  YS02001757           JUNCTION        5.56          1.097        0.113
  YS02001625           JUNCTION        5.30          0.780        0.000
  YS02163301           JUNCTION        5.41          0.910        0.120
  YS02163601           JUNCTION        5.48          0.999        0.081
  YS02164001           JUNCTION        5.44          0.930        0.170
  YS02001647           JUNCTION        5.25          0.755        0.145
  YS02001790           JUNCTION        0.40          0.637        0.520
  YS02001791           JUNCTION        0.45          0.517        1.403
  YS02001793           JUNCTION        0.57          0.789        1.811
  
  
  *********************
  Node Flooding Summary
  *********************
  
  Flooding refers to all water that overflows a node, whether it ponds or not.
  --------------------------------------------------------------------------
                                                             Total   Maximum
                                 Maximum   Time of Max       Flood    Ponded
                        Hours       Rate    Occurrence      Volume     Depth
  Node                 Flooded       LPS   days hr:min    10^6 ltr    Meters
  --------------------------------------------------------------------------
  WS02006249              0.66    114.91      0  03:43       0.138     0.000
  WS02006256              2.19    790.40      0  03:43       2.610     0.000
  YS02001779              0.02      8.23      0  04:29       0.000     0.000
  YS02001629              0.01     12.89      0  03:54       0.000     0.000
  YS02001644              0.12     21.82      0  04:19       0.003     0.000
  YS02001625              0.07     23.24      0  04:19       0.001     0.000
  JK-storage              0.28    476.74      0  02:28       0.269     0.000
  
  
  **********************
  Storage Volume Summary
  **********************
  
  --------------------------------------------------------------------------------------------------
                         Average     Avg  Evap Exfil       Maximum     Max    Time of Max    Maximum
                          Volume    Pcnt  Pcnt  Pcnt        Volume    Pcnt     Occurrence    Outflow
  Storage Unit           1000 m3    Full  Loss  Loss       1000 m3    Full    days hr:min        LPS
  --------------------------------------------------------------------------------------------------
  JK-storage               0.063      22     0     0         0.291     100       0  02:26     983.00
  CC-storage               2.800      18     0     0         3.666      23       0  04:28     400.00
  XR-storage               0.284      31     0     0         0.738      80       0  06:46     380.00
  
  
  ***********************
  Outfall Loading Summary
  ***********************
  
  ---------------------------------------------------------------------------------------------------------------------------------
                         Flow       Avg       Max       Total         Total         Total         Total         Total         Total
                         Freq      Flow      Flow      Volume           COD            SS            TN            TP         NH4-N
  Outfall Node           Pcnt       LPS       LPS    10^6 ltr            kg            kg            kg            kg            kg
  ---------------------------------------------------------------------------------------------------------------------------------
  WSC                  100.00    679.35    949.91      16.304      1963.264      3204.554       154.942        18.836        95.437
  ---------------------------------------------------------------------------------------------------------------------------------
  System               100.00    679.35    949.91      16.304      1963.264      3204.554       154.942        18.836        95.437
  
  
  ********************
  Link Flow Summary
  ********************
  
  -----------------------------------------------------------------------------
                                 Maximum  Time of Max   Maximum    Max/    Max/
                                  |Flow|   Occurrence   |Veloc|    Full    Full
  Link                 Type          LPS  days hr:min     m/sec    Flow   Depth
  -----------------------------------------------------------------------------
  WS02003066WSF200     CONDUIT    554.78     0  03:58      2.87    0.09    0.24
  WS02006287WS02006284 CONDUIT    278.91     0  02:12      1.79    0.13    0.25
  WS02006284WS02006280 CONDUIT    279.03     0  02:13      2.04    0.12    0.23
  WS02006280WS02006229 CONDUIT    279.03     0  02:13      3.28    0.06    0.17
  WS02006229WS02006228 CONDUIT    561.22     0  03:44      1.12    1.86    1.00
  WS02006256WS02006235 CONDUIT    264.10     0  00:12      3.74    2.80    1.00
  WS02006253WS02006251 CONDUIT    129.20     0  03:41      0.55    0.39    1.00
  WS02006252WS02006251 CONDUIT    403.81     0  03:43      3.21    1.48    1.00
  WS02006251WS02006249 CONDUIT    428.34     0  03:43      1.13    1.24    1.00
  WS02006249WS02006248 CONDUIT    400.44     0  07:50      1.19    2.19    1.00
  WS02006248WS02006247 CONDUIT    400.44     0  07:50      1.16    0.87    1.00
  WS02006247WS02006245 CONDUIT    400.44     0  07:50      1.14    3.18    1.00
  WS02006245WS02006243 CONDUIT    400.44     0  07:50      1.17    1.18    1.00
  WS02006243WS02006242 CONDUIT    400.44     0  07:50      1.06    0.86    1.00
  WS02006242WS02006240 CONDUIT    400.44     0  07:50      1.04    1.59    1.00
  WS02006240WS02006239 CONDUIT    400.44     0  07:50      1.04    1.26    1.00
  WS02006239WS02006238 CONDUIT    400.44     0  07:50      1.04    1.28    1.00
  WS02006238WS02006235 CONDUIT    400.44     0  07:50      1.05    0.89    1.00
  WS02006235WS02006234 CONDUIT    531.03     0  04:42      1.38    5.60    1.00
  WS02006234WS02006232 CONDUIT    529.56     0  04:42      1.38    1.07    1.00
  WS02006232WS02006231 CONDUIT    528.76     0  04:42      1.37    1.11    1.00
  WS02006231WS02006230 CONDUIT    527.08     0  06:21      1.49    8.00    1.00
  WS02006230WS02006229 CONDUIT    541.26     0  06:21      1.41   12.05    1.00
  WS02006228WS02006109 CONDUIT    560.06     0  03:44      1.11    2.45    1.00
  WS02006116WS02004401 CONDUIT    556.73     0  03:55      0.88    0.77    0.86
  WS02006115WS02006116 CONDUIT    558.01     0  03:55      0.97    0.72    0.78
  WS02006113WS02006111 CONDUIT    584.80     0  03:44      2.50    0.70    0.47
  WS02006112WS02006115 CONDUIT    572.12     0  03:55      0.81    0.34    0.88
  WS02006111WS02006112 CONDUIT    564.21     0  03:46      1.58    0.27    0.68
  WS02006110WS02006113 CONDUIT    563.22     0  03:43      1.32    0.51    0.79
  WS02006109WS02006110 CONDUIT    562.12     0  03:44      1.12    1.08    1.00
  WS02004411WS02004412 CONDUIT    554.99     0  03:57      0.94    0.79    0.70
  WS02004401WS02004402 CONDUIT    556.43     0  03:55      0.88    0.67    0.88
  WS02004413WS02003067 CONDUIT    554.72     0  03:57      1.13    0.24    0.60
  WS02004412WS02004413 CONDUIT    554.92     0  03:57      0.84    0.37    0.79
  WS02004410WS02004411 CONDUIT    555.20     0  03:56      0.95    0.76    0.70
  WS02004409WS02004410 CONDUIT    555.57     0  03:56      1.01    0.72    0.69
  WS02004407WS02004409 CONDUIT    556.05     0  03:56      1.55    0.20    0.49
  WS02004406WS02004407 CONDUIT    556.16     0  03:56      1.06    0.25    0.63
  WS02004405WS02004406 CONDUIT    556.22     0  03:55      0.74    1.10    0.97
  WS02004404WS02004405 CONDUIT    556.25     0  03:55      0.96    5.45    0.97
  WS02004403WS02004404 CONDUIT    556.22     0  03:55      0.82    0.40    0.94
  WS02004402WS02004403 CONDUIT    556.29     0  03:55      0.87    0.80    0.90
  WS02004139WS02001211 CONDUIT    382.21     0  05:38      0.90    0.48    0.60
  WS02004138WS02004139 CONDUIT    394.13     0  00:00      3.62    0.08    0.44
  WS02003067WS02003066 CONDUIT    554.76     0  03:57      1.23    0.18    0.42
  WS02001213WS02003059 CONDUIT    396.51     0  05:37      0.89    0.65    0.78
  WS02001212WS02001213 CONDUIT    393.51     0  05:37      1.32    0.61    0.47
  WS02001211WS02001212 CONDUIT    391.60     0  05:38      0.78    0.30    0.65
  WS02003072WS02003073 CONDUIT    948.14     0  05:00      1.73    2.05    0.49
  WS02003069WS02003072 CONDUIT    948.21     0  04:59      1.63    0.46    0.51
  WS02003060WS02003069 CONDUIT    947.98     0  04:58      1.87    0.37    0.46
  WS02003059WS02003060 CONDUIT    400.28     0  05:37      0.95    0.26    0.66
  HS02004901HS02004770 CONDUIT     14.04     0  02:09      0.06    0.05    0.36
  HS02004876HS02004881 CONDUIT     48.93     0  02:12      0.72    0.52    0.10
  HS02004870HS02004876 CONDUIT     38.96     0  02:12      0.50    0.03    0.11
  HS02004842HS02004848 CONDUIT      6.94     0  02:22      0.04    0.00    0.28
  HS02004837HS02004842 CONDUIT      7.23     0  02:23      0.42    0.00    0.30
  HS02004830HS02004837 CONDUIT     29.94     0  02:12      0.49    0.03    0.09
  HS02004824HS02004830 CONDUIT     30.08     0  02:13      0.53    0.04    0.08
  HS02004817HS02004824 CONDUIT     50.75     0  02:15      0.17    0.02    0.43
  HS02004770HS02004777 CONDUIT     71.83     0  02:09      0.28    0.13    0.37
  HS02004799HS02004480 CONDUIT    177.57     0  02:10      0.69    0.22    0.37
  HS02004792HS02004799 CONDUIT    162.18     0  02:10      0.79    0.10    0.29
  HS02004788HS02004792 CONDUIT     94.26     0  02:11      0.93    0.06    0.15
  HS02004785HS02004788 CONDUIT     71.39     0  02:11      0.60    0.54    0.17
  HS02004777HS02004785 CONDUIT     71.34     0  02:10      0.33    0.09    0.31
  HS02004480HS02004478 CONDUIT    209.83     0  02:11      1.09    0.88    0.27
  HS02004479HS02004480 CONDUIT     33.00     0  02:13      0.17    0.03    0.36
  HS02004862HS02004870 CONDUIT     28.74     0  02:13      0.54    0.03    0.08
  HS02004848HS02004852 CONDUIT     12.15     0  02:12      0.36    0.01    0.05
  HS02004856HS02004862 CONDUIT     19.70     0  02:13      0.40    0.02    0.07
  HS02004852HS02004856 CONDUIT     12.09     0  02:13      0.17    0.01    0.10
  HS02004802HS02004478 CONDUIT     71.16     0  02:15      0.35    0.06    0.29
  HS02004478WS02006287 CONDUIT    278.86     0  02:12      1.49    0.08    0.21
  HS02004817HS02004807 CONDUIT     52.11     0  02:16      0.14    0.03    0.56
  HS02004807HS02004802 CONDUIT     70.58     0  02:14      0.30    0.13    0.34
  YS02001759YS02001757 CONDUIT    288.55     0  03:01      0.37    0.21    1.00
  YS02001762YS02001759 CONDUIT    164.56     0  03:01      0.21    0.19    1.00
  YS02001765YS02001762 CONDUIT    160.71     0  03:01      0.24    0.15    1.00
  YS02001770YS02001767 CONDUIT    152.77     0  02:56      0.30    0.61    1.00
  YS02001774YS02001770 CONDUIT     46.29     0  02:08      0.13    0.03    1.00
  YS02001779YS02001774 CONDUIT     37.01     0  02:25      0.07    0.02    1.00
  YS02001649YS02001757 CONDUIT    443.14     0  02:49      0.56    0.27    1.00
  YS02001767YS02001765 CONDUIT    156.39     0  03:01      0.27    0.20    1.00
  YS02006561YS02001783 CONDUIT    457.60     0  02:38      1.96    0.24    0.61
  YS02001783YS02001784 CONDUIT    473.60     0  02:27      1.40    0.65    0.91
  YS02001784YS02001785 CONDUIT    494.70     0  02:38      1.53    1.15    0.96
  YS02001788YS02001790 CONDUIT    598.99     0  02:37      2.06    0.44    1.00
  YS02001790YS02001791 CONDUIT    647.92     0  02:38      2.45    0.70    1.00
  YS02001791YS02001793 CONDUIT    691.08     0  02:39      4.94    0.30    1.00
  YS02001910YS02001907 CONDUIT    143.78     0  02:53      0.49    0.08    0.83
  YS02001786YS02001788 CONDUIT    543.78     0  02:38      2.01    1.05    0.96
  YS02001915YS02001910 CONDUIT    143.53     0  02:50      0.45    0.07    0.63
  YS02001918YS02001915 CONDUIT     50.72     0  03:08      0.44    0.03    0.35
  YS02001923YS02001920 CONDUIT     44.38     0  03:01      0.52    0.02    0.17
  YS02001926YS02001923 CONDUIT     44.35     0  03:01      0.57    0.06    0.16
  YS02001929YS02001926 CONDUIT     44.33     0  03:01      0.60    0.02    0.15
  YS02001920YS02001918 CONDUIT     47.74     0  02:55      0.52    0.05    0.21
  YS02001629YS02163301 CONDUIT     98.59     0  02:56      0.13    0.12    1.00
  YS02001619YS02001622 CONDUIT    140.95     0  03:01      0.69    0.21    1.00
  YS02001622YS02001625 CONDUIT    194.91     0  03:01      0.28    0.10    1.00
  YS02001625YS02001629 CONDUIT    194.17     0  03:01      0.28    0.09    1.00
  YS02163301YS02001633 CONDUIT     98.57     0  02:56      0.13    0.09    1.00
  YS02163601YS02164001 CONDUIT    197.43     0  02:56      0.25    0.17    1.00
  YS02164001YS02001641 CONDUIT    196.38     0  02:56      0.25    0.27    1.00
  YS02001641YS02001644 CONDUIT    197.12     0  02:56      0.25    0.64    1.00
  YS02001647YS02001649 CONDUIT    301.01     0  02:32      0.38    0.16    1.00
  YS02006553YS02006556 CONDUIT    312.97     0  02:35      0.42    0.27    0.92
  YS02006556YS02006558 CONDUIT    316.04     0  02:53      0.41    0.25    0.94
  YSB6556YSB1171       CONDUIT     17.97     0  02:13      0.07    0.02    0.62
  YS02001907YS02006553 CONDUIT    312.51     0  02:40      0.35    0.37    1.00
  YS02006558YS02006561 CONDUIT    488.28     0  02:40      2.74    1.08    0.62
  YS02001633YS02163601 CONDUIT    197.85     0  02:56      0.25    0.21    1.00
  YS02001644YS02001647 CONDUIT    293.97     0  02:56      0.37    0.17    1.00
  YS02001745YS02001748 CONDUIT    235.75     0  02:58      1.52    0.09    0.91
  YS02001748YS02001751 CONDUIT    308.99     0  02:55      1.17    0.16    1.00
  YS02001751YS02001754 CONDUIT    180.51     0  02:59      0.93    0.09    1.00
  YS02001754YS02001757 CONDUIT    184.10     0  02:59      0.33    0.07    1.00
  YS02001882YS02001884 CONDUIT      4.91     0  02:05      0.07    0.01    0.56
  YS02001884YS02001887 CONDUIT     13.87     0  02:05      0.05    0.02    0.66
  YS02001890YS02001895 CONDUIT    174.32     0  02:34      0.34    0.08    0.63
  YS02001895YS02001898 CONDUIT    173.31     0  02:35      0.46    0.30    0.49
  YS02001898YS02001901 CONDUIT    174.26     0  02:36      0.38    0.11    0.57
  YS02001901YS02001904 CONDUIT    175.52     0  02:36      0.35    0.27    0.62
  YS02001904YS02001907 CONDUIT    175.99     0  02:35      0.27    0.06    0.78
  YS02001887YS02001890 CONDUIT    173.95     0  02:36      0.29    0.30    0.71
  YS02001652YS02001649 CONDUIT    161.33     0  02:57      0.35    0.08    1.00
  YS02001655YS02001652 CONDUIT    159.80     0  02:57      0.97    0.08    1.00
  YS02001658YS02001655 CONDUIT    332.01     0  03:00      1.35    0.14    1.00
  YS02001661YS02001658 CONDUIT    294.80     0  02:55      1.59    0.12    0.97
  YS02001664YS02001661 CONDUIT    349.91     0  04:16      1.31    0.11    0.68
  YSB1154YSB6556       CONDUIT     17.70     0  02:11      0.19    0.03    0.51
  YSB1174YSB1171       CONDUIT     15.62     0  02:08      0.06    0.02    0.63
  YSB1171HS02004479    CONDUIT     32.74     0  02:12      0.54    0.02    0.49
  HS02004881HS02006253 CONDUIT     54.61     0  02:12      1.90    0.01    0.50
  YS02001793JiankangQianchi CONDUIT    712.36     0  02:41     14.82    0.06    1.00
  YS02001757CaochengTiaoxuchi CONDUIT    763.99     0  02:54      1.49    0.34    1.00
  WSF200WS02003060     CONDUIT    554.33     0  03:58      2.20    0.12    0.34
  1                    CONDUIT    949.91     0  05:00      3.28    0.33    0.40
  CC-Pump-1            PUMP       200.00     0  03:40              1.00
  CC-Pump-2            PUMP       200.00     0  03:40              1.00
  JK-Pump-1            PUMP       300.00     0  02:40              1.00
  JK-Pump-2            PUMP       683.00     0  02:40              1.00
  XR-Pump-1            PUMP        95.00     0  00:00              1.00
  XR-Pump-2            PUMP        95.00     0  00:00              1.00
  XR-Pump-3            PUMP        95.00     0  00:00              1.00
  XR-Pump-4            PUMP        95.00     0  00:00              1.00
  
  
  ***************************
  Flow Classification Summary
  ***************************
  
  -------------------------------------------------------------------------------------
                      Adjusted    ---------- Fraction of Time in Flow Class ---------- 
                       /Actual         Up    Down  Sub   Sup   Up    Down  Norm  Inlet 
  Conduit               Length    Dry  Dry   Dry   Crit  Crit  Crit  Crit  Ltd   Ctrl  
  -------------------------------------------------------------------------------------
  WS02003066WSF200        1.00   0.01  0.05  0.00  0.00  0.94  0.00  0.00  0.64  0.00
  WS02006287WS02006284    1.00   0.03  0.02  0.00  0.77  0.17  0.00  0.00  0.77  0.00
  WS02006284WS02006280    1.00   0.04  0.00  0.00  0.00  0.00  0.00  0.96  0.00  0.00
  WS02006280WS02006229    1.00   0.04  0.00  0.00  0.00  0.00  0.00  0.96  0.00  0.00
  WS02006229WS02006228    1.00   0.00  0.00  0.00  1.00  0.00  0.00  0.00  0.00  0.00
  WS02006256WS02006235    1.00   0.01  0.00  0.00  0.99  0.00  0.00  0.00  0.00  0.00
  WS02006253WS02006251    1.00   0.02  0.02  0.00  0.96  0.00  0.00  0.00  0.00  0.00
  WS02006252WS02006251    1.00   0.20  0.00  0.00  0.06  0.00  0.73  0.00  0.00  0.00
  WS02006251WS02006249    1.00   0.00  0.00  0.00  1.00  0.00  0.00  0.00  0.35  0.00
  WS02006249WS02006248    1.00   0.00  0.00  0.00  0.88  0.00  0.12  0.00  0.00  0.00
  WS02006248WS02006247    1.00   0.01  0.00  0.00  0.99  0.00  0.00  0.01  0.21  0.00
  WS02006247WS02006245    1.00   0.01  0.00  0.00  0.98  0.00  0.00  0.01  0.00  0.00
  WS02006245WS02006243    1.00   0.01  0.00  0.00  0.93  0.00  0.00  0.06  0.00  0.00
  WS02006243WS02006242    1.00   0.01  0.00  0.00  0.99  0.00  0.00  0.00  0.33  0.00
  WS02006242WS02006240    1.00   0.01  0.00  0.00  0.99  0.00  0.00  0.00  0.00  0.00
  WS02006240WS02006239    1.00   0.01  0.00  0.00  0.93  0.00  0.00  0.07  0.01  0.00
  WS02006239WS02006238    1.00   0.01  0.00  0.00  0.99  0.00  0.00  0.00  0.17  0.00
  WS02006238WS02006235    1.00   0.01  0.00  0.00  0.99  0.00  0.00  0.00  0.00  0.00
  WS02006235WS02006234    1.00   0.01  0.00  0.00  0.94  0.00  0.05  0.00  0.00  0.00
  WS02006234WS02006232    1.00   0.01  0.00  0.00  0.99  0.00  0.00  0.00  0.13  0.00
  WS02006232WS02006231    1.00   0.01  0.00  0.00  0.99  0.00  0.00  0.00  0.00  0.00
  WS02006231WS02006230    1.00   0.01  0.00  0.00  0.66  0.00  0.33  0.00  0.00  0.00
  WS02006230WS02006229    1.00   0.00  0.00  0.00  0.99  0.00  0.00  0.01  0.00  0.00
  WS02006228WS02006109    1.00   0.00  0.00  0.00  1.00  0.00  0.00  0.00  0.00  0.00
  WS02006116WS02004401    1.00   0.01  0.00  0.00  0.99  0.00  0.00  0.00  0.00  0.00
  WS02006115WS02006116    1.00   0.01  0.00  0.00  0.98  0.00  0.00  0.00  0.00  0.00
  WS02006113WS02006111    1.00   0.01  0.00  0.00  0.00  0.99  0.00  0.00  0.18  0.00
  WS02006112WS02006115    1.00   0.01  0.00  0.00  0.98  0.00  0.00  0.00  0.00  0.00
  WS02006111WS02006112    1.00   0.01  0.00  0.00  0.99  0.00  0.00  0.00  0.96  0.00
  WS02006110WS02006113    1.00   0.00  0.01  0.00  0.99  0.00  0.00  0.00  0.00  0.00
  WS02006109WS02006110    1.00   0.00  0.00  0.00  0.99  0.00  0.00  0.00  0.00  0.00
  WS02004411WS02004412    1.00   0.03  0.00  0.00  0.97  0.00  0.00  0.00  0.00  0.00
  WS02004401WS02004402    1.00   0.01  0.00  0.00  0.99  0.00  0.00  0.00  0.00  0.00
  WS02004413WS02003067    1.00   0.03  0.02  0.00  0.00  0.00  0.95  0.00  0.00  0.00
  WS02004412WS02004413    1.00   0.03  0.00  0.00  0.97  0.00  0.00  0.00  0.02  0.00
  WS02004410WS02004411    1.00   0.03  0.00  0.00  0.97  0.00  0.00  0.00  0.03  0.00
  WS02004409WS02004410    1.00   0.03  0.00  0.00  0.97  0.00  0.00  0.00  0.04  0.00
  WS02004407WS02004409    1.00   0.03  0.00  0.00  0.97  0.00  0.00  0.00  0.91  0.00
  WS02004406WS02004407    1.00   0.00  0.03  0.00  0.97  0.00  0.00  0.00  0.00  0.00
  WS02004405WS02004406    1.00   0.00  0.00  0.00  1.00  0.00  0.00  0.00  0.02  0.00
  WS02004404WS02004405    1.00   0.00  0.00  0.00  1.00  0.00  0.00  0.00  0.00  0.00
  WS02004403WS02004404    1.00   0.00  0.02  0.00  0.98  0.00  0.00  0.00  0.00  0.00
  WS02004402WS02004403    1.00   0.02  0.00  0.00  0.98  0.00  0.00  0.00  0.00  0.00
  WS02004139WS02001211    1.00   0.00  0.00  0.00  1.00  0.00  0.00  0.00  0.00  0.00
  WS02004138WS02004139    1.00   0.00  0.04  0.00  0.96  0.00  0.00  0.00  1.00  0.00
  WS02003067WS02003066    1.00   0.05  0.01  0.00  0.95  0.00  0.00  0.00  0.00  0.00
  WS02001213WS02003059    1.00   0.00  0.00  0.00  1.00  0.00  0.00  0.00  0.00  0.00
  WS02001212WS02001213    1.00   0.00  0.00  0.00  0.91  0.00  0.09  0.00  0.00  0.00
  WS02001211WS02001212    1.00   0.00  0.00  0.00  1.00  0.00  0.00  0.00  0.00  0.00
  WS02003072WS02003073    1.00   0.00  0.00  0.00  0.00  0.00  0.00  1.00  0.00  0.00
  WS02003069WS02003072    1.00   0.00  0.00  0.00  1.00  0.00  0.00  0.00  0.15  0.00
  WS02003060WS02003069    1.00   0.00  0.00  0.00  0.98  0.02  0.00  0.00  0.13  0.00
  WS02003059WS02003060    1.00   0.00  0.00  0.00  1.00  0.00  0.00  0.00  0.00  0.00
  HS02004901HS02004770    1.00   0.04  0.00  0.00  0.96  0.00  0.00  0.00  0.01  0.00
  HS02004876HS02004881    1.00   0.01  0.00  0.00  0.99  0.00  0.00  0.00  0.00  0.00
  HS02004870HS02004876    1.00   0.00  0.00  0.00  0.99  0.00  0.00  0.00  0.95  0.00
  HS02004842HS02004848    1.00   0.00  0.04  0.00  0.96  0.00  0.00  0.00  0.65  0.00
  HS02004837HS02004842    1.00   0.00  0.00  0.00  1.00  0.00  0.00  0.00  0.11  0.00
  HS02004830HS02004837    1.00   0.00  0.00  0.00  1.00  0.00  0.00  0.00  0.99  0.00
  HS02004824HS02004830    1.00   0.00  0.00  0.00  1.00  0.00  0.00  0.00  0.00  0.00
  HS02004817HS02004824    1.00   0.00  0.00  0.00  1.00  0.00  0.00  0.00  1.00  0.00
  HS02004770HS02004777    1.00   0.00  0.04  0.00  0.96  0.00  0.00  0.00  0.06  0.00
  HS02004799HS02004480    1.00   0.00  0.01  0.00  0.94  0.00  0.04  0.00  0.00  0.00
  HS02004792HS02004799    1.00   0.00  0.00  0.00  1.00  0.00  0.00  0.00  0.98  0.00
  HS02004788HS02004792    1.00   0.00  0.00  0.00  1.00  0.00  0.00  0.00  0.98  0.00
  HS02004785HS02004788    1.00   0.00  0.00  0.00  1.00  0.00  0.00  0.00  0.00  0.00
  HS02004777HS02004785    1.00   0.00  0.00  0.00  1.00  0.00  0.00  0.00  0.18  0.00
  HS02004480HS02004478    1.00   0.04  0.00  0.00  0.81  0.00  0.00  0.14  0.00  0.00
  HS02004479HS02004480    1.00   0.01  0.00  0.00  0.99  0.00  0.00  0.00  0.15  0.00
  HS02004862HS02004870    1.00   0.00  0.00  0.00  1.00  0.00  0.00  0.00  0.05  0.00
  HS02004848HS02004852    1.00   0.04  0.00  0.00  0.96  0.00  0.00  0.00  0.72  0.00
  HS02004856HS02004862    1.00   0.00  0.07  0.00  0.93  0.00  0.00  0.00  0.77  0.00
  HS02004852HS02004856    1.00   0.04  0.01  0.00  0.95  0.00  0.00  0.00  0.83  0.00
  HS02004802HS02004478    1.00   0.04  0.01  0.00  0.95  0.00  0.00  0.00  0.01  0.00
  HS02004478WS02006287    1.00   0.05  0.00  0.00  0.89  0.06  0.00  0.00  0.75  0.00
  HS02004817HS02004807    1.00   0.00  0.04  0.00  0.96  0.00  0.00  0.00  0.00  0.00
  HS02004807HS02004802    1.00   0.04  0.00  0.00  0.96  0.00  0.00  0.00  0.01  0.00
  YS02001759YS02001757    1.00   0.00  0.00  0.00  1.00  0.00  0.00  0.00  0.18  0.00
  YS02001762YS02001759    1.00   0.00  0.00  0.00  1.00  0.00  0.00  0.00  0.04  0.00
  YS02001765YS02001762    1.00   0.00  0.00  0.00  1.00  0.00  0.00  0.00  0.20  0.00
  YS02001770YS02001767    1.00   0.00  0.00  0.00  1.00  0.00  0.00  0.00  0.00  0.00
  YS02001774YS02001770    1.00   0.00  0.05  0.00  0.95  0.00  0.00  0.00  0.05  0.00
  YS02001779YS02001774    1.00   0.00  0.00  0.00  1.00  0.00  0.00  0.00  0.24  0.00
  YS02001649YS02001757    1.00   0.00  0.00  0.00  1.00  0.00  0.00  0.00  0.18  0.00
  YS02001767YS02001765    1.00   0.00  0.00  0.00  1.00  0.00  0.00  0.00  0.01  0.00
  YS02006561YS02001783    1.00   0.07  0.00  0.00  0.04  0.89  0.00  0.00  0.66  0.00
  YS02001783YS02001784    1.00   0.00  0.07  0.00  0.93  0.00  0.00  0.00  0.01  0.00
  YS02001784YS02001785    1.00   0.00  0.00  0.00  1.00  0.00  0.00  0.00  0.23  0.00
  YS02001788YS02001790    1.00   0.00  0.00  0.00  0.13  0.87  0.00  0.00  0.70  0.00
  YS02001790YS02001791    1.00   0.00  0.00  0.00  0.07  0.93  0.00  0.00  0.56  0.00
  YS02001791YS02001793    1.00   0.00  0.00  0.00  0.10  0.90  0.00  0.00  0.05  0.00
  YS02001910YS02001907    1.00   0.00  0.00  0.00  0.99  0.00  0.00  0.01  0.13  0.00
  YS02001786YS02001788    1.00   0.00  0.00  0.00  0.13  0.87  0.00  0.00  0.00  0.00
  YS02001915YS02001910    1.00   0.00  0.00  0.00  1.00  0.00  0.00  0.00  0.22  0.00
  YS02001918YS02001915    1.00   0.00  0.00  0.00  0.99  0.00  0.00  0.00  0.70  0.00
  YS02001923YS02001920    1.00   0.00  0.00  0.00  1.00  0.00  0.00  0.00  1.00  0.00
  YS02001926YS02001923    1.00   0.00  0.02  0.00  0.00  0.00  0.98  0.00  0.00  0.00
  YS02001929YS02001926    1.00   0.00  0.04  0.00  0.96  0.00  0.00  0.00  0.87  0.00
  YS02001920YS02001918    1.00   0.00  0.00  0.00  1.00  0.00  0.00  0.00  0.00  0.00
  YS02001629YS02163301    1.00   0.06  0.00  0.00  0.94  0.00  0.00  0.00  0.00  0.00
  YS02001619YS02001622    1.00   0.04  0.00  0.00  0.96  0.00  0.00  0.00  0.00  0.00
  YS02001622YS02001625    1.00   0.04  0.00  0.00  0.96  0.00  0.00  0.00  0.11  0.00
  YS02001625YS02001629    1.00   0.04  0.03  0.00  0.91  0.00  0.02  0.00  0.00  0.00
  YS02163301YS02001633    1.00   0.00  0.06  0.00  0.94  0.00  0.00  0.00  0.00  0.00
  YS02163601YS02164001    1.00   0.00  0.03  0.00  0.97  0.00  0.00  0.00  0.00  0.00
  YS02164001YS02001641    1.00   0.00  0.02  0.00  0.97  0.00  0.00  0.00  0.07  0.00
  YS02001641YS02001644    1.00   0.00  0.00  0.00  1.00  0.00  0.00  0.00  0.00  0.00
  YS02001647YS02001649    1.00   0.00  0.07  0.00  0.93  0.00  0.00  0.00  0.01  0.00
  YS02006553YS02006556    1.00   0.00  0.00  0.00  1.00  0.00  0.00  0.00  0.03  0.00
  YS02006556YS02006558    1.00   0.00  0.00  0.00  1.00  0.00  0.00  0.00  0.00  0.00
  YSB6556YSB1171          1.00   0.01  0.02  0.00  0.96  0.00  0.00  0.00  0.00  0.00
  YS02001907YS02006553    1.00   0.00  0.01  0.00  0.99  0.00  0.00  0.00  0.00  0.00
  YS02006558YS02006561    1.00   0.07  0.00  0.00  0.00  0.93  0.00  0.00  0.68  0.00
  YS02001633YS02163601    1.00   0.00  0.00  0.00  1.00  0.00  0.00  0.00  0.19  0.00
  YS02001644YS02001647    1.00   0.00  0.07  0.00  0.93  0.00  0.00  0.00  0.00  0.00
  YS02001745YS02001748    1.00   0.00  0.00  0.00  0.89  0.00  0.00  0.10  0.07  0.00
  YS02001748YS02001751    1.00   0.00  0.00  0.00  0.97  0.03  0.00  0.00  0.20  0.00
  YS02001751YS02001754    1.00   0.00  0.00  0.00  0.92  0.00  0.00  0.08  0.02  0.00
  YS02001754YS02001757    1.00   0.00  0.00  0.00  1.00  0.00  0.00  0.00  0.24  0.00
  YS02001882YS02001884    1.00   0.05  0.00  0.00  0.94  0.00  0.00  0.00  0.00  0.00
  YS02001884YS02001887    1.00   0.02  0.01  0.00  0.97  0.00  0.00  0.00  0.00  0.00
  YS02001890YS02001895    1.00   0.00  0.06  0.00  0.94  0.00  0.00  0.00  0.00  0.00
  YS02001895YS02001898    1.00   0.06  0.00  0.00  0.93  0.00  0.01  0.00  0.00  0.00
  YS02001898YS02001901    1.00   0.06  0.00  0.00  0.94  0.00  0.00  0.00  0.02  0.00
  YS02001901YS02001904    1.00   0.06  0.00  0.00  0.94  0.00  0.00  0.00  0.00  0.00
  YS02001904YS02001907    1.00   0.00  0.06  0.00  0.94  0.00  0.00  0.00  0.00  0.00
  YS02001887YS02001890    1.00   0.00  0.00  0.00  0.99  0.00  0.01  0.00  0.00  0.00
  YS02001652YS02001649    1.00   0.00  0.00  0.00  1.00  0.00  0.00  0.00  0.23  0.00
  YS02001655YS02001652    1.00   0.00  0.00  0.00  0.92  0.00  0.00  0.08  0.02  0.00
  YS02001658YS02001655    1.00   0.00  0.05  0.00  0.91  0.04  0.00  0.00  0.08  0.00
  YS02001661YS02001658    1.00   0.05  0.00  0.00  0.89  0.06  0.00  0.00  0.07  0.00
  YS02001664YS02001661    1.00   0.04  0.00  0.00  0.89  0.07  0.00  0.00  0.33  0.00
  YSB1154YSB6556          1.00   0.04  0.00  0.00  0.96  0.00  0.00  0.00  0.02  0.00
  YSB1174YSB1171          1.00   0.02  0.01  0.00  0.97  0.00  0.00  0.00  0.00  0.00
  YSB1171HS02004479       1.00   0.01  0.00  0.00  0.98  0.00  0.00  0.00  0.13  0.00
  HS02004881HS02006253    1.00   0.02  0.00  0.00  0.75  0.00  0.00  0.23  0.51  0.00
  YS02001793JiankangQianchi    1.00   0.00  0.00  0.00  0.49  0.51  0.00  0.00  0.55  0.00
  YS02001757CaochengTiaoxuchi    1.00   0.00  0.09  0.00  0.91  0.00  0.00  0.00  0.00  0.00
  WSF200WS02003060        1.00   0.00  0.01  0.00  0.75  0.24  0.00  0.00  0.45  0.00
  1                       1.00   0.00  0.00  0.00  0.00  1.00  0.00  0.00  0.49  0.00
  
  
  *************************
  Conduit Surcharge Summary
  *************************
  
  ----------------------------------------------------------------------------
                                                           Hours        Hours 
                         --------- Hours Full --------   Above Full   Capacity
  Conduit                Both Ends  Upstream  Dnstream   Normal Flow   Limited
  ----------------------------------------------------------------------------
  WS02006229WS02006228        2.79      2.92      2.79      4.16         2.79
  WS02006256WS02006235        5.15      5.16      6.34      3.13         0.01
  WS02006253WS02006251        1.71      1.71      1.80      0.01         0.01
  WS02006252WS02006251        1.80      1.80      2.57      2.34         0.01
  WS02006251WS02006249        1.72      1.74      1.77      1.49         1.00
  WS02006249WS02006248        1.68      1.69      1.77      3.86         0.01
  WS02006248WS02006247        1.74      1.74      1.90      0.01         0.01
  WS02006247WS02006245        1.84      1.95      1.84      4.03         1.83
  WS02006245WS02006243        1.88      1.90      2.00      0.86         0.64
  WS02006243WS02006242        2.10      2.10      2.65      0.01         0.01
  WS02006242WS02006240        2.42      2.42      2.77      2.56         0.01
  WS02006240WS02006239        2.43      2.46      2.47      1.61         1.01
  WS02006239WS02006238        2.61      2.68      2.63      1.69         1.18
  WS02006238WS02006235        2.58      2.58      2.75      0.01         0.01
  WS02006235WS02006234        2.08      2.08      2.56      5.03         0.01
  WS02006234WS02006232        2.45      2.45      2.74      0.98         0.95
  WS02006232WS02006231        1.21      1.21      2.74      1.14         0.01
  WS02006231WS02006230        0.81      0.81      1.26      5.19         0.01
  WS02006230WS02006229        3.54      3.84      3.54      5.63         3.54
  WS02006228WS02006109        2.84      3.24      2.84      4.96         2.84
  WS02006112WS02006115        0.01      0.01      1.13      0.01         0.01
  WS02006111WS02006112        0.01      0.01      4.35      0.01         0.01
  WS02006110WS02006113        0.01      0.01      3.06      0.01         0.01
  WS02006109WS02006110        0.94      0.94      3.24      0.96         0.01
  WS02004405WS02004406        0.01      0.01      0.01      0.97         0.01
  WS02004404WS02004405        0.01      0.01      0.01      5.64         0.01
  WS02003072WS02003073        0.01      0.01      0.01      5.26         0.01
  YS02001759YS02001757        5.50      5.50      5.56      0.01         0.01
  YS02001762YS02001759        5.47      5.47      5.50      0.01         0.01
  YS02001765YS02001762        5.44      5.44      5.47      0.01         0.01
  YS02001770YS02001767        5.42      5.42      5.42      0.01         0.64
  YS02001774YS02001770        5.39      5.39      5.46      0.01         0.01
  YS02001779YS02001774        4.94      4.94      5.46      0.01         0.01
  YS02001649YS02001757        5.48      5.48      5.56      0.01         0.01
  YS02001767YS02001765        5.42      5.42      5.44      0.01         0.01
  YS02001784YS02001785        0.01      0.01      0.01      0.58         0.01
  YS02001788YS02001790        0.01      0.01      0.40      0.01         0.01
  YS02001790YS02001791        0.40      0.40      0.45      0.01         0.01
  YS02001791YS02001793        0.45      0.45      0.61      0.01         0.01
  YS02001786YS02001788        0.01      0.01      0.01      0.02         0.01
  YS02001629YS02163301        5.38      5.38      5.41      0.01         0.01
  YS02001619YS02001622        4.46      4.46      4.58      0.01         0.01
  YS02001622YS02001625        4.58      4.58      5.30      0.01         0.01
  YS02001625YS02001629        4.47      4.47      5.30      0.01         0.01
  YS02163301YS02001633        5.41      5.41      5.45      0.01         0.01
  YS02163601YS02164001        5.44      5.44      5.48      0.01         0.01
  YS02164001YS02001641        5.44      5.44      5.46      0.01         0.01
  YS02001641YS02001644        5.45      5.46      5.45      0.01         0.98
  YS02001647YS02001649        5.25      5.25      5.48      0.01         0.01
  YS02001907YS02006553        0.61      0.61      0.92      0.01         0.01
  YS02006558YS02006561        0.01      0.01      0.01      0.24         0.01
  YS02001633YS02163601        5.43      5.43      5.48      0.01         0.01
  YS02001644YS02001647        5.25      5.25      5.45      0.01         0.01
  YS02001745YS02001748        0.01      0.01      2.98      0.01         0.01
  YS02001748YS02001751        3.80      3.80      4.66      0.01         0.01
  YS02001751YS02001754        4.66      4.66      5.06      0.01         0.01
  YS02001754YS02001757        5.24      5.24      5.56      0.01         0.01
  YS02001652YS02001649        5.28      5.28      5.48      0.01         0.01
  YS02001655YS02001652        4.71      4.71      5.19      0.01         0.01
  YS02001658YS02001655        2.96      2.96      4.71      0.01         0.01
  YS02001661YS02001658        0.01      0.01      2.96      0.01         0.01
  YS02001664YS02001661        0.01      0.01      0.02      0.01         0.01
  HS02004881HS02006253        0.01      0.01      0.76      0.01         0.01
  YS02001793JiankangQianchi        0.57      0.57      3.12      0.01         0.01
  YS02001757CaochengTiaoxuchi        4.08      4.08      5.56      0.01         0.01
  
  
  ***************
  Pumping Summary
  ***************
  
  ---------------------------------------------------------------------------------------------------------
                                                  Min       Avg       Max     Total     Power    % Time Off
                        Percent   Number of      Flow      Flow      Flow    Volume     Usage    Pump Curve
  Pump                 Utilized   Start-Ups       LPS       LPS       LPS  10^6 ltr     Kw-hr    Low   High
  ---------------------------------------------------------------------------------------------------------
  CC-Pump-1               55.32           1      0.00    180.87    200.00     2.820      4.23    0.0    0.0
  CC-Pump-2               42.54           5      0.00    109.29    200.00     1.620      2.83    0.0    0.0
  JK-Pump-1               46.82           5      0.00    146.58    300.00     2.021     39.67    0.0    0.0
  JK-Pump-2               42.55           6      0.00    202.11    683.00     2.980     53.90    0.0   96.2
  XR-Pump-1               87.24           4      0.00     90.36     95.00     2.166     43.04    0.0    0.0
  XR-Pump-2               87.24           5      0.00     87.24     95.00     2.109     42.01    0.0    0.0
  XR-Pump-3               82.98           5      0.00     85.69     95.00     1.995     39.59    0.0    0.0
  XR-Pump-4               82.98           5      0.00     85.69     95.00     1.995     39.59    0.0    0.0
  
  
  ***************************
  Link Pollutant Load Summary
  ***************************
  
  ------------------------------------------------------------------------------------------
                                 COD            SS            TN            TP         NH4-N
  Link                            kg            kg            kg            kg            kg
  ------------------------------------------------------------------------------------------
  WS02003066WSF200           461.633       793.672        14.985         1.424         8.212
  WS02006287WS02006284       133.424       234.305         6.764         0.759         3.989
  WS02006284WS02006280       133.847       234.989         6.803         0.764         4.014
  WS02006280WS02006229       133.832       234.960         6.803         0.764         4.014
  WS02006229WS02006228       474.937       815.507        14.767         1.371         8.014
  WS02006256WS02006235        64.512       109.810         1.743         0.150         0.923
  WS02006253WS02006251        25.040        45.389         0.694         0.059         0.364
  WS02006252WS02006251       280.330       473.638         6.189         0.446         3.041
  WS02006251WS02006249       296.570       504.217         6.689         0.491         3.311
  WS02006249WS02006248       286.373       486.878         6.458         0.474         3.196
  WS02006248WS02006247       285.958       486.220         6.453         0.474         3.194
  WS02006247WS02006245       285.269       485.080         6.435         0.473         3.186
  WS02006245WS02006243       284.485       483.823         6.413         0.471         3.174
  WS02006243WS02006242       284.526       483.993         6.415         0.471         3.175
  WS02006242WS02006240       284.528       484.152         6.414         0.471         3.175
  WS02006240WS02006239       285.145       485.366         6.426         0.472         3.181
  WS02006239WS02006238       286.926       488.423         6.480         0.477         3.210
  WS02006238WS02006235       287.650       489.570         6.501         0.479         3.222
  WS02006235WS02006234       345.632       588.068         8.076         0.615         4.057
  WS02006234WS02006232       344.981       586.987         8.066         0.615         4.053
  WS02006232WS02006231       344.151       585.608         8.042         0.612         4.040
  WS02006231WS02006230       343.261       584.134         8.023         0.611         4.031
  WS02006230WS02006229       342.749       583.369         8.022         0.612         4.032
  WS02006228WS02006109       474.067       814.101        14.749         1.370         8.006
  WS02006116WS02004401       477.768       820.464        15.382         1.455         8.413
  WS02006115WS02006116       479.269       822.931        15.421         1.458         8.434
  WS02006113WS02006111       479.395       822.506        15.457         1.461         8.456
  WS02006112WS02006115       480.932       825.703        15.477         1.463         8.464
  WS02006111WS02006112       478.734       821.404        15.442         1.460         8.449
  WS02006110WS02006113       480.213       823.865        15.486         1.464         8.472
  WS02006109WS02006110       481.765       826.436        15.550         1.471         8.509
  WS02004411WS02004412       466.302       801.479        15.140         1.438         8.297
  WS02004401WS02004402       476.172       817.811        15.331         1.450         8.385
  WS02004413WS02003067       462.562       795.197        15.010         1.426         8.225
  WS02004412WS02004413       464.597       798.644        15.088         1.434         8.269
  WS02004410WS02004411       467.706       803.801        15.180         1.442         8.318
  WS02004409WS02004410       469.145       806.192        15.224         1.446         8.342
  WS02004407WS02004409       470.310       808.101        15.254         1.448         8.357
  WS02004406WS02004407       470.588       808.519        15.254         1.448         8.356
  WS02004405WS02004406       472.588       811.837        15.330         1.455         8.399
  WS02004404WS02004405       473.728       813.703        15.331         1.454         8.395
  WS02004403WS02004404       473.462       813.325        15.249         1.443         8.341
  WS02004402WS02004403       474.782       815.521        15.292         1.447         8.365
  WS02004139WS02001211      1376.654      2211.521       127.357        15.827        79.324
  WS02004138WS02004139      1381.670      2219.591       127.810        15.884        79.605
  WS02003067WS02003066       461.909       794.138        14.995         1.425         8.217
  WS02001213WS02003059      1406.333      2259.012       130.172        16.179        81.083
  WS02001212WS02001213      1416.444      2275.166       131.181        16.306        81.714
  WS02001211WS02001212      1419.462      2279.987       131.479        16.343        81.901
  WS02003072WS02003073      1959.269      3198.296       154.356        18.760        95.063
  WS02003069WS02003072      1965.037      3207.624       154.835        18.818        95.359
  WS02003060WS02003069      1968.566      3213.377       155.072        18.846        95.502
  WS02003059WS02003060      1402.484      2252.965       129.685        16.116        80.774
  HS02004901HS02004770         3.768         6.956         0.072         0.005         0.033
  HS02004876HS02004881        14.538        27.149         0.392         0.032         0.203
  HS02004870HS02004876        11.123        20.659         0.335         0.029         0.177
  HS02004842HS02004848         2.020         3.613         0.044         0.003         0.020
  HS02004837HS02004842         6.639        10.963         0.512         0.062         0.314
  HS02004830HS02004837        51.426        84.620         4.286         0.527         2.655
  HS02004824HS02004830        52.176        85.822         4.358         0.536         2.700
  HS02004817HS02004824        60.189       100.737         4.551         0.549         2.797
  HS02004770HS02004777        14.452        26.901         0.308         0.020         0.140
  HS02004799HS02004480        57.128       101.671         2.229         0.231         1.253
  HS02004792HS02004799        52.707        92.939         2.194         0.233         1.246
  HS02004788HS02004792        33.316        58.477         1.677         0.185         0.978
  HS02004785HS02004788        15.949        29.310         0.460         0.040         0.236
  HS02004777HS02004785        15.414        28.445         0.412         0.034         0.206
  HS02004480HS02004478        69.805       125.901         2.400         0.241         1.327
  HS02004479HS02004480        16.994        31.108         0.582         0.061         0.330
  HS02004862HS02004870         8.296        15.079         0.278         0.026         0.150
  HS02004848HS02004852         2.587         4.685         0.056         0.004         0.025
  HS02004856HS02004862         4.908         9.221         0.101         0.006         0.047
  HS02004852HS02004856         2.583         4.678         0.056         0.004         0.025
  HS02004802HS02004478        63.922       108.902         4.391         0.522         2.679
  HS02004478WS02006287       133.604       234.602         6.779         0.761         3.999
  HS02004817HS02004807        58.822        98.551         4.421         0.533         2.716
  HS02004807HS02004802        64.585       109.957         4.455         0.530         2.719
  YS02001759YS02001757       148.485       253.412         3.296         0.233         1.640
  YS02001762YS02001759        78.536       135.057         1.923         0.142         0.979
  YS02001765YS02001762        77.914       133.892         1.934         0.144         0.987
  YS02001770YS02001767        75.388       129.765         1.634         0.104         0.796
  YS02001774YS02001770         4.880         8.376         0.122         0.009         0.062
  YS02001779YS02001774         3.317         5.552         0.157         0.017         0.092
  YS02001649YS02001757       217.843       359.891         4.659         0.337         2.240
  YS02001767YS02001765        77.841       133.701         1.946         0.145         0.995
  YS02006561YS02001783       307.462       520.967         8.068         0.677         4.233
  YS02001783YS02001784       307.383       520.851         8.064         0.677         4.231
  YS02001784YS02001785       314.760       532.671         8.778         0.766         4.678
  YS02001788YS02001790       315.435       533.768         8.852         0.775         4.724
  YS02001790YS02001791       316.471       535.437         8.953         0.788         4.787
  YS02001791YS02001793       316.416       535.357         8.948         0.788         4.785
  YS02001910YS02001907       105.555       175.551         3.866         0.365         2.155
  YS02001786YS02001788       314.990       533.047         8.807         0.770         4.696
  YS02001915YS02001910       105.462       175.357         3.819         0.358         2.124
  YS02001918YS02001915        54.189        86.541         2.675         0.295         1.577
  YS02001923YS02001920        34.191        54.555         0.732         0.052         0.361
  YS02001926YS02001923        33.826        53.969         0.693         0.047         0.337
  YS02001929YS02001926        33.559        53.531         0.662         0.043         0.317
  YS02001920YS02001918        54.122        86.452         2.650         0.292         1.560
  YS02001629YS02163301        38.321        63.516         0.851         0.053         0.394
  YS02001619YS02001622        41.613        68.652         0.927         0.058         0.428
  YS02001622YS02001625        40.791        67.438         0.906         0.056         0.418
  YS02001625YS02001629        39.674        65.783         0.879         0.055         0.406
  YS02163301YS02001633        38.707        64.195         0.856         0.054         0.397
  YS02163601YS02164001       107.872       177.515         2.332         0.165         1.125
  YS02164001YS02001641       107.597       177.069         2.314         0.163         1.115
  YS02001641YS02001644       108.341       178.310         2.319         0.163         1.116
  YS02001647YS02001649       173.295       284.475         3.563         0.251         1.705
  YS02006553YS02006556       223.055       376.648         6.194         0.543         3.309
  YS02006556YS02006558       223.004       376.550         6.161         0.538         3.287
  YSB6556YSB1171               8.958        16.553         0.239         0.023         0.130
  YS02001907YS02006553       223.032       376.631         6.191         0.542         3.308
  YS02006558YS02006561       307.410       520.867         8.065         0.677         4.232
  YS02001633YS02163601       108.497       178.449         2.314         0.162         1.110
  YS02001644YS02001647       174.131       285.731         3.582         0.252         1.715
  YS02001745YS02001748        58.502        99.029         1.282         0.077         0.619
  YS02001748YS02001751        61.446       103.850         1.573         0.114         0.802
  YS02001751YS02001754        60.067       101.452         1.605         0.121         0.829
  YS02001754YS02001757        61.044       103.006         1.777         0.144         0.939
  YS02001882YS02001884         0.797         1.289         0.021         0.002         0.011
  YS02001884YS02001887         2.898         4.853         0.070         0.006         0.037
  YS02001890YS02001895       118.578       202.667         2.349         0.179         1.164
  YS02001895YS02001898       118.438       202.466         2.343         0.179         1.161
  YS02001898YS02001901       118.315       202.291         2.340         0.178         1.159
  YS02001901YS02001904       118.355       202.388         2.359         0.181         1.172
  YS02001904YS02001907       119.088       203.604         2.450         0.193         1.230
  YS02001887YS02001890       119.433       203.987         2.412         0.187         1.203
  YS02001652YS02001649        46.309        78.149         1.123         0.087         0.544
  YS02001655YS02001652        46.876        79.060         1.139         0.088         0.552
  YS02001658YS02001655        45.841        77.410         0.986         0.068         0.454
  YS02001661YS02001658        48.246        81.445         1.024         0.069         0.468
  YS02001664YS02001661        58.333        97.094         1.260         0.085         0.574
  YSB1154YSB6556               8.463        15.764         0.178         0.015         0.091
  YSB1174YSB1171               6.150        11.523         0.163         0.015         0.087
  YSB1171HS02004479           16.898        30.962         0.572         0.060         0.324
  HS02004881HS02006253        16.355        30.695         0.418         0.034         0.214
  YS02001793JiankangQianchi       316.911       536.156         8.971         0.790         4.798
  YS02001757CaochengTiaoxuchi       422.010       708.638         9.401         0.677         4.623
  WSF200WS02003060           461.274       793.075        14.993         1.426         8.219
  1                         1963.264      3204.554       154.942        18.836        95.437
  CC-Pump-1                  178.167       301.049         3.932         0.283         1.932
  CC-Pump-2                  102.195       172.640         2.258         0.163         1.110
  JK-Pump-1                   59.280       100.930         1.581         0.135         0.834
  JK-Pump-2                  126.243       215.456         3.350         0.285         1.766
  XR-Pump-1                  363.275       583.685        33.563         4.170        20.902
  XR-Pump-2                  353.581       568.054        32.690         4.062        20.360
  XR-Pump-3                  334.648       537.526        30.985         3.851        19.301
  XR-Pump-4                  334.648       537.526        30.985         3.851        19.301
  

  Analysis begun on:  Sun Jul 11 16:56:24 2021
  Analysis ended on:  Sun Jul 11 16:56:27 2021
  Total elapsed time: 00:00:03