
  EPA STORM WATER MANAGEMENT MODEL - VERSION 5.1 (Build 5.3.0.dev0)
  --------------------------------------------------------------

  WARNING 04: minimum elevation drop used for Conduit WS02004404WS02004405
  WARNING 03: negative offset ignored for Link YS02001904YS02001907
  
  *********************************************************
  NOTE: The summary statistics displayed in this report are
  based on results found at every computational time step,  
  not just on results from each reporting time step.
  *********************************************************
  
  ****************
  Analysis Options
  ****************
  Flow Units ............... LPS
  Process Models:
    Rainfall/Runoff ........ YES
    RDII ................... NO
    Snowmelt ............... NO
    Groundwater ............ NO
    Flow Routing ........... YES
    Ponding Allowed ........ NO
    Water Quality .......... YES
  Infiltration Method ...... HORTON
  Flow Routing Method ...... DYNWAVE
  Surcharge Method ......... EXTRAN
  Starting Date ............ 08/28/2015 08:00:00
  Ending Date .............. 08/28/2015 16:00:00
  Antecedent Dry Days ...... 8.0
  Report Time Step ......... 00:01:00
  Wet Time Step ............ 00:01:00
  Dry Time Step ............ 00:01:00
  Routing Time Step ........ 5.00 sec
  Variable Time Step ....... YES
  Maximum Trials ........... 8
  Number of Threads ........ 4
  Head Tolerance ........... 0.001500 m
  
  
  **************************        Volume         Depth
  Runoff Quantity Continuity     hectare-m            mm
  **************************     ---------       -------
  Total Precipitation ......         3.863         8.458
  Evaporation Loss .........         0.000         0.000
  Infiltration Loss ........         0.771         1.689
  Surface Runoff ...........         2.441         5.344
  Final Storage ............         0.651         1.426
  Continuity Error (%) .....        -0.018
  
  
  **************************           COD            SS            TN            TP         NH4-N
  Runoff Quality Continuity             kg            kg            kg            kg            kg
  **************************    ----------    ----------    ----------    ----------    ----------
  Initial Buildup ..........     41378.656     70582.865      1804.177       168.684      1032.807
  Surface Buildup ..........        15.529        24.593         2.286         0.210         1.343
  Wet Deposition ...........         0.000         0.000         0.000         0.000         0.000
  Sweeping Removal .........         0.000         0.000         0.000         0.000         0.000
  Infiltration Loss ........        49.583        89.558         0.959         0.065         0.453
  BMP Removal ..............         0.000         0.000         0.000         0.000         0.000
  Surface Runoff ...........      1688.608      2970.829        33.516         2.211        15.840
  Remaining Buildup ........     39655.499     67546.198      1771.978       166.617      1017.853
  Continuity Error (%) .....         0.001         0.001         0.001         0.000         0.000
  
  
  **************************        Volume        Volume
  Flow Routing Continuity        hectare-m      10^6 ltr
  **************************     ---------     ---------
  Dry Weather Inflow .......         0.630         6.296
  Wet Weather Inflow .......         2.440        24.402
  Groundwater Inflow .......         0.000         0.000
  RDII Inflow ..............         0.000         0.000
  External Inflow ..........         0.105         1.045
  External Outflow .........         1.396        13.965
  Flooding Loss ............         1.213        12.127
  Evaporation Loss .........         0.000         0.000
  Exfiltration Loss ........         0.000         0.000
  Initial Stored Volume ....         0.076         0.761
  Final Stored Volume ......         0.644         6.445
  Continuity Error (%) .....        -0.097
  
  
  **************************           COD            SS            TN            TP         NH4-N
  Quality Routing Continuity            kg            kg            kg            kg            kg
  **************************    ----------    ----------    ----------    ----------    ----------
  Dry Weather Inflow .......      1573.993      2518.389       151.103        18.888        94.440
  Wet Weather Inflow .......      1688.311      2970.368        33.509         2.211        15.837
  Groundwater Inflow .......         0.000         0.000         0.000         0.000         0.000
  RDII Inflow ..............         0.000         0.000         0.000         0.000         0.000
  External Inflow ..........       187.321       299.713        17.983         2.248        11.239
  External Outflow .........      1826.796      3025.927       134.476        16.182        82.385
  Flooding Loss ............       996.874      1706.936        37.776         3.836        21.353
  Exfiltration Loss ........         0.000         0.000         0.000         0.000         0.000
  Mass Reacted .............         0.000         0.000         0.000         0.000         0.000
  Initial Stored Mass ......         0.000         0.000         0.000         0.000         0.000
  Final Stored Mass ........       606.274      1022.305        29.938         3.303        17.592
  Continuity Error (%) .....         0.571         0.575         0.200         0.111         0.152
  
  
  *************************
  Highest Continuity Errors
  *************************
  Node HS02004842 (18.71%)
  Node YS02001884 (12.45%)
  Node YSB1171 (3.97%)
  Node HS02004817 (3.44%)
  Node YS02001774 (3.21%)
  
  
  ***************************
  Time-Step Critical Elements
  ***************************
  Link YS02006556YS02006558 (33.65%)
  Link WS02006238WS02006235 (28.86%)
  Link WS02006280WS02006229 (12.98%)
  Link WS02003066WSF200 (10.33%)
  Link YS02001791YS02001793 (3.27%)
  
  
  ********************************
  Highest Flow Instability Indexes
  ********************************
  Link WS02006113WS02006111 (63)
  Link YS02001619YS02001622 (38)
  Link YS02001629YS02163301 (37)
  Link YS02163301YS02001633 (37)
  Link YS02163601YS02164001 (37)
  
  
  *************************
  Routing Time Step Summary
  *************************
  Minimum Time Step           :     0.50 sec
  Average Time Step           :     2.53 sec
  Maximum Time Step           :     5.00 sec
  Percent in Steady State     :     0.00
  Average Iterations per Step :     4.49
  Percent Not Converging      :    23.99
  
  
  ***************************
  Subcatchment Runoff Summary
  ***************************
  
  ------------------------------------------------------------------------------------------------------------------------------
                            Total      Total      Total      Total     Imperv       Perv      Total       Total     Peak  Runoff
                           Precip      Runon       Evap      Infil     Runoff     Runoff     Runoff      Runoff   Runoff   Coeff
  Subcatchment                 mm         mm         mm         mm         mm         mm         mm    10^6 ltr      LPS
  ------------------------------------------------------------------------------------------------------------------------------
  sub0                       8.46       0.00       0.00       0.59       7.82       0.00       7.82        0.01     1.16   0.925
  sub1                       8.46       0.00       0.00       0.93       7.44       0.00       7.44        0.05     7.70   0.880
  sub2                       8.46       0.00       0.00       3.13       5.25       0.00       5.25        0.05     7.52   0.621
  sub3                       8.46       0.00       0.00       3.13       5.22       0.00       5.22        0.12    17.42   0.617
  sub4                       8.46       0.00       0.00       0.93       7.30       0.00       7.30        0.15    21.43   0.863
  sub5                       8.46       0.00       0.00       0.59       7.78       0.00       7.78        0.09    13.72   0.919
  sub7                       8.46       0.00       0.00       0.76       7.64       0.00       7.64        0.03     4.36   0.903
  sub8                       8.46       0.00       0.00       0.76       7.63       0.00       7.63        0.05     7.94   0.902
  sub9                       8.46       0.00       0.00       0.76       7.63       0.00       7.63        0.04     5.92   0.902
  sub10                      8.46       0.00       0.00       0.68       7.70       0.00       7.70        0.08    13.25   0.910
  sub11                      8.46       0.00       0.00       0.68       7.71       0.00       7.72        0.09    14.79   0.912
  sub12                      8.46       0.00       0.00       1.10       7.31       0.00       7.31        0.06    11.39   0.865
  sub14                      8.46       0.00       0.00       0.76       7.62       0.00       7.62        0.07    11.62   0.901
  sub15                      8.46       0.00       0.00       2.54       5.86       0.00       5.86        0.10    15.92   0.693
  sub16                      8.46       0.00       0.00       2.79       5.63       0.00       5.63        0.06    10.32   0.666
  sub17                      8.46       0.00       0.00       2.71       5.71       0.00       5.71        0.05     8.48   0.675
  sub22                      8.46       0.00       0.00       3.64       4.78       0.00       4.78        0.30    50.23   0.565
  sub23                      8.46       0.00       0.00       3.13       5.29       0.00       5.29        0.25    42.38   0.625
  sub60                      8.46       0.00       0.00       1.01       5.90       0.00       5.90        1.79   164.80   0.698
  sub61                      8.46       0.00       0.00       1.44       6.06       0.00       6.06        1.87   190.11   0.716
  sub62                      8.46       0.00       0.00       0.68       6.57       0.00       6.57        2.02   200.02   0.777
  sub63                      8.46       0.00       0.00       2.45       5.32       0.00       5.32        1.61   170.11   0.629
  sub64                      8.46       0.00       0.00       1.27       5.66       0.00       5.66        1.72   157.25   0.669
  sub65                      8.46       0.00       0.00       1.10       5.75       0.00       5.75        1.77   160.29   0.680
  sub66                      8.46       0.00       0.00       2.45       4.87       0.00       4.87        1.49   141.15   0.576
  sub67                      8.46       0.00       0.00       0.68       6.98       0.00       6.98        2.15   235.00   0.825
  sub68                      8.46       0.00       0.00       1.18       6.38       0.00       6.38        1.96   204.33   0.755
  sub69                      8.46       0.00       0.00       1.27       6.66       0.00       6.66        1.56   184.58   0.788
  sub70                      8.46       6.80       0.00       5.12       8.77       0.07       8.84        2.02   196.15   0.579
  sub71                      8.46       0.00       0.00       0.68       6.38       0.00       6.38        1.51   143.90   0.754
  sub72                      8.46       0.00       0.00       0.59       4.96       0.00       4.96        1.01    76.81   0.587
  1                          8.46       8.61       0.00       1.40       9.50       2.14      11.63        2.73   208.46   0.682
  2                          8.46       0.00       0.00       3.09       1.99       0.83       2.82        1.13   115.90   0.333
  
  
  ****************************
  Subcatchment Washoff Summary
  ****************************
  
  ------------------------------------------------------------------------------------------
                                 COD            SS            TN            TP         NH4-N
  Subcatchment                    kg            kg            kg            kg            kg
  ------------------------------------------------------------------------------------------
  sub0                         1.269         2.347         0.021         0.002         0.010
  sub1                         5.368        10.152         0.101         0.007         0.048
  sub2                         3.123         5.706         0.069         0.004         0.031
  sub3                         7.722        13.979         0.167         0.011         0.076
  sub4                        12.454        23.700         0.253         0.015         0.121
  sub5                        12.367        23.084         0.218         0.016         0.105
  sub7                         2.789         5.362         0.053         0.003         0.025
  sub8                         4.236         8.323         0.086         0.005         0.041
  sub9                         3.593         6.962         0.070         0.004         0.034
  sub10                       10.223        19.332         0.187         0.013         0.090
  sub11                       10.038        19.218         0.188         0.013         0.091
  sub12                        8.270        15.515         0.149         0.011         0.071
  sub14                        7.633        14.652         0.146         0.009         0.070
  sub15                        8.991        16.442         0.177         0.013         0.082
  sub16                        5.608        10.223         0.108         0.008         0.050
  sub17                        5.144         9.292         0.096         0.007         0.045
  sub22                       26.265        46.903         0.511         0.038         0.236
  sub23                       16.126        29.920         0.358         0.023         0.162
  sub60                      111.189       195.701         2.296         0.135         1.097
  sub61                      137.158       240.188         2.611         0.173         1.253
  sub62                      144.905       258.543         2.914         0.178         1.395
  sub63                      101.253       174.676         2.116         0.145         0.971
  sub64                      135.285       229.312         2.541         0.180         1.207
  sub65                      138.838       236.388         2.628         0.183         1.251
  sub66                       79.547       136.083         1.713         0.108         0.794
  sub67                      213.239       376.927         3.844         0.276         1.852
  sub68                      152.320       269.719         2.990         0.195         1.422
  sub69                      137.629       246.574         2.627         0.179         1.250
  sub70                      220.736       396.570         4.531         0.305         2.102
  sub71                       96.350       173.424         2.061         0.115         0.983
  sub72                       70.842       118.244         1.360         0.090         0.652
  1                          137.857       249.361         2.909         0.197         1.332
  2                           18.605        31.151         0.577         0.034         0.242
  ------------------------------------------------------------------------------------------
  System                    2046.973      3613.974        40.674         2.696        19.192
  
  
  ******************
  Node Depth Summary
  ******************
  
  ---------------------------------------------------------------------------------
                                 Average  Maximum  Maximum  Time of Max    Reported
                                   Depth    Depth      HGL   Occurrence   Max Depth
  Node                 Type       Meters   Meters   Meters  days hr:min      Meters
  ---------------------------------------------------------------------------------
  WS02001211           JUNCTION     0.69     0.72     5.56     0  02:21        0.72
  WS02001212           JUNCTION     0.41     0.44     5.51     0  02:20        0.44
  WS02001213           JUNCTION     0.63     0.70     5.46     0  02:20        0.70
  WS02003069           JUNCTION     0.43     0.54     5.12     0  02:19        0.54
  WS02003072           JUNCTION     0.49     0.60     4.97     0  02:17        0.60
  WS02003073           JUNCTION     0.29     0.37     4.43     0  02:18        0.37
  WS02003060           JUNCTION     0.38     0.48     5.41     0  02:18        0.48
  WS02003066           JUNCTION     0.20     0.29     5.85     0  02:15        0.29
  WS02003059           JUNCTION     0.68     0.76     5.44     0  02:19        0.76
  WS02003067           JUNCTION     0.50     0.69     6.01     0  02:15        0.69
  WS02004401           JUNCTION     0.60     0.83     6.83     0  02:13        0.83
  WS02004402           JUNCTION     0.63     0.86     6.82     0  02:13        0.86
  WS02004403           JUNCTION     0.65     0.87     6.80     0  02:13        0.87
  WS02004404           JUNCTION     0.72     0.94     6.79     0  02:13        0.94
  WS02004406           JUNCTION     0.73     0.94     6.77     0  02:13        0.94
  WS02004409           JUNCTION     0.42     0.65     6.42     0  02:14        0.65
  WS02004410           JUNCTION     0.44     0.66     6.38     0  02:14        0.66
  WS02004411           JUNCTION     0.46     0.67     6.35     0  02:15        0.67
  WS02004412           JUNCTION     0.47     0.68     6.32     0  02:15        0.68
  WS02004413           JUNCTION     0.61     0.84     6.31     0  02:15        0.84
  WS02004405           JUNCTION     0.72     0.94     6.79     0  02:13        0.94
  WS02006109           JUNCTION     0.69     0.93     7.55     0  02:11        0.93
  WS02006110           JUNCTION     0.69     0.90     7.48     0  02:11        0.90
  WS02006111           JUNCTION     0.19     0.28     6.98     0  02:10        0.28
  WS02006112           JUNCTION     0.76     1.03     6.91     0  02:15        1.02
  WS02006113           JUNCTION     0.30     0.44     7.33     0  02:12        0.44
  WS02006115           JUNCTION     0.50     0.73     6.87     0  02:15        0.73
  WS02006116           JUNCTION     0.57     0.81     6.85     0  02:13        0.81
  WS02006230           JUNCTION     0.63     0.94     7.69     0  02:12        0.94
  WS02006231           JUNCTION     0.39     0.61     7.73     0  02:12        0.61
  WS02006232           JUNCTION     0.50     0.72     7.76     0  02:13        0.72
  WS02006234           JUNCTION     0.41     0.64     7.79     0  02:13        0.64
  WS02006235           JUNCTION     0.43     0.65     7.82     0  02:13        0.65
  WS02006238           JUNCTION     0.45     0.67     7.82     0  02:13        0.67
  WS02006240           JUNCTION     0.32     0.53     7.82     0  02:14        0.53
  WS02006242           JUNCTION     0.35     0.55     7.82     0  02:14        0.55
  WS02006243           JUNCTION     0.22     0.40     7.82     0  02:14        0.40
  WS02006245           JUNCTION     0.18     0.34     7.82     0  02:14        0.34
  WS02006247           JUNCTION     0.18     0.33     7.83     0  02:14        0.33
  WS02006248           JUNCTION     0.11     0.24     7.83     0  02:14        0.24
  WS02006249           JUNCTION     0.12     0.24     7.84     0  02:14        0.24
  WS02006239           JUNCTION     0.39     0.61     7.82     0  02:13        0.61
  WS02006251           JUNCTION     0.09     0.19     7.86     0  02:12        0.19
  WS02006252           JUNCTION     0.00     0.00     8.24     0  00:00        0.00
  WS02006253           JUNCTION     0.13     0.24     7.88     0  02:10        0.24
  WS02006256           JUNCTION     1.74     2.35     9.28     0  01:39        2.35
  WS02004138           JUNCTION     0.16     0.17     7.42     0  04:20        0.17
  WS02004139           JUNCTION     0.63     0.66     5.57     0  02:21        0.66
  WS02004407           JUNCTION     0.19     0.29     6.60     0  02:14        0.29
  WS02006228           JUNCTION     0.68     0.96     7.62     0  02:15        0.96
  WS02006229           JUNCTION     0.66     0.95     7.65     0  02:11        0.95
  WS02006280           JUNCTION     0.08     0.14     8.42     0  02:09        0.14
  WS02006284           JUNCTION     0.38     0.48     8.88     0  02:09        0.48
  WS02006287           JUNCTION     0.11     0.21     9.17     0  02:08        0.21
  WSF200               JUNCTION     0.19     0.30     5.53     0  02:16        0.30
  HS02004901           JUNCTION     0.14     0.23    10.05     0  01:37        0.23
  HS02004881           JUNCTION     0.01     0.02     9.05     0  02:08        0.02
  HS02004876           JUNCTION     0.06     0.10     9.13     0  02:07        0.10
  HS02004870           JUNCTION     0.02     0.04     9.33     0  02:08        0.04
  HS02004862           JUNCTION     0.02     0.05     9.43     0  02:08        0.05
  HS02004856           JUNCTION     0.08     0.11     9.53     0  02:08        0.11
  HS02004852           JUNCTION     0.01     0.03     9.54     0  02:09        0.03
  HS02004848           JUNCTION     0.01     0.03     9.63     0  02:08        0.03
  HS02004842           JUNCTION     0.33     0.36     9.63     0  02:08        0.36
  HS02004837           JUNCTION     0.03     0.05     9.63     0  02:08        0.05
  HS02004830           JUNCTION     0.04     0.06     9.53     0  02:09        0.06
  HS02004824           JUNCTION     0.03     0.04     9.45     0  02:09        0.04
  HS02004817           JUNCTION     0.44     0.53     9.38     0  02:09        0.53
  HS02004807           JUNCTION     0.13     0.21     9.38     0  02:09        0.21
  HS02004802           JUNCTION     0.17     0.24     9.37     0  02:09        0.24
  HS02004799           JUNCTION     0.14     0.25     9.46     0  01:38        0.25
  HS02004792           JUNCTION     0.04     0.10     9.62     0  01:37        0.10
  HS02004788           JUNCTION     0.03     0.07     9.97     0  01:38        0.07
  HS02004785           JUNCTION     0.06     0.13    10.03     0  01:38        0.13
  HS02004777           JUNCTION     0.16     0.25    10.05     0  01:37        0.25
  HS02004770           JUNCTION     0.13     0.22    10.05     0  01:37        0.22
  HS02004480           JUNCTION     0.10     0.20     9.44     0  01:38        0.20
  HS02004479           JUNCTION     0.13     0.23     9.44     0  01:39        0.23
  HS02004478           JUNCTION     0.07     0.13     9.35     0  02:08        0.13
  YS02001745           JUNCTION     0.62     0.88     8.40     0  03:09        0.88
  YS02001748           JUNCTION     0.98     1.33     8.41     0  03:07        1.31
  YS02001751           JUNCTION     1.16     1.71     8.58     0  02:23        1.52
  YS02001754           JUNCTION     1.40     1.84     8.45     0  02:23        1.80
  YS02001762           JUNCTION     1.59     2.04     8.44     0  02:55        2.00
  YS02001765           JUNCTION     1.54     1.98     8.43     0  03:04        1.95
  YS02001767           JUNCTION     1.51     1.93     8.42     0  02:39        1.90
  YS02001770           JUNCTION     1.51     1.95     8.44     0  02:39        1.89
  YS02001774           JUNCTION     1.57     2.00     8.42     0  02:39        1.97
  YS02001779           JUNCTION     1.33     1.68     8.37     0  02:33        1.68
  YS02001882           JUNCTION     0.41     0.64     7.36     0  02:53        0.64
  YS02001884           JUNCTION     0.50     0.74     7.35     0  02:49        0.74
  YS02001759           JUNCTION     1.62     2.07     8.44     0  02:55        2.05
  YS02001887           JUNCTION     0.58     0.82     7.36     0  02:53        0.82
  YS02001890           JUNCTION     0.61     0.85     7.35     0  02:57        0.84
  YS02001898           JUNCTION     0.38     0.60     7.34     0  02:56        0.60
  YS02001901           JUNCTION     0.49     0.73     7.33     0  02:52        0.73
  YS02001904           JUNCTION     0.47     0.70     7.33     0  02:55        0.70
  YS02001907           JUNCTION     0.80     1.05     7.34     0  02:40        1.05
  YS02001910           JUNCTION     0.59     0.83     7.34     0  02:51        0.83
  YS02001915           JUNCTION     0.39     0.61     7.33     0  02:51        0.61
  YS02001918           JUNCTION     0.15     0.26     7.33     0  02:42        0.26
  YS02001619           JUNCTION     1.12     1.61     8.54     0  02:28        1.46
  YS02001629           JUNCTION     1.46     1.85     8.40     0  02:29        1.83
  YS02001641           JUNCTION     1.56     1.93     8.37     0  02:48        1.93
  YS02001644           JUNCTION     1.56     1.92     8.35     0  02:42        1.92
  YS02001652           JUNCTION     1.41     2.13     8.72     0  03:02        1.87
  YS02001655           JUNCTION     1.18     2.20     9.05     0  02:28        1.64
  YS02001920           JUNCTION     0.24     0.34     7.34     0  02:53        0.34
  YS02001923           JUNCTION     0.09     0.13     7.39     0  03:01        0.13
  YS02001926           JUNCTION     0.18     0.24     7.69     0  03:01        0.24
  YS02001929           JUNCTION     0.09     0.13     7.82     0  03:01        0.13
  YS02001658           JUNCTION     0.93     2.30     9.44     0  02:28        1.37
  YS02001661           JUNCTION     0.72     1.62     9.02     0  02:57        1.10
  YS02001664           JUNCTION     0.32     0.57     8.49     0  03:02        0.56
  YS02001622           JUNCTION     1.14     1.58     8.49     0  02:28        1.48
  YS02001633           JUNCTION     1.55     1.94     8.39     0  02:51        1.93
  YS02001649           JUNCTION     1.60     2.05     8.44     0  02:28        2.04
  YS02001757           JUNCTION     1.72     2.19     8.45     0  03:07        2.16
  YS02001895           JUNCTION     0.38     0.60     7.34     0  02:52        0.59
  YS02001625           JUNCTION     1.42     1.78     8.38     0  02:36        1.78
  YS02163301           JUNCTION     1.49     1.88     8.39     0  03:00        1.86
  YS02163601           JUNCTION     1.60     1.99     8.38     0  02:55        1.98
  YS02164001           JUNCTION     1.54     1.92     8.37     0  02:44        1.91
  YS02001647           JUNCTION     1.40     1.82     8.43     0  02:28        1.79
  YSB1154              JUNCTION     0.27     0.38     9.44     0  01:38        0.38
  YSB6556              JUNCTION     0.17     0.27     9.44     0  01:38        0.27
  YSB1174              JUNCTION     0.22     0.33     9.44     0  01:38        0.33
  YSB1171              JUNCTION     0.42     0.54     9.44     0  01:39        0.54
  YS02006553           JUNCTION     0.80     1.06     7.34     0  02:40        1.05
  YS02006561           JUNCTION     0.21     0.37     7.03     0  02:55        0.36
  YS02006556           JUNCTION     0.77     1.03     7.34     0  02:40        1.02
  YS02006558           JUNCTION     0.81     1.08     7.35     0  02:30        1.05
  YS02001783           JUNCTION     0.37     0.63     6.77     0  02:55        0.62
  YS02001784           JUNCTION     0.40     0.63     6.70     0  02:51        0.63
  YS02001786           JUNCTION     0.33     0.53     6.56     0  02:50        0.53
  YS02001788           JUNCTION     0.25     0.42     6.39     0  02:51        0.42
  YS02001790           JUNCTION     0.31     0.50     6.15     0  02:50        0.50
  YS02001791           JUNCTION     0.19     0.37     5.84     0  02:37        0.32
  YS02001793           JUNCTION     0.38     2.05     6.88     0  02:37        1.00
  WSC                  OUTFALL      0.29     0.37     1.04     0  02:19        0.37
  JK-storage           STORAGE      4.22     4.88     5.68     0  02:11        4.88
  CC-storage           STORAGE      0.98     1.39     8.39     0  03:04        1.39
  XR-storage           STORAGE      7.51     7.72     5.72     0  01:58        7.72
  
  
  *******************
  Node Inflow Summary
  *******************
  
  -------------------------------------------------------------------------------------------------
                                  Maximum  Maximum                  Lateral       Total        Flow
                                  Lateral    Total  Time of Max      Inflow      Inflow     Balance
                                   Inflow   Inflow   Occurrence      Volume      Volume       Error
  Node                 Type           LPS      LPS  days hr:min    10^6 ltr    10^6 ltr     Percent
  -------------------------------------------------------------------------------------------------
  WS02001211           JUNCTION      7.35   293.85     0  01:29       0.212        7.75       0.492
  WS02001212           JUNCTION      0.00   294.60     0  05:05           0        7.71       0.251
  WS02001213           JUNCTION      0.00   295.65     0  05:04           0        7.69       0.280
  WS02003069           JUNCTION      0.32   817.97     0  02:19     0.00922          14       0.153
  WS02003072           JUNCTION      0.00   817.88     0  02:19           0          14       0.198
  WS02003073           JUNCTION      1.82   819.64     0  02:20      0.0524          14       0.214
  WS02003060           JUNCTION     16.53   817.77     0  02:18       0.476          14       0.149
  WS02003066           JUNCTION      0.00   509.01     0  02:15           0         5.9       0.041
  WS02003059           JUNCTION      0.00   297.75     0  05:04           0        7.67       0.489
  WS02003067           JUNCTION      0.00   508.98     0  02:15           0        5.91       0.098
  WS02004401           JUNCTION      0.00   509.82     0  02:12           0        6.06       0.253
  WS02004402           JUNCTION      0.00   509.58     0  02:13           0        6.05       0.249
  WS02004403           JUNCTION      0.00   509.60     0  02:12           0        6.03       0.232
  WS02004404           JUNCTION      0.16   509.67     0  02:13     0.00467        6.02       0.206
  WS02004406           JUNCTION      0.00   509.78     0  02:13           0           6       0.440
  WS02004409           JUNCTION      0.00   509.49     0  02:14           0        5.97       0.132
  WS02004410           JUNCTION      0.00   509.40     0  02:14           0        5.96       0.162
  WS02004411           JUNCTION      0.00   509.28     0  02:14           0        5.95       0.175
  WS02004412           JUNCTION      0.00   509.18     0  02:15           0        5.94       0.203
  WS02004413           JUNCTION      0.00   509.16     0  02:15           0        5.93       0.331
  WS02004405           JUNCTION      0.04   509.78     0  02:13      0.0011        6.01       0.251
  WS02006109           JUNCTION      1.23   502.33     0  02:11      0.0354         6.1       0.231
  WS02006110           JUNCTION      0.00   502.12     0  02:11           0        6.08       0.240
  WS02006111           JUNCTION      0.00   520.77     0  02:14           0        6.06       0.036
  WS02006112           JUNCTION      8.48   513.14     0  02:10       0.049        6.11       0.328
  WS02006113           JUNCTION      0.00   502.41     0  02:12           0        6.07       0.088
  WS02006115           JUNCTION      0.00   514.51     0  02:15           0        6.09       0.235
  WS02006116           JUNCTION      0.00   510.18     0  02:12           0        6.07       0.181
  WS02006230           JUNCTION     10.28   296.48     0  02:22       0.296        4.57       0.210
  WS02006231           JUNCTION      0.00   285.62     0  02:22           0        4.28      -0.011
  WS02006232           JUNCTION      0.00   285.60     0  02:22           0        4.28       0.202
  WS02006234           JUNCTION      0.00   285.20     0  02:22           0        4.28      -0.020
  WS02006235           JUNCTION      0.00   312.17     0  01:40           0         4.6       0.121
  WS02006238           JUNCTION      0.00   218.44     0  01:39           0       0.852       0.209
  WS02006240           JUNCTION      0.00   114.75     0  01:41           0       0.616       0.449
  WS02006242           JUNCTION      0.00    98.79     0  01:41           0       0.489       0.711
  WS02006243           JUNCTION      0.00    55.29     0  01:42           0       0.386       1.273
  WS02006245           JUNCTION      0.00    42.94     0  01:46           0       0.333       1.173
  WS02006247           JUNCTION      0.00    42.96     0  02:10           0       0.302       0.208
  WS02006248           JUNCTION      0.00    43.22     0  02:09           0       0.286       0.013
  WS02006249           JUNCTION      0.00    43.54     0  02:09           0       0.283       0.247
  WS02006239           JUNCTION      0.00   134.06     0  01:40           0       0.743       0.235
  WS02006251           JUNCTION      0.08    43.78     0  02:08     0.00222       0.282      -0.031
  WS02006252           JUNCTION      0.00     0.00     0  00:00           0           0       0.000 ltr
  WS02006253           JUNCTION      1.16    43.76     0  02:08     0.00633        0.28       0.125
  WS02006256           JUNCTION      0.00   983.00     0  01:57           0        6.64      -0.125
  WS02004138           JUNCTION      0.00   285.00     0  01:27           0        7.56       0.052
  WS02004139           JUNCTION      0.32   285.32     0  02:29     0.00924        7.57       0.476
  WS02004407           JUNCTION      0.00   509.58     0  02:13           0        5.97       0.067
  WS02006228           JUNCTION      0.00   501.33     0  02:11           0        6.07       0.176
  WS02006229           JUNCTION      0.00   500.81     0  02:11           0        6.08       0.183
  WS02006280           JUNCTION      0.00   211.61     0  02:09           0        1.52       0.004
  WS02006284           JUNCTION      0.10   211.60     0  02:09     0.00275        1.52       0.026
  WS02006287           JUNCTION      0.00   211.51     0  02:08           0        1.52       0.047
  WSF200               JUNCTION      0.00   509.04     0  02:16           0         5.9       0.031
  HS02004901           JUNCTION     10.32    10.32     0  01:33      0.0589      0.0592       3.057
  HS02004881           JUNCTION      4.36    42.78     0  02:08      0.0257       0.274       0.022
  HS02004876           JUNCTION      7.70    38.75     0  02:08      0.0495       0.249       0.212
  HS02004870           JUNCTION      7.94    31.07     0  02:08      0.0487       0.199       0.053
  HS02004862           JUNCTION      7.72    23.49     0  02:08      0.0547       0.151       0.111
  HS02004856           JUNCTION      5.92    15.80     0  02:08      0.0367      0.0976       1.489
  HS02004852           JUNCTION      0.00    10.11     0  02:08           0      0.0609       0.083
  HS02004848           JUNCTION     17.42    17.42     0  02:08       0.117       0.117       0.036
  HS02004842           JUNCTION      0.00     7.32     0  02:10           0      0.0695      23.014
  HS02004837           JUNCTION     19.60    26.85     0  02:08       0.268       0.324       0.242
  HS02004830           JUNCTION      0.15    26.99     0  02:08     0.00432       0.315       0.393
  HS02004824           JUNCTION     21.48    48.47     0  02:09       0.154       0.467       0.115
  HS02004817           JUNCTION      0.60    49.06     0  02:09      0.0173       0.484       3.566
  HS02004807           JUNCTION     14.79    62.91     0  02:09      0.0896       0.558       0.788
  HS02004802           JUNCTION      0.00    62.92     0  02:10           0       0.556       0.713
  HS02004799           JUNCTION     11.62   130.75     0  01:37      0.0726       0.836       0.345
  HS02004792           JUNCTION     50.51   119.20     0  01:37        0.31       0.764       0.053
  HS02004788           JUNCTION     17.59    69.40     0  01:38       0.149       0.455       0.084
  HS02004785           JUNCTION      0.15    51.92     0  01:37     0.00432       0.308       0.156
  HS02004777           JUNCTION      0.03    52.01     0  01:35    0.000864       0.308       1.713
  HS02004770           JUNCTION     42.38    52.42     0  01:35       0.252        0.31       1.004
  HS02004480           JUNCTION      0.00   154.75     0  01:38           0       0.985       0.096
  HS02004479           JUNCTION      0.00    24.23     0  01:40           0        0.16       0.457
  HS02004478           JUNCTION      0.00   211.50     0  02:08           0        1.53       0.023
  YS02001745           JUNCTION    164.81   247.75     0  02:22        1.79         1.8       0.643
  YS02001748           JUNCTION      0.04   363.09     0  02:26      0.0013        1.79       1.282
  YS02001751           JUNCTION      0.01   316.30     0  02:23    0.000317        1.76       1.319
  YS02001754           JUNCTION      0.26   210.20     0  02:19     0.00749        1.74       1.463
  YS02001762           JUNCTION      0.00   216.85     0  02:33           0        1.48       1.477
  YS02001765           JUNCTION      0.00   213.57     0  02:33           0        1.48       1.669
  YS02001767           JUNCTION      0.54   210.80     0  02:33      0.0154         1.5       2.440
  YS02001770           JUNCTION    200.17   302.72     0  03:09        2.02        2.16       1.502
  YS02001774           JUNCTION      0.00   304.50     0  03:09           0       0.786       3.319
  YS02001779           JUNCTION      0.01   305.69     0  03:09    0.000144       0.756       2.070
  YS02001882           JUNCTION      0.00    10.68     0  03:09           0       0.014      16.109
  YS02001884           JUNCTION      0.00    13.94     0  02:12           0      0.0436      14.221
  YS02001759           JUNCTION    190.15   406.97     0  02:33        1.87        3.18       0.715
  YS02001887           JUNCTION    235.45   246.69     0  02:32        2.17        2.19       0.354
  YS02001890           JUNCTION      0.00   244.20     0  02:42           0        2.15       0.395
  YS02001898           JUNCTION      0.00   243.92     0  02:32           0        2.14       0.116
  YS02001901           JUNCTION      0.00   251.68     0  02:33           0        2.14       0.292
  YS02001904           JUNCTION      0.00   245.91     0  02:32           0        2.13       0.266
  YS02001907           JUNCTION      0.00   469.55     0  02:50           0        4.71       0.491
  YS02001910           JUNCTION      0.00   237.70     0  02:54           0        2.59       0.423
  YS02001915           JUNCTION    143.92   227.36     0  02:53        1.51        2.59       0.201
  YS02001918           JUNCTION      0.00    82.70     0  02:59           0        1.09       0.145
  YS02001619           JUNCTION    141.15   141.15     0  02:54        1.49        1.49       0.818
  YS02001629           JUNCTION      0.00   173.54     0  02:18           0        1.41       2.069
  YS02001641           JUNCTION      0.00   315.95     0  02:29           0        3.08       0.689
  YS02001644           JUNCTION    157.29   907.20     0  03:06        1.72        8.36       0.307
  YS02001652           JUNCTION      0.00   244.56     0  02:28           0        1.56       1.545
  YS02001655           JUNCTION      0.15   306.76     0  02:19     0.00443        1.58       1.585
  YS02001920           JUNCTION      2.87    79.72     0  03:01      0.0827        1.09       0.235
  YS02001923           JUNCTION      0.04    76.85     0  03:01     0.00109        1.01       0.043
  YS02001926           JUNCTION      0.05    76.85     0  03:01      0.0015        1.01       0.289
  YS02001929           JUNCTION     76.81    76.81     0  03:01        1.01        1.01       0.042
  YS02001658           JUNCTION      0.00   560.08     0  02:28           0        1.62       1.325
  YS02001661           JUNCTION      0.00   499.84     0  02:56           0        1.68       0.341
  YS02001664           JUNCTION    170.11   319.62     0  02:56        1.61        1.67       0.347
  YS02001622           JUNCTION      0.00   150.77     0  02:19           0        1.48       2.191
  YS02001633           JUNCTION    160.49   313.86     0  02:29        1.77        3.14       1.033
  YS02001649           JUNCTION      0.00   652.26     0  02:28           0        5.53       0.679
  YS02001757           JUNCTION      0.00  1142.71     0  02:43           0        6.75       1.378
  YS02001895           JUNCTION      0.00   246.45     0  02:32           0        2.14       0.210
  YS02001625           JUNCTION      0.00   173.88     0  02:18           0        1.45       2.754
  YS02163301           JUNCTION      0.00   166.68     0  02:25           0        1.39       1.762
  YS02163601           JUNCTION      0.11   314.35     0  02:29     0.00317         3.1       0.979
  YS02164001           JUNCTION      0.00   314.78     0  02:29           0        3.08       0.657
  YS02001647           JUNCTION      0.00   486.32     0  03:09           0        4.92       0.571
  YSB1154              JUNCTION     13.72    13.72     0  02:07      0.0881      0.0887       1.654
  YSB6556              JUNCTION      0.00    13.71     0  02:07           0      0.0895       1.414
  YSB1174              JUNCTION     11.39    11.39     0  01:33      0.0639      0.0643       2.032
  YSB1171              JUNCTION      0.00    24.39     0  01:39           0       0.159       4.138
  YS02006553           JUNCTION      0.00   467.58     0  02:50           0         4.7       0.322
  YS02006561           JUNCTION      0.00   697.21     0  02:50           0        6.64       0.019
  YS02006556           JUNCTION      0.00   464.57     0  02:41           0        4.71       0.226
  YS02006558           JUNCTION    205.21   689.45     0  02:55        1.99        6.67       0.058
  YS02001783           JUNCTION      0.00   678.20     0  02:55           0        6.64       0.029
  YS02001784           JUNCTION      1.06   670.59     0  02:55      0.0305        6.66       0.046
  YS02001786           JUNCTION      0.06   666.11     0  02:50     0.00162        6.66       0.044
  YS02001788           JUNCTION      0.07   665.50     0  02:50     0.00204        6.66       0.026
  YS02001790           JUNCTION      0.15   665.24     0  02:51     0.00446        6.67       0.032
  YS02001791           JUNCTION      0.00   680.36     0  02:44           0        6.66       0.015
  YS02001793           JUNCTION      0.00   857.28     0  01:53           0        6.73      -0.162
  WSC                  OUTFALL       0.00   819.61     0  02:19           0          14       0.000
  JK-storage           STORAGE       0.00  1092.23     0  02:37           0         6.9       0.019
  CC-storage           STORAGE       0.00  1150.60     0  02:28           0        3.97       1.665
  XR-storage           STORAGE     515.95   515.95     0  02:56        9.62        10.2      -0.003
  
  
  **********************
  Node Surcharge Summary
  **********************
  
  Surcharging occurs when water rises above the top of the highest conduit.
  ---------------------------------------------------------------------
                                               Max. Height   Min. Depth
                                   Hours       Above Crown    Below Rim
  Node                 Type      Surcharged         Meters       Meters
  ---------------------------------------------------------------------
  WS02006109           JUNCTION        1.41          0.113        1.707
  WS02006112           JUNCTION        0.54          0.030        1.650
  WS02006232           JUNCTION        0.58          0.023        1.457
  WS02006256           JUNCTION        6.46          2.050        0.000
  WS02006228           JUNCTION        1.39          0.134        2.066
  YS02001748           JUNCTION        5.37          0.250        0.940
  YS02001751           JUNCTION        5.61          0.705        0.495
  YS02001754           JUNCTION        5.91          0.793        0.357
  YS02001762           JUNCTION        6.13          1.035        0.115
  YS02001765           JUNCTION        6.10          0.981        0.119
  YS02001767           JUNCTION        6.07          0.934        0.096
  YS02001770           JUNCTION        6.05          0.916        0.004
  YS02001774           JUNCTION        6.13          0.999        0.051
  YS02001779           JUNCTION        5.90          0.680        0.000
  YS02001759           JUNCTION        6.15          1.075        0.135
  YS02001907           JUNCTION        0.94          0.042        0.908
  YS02001619           JUNCTION        5.59          0.610        0.000
  YS02001629           JUNCTION        5.60          0.470        0.000
  YS02001641           JUNCTION        6.11          0.933        0.167
  YS02001644           JUNCTION        6.11          0.920        0.000
  YS02001652           JUNCTION        5.97          1.095        0.035
  YS02001655           JUNCTION        5.66          1.200        0.000
  YS02001658           JUNCTION        5.40          1.300        0.000
  YS02001661           JUNCTION        0.05          0.548        0.842
  YS02001622           JUNCTION        5.64          0.585        0.035
  YS02001633           JUNCTION        6.09          0.917        0.143
  YS02001649           JUNCTION        6.14          1.050        0.000
  YS02001757           JUNCTION        6.24          1.188        0.022
  YS02001625           JUNCTION        6.00          0.780        0.000
  YS02163301           JUNCTION        6.07          0.875        0.155
  YS02163601           JUNCTION        6.14          0.986        0.094
  YS02164001           JUNCTION        6.10          0.917        0.183
  YS02001647           JUNCTION        5.98          0.815        0.085
  YS02006553           JUNCTION        1.09          0.057        1.133
  YS02001793           JUNCTION        0.01          1.048        1.552
  
  
  *********************
  Node Flooding Summary
  *********************
  
  Flooding refers to all water that overflows a node, whether it ponds or not.
  --------------------------------------------------------------------------
                                                             Total   Maximum
                                 Maximum   Time of Max       Flood    Ponded
                        Hours       Rate    Occurrence      Volume     Depth
  Node                 Flooded       LPS   days hr:min    10^6 ltr    Meters
  --------------------------------------------------------------------------
  WS02006256              4.48    743.87      0  02:14       2.622     0.000
  YS02001779              1.95    305.31      0  03:09       0.736     0.000
  YS02001619              0.01     15.76      0  02:28       0.000     0.000
  YS02001629              0.01      8.97      0  02:29       0.000     0.000
  YS02001644              5.28    906.89      0  03:06       6.976     0.000
  YS02001655              0.01     37.54      0  02:28       0.000     0.000
  YS02001658              0.01    175.75      0  02:28       0.000     0.000
  YS02001649              0.01     37.86      0  03:02       0.000     0.000
  YS02001625              0.05      6.23      0  02:38       0.000     0.000
  XR-storage              4.75    230.95      0  02:56       1.793     0.000
  
  
  **********************
  Storage Volume Summary
  **********************
  
  --------------------------------------------------------------------------------------------------
                         Average     Avg  Evap Exfil       Maximum     Max    Time of Max    Maximum
                          Volume    Pcnt  Pcnt  Pcnt        Volume    Pcnt     Occurrence    Outflow
  Storage Unit           1000 m3    Full  Loss  Loss       1000 m3    Full    days hr:min        LPS
  --------------------------------------------------------------------------------------------------
  JK-storage               0.212      73     0     0         0.245      84       0  02:11     983.00
  CC-storage               2.731      17     0     0         3.886      25       0  03:04     135.35
  XR-storage               0.901      97     0     0         0.926     100       0  01:58     285.00
  
  
  ***********************
  Outfall Loading Summary
  ***********************
  
  ---------------------------------------------------------------------------------------------------------------------------------
                         Flow       Avg       Max       Total         Total         Total         Total         Total         Total
                         Freq      Flow      Flow      Volume           COD            SS            TN            TP         NH4-N
  Outfall Node           Pcnt       LPS       LPS    10^6 ltr            kg            kg            kg            kg            kg
  ---------------------------------------------------------------------------------------------------------------------------------
  WSC                   99.99    563.66    819.61      13.964      1826.928      3026.135       134.489        16.184        82.393
  ---------------------------------------------------------------------------------------------------------------------------------
  System                99.99    563.66    819.61      13.964      1826.928      3026.135       134.489        16.184        82.393
  
  
  ********************
  Link Flow Summary
  ********************
  
  -----------------------------------------------------------------------------
                                 Maximum  Time of Max   Maximum    Max/    Max/
                                  |Flow|   Occurrence   |Veloc|    Full    Full
  Link                 Type          LPS  days hr:min     m/sec    Flow   Depth
  -----------------------------------------------------------------------------
  WS02003066WSF200     CONDUIT    509.04     0  02:16      2.69    0.09    0.22
  WS02006287WS02006284 CONDUIT    211.51     0  02:09      1.64    0.10    0.22
  WS02006284WS02006280 CONDUIT    211.61     0  02:09      1.88    0.09    0.20
  WS02006280WS02006229 CONDUIT    211.61     0  02:09      3.02    0.05    0.14
  WS02006229WS02006228 CONDUIT    501.33     0  02:11      1.00    1.66    1.00
  WS02006256WS02006235 CONDUIT    287.76     0  07:47      4.18    3.05    1.00
  WS02006253WS02006251 CONDUIT     43.70     0  02:08      0.50    0.13    0.30
  WS02006252WS02006251 CONDUIT      0.00     0  00:00      0.00    0.00    0.00
  WS02006251WS02006249 CONDUIT     43.54     0  02:09      0.55    0.13    0.31
  WS02006249WS02006248 CONDUIT     43.22     0  02:09      0.65    0.24    0.33
  WS02006248WS02006247 CONDUIT     42.96     0  02:10      0.63    0.09    0.40
  WS02006247WS02006245 CONDUIT     42.94     0  01:46      0.57    0.34    0.47
  WS02006245WS02006243 CONDUIT     43.70     0  01:42      0.71    0.13    0.52
  WS02006243WS02006242 CONDUIT     58.14     0  04:52      0.56    0.12    0.66
  WS02006242WS02006240 CONDUIT     80.06     0  04:51      0.70    0.32    0.76
  WS02006240WS02006239 CONDUIT    102.03     0  04:51      0.75    0.32    0.78
  WS02006239WS02006238 CONDUIT    127.72     0  04:50      0.85    0.41    0.90
  WS02006238WS02006235 CONDUIT    189.00     0  05:57      1.16    0.42    0.95
  WS02006235WS02006234 CONDUIT    285.20     0  02:22      1.12    3.01    0.90
  WS02006234WS02006232 CONDUIT    285.60     0  02:22      0.94    0.58    0.95
  WS02006232WS02006231 CONDUIT    285.62     0  02:22      0.86    0.60    0.93
  WS02006231WS02006230 CONDUIT    286.21     0  02:22      1.21    4.34    0.84
  WS02006230WS02006229 CONDUIT    297.13     0  02:21      0.77    6.61    1.00
  WS02006228WS02006109 CONDUIT    501.10     0  02:11      1.00    2.19    1.00
  WS02006116WS02004401 CONDUIT    509.82     0  02:12      0.74    0.70    0.82
  WS02006115WS02006116 CONDUIT    510.18     0  02:12      0.94    0.65    0.74
  WS02006113WS02006111 CONDUIT    520.77     0  02:14      2.40    0.62    0.45
  WS02006112WS02006115 CONDUIT    514.51     0  02:15      0.72    0.30    0.86
  WS02006111WS02006112 CONDUIT    505.75     0  02:10      1.42    0.24    0.67
  WS02006110WS02006113 CONDUIT    502.41     0  02:12      1.20    0.46    0.77
  WS02006109WS02006110 CONDUIT    502.12     0  02:11      1.00    0.97    0.99
  WS02004411WS02004412 CONDUIT    509.18     0  02:15      0.92    0.72    0.68
  WS02004401WS02004402 CONDUIT    509.58     0  02:13      0.72    0.61    0.84
  WS02004413WS02003067 CONDUIT    508.98     0  02:15      1.08    0.22    0.58
  WS02004412WS02004413 CONDUIT    509.16     0  02:15      0.90    0.34    0.76
  WS02004410WS02004411 CONDUIT    509.28     0  02:14      0.91    0.70    0.67
  WS02004409WS02004410 CONDUIT    509.40     0  02:14      0.93    0.66    0.66
  WS02004407WS02004409 CONDUIT    509.49     0  02:14      1.43    0.18    0.47
  WS02004406WS02004407 CONDUIT    509.58     0  02:13      1.01    0.23    0.61
  WS02004405WS02004406 CONDUIT    509.78     0  02:13      0.67    1.01    0.94
  WS02004404WS02004405 CONDUIT    509.74     0  02:13      0.66    4.99    0.94
  WS02004403WS02004404 CONDUIT    509.51     0  02:13      0.68    0.37    0.91
  WS02004402WS02004403 CONDUIT    509.60     0  02:12      0.71    0.73    0.86
  WS02004139WS02001211 CONDUIT    286.50     0  01:29      0.54    0.36    0.53
  WS02004138WS02004139 CONDUIT    285.00     0  02:29      2.39    0.06    0.39
  WS02003067WS02003066 CONDUIT    509.01     0  02:15      1.17    0.16    0.41
  WS02001213WS02003059 CONDUIT    297.75     0  05:04      0.59    0.49    0.72
  WS02001212WS02001213 CONDUIT    295.65     0  05:04      1.19    0.46    0.41
  WS02001211WS02001212 CONDUIT    294.60     0  05:05      0.67    0.23    0.58
  WS02003072WS02003073 CONDUIT    817.82     0  02:20      1.64    1.77    0.45
  WS02003069WS02003072 CONDUIT    817.88     0  02:19      1.55    0.39    0.47
  WS02003060WS02003069 CONDUIT    817.65     0  02:19      1.80    0.32    0.42
  WS02003059WS02003060 CONDUIT    300.79     0  05:03      0.82    0.20    0.62
  HS02004901HS02004770 CONDUIT     10.06     0  01:36      0.07    0.04    0.32
  HS02004876HS02004881 CONDUIT     38.77     0  02:08      0.61    0.41    0.09
  HS02004870HS02004876 CONDUIT     31.06     0  02:08      0.43    0.02    0.10
  HS02004842HS02004848 CONDUIT      7.32     0  02:10      0.04    0.00    0.28
  HS02004837HS02004842 CONDUIT      7.42     0  02:12      0.42    0.00    0.29
  HS02004830HS02004837 CONDUIT     26.84     0  02:08      0.47    0.03    0.08
  HS02004824HS02004830 CONDUIT     26.99     0  02:09      0.49    0.04    0.08
  HS02004817HS02004824 CONDUIT     48.46     0  02:09      0.17    0.02    0.41
  HS02004770HS02004777 CONDUIT     51.98     0  01:35      0.24    0.10    0.33
  HS02004799HS02004480 CONDUIT    130.65     0  01:37      0.59    0.17    0.31
  HS02004792HS02004799 CONDUIT    119.17     0  01:37      0.68    0.07    0.25
  HS02004788HS02004792 CONDUIT     69.38     0  01:38      0.83    0.05    0.12
  HS02004785HS02004788 CONDUIT     51.88     0  01:38      0.51    0.39    0.14
  HS02004777HS02004785 CONDUIT     51.77     0  01:37      0.27    0.06    0.27
  HS02004480HS02004478 CONDUIT    154.63     0  01:38      0.96    0.65    0.23
  HS02004479HS02004480 CONDUIT     24.36     0  01:40      0.35    0.02    0.31
  HS02004862HS02004870 CONDUIT     23.48     0  02:08      0.50    0.03    0.07
  HS02004848HS02004852 CONDUIT     10.11     0  02:08      0.34    0.01    0.04
  HS02004856HS02004862 CONDUIT     15.79     0  02:08      0.36    0.02    0.06
  HS02004852HS02004856 CONDUIT     10.10     0  02:09      0.15    0.01    0.10
  HS02004802HS02004478 CONDUIT     63.02     0  02:11      0.35    0.06    0.26
  HS02004478WS02006287 CONDUIT    211.51     0  02:08      1.33    0.06    0.18
  HS02004817HS02004807 CONDUIT     49.16     0  02:11      0.13    0.03    0.53
  HS02004807HS02004802 CONDUIT     62.92     0  02:10      0.29    0.12    0.31
  YS02001759YS02001757 CONDUIT    409.19     0  02:33      0.52    0.29    1.00
  YS02001762YS02001759 CONDUIT    220.02     0  02:33      0.28    0.25    1.00
  YS02001765YS02001762 CONDUIT    216.85     0  02:33      0.31    0.20    1.00
  YS02001770YS02001767 CONDUIT    210.26     0  02:33      0.39    0.83    1.00
  YS02001774YS02001770 CONDUIT    304.50     0  03:09      0.39    0.19    1.00
  YS02001779YS02001774 CONDUIT    305.69     0  03:09      0.39    0.15    1.00
  YS02001649YS02001757 CONDUIT    652.75     0  02:28      0.83    0.40    1.00
  YS02001767YS02001765 CONDUIT    213.57     0  02:33      0.38    0.27    1.00
  YS02006561YS02001783 CONDUIT    678.20     0  02:55      2.12    0.35    0.61
  YS02001783YS02001784 CONDUIT    669.53     0  02:55      1.59    0.92    0.79
  YS02001784YS02001785 CONDUIT    666.06     0  02:50      1.71    1.55    0.73
  YS02001788YS02001790 CONDUIT    665.08     0  02:51      2.23    0.49    0.57
  YS02001790YS02001791 CONDUIT    680.36     0  02:44      2.73    0.74    0.54
  YS02001791YS02001793 CONDUIT    778.82     0  02:37      4.48    0.33    0.73
  YS02001910YS02001907 CONDUIT    234.23     0  02:57      0.49    0.13    0.91
  YS02001786YS02001788 CONDUIT    665.43     0  02:50      2.15    1.28    0.59
  YS02001915YS02001910 CONDUIT    237.70     0  02:54      0.62    0.12    0.72
  YS02001918YS02001915 CONDUIT     89.30     0  03:09      0.44    0.05    0.44
  YS02001923YS02001920 CONDUIT     76.85     0  03:01      0.61    0.03    0.23
  YS02001926YS02001923 CONDUIT     76.81     0  03:01      0.70    0.11    0.20
  YS02001929YS02001926 CONDUIT     76.80     0  03:01      0.75    0.04    0.19
  YS02001920YS02001918 CONDUIT     82.70     0  02:59      0.61    0.08    0.30
  YS02001629YS02163301 CONDUIT    166.68     0  02:25      0.21    0.21    1.00
  YS02001619YS02001622 CONDUIT    150.77     0  02:19      0.64    0.22    1.00
  YS02001622YS02001625 CONDUIT    173.88     0  02:18      0.42    0.09    1.00
  YS02001625YS02001629 CONDUIT    173.54     0  02:18      0.25    0.08    1.00
  YS02163301YS02001633 CONDUIT    166.87     0  02:28      0.21    0.16    1.00
  YS02163601YS02164001 CONDUIT    314.78     0  02:29      0.40    0.28    1.00
  YS02164001YS02001641 CONDUIT    315.95     0  02:29      0.40    0.43    1.00
  YS02001641YS02001644 CONDUIT    316.82     0  02:29      0.40    1.02    1.00
  YS02001647YS02001649 CONDUIT    486.32     0  03:09      0.62    0.26    1.00
  YS02006553YS02006556 CONDUIT    464.57     0  02:41      0.60    0.40    0.99
  YS02006556YS02006558 CONDUIT    485.30     0  02:55      0.62    0.38    1.00
  YSB6556YSB1171       CONDUIT     13.72     0  02:08      0.09    0.01    0.58
  YS02001907YS02006553 CONDUIT    467.58     0  02:50      0.52    0.55    1.00
  YS02006558YS02006561 CONDUIT    697.21     0  02:50      3.13    1.54    0.75
  YS02001633YS02163601 CONDUIT    314.24     0  02:29      0.40    0.33    1.00
  YS02001644YS02001647 CONDUIT    487.75     0  03:09      0.62    0.29    1.00
  YS02001745YS02001748 CONDUIT    363.04     0  02:26      1.46    0.14    0.94
  YS02001748YS02001751 CONDUIT    316.29     0  02:23      1.10    0.16    1.00
  YS02001751YS02001754 CONDUIT    209.94     0  02:19      0.95    0.10    1.00
  YS02001754YS02001757 CONDUIT    212.41     0  02:19      0.33    0.09    1.00
  YS02001882YS02001884 CONDUIT     13.30     0  03:10      0.15    0.02    0.66
  YS02001884YS02001887 CONDUIT     16.05     0  03:10      0.11    0.02    0.75
  YS02001890YS02001895 CONDUIT    246.45     0  02:32      0.41    0.11    0.72
  YS02001895YS02001898 CONDUIT    243.92     0  02:32      0.55    0.42    0.58
  YS02001898YS02001901 CONDUIT    251.68     0  02:33      0.46    0.16    0.66
  YS02001901YS02001904 CONDUIT    245.91     0  02:32      0.42    0.38    0.71
  YS02001904YS02001907 CONDUIT    252.05     0  02:44      0.36    0.09    0.85
  YS02001887YS02001890 CONDUIT    244.20     0  02:42      0.36    0.42    0.81
  YS02001652YS02001649 CONDUIT    243.24     0  02:28      0.68    0.12    1.00
  YS02001655YS02001652 CONDUIT    244.56     0  02:28      1.03    0.12    1.00
  YS02001658YS02001655 CONDUIT    306.61     0  02:19      1.27    0.13    1.00
  YS02001661YS02001658 CONDUIT    560.08     0  02:28      1.55    0.22    1.00
  YS02001664YS02001661 CONDUIT    499.84     0  02:56      1.40    0.16    0.72
  YSB1154YSB6556       CONDUIT     13.71     0  02:07      0.16    0.02    0.47
  YSB1174YSB1171       CONDUIT     11.35     0  01:35      0.06    0.02    0.58
  YSB1171HS02004479    CONDUIT     24.23     0  01:40      0.54    0.02    0.45
  HS02004881HS02006253 CONDUIT     42.78     0  02:08      1.73    0.01    0.04
  YS02001793JiankangQianchi CONDUIT   1092.23     0  02:37      1.81    0.09    1.00
  YS02001757CaochengTiaoxuchi CONDUIT   1150.60     0  02:28      1.58    0.51    1.00
  WSF200WS02003060     CONDUIT    509.09     0  02:16      1.61    0.11    0.32
  1                    CONDUIT    819.61     0  02:19      3.15    0.29    0.37
  CC-Pump-1            PUMP         0.00     0  00:00              0.00
  CC-Pump-2            PUMP         0.00     0  00:00              0.00
  JK-Pump-1            PUMP       300.00     0  01:39              1.00
  JK-Pump-2            PUMP       683.00     0  01:57              1.00
  XR-Pump-1            PUMP        95.00     0  00:00              1.00
  XR-Pump-2            PUMP        95.00     0  00:25              1.00
  XR-Pump-3            PUMP        95.00     0  01:27              1.00
  XR-Pump-4            PUMP         0.00     0  00:00              0.00
  
  
  ***************************
  Flow Classification Summary
  ***************************
  
  -------------------------------------------------------------------------------------
                      Adjusted    ---------- Fraction of Time in Flow Class ---------- 
                       /Actual         Up    Down  Sub   Sup   Up    Down  Norm  Inlet 
  Conduit               Length    Dry  Dry   Dry   Crit  Crit  Crit  Crit  Ltd   Ctrl  
  -------------------------------------------------------------------------------------
  WS02003066WSF200        1.00   0.14  0.00  0.00  0.00  0.86  0.00  0.00  0.68  0.00
  WS02006287WS02006284    1.00   0.05  0.03  0.00  0.41  0.51  0.00  0.00  0.73  0.00
  WS02006284WS02006280    1.00   0.07  0.00  0.00  0.00  0.00  0.00  0.93  0.00  0.00
  WS02006280WS02006229    1.00   0.07  0.00  0.00  0.00  0.00  0.00  0.93  0.00  0.00
  WS02006229WS02006228    1.00   0.00  0.00  0.00  0.99  0.00  0.00  0.00  0.00  0.00
  WS02006256WS02006235    1.00   0.10  0.00  0.00  0.89  0.01  0.00  0.00  0.01  0.00
  WS02006253WS02006251    1.00   0.02  0.03  0.00  0.93  0.00  0.01  0.00  0.00  0.00
  WS02006252WS02006251    1.00   1.00  0.00  0.00  0.00  0.00  0.00  0.00  0.00  0.00
  WS02006251WS02006249    1.00   0.00  0.00  0.00  1.00  0.00  0.00  0.00  0.78  0.00
  WS02006249WS02006248    1.00   0.00  0.01  0.00  0.65  0.00  0.34  0.00  0.00  0.00
  WS02006248WS02006247    1.00   0.01  0.00  0.00  0.96  0.00  0.00  0.03  0.36  0.00
  WS02006247WS02006245    1.00   0.01  0.00  0.00  0.94  0.00  0.00  0.05  0.00  0.00
  WS02006245WS02006243    1.00   0.02  0.00  0.00  0.91  0.00  0.00  0.08  0.01  0.00
  WS02006243WS02006242    1.00   0.02  0.00  0.00  0.91  0.00  0.00  0.07  0.25  0.00
  WS02006242WS02006240    1.00   0.03  0.06  0.00  0.90  0.00  0.01  0.00  0.00  0.00
  WS02006240WS02006239    1.00   0.08  0.00  0.00  0.88  0.00  0.00  0.03  0.03  0.00
  WS02006239WS02006238    1.00   0.09  0.00  0.00  0.90  0.00  0.00  0.01  0.00  0.00
  WS02006238WS02006235    1.00   0.09  0.01  0.00  0.90  0.00  0.00  0.00  0.00  0.00
  WS02006235WS02006234    1.00   0.10  0.00  0.00  0.87  0.00  0.02  0.00  0.00  0.00
  WS02006234WS02006232    1.00   0.10  0.00  0.00  0.90  0.00  0.00  0.00  0.01  0.00
  WS02006232WS02006231    1.00   0.10  0.00  0.00  0.89  0.00  0.00  0.00  0.00  0.00
  WS02006231WS02006230    1.00   0.10  0.00  0.00  0.47  0.00  0.44  0.00  0.00  0.00
  WS02006230WS02006229    1.00   0.00  0.00  0.00  0.98  0.00  0.00  0.02  0.01  0.00
  WS02006228WS02006109    1.00   0.00  0.00  0.00  1.00  0.00  0.00  0.00  0.01  0.00
  WS02006116WS02004401    1.00   0.06  0.00  0.00  0.94  0.00  0.00  0.00  0.00  0.00
  WS02006115WS02006116    1.00   0.05  0.00  0.00  0.90  0.00  0.00  0.05  0.00  0.00
  WS02006113WS02006111    1.00   0.03  0.00  0.00  0.02  0.95  0.00  0.00  0.31  0.00
  WS02006112WS02006115    1.00   0.04  0.02  0.00  0.94  0.00  0.00  0.00  0.00  0.00
  WS02006111WS02006112    1.00   0.04  0.00  0.00  0.96  0.00  0.00  0.00  0.92  0.00
  WS02006110WS02006113    1.00   0.01  0.03  0.00  0.97  0.00  0.00  0.00  0.00  0.00
  WS02006109WS02006110    1.00   0.00  0.01  0.00  0.99  0.00  0.01  0.00  0.00  0.00
  WS02004411WS02004412    1.00   0.12  0.00  0.00  0.88  0.00  0.00  0.00  0.00  0.00
  WS02004401WS02004402    1.00   0.06  0.00  0.00  0.94  0.00  0.00  0.00  0.04  0.00
  WS02004413WS02003067    1.00   0.12  0.01  0.00  0.00  0.00  0.86  0.00  0.00  0.00
  WS02004412WS02004413    1.00   0.12  0.00  0.00  0.88  0.00  0.00  0.00  0.00  0.00
  WS02004410WS02004411    1.00   0.11  0.00  0.00  0.89  0.00  0.00  0.00  0.00  0.00
  WS02004409WS02004410    1.00   0.11  0.00  0.00  0.89  0.00  0.00  0.00  0.00  0.00
  WS02004407WS02004409    1.00   0.11  0.00  0.00  0.87  0.01  0.00  0.00  0.80  0.00
  WS02004406WS02004407    1.00   0.00  0.11  0.00  0.89  0.00  0.00  0.00  0.00  0.00
  WS02004405WS02004406    1.00   0.00  0.00  0.00  1.00  0.00  0.00  0.00  0.04  0.00
  WS02004404WS02004405    1.00   0.00  0.00  0.00  1.00  0.00  0.00  0.00  0.02  0.00
  WS02004403WS02004404    1.00   0.00  0.06  0.00  0.94  0.00  0.00  0.00  0.04  0.00
  WS02004402WS02004403    1.00   0.06  0.00  0.00  0.94  0.00  0.00  0.00  0.00  0.00
  WS02004139WS02001211    1.00   0.00  0.00  0.00  1.00  0.00  0.00  0.00  0.00  0.00
  WS02004138WS02004139    1.00   0.00  0.00  0.00  0.99  0.00  0.00  0.00  1.00  0.00
  WS02003067WS02003066    1.00   0.14  0.01  0.00  0.86  0.00  0.00  0.00  0.00  0.00
  WS02001213WS02003059    1.00   0.00  0.00  0.00  1.00  0.00  0.00  0.00  0.00  0.00
  WS02001212WS02001213    1.00   0.00  0.00  0.00  0.62  0.00  0.38  0.00  0.00  0.00
  WS02001211WS02001212    1.00   0.00  0.00  0.00  1.00  0.00  0.00  0.00  0.00  0.00
  WS02003072WS02003073    1.00   0.00  0.00  0.00  0.00  0.00  0.00  1.00  0.00  0.00
  WS02003069WS02003072    1.00   0.00  0.00  0.00  1.00  0.00  0.00  0.00  0.22  0.00
  WS02003060WS02003069    1.00   0.00  0.00  0.00  0.99  0.01  0.00  0.00  0.14  0.00
  WS02003059WS02003060    1.00   0.00  0.00  0.00  1.00  0.00  0.00  0.00  0.02  0.00
  HS02004901HS02004770    1.00   0.06  0.00  0.00  0.94  0.00  0.00  0.00  0.00  0.00
  HS02004876HS02004881    1.00   0.01  0.00  0.00  0.99  0.00  0.00  0.00  0.00  0.00
  HS02004870HS02004876    1.00   0.00  0.00  0.00  0.99  0.00  0.00  0.00  0.95  0.00
  HS02004842HS02004848    1.00   0.00  0.06  0.00  0.93  0.00  0.00  0.00  0.59  0.00
  HS02004837HS02004842    1.00   0.00  0.00  0.00  1.00  0.00  0.00  0.00  0.11  0.00
  HS02004830HS02004837    1.00   0.00  0.00  0.00  1.00  0.00  0.00  0.00  0.99  0.00
  HS02004824HS02004830    1.00   0.00  0.00  0.00  1.00  0.00  0.00  0.00  0.00  0.00
  HS02004817HS02004824    1.00   0.00  0.00  0.00  1.00  0.00  0.00  0.00  1.00  0.00
  HS02004770HS02004777    1.00   0.00  0.06  0.00  0.94  0.00  0.00  0.00  0.02  0.00
  HS02004799HS02004480    1.00   0.00  0.02  0.00  0.92  0.00  0.06  0.00  0.00  0.00
  HS02004792HS02004799    1.00   0.00  0.00  0.00  0.99  0.01  0.00  0.00  0.98  0.00
  HS02004788HS02004792    1.00   0.00  0.00  0.00  1.00  0.00  0.00  0.00  0.98  0.00
  HS02004785HS02004788    1.00   0.00  0.00  0.00  1.00  0.00  0.00  0.00  0.00  0.00
  HS02004777HS02004785    1.00   0.00  0.00  0.00  1.00  0.00  0.00  0.00  0.11  0.00
  HS02004480HS02004478    1.00   0.07  0.00  0.00  0.44  0.00  0.00  0.49  0.00  0.00
  HS02004479HS02004480    1.00   0.02  0.00  0.00  0.98  0.00  0.00  0.00  0.11  0.00
  HS02004862HS02004870    1.00   0.00  0.00  0.00  1.00  0.00  0.00  0.00  0.03  0.00
  HS02004848HS02004852    1.00   0.07  0.00  0.00  0.93  0.00  0.00  0.00  0.79  0.00
  HS02004856HS02004862    1.00   0.00  0.08  0.00  0.92  0.00  0.00  0.00  0.84  0.00
  HS02004852HS02004856    1.00   0.06  0.00  0.00  0.93  0.00  0.00  0.00  0.86  0.00
  HS02004802HS02004478    1.00   0.07  0.00  0.00  0.93  0.00  0.00  0.00  0.02  0.00
  HS02004478WS02006287    1.00   0.08  0.00  0.00  0.59  0.33  0.00  0.00  0.72  0.00
  HS02004817HS02004807    1.00   0.00  0.06  0.00  0.94  0.00  0.00  0.00  0.01  0.00
  HS02004807HS02004802    1.00   0.06  0.00  0.00  0.93  0.00  0.00  0.01  0.00  0.00
  YS02001759YS02001757    1.00   0.00  0.00  0.00  1.00  0.00  0.00  0.00  0.15  0.00
  YS02001762YS02001759    1.00   0.00  0.00  0.00  1.00  0.00  0.00  0.00  0.02  0.00
  YS02001765YS02001762    1.00   0.00  0.00  0.00  1.00  0.00  0.00  0.00  0.13  0.00
  YS02001770YS02001767    1.00   0.00  0.00  0.00  1.00  0.00  0.00  0.00  0.00  0.00
  YS02001774YS02001770    1.00   0.00  0.07  0.00  0.93  0.00  0.00  0.00  0.02  0.00
  YS02001779YS02001774    1.00   0.00  0.00  0.00  1.00  0.00  0.00  0.00  0.17  0.00
  YS02001649YS02001757    1.00   0.00  0.00  0.00  1.00  0.00  0.00  0.00  0.15  0.00
  YS02001767YS02001765    1.00   0.00  0.00  0.00  1.00  0.00  0.00  0.00  0.00  0.00
  YS02006561YS02001783    1.00   0.09  0.00  0.00  0.00  0.91  0.00  0.00  0.58  0.00
  YS02001783YS02001784    1.00   0.00  0.09  0.00  0.91  0.00  0.00  0.00  0.00  0.00
  YS02001784YS02001785    1.00   0.00  0.00  0.00  1.00  0.00  0.00  0.00  0.16  0.00
  YS02001788YS02001790    1.00   0.00  0.00  0.00  0.10  0.90  0.00  0.00  0.55  0.00
  YS02001790YS02001791    1.00   0.00  0.00  0.00  0.01  0.99  0.00  0.00  0.75  0.00
  YS02001791YS02001793    1.00   0.00  0.00  0.00  0.36  0.64  0.00  0.00  0.42  0.00
  YS02001910YS02001907    1.00   0.00  0.00  0.00  0.99  0.00  0.00  0.01  0.12  0.00
  YS02001786YS02001788    1.00   0.00  0.00  0.00  0.10  0.90  0.00  0.00  0.00  0.00
  YS02001915YS02001910    1.00   0.00  0.00  0.00  0.98  0.02  0.00  0.00  0.13  0.00
  YS02001918YS02001915    1.00   0.00  0.00  0.00  0.99  0.01  0.00  0.00  0.63  0.00
  YS02001923YS02001920    1.00   0.00  0.00  0.00  1.00  0.00  0.00  0.00  1.00  0.00
  YS02001926YS02001923    1.00   0.00  0.04  0.00  0.00  0.00  0.96  0.00  0.00  0.00
  YS02001929YS02001926    1.00   0.00  0.06  0.00  0.94  0.00  0.00  0.00  0.87  0.00
  YS02001920YS02001918    1.00   0.00  0.00  0.00  1.00  0.00  0.00  0.00  0.00  0.00
  YS02001629YS02163301    1.00   0.07  0.01  0.00  0.92  0.00  0.00  0.00  0.00  0.00
  YS02001619YS02001622    1.00   0.06  0.00  0.00  0.94  0.00  0.00  0.00  0.00  0.00
  YS02001622YS02001625    1.00   0.07  0.00  0.00  0.93  0.00  0.00  0.00  0.03  0.00
  YS02001625YS02001629    1.00   0.07  0.03  0.00  0.88  0.00  0.03  0.00  0.00  0.00
  YS02163301YS02001633    1.00   0.00  0.07  0.00  0.93  0.00  0.00  0.00  0.00  0.00
  YS02163601YS02164001    1.00   0.00  0.04  0.00  0.96  0.00  0.00  0.00  0.00  0.00
  YS02164001YS02001641    1.00   0.00  0.04  0.00  0.96  0.00  0.00  0.00  0.05  0.00
  YS02001641YS02001644    1.00   0.00  0.00  0.00  1.00  0.00  0.00  0.00  0.00  0.00
  YS02001647YS02001649    1.00   0.00  0.08  0.00  0.92  0.00  0.00  0.00  0.01  0.00
  YS02006553YS02006556    1.00   0.01  0.00  0.00  0.99  0.00  0.00  0.00  0.03  0.00
  YS02006556YS02006558    1.00   0.00  0.00  0.00  1.00  0.00  0.00  0.00  0.00  0.00
  YSB6556YSB1171          1.00   0.02  0.04  0.00  0.94  0.00  0.00  0.00  0.00  0.00
  YS02001907YS02006553    1.00   0.00  0.01  0.00  0.99  0.00  0.00  0.00  0.00  0.00
  YS02006558YS02006561    1.00   0.09  0.00  0.00  0.00  0.91  0.00  0.00  0.63  0.00
  YS02001633YS02163601    1.00   0.00  0.00  0.00  1.00  0.00  0.00  0.00  0.14  0.00
  YS02001644YS02001647    1.00   0.00  0.08  0.00  0.92  0.00  0.00  0.00  0.00  0.00
  YS02001745YS02001748    1.00   0.00  0.00  0.00  0.84  0.01  0.00  0.15  0.05  0.00
  YS02001748YS02001751    1.00   0.00  0.00  0.00  0.94  0.06  0.00  0.00  0.14  0.00
  YS02001751YS02001754    1.00   0.00  0.00  0.00  0.90  0.00  0.00  0.10  0.02  0.00
  YS02001754YS02001757    1.00   0.00  0.00  0.00  1.00  0.00  0.00  0.00  0.17  0.00
  YS02001882YS02001884    1.00   0.07  0.00  0.00  0.92  0.00  0.00  0.00  0.00  0.00
  YS02001884YS02001887    1.00   0.03  0.03  0.00  0.94  0.00  0.00  0.00  0.00  0.00
  YS02001890YS02001895    1.00   0.00  0.08  0.00  0.92  0.00  0.00  0.00  0.00  0.00
  YS02001895YS02001898    1.00   0.08  0.00  0.00  0.90  0.00  0.02  0.00  0.00  0.00
  YS02001898YS02001901    1.00   0.08  0.00  0.00  0.92  0.00  0.00  0.00  0.01  0.00
  YS02001901YS02001904    1.00   0.08  0.00  0.00  0.92  0.00  0.00  0.00  0.00  0.00
  YS02001904YS02001907    1.00   0.00  0.08  0.00  0.92  0.00  0.00  0.00  0.00  0.00
  YS02001887YS02001890    1.00   0.00  0.00  0.00  0.98  0.00  0.01  0.00  0.00  0.00
  YS02001652YS02001649    1.00   0.00  0.00  0.00  0.99  0.01  0.00  0.00  0.15  0.00
  YS02001655YS02001652    1.00   0.00  0.00  0.00  0.90  0.00  0.00  0.10  0.02  0.00
  YS02001658YS02001655    1.00   0.00  0.07  0.00  0.88  0.05  0.00  0.00  0.06  0.00
  YS02001661YS02001658    1.00   0.07  0.00  0.00  0.83  0.10  0.00  0.00  0.07  0.00
  YS02001664YS02001661    1.00   0.06  0.00  0.00  0.83  0.10  0.00  0.00  0.19  0.00
  YSB1154YSB6556          1.00   0.06  0.00  0.00  0.94  0.00  0.00  0.00  0.01  0.00
  YSB1174YSB1171          1.00   0.03  0.02  0.00  0.95  0.00  0.00  0.00  0.00  0.00
  YSB1171HS02004479       1.00   0.02  0.00  0.00  0.97  0.00  0.00  0.01  0.10  0.00
  HS02004881HS02006253    1.00   0.03  0.00  0.00  0.00  0.00  0.00  0.97  0.00  0.00
  YS02001793JiankangQianchi    1.00   0.00  0.00  0.00  1.00  0.00  0.00  0.00  0.47  0.00
  YS02001757CaochengTiaoxuchi    1.00   0.00  0.12  0.00  0.88  0.00  0.00  0.00  0.00  0.00
  WSF200WS02003060        1.00   0.00  0.14  0.00  0.86  0.00  0.00  0.00  0.55  0.00
  1                       1.00   0.00  0.00  0.00  0.00  1.00  0.00  0.00  0.36  0.00
  
  
  *************************
  Conduit Surcharge Summary
  *************************
  
  ----------------------------------------------------------------------------
                                                           Hours        Hours 
                         --------- Hours Full --------   Above Full   Capacity
  Conduit                Both Ends  Upstream  Dnstream   Normal Flow   Limited
  ----------------------------------------------------------------------------
  WS02006229WS02006228        1.39      1.43      1.39      2.06         1.39
  WS02006256WS02006235        5.00      5.06      6.43      4.49         0.01
  WS02006235WS02006234        0.01      0.01      0.01      4.69         0.01
  WS02006234WS02006232        0.01      0.01      0.58      0.01         0.01
  WS02006232WS02006231        0.01      0.01      0.58      0.01         0.01
  WS02006231WS02006230        0.01      0.01      0.01      5.36         0.01
  WS02006230WS02006229        1.61      1.79      1.61      5.90         1.61
  WS02006228WS02006109        1.41      1.51      1.41      3.45         1.41
  WS02006112WS02006115        0.01      0.01      0.54      0.01         0.01
  WS02006111WS02006112        0.01      0.01      2.50      0.01         0.01
  WS02006110WS02006113        0.01      0.01      1.46      0.01         0.01
  WS02006109WS02006110        0.01      0.01      1.51      0.01         0.01
  WS02004405WS02004406        0.01      0.01      0.01      0.15         0.01
  WS02004404WS02004405        0.01      0.01      0.01      5.63         0.01
  WS02003072WS02003073        0.01      0.01      0.01      4.27         0.01
  YS02001759YS02001757        6.15      6.15      6.24      0.01         0.01
  YS02001762YS02001759        6.13      6.13      6.15      0.01         0.01
  YS02001765YS02001762        6.10      6.10      6.13      0.01         0.01
  YS02001770YS02001767        6.07      6.07      6.07      0.01         0.58
  YS02001774YS02001770        6.05      6.05      6.13      0.01         0.01
  YS02001779YS02001774        5.90      5.90      6.13      0.01         0.01
  YS02001649YS02001757        6.14      6.14      6.24      0.01         0.01
  YS02001767YS02001765        6.07      6.07      6.10      0.01         0.01
  YS02001784YS02001785        0.01      0.01      0.01      1.65         0.01
  YS02001791YS02001793        0.01      0.01      0.37      0.01         0.01
  YS02001910YS02001907        0.01      0.01      0.94      0.01         0.01
  YS02001786YS02001788        0.01      0.01      0.01      1.17         0.01
  YS02001629YS02163301        6.05      6.05      6.07      0.01         0.01
  YS02001619YS02001622        5.59      5.59      5.64      0.01         0.01
  YS02001622YS02001625        5.64      5.64      6.00      0.01         0.01
  YS02001625YS02001629        5.60      5.60      6.00      0.01         0.01
  YS02163301YS02001633        6.07      6.07      6.11      0.01         0.01
  YS02163601YS02164001        6.10      6.10      6.14      0.01         0.01
  YS02164001YS02001641        6.10      6.10      6.11      0.01         0.01
  YS02001641YS02001644        6.11      6.11      6.11      0.01         0.80
  YS02001647YS02001649        5.98      5.98      6.14      0.01         0.01
  YS02006553YS02006556        0.01      0.01      1.09      0.01         0.01
  YS02006556YS02006558        0.16      0.16      1.19      0.01         0.01
  YS02001907YS02006553        1.69      1.69      1.93      0.01         0.01
  YS02006558YS02006561        0.01      0.01      0.01      1.48         0.01
  YS02001633YS02163601        6.09      6.09      6.14      0.01         0.01
  YS02001644YS02001647        5.98      5.98      6.11      0.01         0.01
  YS02001745YS02001748        0.01      0.01      5.37      0.01         0.01
  YS02001748YS02001751        5.42      5.42      5.60      0.01         0.01
  YS02001751YS02001754        5.60      5.60      5.91      0.01         0.01
  YS02001754YS02001757        5.97      5.97      6.24      0.01         0.01
  YS02001904YS02001907        0.01      0.01      1.11      0.01         0.01
  YS02001652YS02001649        6.00      6.00      6.14      0.01         0.01
  YS02001655YS02001652        5.66      5.66      5.97      0.01         0.01
  YS02001658YS02001655        5.40      5.40      5.66      0.01         0.01
  YS02001661YS02001658        0.05      0.05      5.40      0.01         0.01
  YS02001664YS02001661        0.01      0.01      0.30      0.01         0.01
  YS02001793JiankangQianchi        0.01      0.01      7.98      0.01         0.01
  YS02001757CaochengTiaoxuchi        5.36      5.36      6.24      0.01         0.01
  
  
  ***************
  Pumping Summary
  ***************
  
  ---------------------------------------------------------------------------------------------------------
                                                  Min       Avg       Max     Total     Power    % Time Off
                        Percent   Number of      Flow      Flow      Flow    Volume     Usage    Pump Curve
  Pump                 Utilized   Start-Ups       LPS       LPS       LPS  10^6 ltr     Kw-hr    Low   High
  ---------------------------------------------------------------------------------------------------------
  CC-Pump-1                0.00           0      0.00      0.00      0.00     0.000      0.00    0.0    0.0
  CC-Pump-2                0.00           0      0.00      0.00      0.00     0.000      0.00    0.0    0.0
  JK-Pump-1               55.96          10      0.00    300.00    300.00     4.835     53.72    0.0    0.0
  JK-Pump-2                9.17          43      0.00    683.00    683.00     1.803     18.55    0.0  100.0
  XR-Pump-1              100.00           1      0.00     95.00     95.00     2.736     15.01    0.0    0.0
  XR-Pump-2               94.81           1      0.00     95.00     95.00     2.594     13.58    0.0    0.0
  XR-Pump-3               81.68           1      0.00     95.00     95.00     2.235     10.77    0.0    0.0
  XR-Pump-4                0.00           0      0.00      0.00      0.00     0.000      0.00    0.0    0.0
  
  
  ***************************
  Link Pollutant Load Summary
  ***************************
  
  ------------------------------------------------------------------------------------------
                                 COD            SS            TN            TP         NH4-N
  Link                            kg            kg            kg            kg            kg
  ------------------------------------------------------------------------------------------
  WS02003066WSF200           508.732       895.406        15.999         1.514         8.757
  WS02006287WS02006284       175.697       312.046         7.672         0.827         4.432
  WS02006284WS02006280       176.230       312.902         7.722         0.834         4.463
  WS02006280WS02006229       176.201       312.852         7.719         0.833         4.461
  WS02006229WS02006228       511.700       898.369        16.101         1.521         8.811
  WS02006256WS02006235       313.781       543.592         7.959         0.660         4.151
  WS02006253WS02006251        25.740        48.336         0.611         0.047         0.307
  WS02006252WS02006251         0.000         0.000         0.000         0.000         0.000
  WS02006251WS02006249        26.354        49.347         0.664         0.053         0.340
  WS02006249WS02006248        26.332        49.278         0.666         0.054         0.341
  WS02006248WS02006247        26.812        50.097         0.683         0.055         0.351
  WS02006247WS02006245        28.319        52.532         0.744         0.062         0.385
  WS02006245WS02006243        30.445        56.044         0.813         0.068         0.423
  WS02006243WS02006242        34.792        63.177         0.932         0.078         0.485
  WS02006242WS02006240        42.345        75.395         1.151         0.096         0.602
  WS02006240WS02006239        49.442        86.807         1.381         0.117         0.727
  WS02006239WS02006238        56.773        98.467         1.631         0.141         0.865
  WS02006238WS02006235        61.113       105.254         1.783         0.155         0.950
  WS02006235WS02006234       337.101       587.968         8.469         0.697         4.402
  WS02006234WS02006232       337.279       588.318         8.474         0.697         4.404
  WS02006232WS02006231       336.683       587.321         8.451         0.695         4.391
  WS02006231WS02006230       336.645       587.233         8.451         0.695         4.391
  WS02006230WS02006229       336.416       586.983         8.435         0.693         4.381
  WS02006228WS02006109       510.851       897.084        16.047         1.515         8.779
  WS02006116WS02004401       519.307       912.001        16.619         1.585         9.128
  WS02006115WS02006116       520.142       913.256        16.678         1.592         9.163
  WS02006113WS02006111       517.365       907.580        16.738         1.602         9.213
  WS02006112WS02006115       521.050       914.712        16.737         1.598         9.199
  WS02006111WS02006112       517.153       907.298        16.724         1.601         9.205
  WS02006110WS02006113       517.705       908.123        16.761         1.605         9.227
  WS02006109WS02006110       518.740       909.773        16.835         1.614         9.273
  WS02004411WS02004412       511.456       899.746        16.168         1.534         8.859
  WS02004401WS02004402       518.182       910.207        16.547         1.576         9.084
  WS02004413WS02003067       509.353       896.371        16.035         1.519         8.779
  WS02004412WS02004413       510.518       898.282        16.110         1.527         8.824
  WS02004410WS02004411       512.150       900.818        16.211         1.539         8.885
  WS02004409WS02004410       512.768       901.778        16.250         1.543         8.908
  WS02004407WS02004409       513.287       902.561        16.282         1.547         8.928
  WS02004406WS02004407       513.508       902.869        16.296         1.549         8.936
  WS02004405WS02004406       515.583       906.192        16.439         1.566         9.023
  WS02004404WS02004405       516.440       907.474        16.478         1.569         9.045
  WS02004403WS02004404       516.109       906.934        16.416         1.561         9.006
  WS02004402WS02004403       517.102       908.520        16.477         1.568         9.042
  WS02004139WS02001211      1171.459      1896.495       104.061        12.860        64.602
  WS02004138WS02004139      1176.670      1904.954       104.510        12.915        64.879
  WS02003067WS02003066       508.799       895.508        16.005         1.515         8.761
  WS02001213WS02003059      1207.694      1954.210       107.651        13.310        66.851
  WS02001212WS02001213      1214.609      1965.417       108.254        13.385        67.225
  WS02001211WS02001212      1216.909      1969.115       108.468        13.411        67.358
  WS02003072WS02003073      1819.782      3014.859       133.690        16.082        81.889
  WS02003069WS02003072      1824.506      3022.420       134.135        16.137        82.166
  WS02003060WS02003069      1826.159      3025.102       134.262        16.152        82.244
  WS02003059WS02003060      1205.000      1949.828       107.423        13.282        66.710
  HS02004901HS02004770         5.608        10.257         0.108         0.008         0.050
  HS02004876HS02004881        21.709        40.663         0.540         0.042         0.273
  HS02004870HS02004876        16.456        30.708         0.447         0.036         0.230
  HS02004842HS02004848         3.325         6.021         0.072         0.005         0.033
  HS02004837HS02004842         7.963        13.397         0.542         0.064         0.328
  HS02004830HS02004837        57.170        95.104         4.472         0.545         2.757
  HS02004824HS02004830        57.943        96.341         4.546         0.554         2.804
  HS02004817HS02004824        70.623       120.409         4.817         0.571         2.936
  HS02004770HS02004777        21.635        40.018         0.464         0.031         0.212
  HS02004799HS02004480        78.899       140.997         2.692         0.265         1.472
  HS02004792HS02004799        71.987       127.506         2.611         0.264         1.443
  HS02004788HS02004792        43.813        77.542         1.921         0.204         1.095
  HS02004785HS02004788        23.073        42.310         0.614         0.050         0.306
  HS02004777HS02004785        22.383        41.203         0.551         0.042         0.267
  HS02004480HS02004478        98.335       177.712         2.982         0.283         1.603
  HS02004479HS02004480        23.038        42.500         0.604         0.057         0.325
  HS02004862HS02004870        12.216        22.368         0.363         0.032         0.190
  HS02004848HS02004852         4.178         7.605         0.090         0.006         0.041
  HS02004856HS02004862         7.682        14.408         0.158         0.010         0.074
  HS02004852HS02004856         4.190         7.625         0.090         0.006         0.041
  HS02004802HS02004478        78.291       135.849         4.757         0.552         2.870
  HS02004478WS02006287       175.896       312.368         7.690         0.830         4.443
  HS02004817HS02004807        69.286       118.283         4.683         0.554         2.852
  HS02004807HS02004802        78.482       136.143         4.788         0.556         2.890
  YS02001759YS02001757       219.738       386.258         4.591         0.319         2.259
  YS02001762YS02001759       108.734       192.381         2.462         0.176         1.234
  YS02001765YS02001762       108.800       192.799         2.488         0.179         1.250
  YS02001770YS02001767       107.680       191.790         2.261         0.147         1.101
  YS02001774YS02001770        62.727       113.473         1.284         0.083         0.623
  YS02001779YS02001774        62.151       112.304         1.381         0.098         0.690
  YS02001649YS02001757       314.020       542.003         6.605         0.458         3.203
  YS02001767YS02001765       109.318       193.978         2.519         0.182         1.268
  YS02006561YS02001783       555.853       975.680        12.834         1.004         6.536
  YS02001783YS02001784       555.783       975.587        12.830         1.004         6.534
  YS02001784YS02001785       563.295       987.626        13.558         1.095         6.989
  YS02001788YS02001790       563.965       988.728        13.632         1.105         7.036
  YS02001790YS02001791       564.940       990.296        13.732         1.117         7.098
  YS02001791YS02001793       564.948       990.333        13.731         1.117         7.098
  YS02001910YS02001907       187.923       324.853         5.518         0.469         2.950
  YS02001786YS02001788       563.527       988.013        13.587         1.099         7.007
  YS02001915YS02001910       187.958       324.878         5.480         0.463         2.925
  YS02001918YS02001915        91.723       151.613         3.417         0.348         1.940
  YS02001923YS02001920        71.381       119.118         1.430         0.099         0.697
  YS02001926YS02001923        71.028       118.557         1.391         0.094         0.672
  YS02001929YS02001926        70.779       118.145         1.359         0.090         0.652
  YS02001920YS02001918        91.717       151.658         3.390         0.344         1.922
  YS02001629YS02163301        76.369       131.287         1.634         0.104         0.758
  YS02001619YS02001622        79.476       136.107         1.709         0.108         0.792
  YS02001622YS02001625        78.458       134.543         1.684         0.107         0.781
  YS02001625YS02001629        77.336       132.873         1.656         0.105         0.768
  YS02163301YS02001633        76.376       131.313         1.632         0.104         0.758
  YS02163601YS02164001       214.006       365.994         4.382         0.306         2.096
  YS02164001YS02001641       213.683       365.471         4.365         0.304         2.086
  YS02001641YS02001644       214.152       366.230         4.367         0.304         2.087
  YS02001647YS02001649       312.881       537.900         6.609         0.457         3.203
  YS02006553YS02006556       401.554       702.616         9.549         0.770         4.925
  YS02006556YS02006558       401.725       702.930         9.516         0.765         4.902
  YSB6556YSB1171              12.960        24.064         0.287         0.025         0.149
  YS02001907YS02006553       401.567       702.648         9.571         0.773         4.940
  YS02006558YS02006561       555.973       975.885        12.837         1.005         6.537
  YS02001633YS02163601       214.589       366.861         4.359         0.302         2.078
  YS02001644YS02001647       316.552       544.711         6.665         0.461         3.228
  YS02001745YS02001748       116.387       204.128         2.826         0.203         1.430
  YS02001748YS02001751       114.826       201.316         2.847         0.208         1.451
  YS02001751YS02001754       114.013       200.029         2.833         0.208         1.445
  YS02001754YS02001757       114.869       201.365         2.999         0.231         1.552
  YS02001882YS02001884         1.990         3.351         0.041         0.003         0.020
  YS02001884YS02001887         4.854         8.337         0.098         0.008         0.049
  YS02001890YS02001895       214.760       379.420         4.080         0.307         2.003
  YS02001895YS02001898       214.606       379.203         4.074         0.306         1.999
  YS02001898YS02001901       214.510       379.073         4.071         0.306         1.998
  YS02001901YS02001904       214.423       378.971         4.079         0.307         2.003
  YS02001904YS02001907       214.764       379.546         4.133         0.314         2.038
  YS02001887YS02001890       215.559       380.645         4.134         0.313         2.036
  YS02001652YS02001649        82.754       142.955         1.796         0.128         0.840
  YS02001655YS02001652        83.712       144.465         1.821         0.130         0.853
  YS02001658YS02001655        83.507       144.087         1.742         0.119         0.799
  YS02001661YS02001658        87.873       151.708         1.833         0.125         0.841
  YS02001664YS02001661        94.629       163.299         1.976         0.135         0.907
  YSB1154YSB6556              12.542        23.393         0.239         0.019         0.119
  YSB1174YSB1171               8.563        16.001         0.186         0.016         0.095
  YSB1171HS02004479           22.977        42.394         0.608         0.058         0.328
  HS02004881HS02006253        24.476        45.987         0.591         0.045         0.298
  YS02001793JiankangQianchi       572.685      1003.295        14.009         1.144         7.253
  YS02001757CaochengTiaoxuchi       324.370       573.333         6.901         0.504         3.395
  WSF200WS02003060           508.335       894.789        15.977         1.512         8.744
  1                         1826.928      3026.135       134.489        16.184        82.393
  CC-Pump-1                    0.000         0.000         0.000         0.000         0.000
  CC-Pump-2                    0.000         0.000         0.000         0.000         0.000
  JK-Pump-1                  378.927       656.956         9.577         0.793         4.992
  JK-Pump-2                  175.332       316.893         3.713         0.280         1.856
  XR-Pump-1                  415.302       671.928        37.044         4.581        23.006
  XR-Pump-2                  408.262       660.663        36.368         4.496        22.583
  XR-Pump-3                  355.585       576.382        31.312         3.864        19.423
  XR-Pump-4                    0.000         0.000         0.000         0.000         0.000
  

  Analysis begun on:  Sat Jul 10 17:21:40 2021
  Analysis ended on:  Sat Jul 10 17:21:42 2021
  Total elapsed time: 00:00:02