
  EPA STORM WATER MANAGEMENT MODEL - VERSION 5.1 (Build 5.3.0.dev0)
  --------------------------------------------------------------

  WARNING 04: minimum elevation drop used for Conduit WS02004404WS02004405
  WARNING 03: negative offset ignored for Link YS02001904YS02001907
  
  *********************************************************
  NOTE: The summary statistics displayed in this report are
  based on results found at every computational time step,  
  not just on results from each reporting time step.
  *********************************************************
  
  ****************
  Analysis Options
  ****************
  Flow Units ............... LPS
  Process Models:
    Rainfall/Runoff ........ YES
    RDII ................... NO
    Snowmelt ............... NO
    Groundwater ............ NO
    Flow Routing ........... YES
    Ponding Allowed ........ NO
    Water Quality .......... YES
  Infiltration Method ...... HORTON
  Flow Routing Method ...... DYNWAVE
  Surcharge Method ......... EXTRAN
  Starting Date ............ 08/28/2015 08:00:00
  Ending Date .............. 08/28/2015 16:00:00
  Antecedent Dry Days ...... 8.0
  Report Time Step ......... 00:01:00
  Wet Time Step ............ 00:01:00
  Dry Time Step ............ 00:01:00
  Routing Time Step ........ 5.00 sec
  Variable Time Step ....... YES
  Maximum Trials ........... 8
  Number of Threads ........ 4
  Head Tolerance ........... 0.001500 m
  
  
  **************************        Volume         Depth
  Runoff Quantity Continuity     hectare-m            mm
  **************************     ---------       -------
  Total Precipitation ......         3.640         7.970
  Evaporation Loss .........         0.000         0.000
  Infiltration Loss ........         0.736         1.612
  Surface Runoff ...........         2.275         4.981
  Final Storage ............         0.630         1.378
  Continuity Error (%) .....        -0.019
  
  
  **************************           COD            SS            TN            TP         NH4-N
  Runoff Quality Continuity             kg            kg            kg            kg            kg
  **************************    ----------    ----------    ----------    ----------    ----------
  Initial Buildup ..........     41378.656     70582.865      1804.177       168.684      1032.807
  Surface Buildup ..........        14.659        22.471         2.272         0.209         1.336
  Wet Deposition ...........         0.000         0.000         0.000         0.000         0.000
  Sweeping Removal .........         0.000         0.000         0.000         0.000         0.000
  Infiltration Loss ........        44.533        79.758         0.866         0.059         0.408
  BMP Removal ..............         0.000         0.000         0.000         0.000         0.000
  Surface Runoff ...........      1516.374      2644.708        30.253         1.987        14.288
  Remaining Buildup ........     39831.976     67880.118      1775.320       166.846      1019.443
  Continuity Error (%) .....         0.001         0.001         0.000         0.000         0.000
  
  
  **************************        Volume        Volume
  Flow Routing Continuity        hectare-m      10^6 ltr
  **************************     ---------     ---------
  Dry Weather Inflow .......         0.630         6.296
  Wet Weather Inflow .......         2.274        22.743
  Groundwater Inflow .......         0.000         0.000
  RDII Inflow ..............         0.000         0.000
  External Inflow ..........         0.105         1.045
  External Outflow .........         1.382        13.818
  Flooding Loss ............         1.063        10.635
  Evaporation Loss .........         0.000         0.000
  Exfiltration Loss ........         0.000         0.000
  Initial Stored Volume ....         0.076         0.761
  Final Stored Volume ......         0.642         6.422
  Continuity Error (%) .....        -0.095
  
  
  **************************           COD            SS            TN            TP         NH4-N
  Quality Routing Continuity            kg            kg            kg            kg            kg
  **************************    ----------    ----------    ----------    ----------    ----------
  Dry Weather Inflow .......      1573.993      2518.389       151.103        18.888        94.440
  Wet Weather Inflow .......      1516.094      2644.277        30.247         1.987        14.285
  Groundwater Inflow .......         0.000         0.000         0.000         0.000         0.000
  RDII Inflow ..............         0.000         0.000         0.000         0.000         0.000
  External Inflow ..........       187.321       299.713        17.983         2.248        11.239
  External Outflow .........      1820.734      3002.628       136.580        16.481        83.800
  Flooding Loss ............       844.942      1434.306        32.681         3.334        18.521
  Exfiltration Loss ........         0.000         0.000         0.000         0.000         0.000
  Mass Reacted .............         0.000         0.000         0.000         0.000         0.000
  Initial Stored Mass ......         0.000         0.000         0.000         0.000         0.000
  Final Stored Mass ........       593.389       994.161        29.915         3.315        17.618
  Continuity Error (%) .....         0.560         0.573         0.079        -0.031         0.021
  
  
  *************************
  Highest Continuity Errors
  *************************
  Node HS02004842 (19.33%)
  Node YS02001884 (12.60%)
  Node YSB1171 (4.21%)
  Node YS02001774 (4.19%)
  Node HS02004817 (3.56%)
  
  
  ***************************
  Time-Step Critical Elements
  ***************************
  Link WS02006238WS02006235 (29.21%)
  Link YS02006556YS02006558 (25.18%)
  Link WS02006280WS02006229 (17.69%)
  Link WS02003066WSF200 (10.82%)
  Link YS02001791YS02001793 (3.07%)
  
  
  ********************************
  Highest Flow Instability Indexes
  ********************************
  Link WS02006113WS02006111 (68)
  Link YS02001629YS02163301 (36)
  Link YS02163301YS02001633 (36)
  Link WS02004404WS02004405 (36)
  Link YS02163601YS02164001 (36)
  
  
  *************************
  Routing Time Step Summary
  *************************
  Minimum Time Step           :     0.50 sec
  Average Time Step           :     2.75 sec
  Maximum Time Step           :     5.00 sec
  Percent in Steady State     :     0.00
  Average Iterations per Step :     4.39
  Percent Not Converging      :    23.27
  
  
  ***************************
  Subcatchment Runoff Summary
  ***************************
  
  ------------------------------------------------------------------------------------------------------------------------------
                            Total      Total      Total      Total     Imperv       Perv      Total       Total     Peak  Runoff
                           Precip      Runon       Evap      Infil     Runoff     Runoff     Runoff      Runoff   Runoff   Coeff
  Subcatchment                 mm         mm         mm         mm         mm         mm         mm    10^6 ltr      LPS
  ------------------------------------------------------------------------------------------------------------------------------
  sub0                       7.97       0.00       0.00       0.56       7.37       0.00       7.37        0.01     1.13   0.924
  sub1                       7.97       0.00       0.00       0.88       7.01       0.00       7.01        0.05     7.41   0.879
  sub2                       7.97       0.00       0.00       2.95       4.94       0.00       4.94        0.05     6.97   0.620
  sub3                       7.97       0.00       0.00       2.95       4.91       0.00       4.91        0.11    15.30   0.616
  sub4                       7.97       0.00       0.00       0.88       6.87       0.00       6.87        0.14    18.78   0.862
  sub5                       7.97       0.00       0.00       0.56       7.32       0.00       7.32        0.08    13.18   0.919
  sub7                       7.97       0.00       0.00       0.72       7.19       0.00       7.19        0.02     4.14   0.902
  sub8                       7.97       0.00       0.00       0.72       7.18       0.00       7.18        0.05     7.57   0.901
  sub9                       7.97       0.00       0.00       0.72       7.18       0.00       7.18        0.03     5.67   0.901
  sub10                      7.97       0.00       0.00       0.64       7.25       0.00       7.25        0.08    12.87   0.910
  sub11                      7.97       0.00       0.00       0.64       7.27       0.00       7.27        0.08    14.00   0.912
  sub12                      7.97       0.00       0.00       1.04       6.89       0.00       6.89        0.06    11.01   0.864
  sub14                      7.97       0.00       0.00       0.72       7.18       0.00       7.18        0.07    11.19   0.901
  sub15                      7.97       0.00       0.00       2.39       5.52       0.00       5.52        0.09    15.44   0.693
  sub16                      7.97       0.00       0.00       2.63       5.30       0.00       5.30        0.06     9.91   0.665
  sub17                      7.97       0.00       0.00       2.55       5.38       0.00       5.38        0.05     8.11   0.675
  sub22                      7.97       0.00       0.00       3.43       4.50       0.00       4.50        0.28    47.62   0.565
  sub23                      7.97       0.00       0.00       2.95       4.98       0.00       4.98        0.24    40.25   0.625
  sub60                      7.97       0.00       0.00       0.96       5.50       0.00       5.50        1.67   151.54   0.690
  sub61                      7.97       0.00       0.00       1.35       5.66       0.00       5.66        1.75   173.84   0.711
  sub62                      7.97       0.00       0.00       0.64       6.14       0.00       6.14        1.89   183.18   0.770
  sub63                      7.97       0.00       0.00       2.31       4.98       0.00       4.98        1.51   154.60   0.624
  sub64                      7.97       0.00       0.00       1.20       5.27       0.00       5.27        1.60   144.65   0.662
  sub65                      7.97       0.00       0.00       1.04       5.36       0.00       5.36        1.65   147.50   0.672
  sub66                      7.97       0.00       0.00       2.31       4.55       0.00       4.55        1.39   129.61   0.570
  sub67                      7.97       0.00       0.00       0.64       6.54       0.00       6.54        2.02   210.42   0.821
  sub68                      7.97       0.00       0.00       1.12       5.97       0.00       5.97        1.84   186.51   0.749
  sub69                      7.97       0.00       0.00       1.20       6.25       0.00       6.25        1.46   160.45   0.784
  sub70                      7.97       6.38       0.00       4.85       8.19       0.03       8.22        1.88   178.84   0.573
  sub71                      7.97       0.00       0.00       0.64       5.95       0.00       5.95        1.41   132.06   0.747
  sub72                      7.97       0.00       0.00       0.56       4.59       0.00       4.59        0.94    70.64   0.576
  1                          7.97       8.01       0.00       1.40       8.81       1.90      10.71        2.52   189.61   0.670
  2                          7.97       0.00       0.00       3.09       1.87       0.72       2.59        1.03   101.68   0.325
  
  
  ****************************
  Subcatchment Washoff Summary
  ****************************
  
  ------------------------------------------------------------------------------------------
                                 COD            SS            TN            TP         NH4-N
  Subcatchment                    kg            kg            kg            kg            kg
  ------------------------------------------------------------------------------------------
  sub0                         1.154         2.120         0.019         0.002         0.009
  sub1                         4.872         9.141         0.092         0.006         0.044
  sub2                         2.834         5.134         0.063         0.004         0.029
  sub3                         6.993        12.550         0.152         0.010         0.069
  sub4                        11.298        21.313         0.231         0.013         0.110
  sub5                        11.203        20.746         0.197         0.015         0.095
  sub7                         2.539         4.847         0.048         0.003         0.023
  sub8                         3.864         7.535         0.079         0.004         0.038
  sub9                         3.272         6.293         0.064         0.004         0.031
  sub10                        9.278        17.409         0.170         0.012         0.082
  sub11                        9.132        17.354         0.172         0.011         0.083
  sub12                        7.524        14.018         0.135         0.010         0.065
  sub14                        6.943        13.227         0.133         0.009         0.064
  sub15                        8.153        14.791         0.161         0.011         0.075
  sub16                        5.095         9.220         0.099         0.007         0.046
  sub17                        4.666         8.366         0.087         0.007         0.041
  sub22                       23.808        42.183         0.465         0.034         0.214
  sub23                       14.685        27.044         0.329         0.021         0.149
  sub60                      100.046       174.573         2.079         0.122         0.993
  sub61                      123.393       214.145         2.359         0.156         1.132
  sub62                      130.577       230.944         2.641         0.160         1.263
  sub63                       91.162       155.872         1.919         0.131         0.879
  sub64                      121.206       203.638         2.286         0.162         1.085
  sub65                      124.418       209.983         2.365         0.164         1.125
  sub66                       71.539       121.335         1.553         0.098         0.719
  sub67                      191.816       335.962         3.465         0.248         1.669
  sub68                      137.212       240.803         2.708         0.176         1.287
  sub69                      124.078       220.276         2.379         0.162         1.131
  sub70                      198.216       352.943         4.092         0.275         1.896
  sub71                       86.927       155.115         1.872         0.103         0.893
  sub72                       63.127       104.468         1.217         0.080         0.584
  1                          121.082       217.064         2.574         0.173         1.176
  2                           16.557        27.515         0.520         0.031         0.218
  ------------------------------------------------------------------------------------------
  System                    1838.668      3217.926        36.725         2.423        17.315
  
  
  ******************
  Node Depth Summary
  ******************
  
  ---------------------------------------------------------------------------------
                                 Average  Maximum  Maximum  Time of Max    Reported
                                   Depth    Depth      HGL   Occurrence   Max Depth
  Node                 Type       Meters   Meters   Meters  days hr:min      Meters
  ---------------------------------------------------------------------------------
  WS02001211           JUNCTION     0.68     0.72     5.55     0  02:13        0.72
  WS02001212           JUNCTION     0.40     0.44     5.50     0  02:13        0.44
  WS02001213           JUNCTION     0.62     0.69     5.45     0  02:12        0.69
  WS02003069           JUNCTION     0.41     0.53     5.11     0  02:11        0.53
  WS02003072           JUNCTION     0.48     0.59     4.96     0  02:12        0.59
  WS02003073           JUNCTION     0.29     0.36     4.42     0  02:12        0.36
  WS02003060           JUNCTION     0.37     0.47     5.40     0  02:11        0.47
  WS02003066           JUNCTION     0.19     0.28     5.84     0  02:07        0.28
  WS02003059           JUNCTION     0.68     0.75     5.44     0  02:11        0.75
  WS02003067           JUNCTION     0.48     0.68     6.00     0  02:07        0.68
  WS02004401           JUNCTION     0.58     0.83     6.83     0  02:04        0.83
  WS02004402           JUNCTION     0.61     0.86     6.82     0  02:05        0.86
  WS02004403           JUNCTION     0.63     0.87     6.80     0  02:05        0.87
  WS02004404           JUNCTION     0.71     0.96     6.81     0  02:05        0.96
  WS02004406           JUNCTION     0.71     0.93     6.76     0  02:02        0.93
  WS02004409           JUNCTION     0.40     0.63     6.40     0  02:06        0.63
  WS02004410           JUNCTION     0.42     0.64     6.36     0  02:06        0.64
  WS02004411           JUNCTION     0.43     0.66     6.34     0  02:06        0.66
  WS02004412           JUNCTION     0.45     0.67     6.31     0  02:08        0.67
  WS02004413           JUNCTION     0.59     0.83     6.30     0  02:07        0.83
  WS02004405           JUNCTION     0.69     0.93     6.78     0  02:02        0.93
  WS02006109           JUNCTION     0.67     0.90     7.52     0  01:59        0.90
  WS02006110           JUNCTION     0.67     0.88     7.46     0  02:00        0.88
  WS02006111           JUNCTION     0.18     0.27     6.98     0  02:04        0.27
  WS02006112           JUNCTION     0.75     1.01     6.90     0  02:05        1.01
  WS02006113           JUNCTION     0.28     0.43     7.32     0  02:00        0.43
  WS02006115           JUNCTION     0.48     0.72     6.86     0  02:04        0.72
  WS02006116           JUNCTION     0.56     0.80     6.84     0  02:04        0.80
  WS02006230           JUNCTION     0.60     0.91     7.65     0  02:00        0.91
  WS02006231           JUNCTION     0.36     0.57     7.70     0  02:02        0.57
  WS02006232           JUNCTION     0.47     0.69     7.73     0  02:03        0.69
  WS02006234           JUNCTION     0.39     0.60     7.76     0  02:03        0.60
  WS02006235           JUNCTION     0.41     0.62     7.79     0  02:04        0.62
  WS02006238           JUNCTION     0.43     0.64     7.79     0  02:04        0.64
  WS02006240           JUNCTION     0.30     0.50     7.79     0  02:04        0.50
  WS02006242           JUNCTION     0.33     0.52     7.79     0  02:04        0.52
  WS02006243           JUNCTION     0.21     0.37     7.79     0  02:04        0.37
  WS02006245           JUNCTION     0.17     0.31     7.79     0  02:04        0.31
  WS02006247           JUNCTION     0.16     0.30     7.80     0  02:04        0.30
  WS02006248           JUNCTION     0.10     0.21     7.80     0  02:04        0.21
  WS02006249           JUNCTION     0.11     0.22     7.81     0  02:03        0.22
  WS02006239           JUNCTION     0.37     0.58     7.79     0  02:03        0.58
  WS02006251           JUNCTION     0.08     0.17     7.84     0  02:02        0.17
  WS02006252           JUNCTION     0.00     0.00     8.24     0  00:00        0.00
  WS02006253           JUNCTION     0.12     0.22     7.87     0  01:48        0.22
  WS02006256           JUNCTION     1.67     2.35     9.28     0  01:39        2.35
  WS02004138           JUNCTION     0.16     0.17     7.42     0  05:30        0.17
  WS02004139           JUNCTION     0.63     0.66     5.57     0  02:14        0.66
  WS02004407           JUNCTION     0.18     0.28     6.59     0  02:02        0.28
  WS02006228           JUNCTION     0.66     0.93     7.58     0  01:59        0.93
  WS02006229           JUNCTION     0.63     0.92     7.61     0  01:59        0.92
  WS02006280           JUNCTION     0.07     0.14     8.41     0  01:48        0.14
  WS02006284           JUNCTION     0.37     0.48     8.88     0  01:48        0.48
  WS02006287           JUNCTION     0.11     0.21     9.16     0  01:47        0.21
  WSF200               JUNCTION     0.18     0.29     5.52     0  02:08        0.29
  HS02004901           JUNCTION     0.13     0.22    10.05     0  01:36        0.22
  HS02004881           JUNCTION     0.01     0.02     9.05     0  01:48        0.02
  HS02004876           JUNCTION     0.05     0.10     9.13     0  01:47        0.10
  HS02004870           JUNCTION     0.02     0.04     9.33     0  01:48        0.04
  HS02004862           JUNCTION     0.02     0.05     9.43     0  01:49        0.05
  HS02004856           JUNCTION     0.08     0.10     9.53     0  01:48        0.10
  HS02004852           JUNCTION     0.01     0.03     9.54     0  01:50        0.03
  HS02004848           JUNCTION     0.01     0.03     9.63     0  01:48        0.03
  HS02004842           JUNCTION     0.33     0.36     9.63     0  01:48        0.36
  HS02004837           JUNCTION     0.03     0.05     9.63     0  01:48        0.05
  HS02004830           JUNCTION     0.04     0.06     9.53     0  01:49        0.06
  HS02004824           JUNCTION     0.02     0.04     9.44     0  01:51        0.04
  HS02004817           JUNCTION     0.44     0.52     9.37     0  01:49        0.52
  HS02004807           JUNCTION     0.13     0.20     9.37     0  01:49        0.20
  HS02004802           JUNCTION     0.16     0.24     9.36     0  01:48        0.24
  HS02004799           JUNCTION     0.13     0.25     9.46     0  01:45        0.25
  HS02004792           JUNCTION     0.04     0.09     9.62     0  01:45        0.09
  HS02004788           JUNCTION     0.03     0.07     9.97     0  01:45        0.07
  HS02004785           JUNCTION     0.05     0.13    10.03     0  01:37        0.13
  HS02004777           JUNCTION     0.15     0.24    10.04     0  01:37        0.24
  HS02004770           JUNCTION     0.12     0.21    10.05     0  01:36        0.21
  HS02004480           JUNCTION     0.09     0.19     9.43     0  01:45        0.19
  HS02004479           JUNCTION     0.13     0.23     9.43     0  01:46        0.23
  HS02004478           JUNCTION     0.06     0.12     9.35     0  01:47        0.12
  YS02001745           JUNCTION     0.60     0.88     8.39     0  03:11        0.88
  YS02001748           JUNCTION     0.96     1.32     8.40     0  03:11        1.31
  YS02001751           JUNCTION     1.13     1.53     8.41     0  03:11        1.51
  YS02001754           JUNCTION     1.37     1.81     8.42     0  03:11        1.79
  YS02001762           JUNCTION     1.56     2.03     8.43     0  02:59        2.00
  YS02001765           JUNCTION     1.51     1.98     8.43     0  03:02        1.95
  YS02001767           JUNCTION     1.48     1.93     8.42     0  03:02        1.90
  YS02001770           JUNCTION     1.47     1.90     8.40     0  03:06        1.89
  YS02001774           JUNCTION     1.54     1.97     8.39     0  03:06        1.96
  YS02001779           JUNCTION     1.30     1.68     8.37     0  02:49        1.68
  YS02001882           JUNCTION     0.38     0.63     7.35     0  03:00        0.63
  YS02001884           JUNCTION     0.47     0.73     7.34     0  03:00        0.73
  YS02001759           JUNCTION     1.59     2.07     8.43     0  03:02        2.04
  YS02001887           JUNCTION     0.55     0.81     7.34     0  03:01        0.81
  YS02001890           JUNCTION     0.58     0.83     7.34     0  02:59        0.83
  YS02001898           JUNCTION     0.35     0.59     7.33     0  02:57        0.59
  YS02001901           JUNCTION     0.47     0.72     7.33     0  02:57        0.72
  YS02001904           JUNCTION     0.45     0.69     7.32     0  02:59        0.69
  YS02001907           JUNCTION     0.77     1.04     7.33     0  02:58        1.03
  YS02001910           JUNCTION     0.56     0.82     7.32     0  02:59        0.82
  YS02001915           JUNCTION     0.37     0.60     7.32     0  02:59        0.60
  YS02001918           JUNCTION     0.13     0.26     7.32     0  03:00        0.25
  YS02001619           JUNCTION     1.09     1.51     8.44     0  02:34        1.46
  YS02001629           JUNCTION     1.43     1.85     8.40     0  02:39        1.83
  YS02001641           JUNCTION     1.52     1.94     8.38     0  02:48        1.93
  YS02001644           JUNCTION     1.53     1.92     8.35     0  02:48        1.92
  YS02001652           JUNCTION     1.38     2.08     8.68     0  02:56        1.83
  YS02001655           JUNCTION     1.16     2.03     8.88     0  02:56        1.60
  YS02001920           JUNCTION     0.22     0.33     7.34     0  03:00        0.33
  YS02001923           JUNCTION     0.09     0.12     7.38     0  03:01        0.12
  YS02001926           JUNCTION     0.18     0.24     7.68     0  03:01        0.24
  YS02001929           JUNCTION     0.09     0.13     7.82     0  03:01        0.13
  YS02001658           JUNCTION     0.91     2.01     9.15     0  02:56        1.32
  YS02001661           JUNCTION     0.70     1.98     9.38     0  02:56        1.07
  YS02001664           JUNCTION     0.31     0.59     8.51     0  02:51        0.58
  YS02001622           JUNCTION     1.11     1.50     8.41     0  02:39        1.49
  YS02001633           JUNCTION     1.51     1.95     8.41     0  02:49        1.92
  YS02001649           JUNCTION     1.57     2.05     8.44     0  02:52        2.01
  YS02001757           JUNCTION     1.69     2.17     8.43     0  03:02        2.14
  YS02001895           JUNCTION     0.35     0.59     7.33     0  02:59        0.58
  YS02001625           JUNCTION     1.39     1.78     8.38     0  02:39        1.78
  YS02163301           JUNCTION     1.45     1.89     8.40     0  02:49        1.86
  YS02163601           JUNCTION     1.57     2.00     8.39     0  02:49        1.97
  YS02164001           JUNCTION     1.51     1.93     8.39     0  02:49        1.91
  YS02001647           JUNCTION     1.36     1.80     8.41     0  02:56        1.77
  YSB1154              JUNCTION     0.26     0.38     9.44     0  01:46        0.38
  YSB6556              JUNCTION     0.16     0.27     9.43     0  01:45        0.27
  YSB1174              JUNCTION     0.21     0.33     9.43     0  01:45        0.33
  YSB1171              JUNCTION     0.41     0.53     9.43     0  01:46        0.53
  YS02006553           JUNCTION     0.77     1.05     7.33     0  02:56        1.04
  YS02006561           JUNCTION     0.19     0.35     7.01     0  03:01        0.34
  YS02006556           JUNCTION     0.74     1.02     7.33     0  03:01        1.01
  YS02006558           JUNCTION     0.79     1.06     7.33     0  02:45        1.05
  YS02001783           JUNCTION     0.34     0.59     6.73     0  03:00        0.59
  YS02001784           JUNCTION     0.36     0.61     6.67     0  03:01        0.61
  YS02001786           JUNCTION     0.31     0.51     6.54     0  03:01        0.51
  YS02001788           JUNCTION     0.23     0.40     6.37     0  03:01        0.40
  YS02001790           JUNCTION     0.28     0.48     6.13     0  03:01        0.48
  YS02001791           JUNCTION     0.17     0.31     5.78     0  02:54        0.29
  YS02001793           JUNCTION     0.36     1.25     6.09     0  02:54        0.95
  WSC                  OUTFALL      0.29     0.36     1.03     0  02:13        0.36
  JK-storage           STORAGE      4.17     4.89     5.69     0  02:49        4.88
  CC-storage           STORAGE      0.96     1.39     8.39     0  03:10        1.39
  XR-storage           STORAGE      7.48     7.72     5.72     0  02:00        7.72
  
  
  *******************
  Node Inflow Summary
  *******************
  
  -------------------------------------------------------------------------------------------------
                                  Maximum  Maximum                  Lateral       Total        Flow
                                  Lateral    Total  Time of Max      Inflow      Inflow     Balance
                                   Inflow   Inflow   Occurrence      Volume      Volume       Error
  Node                 Type           LPS      LPS  days hr:min    10^6 ltr    10^6 ltr     Percent
  -------------------------------------------------------------------------------------------------
  WS02001211           JUNCTION      7.35   293.85     0  01:29       0.212        7.75       0.492
  WS02001212           JUNCTION      0.00   294.60     0  05:01           0        7.71       0.251
  WS02001213           JUNCTION      0.00   295.65     0  05:00           0        7.69       0.283
  WS02003069           JUNCTION      0.32   791.14     0  02:11     0.00922        13.8       0.164
  WS02003072           JUNCTION      0.00   791.13     0  02:11           0        13.8       0.211
  WS02003073           JUNCTION      1.82   792.94     0  02:12      0.0524        13.8       0.228
  WS02003060           JUNCTION     16.53   790.84     0  02:10       0.476        13.9       0.158
  WS02003066           JUNCTION      0.00   482.50     0  02:07           0        5.76       0.047
  WS02003059           JUNCTION      0.00   297.74     0  04:59           0        7.67       0.495
  WS02003067           JUNCTION      0.00   482.46     0  02:07           0        5.77       0.107
  WS02004401           JUNCTION      0.00   484.43     0  02:04           0        5.92       0.250
  WS02004402           JUNCTION      0.00   483.88     0  02:04           0        5.91       0.247
  WS02004403           JUNCTION      0.00   486.10     0  02:05           0        5.89       0.231
  WS02004404           JUNCTION      0.16   495.37     0  02:05     0.00467        5.88       0.202
  WS02004406           JUNCTION      0.00   487.11     0  02:02           0        5.86       0.443
  WS02004409           JUNCTION      0.00   483.61     0  02:02           0        5.83       0.138
  WS02004410           JUNCTION      0.00   483.09     0  02:02           0        5.82       0.173
  WS02004411           JUNCTION      0.00   483.01     0  02:06           0        5.81       0.189
  WS02004412           JUNCTION      0.00   482.78     0  02:07           0         5.8       0.221
  WS02004413           JUNCTION      0.00   482.72     0  02:07           0        5.79       0.358
  WS02004405           JUNCTION      0.04   537.61     0  02:05      0.0011        5.87       0.222
  WS02006109           JUNCTION      1.23   477.44     0  02:00      0.0354        5.95       0.203
  WS02006110           JUNCTION      0.00   477.44     0  02:00           0        5.94       0.214
  WS02006111           JUNCTION      0.00   492.93     0  02:04           0        5.92       0.028
  WS02006112           JUNCTION      8.11   487.50     0  02:04      0.0461        5.96       0.321
  WS02006113           JUNCTION      0.00   477.56     0  02:00           0        5.92       0.070
  WS02006115           JUNCTION      0.00   485.69     0  02:04           0        5.95       0.226
  WS02006116           JUNCTION      0.00   484.59     0  02:04           0        5.93       0.174
  WS02006230           JUNCTION     10.28   292.63     0  02:27       0.296         4.5       0.196
  WS02006231           JUNCTION      0.00   281.68     0  02:28           0         4.2      -0.060
  WS02006232           JUNCTION      0.00   281.34     0  02:27           0         4.2       0.165
  WS02006234           JUNCTION      0.00   280.88     0  02:27           0         4.2      -0.055
  WS02006235           JUNCTION      0.00   311.05     0  01:40           0        4.52       0.103
  WS02006238           JUNCTION      0.00   219.20     0  01:40           0       0.838       0.093
  WS02006240           JUNCTION      0.00   113.79     0  01:41           0         0.6       0.269
  WS02006242           JUNCTION      0.00    98.10     0  01:41           0       0.471       0.447
  WS02006243           JUNCTION      0.00    54.72     0  01:42           0       0.368       1.236
  WS02006245           JUNCTION      0.00    41.52     0  01:46           0       0.315       1.176
  WS02006247           JUNCTION      0.00    41.02     0  01:47           0       0.284       0.155
  WS02006248           JUNCTION      0.00    41.26     0  01:46           0       0.269       0.011
  WS02006249           JUNCTION      0.00    41.47     0  01:49           0       0.266       0.257
  WS02006239           JUNCTION      0.00   132.80     0  01:40           0       0.728       0.039
  WS02006251           JUNCTION      0.08    41.53     0  01:48     0.00222       0.265      -0.032
  WS02006252           JUNCTION      0.00     0.00     0  00:00           0           0       0.000 ltr
  WS02006253           JUNCTION      1.13    41.46     0  01:47     0.00597       0.263       0.135
  WS02006256           JUNCTION      0.00   983.00     0  02:00           0        6.18      -0.160
  WS02004138           JUNCTION      0.00   285.00     0  01:27           0        7.56       0.052
  WS02004139           JUNCTION      0.32   285.32     0  02:38     0.00924        7.57       0.476
  WS02004407           JUNCTION      0.00   483.77     0  02:02           0        5.83       0.065
  WS02006228           JUNCTION      0.00   476.21     0  01:59           0        5.92       0.155
  WS02006229           JUNCTION      0.00   476.22     0  01:59           0        5.93       0.172
  WS02006280           JUNCTION      0.00   204.95     0  01:48           0        1.45       0.005
  WS02006284           JUNCTION      0.10   204.95     0  01:48     0.00275        1.45       0.030
  WS02006287           JUNCTION      0.00   204.86     0  01:47           0        1.45       0.050
  WSF200               JUNCTION      0.00   482.54     0  02:08           0        5.76       0.038
  HS02004901           JUNCTION      9.91     9.91     0  01:30      0.0555      0.0558       3.252
  HS02004881           JUNCTION      4.14    40.49     0  01:47      0.0242       0.257       0.024
  HS02004876           JUNCTION      7.41    36.48     0  01:47      0.0466       0.233       0.226
  HS02004870           JUNCTION      7.57    29.14     0  01:47      0.0459       0.187       0.056
  HS02004862           JUNCTION      7.17    21.74     0  01:48      0.0518       0.141       0.119
  HS02004856           JUNCTION      5.67    14.60     0  01:48      0.0345      0.0907       1.601
  HS02004852           JUNCTION      0.00     9.08     0  01:48           0      0.0562       0.091
  HS02004848           JUNCTION     15.30    15.30     0  01:49        0.11        0.11       0.038
  HS02004842           JUNCTION      0.00     6.70     0  02:15           0      0.0673      23.961
  HS02004837           JUNCTION     19.22    25.27     0  01:48       0.263       0.317       0.248
  HS02004830           JUNCTION      0.15    25.40     0  01:48     0.00432       0.308       0.402
  HS02004824           JUNCTION     18.83    43.36     0  01:51       0.145       0.451       0.119
  HS02004817           JUNCTION      0.60    43.96     0  01:51      0.0173       0.468       3.694
  HS02004807           JUNCTION     14.00    57.42     0  01:50      0.0844       0.536       0.818
  HS02004802           JUNCTION      0.00    57.58     0  01:51           0       0.535       0.744
  HS02004799           JUNCTION     11.19   124.89     0  01:45      0.0683       0.791       0.365
  HS02004792           JUNCTION     47.90   113.71     0  01:45       0.292       0.723       0.056
  HS02004788           JUNCTION     17.11    66.21     0  01:45       0.143       0.431       0.088
  HS02004785           JUNCTION      0.15    49.24     0  01:36     0.00432        0.29       0.167
  HS02004777           JUNCTION      0.03    49.25     0  01:34    0.000864        0.29       1.822
  HS02004770           JUNCTION     40.25    49.72     0  01:32       0.237       0.291       1.067
  HS02004480           JUNCTION      0.00   148.18     0  01:45           0        0.93       0.101
  HS02004479           JUNCTION      0.00    23.31     0  01:48           0       0.152       0.484
  HS02004478           JUNCTION      0.00   204.85     0  01:47           0        1.45       0.025
  YS02001745           JUNCTION    151.55   254.45     0  02:35        1.67        1.68       0.689
  YS02001748           JUNCTION      0.04   382.50     0  02:35      0.0013        1.67       1.354
  YS02001751           JUNCTION      0.01   311.54     0  02:25    0.000317        1.64       1.459
  YS02001754           JUNCTION      0.26   189.58     0  02:23     0.00749        1.62       1.535
  YS02001762           JUNCTION      0.00   197.93     0  02:35           0        1.44       1.501
  YS02001765           JUNCTION      0.00   193.50     0  02:35           0        1.45       1.708
  YS02001767           JUNCTION      0.54   189.98     0  02:35      0.0154        1.47       2.496
  YS02001770           JUNCTION    183.33   262.08     0  03:17        1.89        1.99       1.624
  YS02001774           JUNCTION      0.00   262.14     0  03:17           0       0.599       4.378
  YS02001779           JUNCTION      0.01   263.08     0  03:17    0.000144       0.566       2.787
  YS02001882           JUNCTION      0.00    11.78     0  02:28           0      0.0128      17.553
  YS02001884           JUNCTION      0.00    19.61     0  02:28           0      0.0426      14.414
  YS02001759           JUNCTION    173.88   366.25     0  02:35        1.75        3.07       0.753
  YS02001887           JUNCTION    210.87   226.11     0  02:56        2.03        2.06       0.374
  YS02001890           JUNCTION      0.00   226.21     0  02:56           0        2.02       0.418
  YS02001898           JUNCTION      0.00   224.48     0  03:01           0           2       0.121
  YS02001901           JUNCTION      0.00   227.48     0  02:57           0           2       0.308
  YS02001904           JUNCTION      0.00   227.61     0  02:50           0           2       0.281
  YS02001907           JUNCTION      0.00   449.43     0  03:02           0         4.4       0.522
  YS02001910           JUNCTION      0.00   222.57     0  02:55           0        2.41       0.451
  YS02001915           JUNCTION    132.08   220.05     0  03:01        1.41        2.42       0.212
  YS02001918           JUNCTION      0.00    80.70     0  03:01           0        1.01       0.150
  YS02001619           JUNCTION    129.61   129.61     0  03:01        1.39        1.39       0.878
  YS02001629           JUNCTION      0.00   176.09     0  02:27           0        1.31       2.258
  YS02001641           JUNCTION      0.00   297.41     0  02:42           0        2.86       0.748
  YS02001644           JUNCTION    144.69   834.69     0  03:11         1.6        7.75       0.333
  YS02001652           JUNCTION      0.00   214.51     0  02:52           0        1.45       1.661
  YS02001655           JUNCTION      0.15   262.65     0  02:23     0.00443        1.48       1.713
  YS02001920           JUNCTION      2.87    73.45     0  03:01      0.0827        1.02       0.247
  YS02001923           JUNCTION      0.04    70.59     0  03:01     0.00109       0.935       0.045
  YS02001926           JUNCTION      0.05    70.67     0  03:01      0.0015       0.937       0.304
  YS02001929           JUNCTION     70.64    70.64     0  03:01       0.935       0.935       0.043
  YS02001658           JUNCTION      0.00   527.32     0  02:35           0        1.52       1.430
  YS02001661           JUNCTION      0.00   563.44     0  02:52           0         1.6       0.331
  YS02001664           JUNCTION    154.60   396.43     0  02:51        1.51        1.58       0.394
  YS02001622           JUNCTION      0.00   149.54     0  02:28           0        1.38       2.350
  YS02001633           JUNCTION    147.70   292.07     0  02:36        1.65        2.92       1.110
  YS02001649           JUNCTION      0.00   575.17     0  02:46           0        5.29       0.710
  YS02001757           JUNCTION      0.00  1044.56     0  02:46           0        6.59       1.412
  YS02001895           JUNCTION      0.00   228.18     0  03:01           0        2.01       0.221
  YS02001625           JUNCTION      0.00   176.30     0  02:27           0        1.35       2.977
  YS02163301           JUNCTION      0.00   160.13     0  02:36           0        1.29       1.891
  YS02163601           JUNCTION      0.11   292.34     0  02:36     0.00317        2.88       1.061
  YS02164001           JUNCTION      0.00   291.92     0  02:36           0        2.86       0.719
  YS02001647           JUNCTION      0.00   459.59     0  03:14           0        4.68       0.616
  YSB1154              JUNCTION     13.18    13.18     0  01:46      0.0829      0.0836       1.758
  YSB6556              JUNCTION      0.00    13.26     0  01:46           0      0.0843       1.502
  YSB1174              JUNCTION     11.01    11.01     0  01:29      0.0602      0.0606       2.159
  YSB1171              JUNCTION      0.00    23.43     0  01:44           0        0.15       4.392
  YS02006553           JUNCTION      0.00   441.44     0  03:02           0        4.39       0.338
  YS02006561           JUNCTION      0.00   670.04     0  03:01           0         6.2      -0.001
  YS02006556           JUNCTION      0.00   438.99     0  03:00           0         4.4       0.239
  YS02006558           JUNCTION    187.39   654.52     0  03:01        1.86        6.23       0.080
  YS02001783           JUNCTION      0.00   630.15     0  03:02           0         6.2       0.030
  YS02001784           JUNCTION      1.06   620.58     0  03:00      0.0305        6.23       0.048
  YS02001786           JUNCTION      0.06   619.14     0  03:01     0.00162        6.23       0.047
  YS02001788           JUNCTION      0.07   619.29     0  03:01     0.00204        6.23       0.028
  YS02001790           JUNCTION      0.15   618.83     0  03:01     0.00446        6.23       0.033
  YS02001791           JUNCTION      0.00   623.96     0  03:01           0        6.23       0.016
  YS02001793           JUNCTION      0.00   869.33     0  01:55           0        6.29      -0.127
  WSC                  OUTFALL       0.00   792.93     0  02:13           0        13.8       0.000
  JK-storage           STORAGE       0.00  1013.70     0  01:56           0        6.45       0.062
  CC-storage           STORAGE       0.00  1044.43     0  02:46           0        3.97       1.665
  XR-storage           STORAGE     490.63   490.63     0  03:01        9.31        9.91      -0.002
  
  
  **********************
  Node Surcharge Summary
  **********************
  
  Surcharging occurs when water rises above the top of the highest conduit.
  ---------------------------------------------------------------------
                                               Max. Height   Min. Depth
                                   Hours       Above Crown    Below Rim
  Node                 Type      Surcharged         Meters       Meters
  ---------------------------------------------------------------------
  WS02006109           JUNCTION        1.42          0.083        1.737
  WS02006112           JUNCTION        0.44          0.013        1.667
  WS02006256           JUNCTION        6.46          2.050        0.000
  WS02006228           JUNCTION        1.40          0.096        2.104
  YS02001748           JUNCTION        5.27          0.241        0.949
  YS02001751           JUNCTION        5.51          0.529        0.671
  YS02001754           JUNCTION        5.83          0.761        0.389
  YS02001762           JUNCTION        6.12          1.032        0.118
  YS02001765           JUNCTION        6.07          0.981        0.119
  YS02001767           JUNCTION        6.05          0.929        0.101
  YS02001770           JUNCTION        6.02          0.874        0.046
  YS02001774           JUNCTION        6.11          0.970        0.080
  YS02001779           JUNCTION        5.81          0.680        0.000
  YS02001759           JUNCTION        6.14          1.070        0.140
  YS02001907           JUNCTION        0.54          0.034        0.916
  YS02001619           JUNCTION        5.46          0.510        0.100
  YS02001629           JUNCTION        5.49          0.470        0.000
  YS02001641           JUNCTION        6.09          0.939        0.161
  YS02001644           JUNCTION        6.09          0.920        0.000
  YS02001652           JUNCTION        5.90          1.052        0.078
  YS02001655           JUNCTION        5.53          1.029        0.171
  YS02001658           JUNCTION        5.29          1.006        0.294
  YS02001661           JUNCTION        0.05          0.909        0.481
  YS02001622           JUNCTION        5.52          0.505        0.115
  YS02001633           JUNCTION        6.07          0.931        0.129
  YS02001649           JUNCTION        6.12          1.050        0.000
  YS02001757           JUNCTION        6.23          1.167        0.043
  YS02001625           JUNCTION        5.95          0.780        0.000
  YS02163301           JUNCTION        6.04          0.887        0.143
  YS02163601           JUNCTION        6.12          0.997        0.083
  YS02164001           JUNCTION        6.07          0.929        0.171
  YS02001647           JUNCTION        5.93          0.801        0.099
  YS02006553           JUNCTION        0.82          0.048        1.142
  YS02001793           JUNCTION        0.01          0.254        2.346
  
  
  *********************
  Node Flooding Summary
  *********************
  
  Flooding refers to all water that overflows a node, whether it ponds or not.
  --------------------------------------------------------------------------
                                                             Total   Maximum
                                 Maximum   Time of Max       Flood    Ponded
                        Hours       Rate    Occurrence      Volume     Depth
  Node                 Flooded       LPS   days hr:min    10^6 ltr    Meters
  --------------------------------------------------------------------------
  WS02006256              4.39    741.36      0  02:04       2.233     0.000
  YS02001779              1.75    262.65      0  03:17       0.544     0.000
  YS02001629              0.01     24.34      0  02:39       0.000     0.000
  YS02001644              5.17    834.36      0  03:11       6.350     0.000
  YS02001649              0.01     23.40      0  02:53       0.000     0.000
  YS02001625              0.04     17.13      0  02:50       0.001     0.000
  XR-storage              4.49    205.62      0  03:01       1.506     0.000
  
  
  **********************
  Storage Volume Summary
  **********************
  
  --------------------------------------------------------------------------------------------------
                         Average     Avg  Evap Exfil       Maximum     Max    Time of Max    Maximum
                          Volume    Pcnt  Pcnt  Pcnt        Volume    Pcnt     Occurrence    Outflow
  Storage Unit           1000 m3    Full  Loss  Loss       1000 m3    Full    days hr:min        LPS
  --------------------------------------------------------------------------------------------------
  JK-storage               0.210      72     0     0         0.246      84       0  02:49     983.00
  CC-storage               2.678      17     0     0         3.878      25       0  03:10     140.74
  XR-storage               0.898      97     0     0         0.926     100       0  02:00     285.00
  
  
  ***********************
  Outfall Loading Summary
  ***********************
  
  ---------------------------------------------------------------------------------------------------------------------------------
                         Flow       Avg       Max       Total         Total         Total         Total         Total         Total
                         Freq      Flow      Flow      Volume           COD            SS            TN            TP         NH4-N
  Outfall Node           Pcnt       LPS       LPS    10^6 ltr            kg            kg            kg            kg            kg
  ---------------------------------------------------------------------------------------------------------------------------------
  WSC                   99.99    538.10    792.93      13.817      1820.873      3002.846       136.593        16.483        83.808
  ---------------------------------------------------------------------------------------------------------------------------------
  System                99.99    538.10    792.93      13.817      1820.873      3002.846       136.593        16.483        83.808
  
  
  ********************
  Link Flow Summary
  ********************
  
  -----------------------------------------------------------------------------
                                 Maximum  Time of Max   Maximum    Max/    Max/
                                  |Flow|   Occurrence   |Veloc|    Full    Full
  Link                 Type          LPS  days hr:min     m/sec    Flow   Depth
  -----------------------------------------------------------------------------
  WS02003066WSF200     CONDUIT    482.54     0  02:08      2.67    0.08    0.22
  WS02006287WS02006284 CONDUIT    204.85     0  01:48      1.62    0.09    0.22
  WS02006284WS02006280 CONDUIT    204.95     0  01:48      1.86    0.09    0.20
  WS02006280WS02006229 CONDUIT    204.95     0  01:48      2.99    0.04    0.14
  WS02006229WS02006228 CONDUIT    476.21     0  01:59      0.95    1.58    1.00
  WS02006256WS02006235 CONDUIT    287.72     0  07:43      4.18    3.05    1.00
  WS02006253WS02006251 CONDUIT     41.45     0  01:48      0.49    0.12    0.27
  WS02006252WS02006251 CONDUIT      0.00     0  00:00      0.00    0.00    0.00
  WS02006251WS02006249 CONDUIT     41.47     0  01:49      0.54    0.12    0.27
  WS02006249WS02006248 CONDUIT     41.26     0  01:46      0.64    0.23    0.29
  WS02006248WS02006247 CONDUIT     41.02     0  01:47      0.62    0.09    0.36
  WS02006247WS02006245 CONDUIT     41.52     0  01:46      0.56    0.33    0.42
  WS02006245WS02006243 CONDUIT     41.83     0  01:42      0.70    0.12    0.48
  WS02006243WS02006242 CONDUIT     58.25     0  04:47      0.55    0.12    0.62
  WS02006242WS02006240 CONDUIT     80.20     0  04:47      0.70    0.32    0.72
  WS02006240WS02006239 CONDUIT    102.15     0  04:46      0.75    0.32    0.74
  WS02006239WS02006238 CONDUIT    127.75     0  04:46      0.85    0.41    0.86
  WS02006238WS02006235 CONDUIT    189.22     0  05:53      1.16    0.42    0.90
  WS02006235WS02006234 CONDUIT    280.88     0  02:27      1.12    2.96    0.85
  WS02006234WS02006232 CONDUIT    281.34     0  02:27      0.94    0.57    0.93
  WS02006232WS02006231 CONDUIT    281.68     0  02:28      0.86    0.59    0.90
  WS02006231WS02006230 CONDUIT    282.35     0  02:27      1.21    4.28    0.78
  WS02006230WS02006229 CONDUIT    293.45     0  02:28      0.76    6.53    1.00
  WS02006228WS02006109 CONDUIT    476.21     0  02:00      0.95    2.08    1.00
  WS02006116WS02004401 CONDUIT    484.43     0  02:04      0.72    0.67    0.82
  WS02006115WS02006116 CONDUIT    484.59     0  02:04      0.94    0.62    0.73
  WS02006113WS02006111 CONDUIT    492.93     0  02:04      2.36    0.59    0.43
  WS02006112WS02006115 CONDUIT    485.69     0  02:04      0.68    0.29    0.86
  WS02006111WS02006112 CONDUIT    481.12     0  02:04      1.36    0.23    0.66
  WS02006110WS02006113 CONDUIT    477.56     0  02:00      1.16    0.43    0.77
  WS02006109WS02006110 CONDUIT    477.44     0  02:00      0.95    0.92    0.98
  WS02004411WS02004412 CONDUIT    482.78     0  02:07      0.92    0.69    0.66
  WS02004401WS02004402 CONDUIT    483.88     0  02:04      0.69    0.58    0.84
  WS02004413WS02003067 CONDUIT    482.46     0  02:07      1.05    0.21    0.57
  WS02004412WS02004413 CONDUIT    482.72     0  02:07      0.90    0.32    0.75
  WS02004410WS02004411 CONDUIT    483.01     0  02:06      0.89    0.66    0.65
  WS02004409WS02004410 CONDUIT    483.09     0  02:02      0.92    0.62    0.64
  WS02004407WS02004409 CONDUIT    483.61     0  02:02      1.42    0.17    0.45
  WS02004406WS02004407 CONDUIT    483.77     0  02:02      0.98    0.22    0.60
  WS02004405WS02004406 CONDUIT    487.11     0  02:02      0.64    0.96    0.93
  WS02004404WS02004405 CONDUIT    537.57     0  02:05      0.71    5.27    0.94
  WS02004403WS02004404 CONDUIT    495.21     0  02:05      0.66    0.36    0.92
  WS02004402WS02004403 CONDUIT    486.10     0  02:05      0.67    0.70    0.86
  WS02004139WS02001211 CONDUIT    286.50     0  01:29      0.54    0.36    0.53
  WS02004138WS02004139 CONDUIT    285.00     0  02:38      2.39    0.06    0.39
  WS02003067WS02003066 CONDUIT    482.50     0  02:07      1.14    0.15    0.40
  WS02001213WS02003059 CONDUIT    297.74     0  04:59      0.59    0.49    0.71
  WS02001212WS02001213 CONDUIT    295.65     0  05:00      1.19    0.46    0.40
  WS02001211WS02001212 CONDUIT    294.60     0  05:01      0.67    0.23    0.58
  WS02003072WS02003073 CONDUIT    791.12     0  02:12      1.62    1.71    0.45
  WS02003069WS02003072 CONDUIT    791.13     0  02:11      1.53    0.38    0.47
  WS02003060WS02003069 CONDUIT    790.82     0  02:11      1.79    0.31    0.41
  WS02003059WS02003060 CONDUIT    300.78     0  04:59      0.82    0.20    0.61
  HS02004901HS02004770 CONDUIT      9.56     0  01:34      0.07    0.04    0.31
  HS02004876HS02004881 CONDUIT     36.52     0  01:48      0.58    0.39    0.09
  HS02004870HS02004876 CONDUIT     29.13     0  01:48      0.41    0.02    0.10
  HS02004842HS02004848 CONDUIT      6.70     0  02:15      0.03    0.00    0.28
  HS02004837HS02004842 CONDUIT      6.74     0  02:19      0.42    0.00    0.29
  HS02004830HS02004837 CONDUIT     25.25     0  01:48      0.45    0.03    0.08
  HS02004824HS02004830 CONDUIT     25.40     0  01:49      0.49    0.03    0.07
  HS02004817HS02004824 CONDUIT     43.36     0  01:51      0.17    0.02    0.40
  HS02004770HS02004777 CONDUIT     49.22     0  01:34      0.24    0.09    0.33
  HS02004799HS02004480 CONDUIT    124.88     0  01:45      0.58    0.16    0.31
  HS02004792HS02004799 CONDUIT    113.70     0  01:45      0.67    0.07    0.24
  HS02004788HS02004792 CONDUIT     66.20     0  01:45      0.82    0.04    0.12
  HS02004785HS02004788 CONDUIT     49.21     0  01:37      0.50    0.37    0.14
  HS02004777HS02004785 CONDUIT     49.09     0  01:36      0.26    0.06    0.27
  HS02004480HS02004478 CONDUIT    148.09     0  01:45      0.95    0.62    0.22
  HS02004479HS02004480 CONDUIT     23.44     0  01:49      0.35    0.02    0.30
  HS02004862HS02004870 CONDUIT     21.72     0  01:49      0.48    0.02    0.06
  HS02004848HS02004852 CONDUIT      9.08     0  01:48      0.32    0.01    0.04
  HS02004856HS02004862 CONDUIT     14.59     0  01:48      0.35    0.01    0.06
  HS02004852HS02004856 CONDUIT      9.06     0  01:50      0.14    0.01    0.10
  HS02004802HS02004478 CONDUIT     57.80     0  01:51      0.33    0.05    0.26
  HS02004478WS02006287 CONDUIT    204.86     0  01:47      1.32    0.06    0.17
  HS02004817HS02004807 CONDUIT     44.26     0  01:53      0.12    0.03    0.52
  HS02004807HS02004802 CONDUIT     57.58     0  01:51      0.27    0.11    0.30
  YS02001759YS02001757 CONDUIT    369.57     0  02:35      0.47    0.26    1.00
  YS02001762YS02001759 CONDUIT    202.22     0  02:35      0.26    0.23    1.00
  YS02001765YS02001762 CONDUIT    197.93     0  02:35      0.31    0.19    1.00
  YS02001770YS02001767 CONDUIT    189.45     0  02:35      0.39    0.75    1.00
  YS02001774YS02001770 CONDUIT    262.14     0  03:17      0.33    0.17    1.00
  YS02001779YS02001774 CONDUIT    263.07     0  03:17      0.33    0.13    1.00
  YS02001649YS02001757 CONDUIT    577.10     0  02:48      0.73    0.35    1.00
  YS02001767YS02001765 CONDUIT    193.50     0  02:35      0.38    0.24    1.00
  YS02006561YS02001783 CONDUIT    630.15     0  03:02      2.12    0.33    0.58
  YS02001783YS02001784 CONDUIT    619.52     0  03:00      1.55    0.85    0.75
  YS02001784YS02001785 CONDUIT    619.09     0  03:01      1.66    1.44    0.70
  YS02001788YS02001790 CONDUIT    618.68     0  03:01      2.20    0.46    0.55
  YS02001790YS02001791 CONDUIT    623.96     0  03:01      2.64    0.68    0.48
  YS02001791YS02001793 CONDUIT    677.37     0  02:54      4.46    0.29    0.69
  YS02001910YS02001907 CONDUIT    223.82     0  03:00      0.49    0.13    0.91
  YS02001786YS02001788 CONDUIT    619.22     0  03:01      2.12    1.19    0.57
  YS02001915YS02001910 CONDUIT    222.57     0  02:55      0.62    0.11    0.71
  YS02001918YS02001915 CONDUIT     88.33     0  03:01      0.44    0.05    0.43
  YS02001923YS02001920 CONDUIT     70.58     0  03:01      0.60    0.03    0.23
  YS02001926YS02001923 CONDUIT     70.55     0  03:01      0.68    0.10    0.19
  YS02001929YS02001926 CONDUIT     70.62     0  03:01      0.73    0.03    0.18
  YS02001920YS02001918 CONDUIT     80.70     0  03:01      0.59    0.08    0.29
  YS02001629YS02163301 CONDUIT    160.13     0  02:36      0.20    0.20    1.00
  YS02001619YS02001622 CONDUIT    149.54     0  02:28      0.63    0.22    1.00
  YS02001622YS02001625 CONDUIT    176.30     0  02:27      0.42    0.09    1.00
  YS02001625YS02001629 CONDUIT    176.09     0  02:27      0.25    0.08    1.00
  YS02163301YS02001633 CONDUIT    159.37     0  02:36      0.20    0.15    1.00
  YS02163601YS02164001 CONDUIT    291.92     0  02:36      0.37    0.26    1.00
  YS02164001YS02001641 CONDUIT    297.41     0  02:42      0.38    0.41    1.00
  YS02001641YS02001644 CONDUIT    300.26     0  02:42      0.38    0.97    1.00
  YS02001647YS02001649 CONDUIT    459.59     0  03:14      0.59    0.24    1.00
  YS02006553YS02006556 CONDUIT    438.99     0  03:00      0.56    0.38    0.99
  YS02006556YS02006558 CONDUIT    469.92     0  03:01      0.60    0.37    1.00
  YSB6556YSB1171       CONDUIT     13.32     0  01:48      0.09    0.01    0.57
  YS02001907YS02006553 CONDUIT    441.44     0  03:02      0.49    0.52    1.00
  YS02006558YS02006561 CONDUIT    670.04     0  03:01      3.09    1.48    0.74
  YS02001633YS02163601 CONDUIT    292.23     0  02:36      0.37    0.31    1.00
  YS02001644YS02001647 CONDUIT    460.96     0  03:14      0.59    0.27    1.00
  YS02001745YS02001748 CONDUIT    382.46     0  02:35      1.46    0.15    0.94
  YS02001748YS02001751 CONDUIT    311.53     0  02:25      1.08    0.16    1.00
  YS02001751YS02001754 CONDUIT    189.32     0  02:23      0.95    0.09    1.00
  YS02001754YS02001757 CONDUIT    190.07     0  02:23      0.33    0.08    1.00
  YS02001882YS02001884 CONDUIT     11.78     0  02:28      0.15    0.01    0.65
  YS02001884YS02001887 CONDUIT     19.61     0  02:28      0.11    0.03    0.74
  YS02001890YS02001895 CONDUIT    228.18     0  03:01      0.39    0.11    0.71
  YS02001895YS02001898 CONDUIT    224.48     0  03:01      0.55    0.39    0.57
  YS02001898YS02001901 CONDUIT    227.48     0  02:57      0.43    0.15    0.65
  YS02001901YS02001904 CONDUIT    227.61     0  02:50      0.40    0.35    0.70
  YS02001904YS02001907 CONDUIT    233.25     0  02:55      0.33    0.08    0.85
  YS02001887YS02001890 CONDUIT    226.21     0  02:56      0.34    0.39    0.79
  YS02001652YS02001649 CONDUIT    217.31     0  02:52      0.68    0.11    1.00
  YS02001655YS02001652 CONDUIT    214.51     0  02:52      1.03    0.10    1.00
  YS02001658YS02001655 CONDUIT    262.50     0  02:23      1.26    0.11    1.00
  YS02001661YS02001658 CONDUIT    527.32     0  02:35      1.53    0.21    1.00
  YS02001664YS02001661 CONDUIT    563.44     0  02:52      1.36    0.18    0.72
  YSB1154YSB6556       CONDUIT     13.26     0  01:46      0.16    0.02    0.46
  YSB1174YSB1171       CONDUIT     11.00     0  01:31      0.06    0.02    0.58
  YSB1171HS02004479    CONDUIT     23.31     0  01:48      0.54    0.02    0.44
  HS02004881HS02006253 CONDUIT     40.49     0  01:48      1.69    0.01    0.03
  YS02001793JiankangQianchi CONDUIT   1013.70     0  01:56      1.81    0.08    1.00
  YS02001757CaochengTiaoxuchi CONDUIT   1044.43     0  02:46      1.44    0.46    1.00
  WSF200WS02003060     CONDUIT    482.60     0  02:08      1.58    0.11    0.31
  1                    CONDUIT    792.93     0  02:13      3.12    0.28    0.36
  CC-Pump-1            PUMP         0.00     0  00:00              0.00
  CC-Pump-2            PUMP         0.00     0  00:00              0.00
  JK-Pump-1            PUMP       300.00     0  01:39              1.00
  JK-Pump-2            PUMP       683.00     0  02:00              1.00
  XR-Pump-1            PUMP        95.00     0  00:00              1.00
  XR-Pump-2            PUMP        95.00     0  00:25              1.00
  XR-Pump-3            PUMP        95.00     0  01:27              1.00
  XR-Pump-4            PUMP         0.00     0  00:00              0.00
  
  
  ***************************
  Flow Classification Summary
  ***************************
  
  -------------------------------------------------------------------------------------
                      Adjusted    ---------- Fraction of Time in Flow Class ---------- 
                       /Actual         Up    Down  Sub   Sup   Up    Down  Norm  Inlet 
  Conduit               Length    Dry  Dry   Dry   Crit  Crit  Crit  Crit  Ltd   Ctrl  
  -------------------------------------------------------------------------------------
  WS02003066WSF200        1.00   0.16  0.00  0.00  0.00  0.84  0.00  0.00  0.74  0.00
  WS02006287WS02006284    1.00   0.06  0.03  0.00  0.44  0.47  0.00  0.00  0.78  0.00
  WS02006284WS02006280    1.00   0.08  0.00  0.00  0.00  0.00  0.00  0.92  0.00  0.00
  WS02006280WS02006229    1.00   0.08  0.00  0.00  0.00  0.00  0.00  0.92  0.00  0.00
  WS02006229WS02006228    1.00   0.00  0.00  0.00  0.99  0.00  0.00  0.01  0.00  0.00
  WS02006256WS02006235    1.00   0.11  0.00  0.00  0.88  0.01  0.00  0.00  0.01  0.00
  WS02006253WS02006251    1.00   0.03  0.04  0.00  0.92  0.00  0.01  0.00  0.00  0.00
  WS02006252WS02006251    1.00   1.00  0.00  0.00  0.00  0.00  0.00  0.00  0.00  0.00
  WS02006251WS02006249    1.00   0.00  0.00  0.00  1.00  0.00  0.00  0.00  0.78  0.00
  WS02006249WS02006248    1.00   0.00  0.01  0.00  0.60  0.00  0.39  0.00  0.00  0.00
  WS02006248WS02006247    1.00   0.01  0.00  0.00  0.96  0.00  0.00  0.03  0.37  0.00
  WS02006247WS02006245    1.00   0.01  0.00  0.00  0.93  0.00  0.00  0.06  0.00  0.00
  WS02006245WS02006243    1.00   0.02  0.00  0.00  0.90  0.00  0.00  0.09  0.01  0.00
  WS02006243WS02006242    1.00   0.02  0.00  0.00  0.90  0.00  0.00  0.08  0.26  0.00
  WS02006242WS02006240    1.00   0.03  0.06  0.00  0.89  0.00  0.02  0.00  0.00  0.00
  WS02006240WS02006239    1.00   0.09  0.00  0.00  0.87  0.00  0.00  0.04  0.04  0.00
  WS02006239WS02006238    1.00   0.09  0.00  0.00  0.89  0.00  0.00  0.02  0.00  0.00
  WS02006238WS02006235    1.00   0.10  0.01  0.00  0.89  0.00  0.00  0.00  0.00  0.00
  WS02006235WS02006234    1.00   0.11  0.00  0.00  0.86  0.00  0.03  0.00  0.00  0.00
  WS02006234WS02006232    1.00   0.11  0.00  0.00  0.89  0.00  0.00  0.00  0.01  0.00
  WS02006232WS02006231    1.00   0.11  0.00  0.00  0.89  0.00  0.00  0.00  0.00  0.00
  WS02006231WS02006230    1.00   0.10  0.00  0.00  0.43  0.00  0.47  0.00  0.00  0.00
  WS02006230WS02006229    1.00   0.00  0.00  0.00  0.98  0.00  0.00  0.02  0.01  0.00
  WS02006228WS02006109    1.00   0.00  0.00  0.00  1.00  0.00  0.00  0.00  0.01  0.00
  WS02006116WS02004401    1.00   0.06  0.00  0.00  0.94  0.00  0.00  0.00  0.00  0.00
  WS02006115WS02006116    1.00   0.06  0.00  0.00  0.89  0.00  0.00  0.05  0.00  0.00
  WS02006113WS02006111    1.00   0.03  0.00  0.00  0.02  0.95  0.00  0.00  0.32  0.00
  WS02006112WS02006115    1.00   0.04  0.02  0.00  0.94  0.00  0.00  0.00  0.00  0.00
  WS02006111WS02006112    1.00   0.04  0.00  0.00  0.95  0.00  0.00  0.01  0.92  0.00
  WS02006110WS02006113    1.00   0.01  0.03  0.00  0.97  0.00  0.00  0.00  0.00  0.00
  WS02006109WS02006110    1.00   0.00  0.01  0.00  0.99  0.00  0.01  0.00  0.00  0.00
  WS02004411WS02004412    1.00   0.13  0.00  0.00  0.87  0.00  0.00  0.00  0.00  0.00
  WS02004401WS02004402    1.00   0.06  0.00  0.00  0.94  0.00  0.00  0.00  0.04  0.00
  WS02004413WS02003067    1.00   0.13  0.02  0.00  0.00  0.00  0.85  0.00  0.00  0.00
  WS02004412WS02004413    1.00   0.13  0.00  0.00  0.87  0.00  0.00  0.00  0.00  0.00
  WS02004410WS02004411    1.00   0.12  0.00  0.00  0.88  0.00  0.00  0.00  0.00  0.00
  WS02004409WS02004410    1.00   0.12  0.00  0.00  0.88  0.00  0.00  0.00  0.00  0.00
  WS02004407WS02004409    1.00   0.12  0.00  0.00  0.86  0.01  0.00  0.00  0.80  0.00
  WS02004406WS02004407    1.00   0.00  0.12  0.00  0.88  0.00  0.00  0.00  0.00  0.00
  WS02004405WS02004406    1.00   0.00  0.00  0.00  1.00  0.00  0.00  0.00  0.04  0.00
  WS02004404WS02004405    1.00   0.00  0.00  0.00  1.00  0.00  0.00  0.00  0.03  0.00
  WS02004403WS02004404    1.00   0.00  0.06  0.00  0.94  0.00  0.00  0.00  0.04  0.00
  WS02004402WS02004403    1.00   0.06  0.00  0.00  0.94  0.00  0.00  0.00  0.00  0.00
  WS02004139WS02001211    1.00   0.00  0.00  0.00  1.00  0.00  0.00  0.00  0.00  0.00
  WS02004138WS02004139    1.00   0.00  0.00  0.00  0.99  0.00  0.00  0.00  1.00  0.00
  WS02003067WS02003066    1.00   0.15  0.01  0.00  0.85  0.00  0.00  0.00  0.00  0.00
  WS02001213WS02003059    1.00   0.00  0.00  0.00  1.00  0.00  0.00  0.00  0.00  0.00
  WS02001212WS02001213    1.00   0.00  0.00  0.00  0.58  0.00  0.41  0.00  0.00  0.00
  WS02001211WS02001212    1.00   0.00  0.00  0.00  1.00  0.00  0.00  0.00  0.00  0.00
  WS02003072WS02003073    1.00   0.00  0.00  0.00  0.00  0.00  0.00  1.00  0.00  0.00
  WS02003069WS02003072    1.00   0.00  0.00  0.00  1.00  0.00  0.00  0.00  0.22  0.00
  WS02003060WS02003069    1.00   0.00  0.00  0.00  0.99  0.01  0.00  0.00  0.14  0.00
  WS02003059WS02003060    1.00   0.00  0.00  0.00  1.00  0.00  0.00  0.00  0.02  0.00
  HS02004901HS02004770    1.00   0.07  0.00  0.00  0.93  0.00  0.00  0.00  0.00  0.00
  HS02004876HS02004881    1.00   0.01  0.00  0.00  0.99  0.00  0.00  0.00  0.00  0.00
  HS02004870HS02004876    1.00   0.00  0.00  0.00  0.99  0.00  0.00  0.00  0.95  0.00
  HS02004842HS02004848    1.00   0.00  0.07  0.00  0.93  0.00  0.00  0.00  0.58  0.00
  HS02004837HS02004842    1.00   0.00  0.00  0.00  1.00  0.00  0.00  0.00  0.11  0.00
  HS02004830HS02004837    1.00   0.00  0.00  0.00  1.00  0.00  0.00  0.00  0.99  0.00
  HS02004824HS02004830    1.00   0.00  0.00  0.00  1.00  0.00  0.00  0.00  0.00  0.00
  HS02004817HS02004824    1.00   0.00  0.00  0.00  1.00  0.00  0.00  0.00  1.00  0.00
  HS02004770HS02004777    1.00   0.00  0.07  0.00  0.93  0.00  0.00  0.00  0.02  0.00
  HS02004799HS02004480    1.00   0.00  0.02  0.00  0.92  0.00  0.06  0.00  0.00  0.00
  HS02004792HS02004799    1.00   0.00  0.00  0.00  0.99  0.01  0.00  0.00  0.98  0.00
  HS02004788HS02004792    1.00   0.00  0.00  0.00  1.00  0.00  0.00  0.00  0.98  0.00
  HS02004785HS02004788    1.00   0.00  0.00  0.00  1.00  0.00  0.00  0.00  0.00  0.00
  HS02004777HS02004785    1.00   0.00  0.00  0.00  1.00  0.00  0.00  0.00  0.11  0.00
  HS02004480HS02004478    1.00   0.07  0.00  0.00  0.47  0.00  0.00  0.45  0.00  0.00
  HS02004479HS02004480    1.00   0.02  0.00  0.00  0.98  0.00  0.00  0.00  0.11  0.00
  HS02004862HS02004870    1.00   0.00  0.00  0.00  1.00  0.00  0.00  0.00  0.03  0.00
  HS02004848HS02004852    1.00   0.07  0.00  0.00  0.93  0.00  0.00  0.00  0.78  0.00
  HS02004856HS02004862    1.00   0.00  0.09  0.00  0.91  0.00  0.00  0.00  0.84  0.00
  HS02004852HS02004856    1.00   0.07  0.00  0.00  0.92  0.00  0.00  0.00  0.86  0.00
  HS02004802HS02004478    1.00   0.07  0.00  0.00  0.92  0.00  0.00  0.00  0.02  0.00
  HS02004478WS02006287    1.00   0.08  0.00  0.00  0.68  0.24  0.00  0.00  0.77  0.00
  HS02004817HS02004807    1.00   0.00  0.07  0.00  0.93  0.00  0.00  0.00  0.01  0.00
  HS02004807HS02004802    1.00   0.07  0.00  0.00  0.92  0.00  0.00  0.01  0.00  0.00
  YS02001759YS02001757    1.00   0.00  0.00  0.00  1.00  0.00  0.00  0.00  0.15  0.00
  YS02001762YS02001759    1.00   0.00  0.00  0.00  1.00  0.00  0.00  0.00  0.02  0.00
  YS02001765YS02001762    1.00   0.00  0.00  0.00  1.00  0.00  0.00  0.00  0.13  0.00
  YS02001770YS02001767    1.00   0.00  0.00  0.00  1.00  0.00  0.00  0.00  0.00  0.00
  YS02001774YS02001770    1.00   0.00  0.07  0.00  0.93  0.00  0.00  0.00  0.02  0.00
  YS02001779YS02001774    1.00   0.00  0.00  0.00  1.00  0.00  0.00  0.00  0.17  0.00
  YS02001649YS02001757    1.00   0.00  0.00  0.00  1.00  0.00  0.00  0.00  0.15  0.00
  YS02001767YS02001765    1.00   0.00  0.00  0.00  1.00  0.00  0.00  0.00  0.00  0.00
  YS02006561YS02001783    1.00   0.10  0.00  0.00  0.00  0.90  0.00  0.00  0.60  0.00
  YS02001783YS02001784    1.00   0.00  0.10  0.00  0.90  0.00  0.00  0.00  0.00  0.00
  YS02001784YS02001785    1.00   0.00  0.00  0.00  1.00  0.00  0.00  0.00  0.16  0.00
  YS02001788YS02001790    1.00   0.00  0.00  0.00  0.11  0.89  0.00  0.00  0.56  0.00
  YS02001790YS02001791    1.00   0.00  0.00  0.00  0.01  0.99  0.00  0.00  0.76  0.00
  YS02001791YS02001793    1.00   0.00  0.00  0.00  0.37  0.63  0.00  0.00  0.44  0.00
  YS02001910YS02001907    1.00   0.00  0.00  0.00  0.98  0.00  0.00  0.01  0.12  0.00
  YS02001786YS02001788    1.00   0.00  0.00  0.00  0.11  0.89  0.00  0.00  0.00  0.00
  YS02001915YS02001910    1.00   0.00  0.00  0.00  0.98  0.02  0.00  0.00  0.13  0.00
  YS02001918YS02001915    1.00   0.00  0.00  0.00  0.99  0.01  0.00  0.00  0.64  0.00
  YS02001923YS02001920    1.00   0.00  0.00  0.00  1.00  0.00  0.00  0.00  1.00  0.00
  YS02001926YS02001923    1.00   0.00  0.04  0.00  0.00  0.00  0.96  0.00  0.00  0.00
  YS02001929YS02001926    1.00   0.00  0.07  0.00  0.93  0.00  0.00  0.00  0.87  0.00
  YS02001920YS02001918    1.00   0.00  0.00  0.00  1.00  0.00  0.00  0.00  0.00  0.00
  YS02001629YS02163301    1.00   0.08  0.01  0.00  0.91  0.00  0.00  0.00  0.00  0.00
  YS02001619YS02001622    1.00   0.07  0.00  0.00  0.93  0.00  0.00  0.00  0.00  0.00
  YS02001622YS02001625    1.00   0.07  0.00  0.00  0.93  0.00  0.00  0.00  0.03  0.00
  YS02001625YS02001629    1.00   0.07  0.03  0.00  0.87  0.00  0.04  0.00  0.00  0.00
  YS02163301YS02001633    1.00   0.00  0.08  0.00  0.92  0.00  0.00  0.00  0.00  0.00
  YS02163601YS02164001    1.00   0.00  0.04  0.00  0.96  0.00  0.00  0.00  0.00  0.00
  YS02164001YS02001641    1.00   0.00  0.04  0.00  0.95  0.00  0.00  0.00  0.05  0.00
  YS02001641YS02001644    1.00   0.00  0.00  0.00  1.00  0.00  0.00  0.00  0.00  0.00
  YS02001647YS02001649    1.00   0.00  0.09  0.00  0.91  0.00  0.00  0.00  0.01  0.00
  YS02006553YS02006556    1.00   0.01  0.00  0.00  0.99  0.00  0.00  0.00  0.03  0.00
  YS02006556YS02006558    1.00   0.00  0.00  0.00  1.00  0.00  0.00  0.00  0.00  0.00
  YSB6556YSB1171          1.00   0.02  0.05  0.00  0.93  0.00  0.00  0.00  0.00  0.00
  YS02001907YS02006553    1.00   0.00  0.01  0.00  0.99  0.00  0.00  0.00  0.00  0.00
  YS02006558YS02006561    1.00   0.10  0.00  0.00  0.00  0.90  0.00  0.00  0.66  0.00
  YS02001633YS02163601    1.00   0.00  0.00  0.00  1.00  0.00  0.00  0.00  0.14  0.00
  YS02001644YS02001647    1.00   0.00  0.09  0.00  0.91  0.00  0.00  0.00  0.00  0.00
  YS02001745YS02001748    1.00   0.00  0.00  0.00  0.82  0.01  0.00  0.17  0.05  0.00
  YS02001748YS02001751    1.00   0.00  0.00  0.00  0.94  0.06  0.00  0.00  0.14  0.00
  YS02001751YS02001754    1.00   0.00  0.00  0.00  0.89  0.00  0.00  0.11  0.02  0.00
  YS02001754YS02001757    1.00   0.00  0.00  0.00  1.00  0.00  0.00  0.00  0.17  0.00
  YS02001882YS02001884    1.00   0.08  0.00  0.00  0.92  0.00  0.00  0.00  0.00  0.00
  YS02001884YS02001887    1.00   0.03  0.03  0.00  0.94  0.00  0.00  0.00  0.00  0.00
  YS02001890YS02001895    1.00   0.00  0.08  0.00  0.92  0.00  0.00  0.00  0.00  0.00
  YS02001895YS02001898    1.00   0.08  0.00  0.00  0.90  0.00  0.02  0.00  0.00  0.00
  YS02001898YS02001901    1.00   0.09  0.00  0.00  0.91  0.00  0.00  0.00  0.01  0.00
  YS02001901YS02001904    1.00   0.09  0.00  0.00  0.91  0.00  0.00  0.00  0.00  0.00
  YS02001904YS02001907    1.00   0.00  0.08  0.00  0.91  0.00  0.00  0.00  0.00  0.00
  YS02001887YS02001890    1.00   0.00  0.00  0.00  0.98  0.00  0.02  0.00  0.00  0.00
  YS02001652YS02001649    1.00   0.00  0.00  0.00  0.99  0.01  0.00  0.00  0.15  0.00
  YS02001655YS02001652    1.00   0.00  0.00  0.00  0.89  0.00  0.00  0.11  0.02  0.00
  YS02001658YS02001655    1.00   0.00  0.08  0.00  0.87  0.06  0.00  0.00  0.06  0.00
  YS02001661YS02001658    1.00   0.08  0.00  0.00  0.82  0.10  0.00  0.00  0.08  0.00
  YS02001664YS02001661    1.00   0.07  0.00  0.00  0.81  0.12  0.00  0.00  0.20  0.00
  YSB1154YSB6556          1.00   0.07  0.00  0.00  0.93  0.00  0.00  0.00  0.01  0.00
  YSB1174YSB1171          1.00   0.03  0.02  0.00  0.95  0.00  0.00  0.00  0.00  0.00
  YSB1171HS02004479       1.00   0.02  0.00  0.00  0.97  0.00  0.00  0.01  0.10  0.00
  HS02004881HS02006253    1.00   0.03  0.00  0.00  0.00  0.00  0.00  0.97  0.00  0.00
  YS02001793JiankangQianchi    1.00   0.00  0.00  0.00  1.00  0.00  0.00  0.00  0.48  0.00
  YS02001757CaochengTiaoxuchi    1.00   0.00  0.13  0.00  0.87  0.00  0.00  0.00  0.00  0.00
  WSF200WS02003060        1.00   0.00  0.16  0.00  0.84  0.00  0.00  0.00  0.55  0.00
  1                       1.00   0.00  0.00  0.00  0.00  1.00  0.00  0.00  0.35  0.00
  
  
  *************************
  Conduit Surcharge Summary
  *************************
  
  ----------------------------------------------------------------------------
                                                           Hours        Hours 
                         --------- Hours Full --------   Above Full   Capacity
  Conduit                Both Ends  Upstream  Dnstream   Normal Flow   Limited
  ----------------------------------------------------------------------------
  WS02006229WS02006228        1.40      1.43      1.40      2.07         1.40
  WS02006256WS02006235        4.92      4.97      6.43      4.41         0.01
  WS02006235WS02006234        0.01      0.01      0.01      4.61         0.01
  WS02006231WS02006230        0.01      0.01      0.01      5.27         0.01
  WS02006230WS02006229        1.62      1.81      1.62      5.88         1.62
  WS02006228WS02006109        1.42      1.52      1.42      3.35         1.42
  WS02006112WS02006115        0.01      0.01      0.44      0.01         0.01
  WS02006111WS02006112        0.01      0.01      2.89      0.01         0.01
  WS02006110WS02006113        0.01      0.01      1.48      0.01         0.01
  WS02006109WS02006110        0.01      0.01      1.52      0.01         0.01
  WS02004404WS02004405        0.01      0.01      0.01      5.58         0.01
  WS02003072WS02003073        0.01      0.01      0.01      4.18         0.01
  YS02001759YS02001757        6.14      6.14      6.23      0.01         0.01
  YS02001762YS02001759        6.12      6.12      6.14      0.01         0.01
  YS02001765YS02001762        6.07      6.07      6.12      0.01         0.01
  YS02001770YS02001767        6.04      6.04      6.05      0.01         0.59
  YS02001774YS02001770        6.02      6.02      6.11      0.01         0.01
  YS02001779YS02001774        5.81      5.81      6.11      0.01         0.01
  YS02001649YS02001757        6.12      6.12      6.23      0.01         0.01
  YS02001767YS02001765        6.05      6.05      6.07      0.01         0.01
  YS02001784YS02001785        0.01      0.01      0.01      1.49         0.01
  YS02001791YS02001793        0.01      0.01      0.33      0.01         0.01
  YS02001910YS02001907        0.01      0.01      0.54      0.01         0.01
  YS02001786YS02001788        0.01      0.01      0.01      0.93         0.01
  YS02001629YS02163301        6.01      6.01      6.04      0.01         0.01
  YS02001619YS02001622        5.46      5.46      5.52      0.01         0.01
  YS02001622YS02001625        5.52      5.52      5.95      0.01         0.01
  YS02001625YS02001629        5.49      5.49      5.95      0.01         0.01
  YS02163301YS02001633        6.04      6.04      6.08      0.01         0.01
  YS02163601YS02164001        6.07      6.07      6.12      0.01         0.01
  YS02164001YS02001641        6.07      6.07      6.09      0.01         0.01
  YS02001641YS02001644        6.09      6.09      6.09      0.01         0.71
  YS02001647YS02001649        5.93      5.93      6.12      0.01         0.01
  YS02006553YS02006556        0.01      0.01      0.82      0.01         0.01
  YS02006556YS02006558        0.04      0.04      0.95      0.01         0.01
  YS02001907YS02006553        1.55      1.55      1.81      0.01         0.01
  YS02006558YS02006561        0.01      0.01      0.01      1.30         0.01
  YS02001633YS02163601        6.07      6.07      6.12      0.01         0.01
  YS02001644YS02001647        5.93      5.93      6.09      0.01         0.01
  YS02001745YS02001748        0.01      0.01      5.27      0.01         0.01
  YS02001748YS02001751        5.33      5.33      5.51      0.01         0.01
  YS02001751YS02001754        5.51      5.51      5.83      0.01         0.01
  YS02001754YS02001757        5.91      5.91      6.23      0.01         0.01
  YS02001904YS02001907        0.01      0.01      0.85      0.01         0.01
  YS02001652YS02001649        5.94      5.94      6.12      0.01         0.01
  YS02001655YS02001652        5.53      5.53      5.90      0.01         0.01
  YS02001658YS02001655        5.29      5.29      5.53      0.01         0.01
  YS02001661YS02001658        0.04      0.04      5.29      0.01         0.01
  YS02001664YS02001661        0.01      0.01      0.27      0.01         0.01
  YS02001793JiankangQianchi        0.01      0.01      7.98      0.01         0.01
  YS02001757CaochengTiaoxuchi        5.28      5.28      6.23      0.01         0.01
  
  
  ***************
  Pumping Summary
  ***************
  
  ---------------------------------------------------------------------------------------------------------
                                                  Min       Avg       Max     Total     Power    % Time Off
                        Percent   Number of      Flow      Flow      Flow    Volume     Usage    Pump Curve
  Pump                 Utilized   Start-Ups       LPS       LPS       LPS  10^6 ltr     Kw-hr    Low   High
  ---------------------------------------------------------------------------------------------------------
  CC-Pump-1                0.00           0      0.00      0.00      0.00     0.000      0.00    0.0    0.0
  CC-Pump-2                0.00           0      0.00      0.00      0.00     0.000      0.00    0.0    0.0
  JK-Pump-1               54.90          10      0.00    300.00    300.00     4.743     52.77    0.0    0.0
  JK-Pump-2                7.30          37      0.00    683.00    683.00     1.436     14.78    0.0  100.0
  XR-Pump-1              100.00           1      0.00     95.00     95.00     2.736     15.16    0.0    0.0
  XR-Pump-2               94.81           1      0.00     95.00     95.00     2.594     13.73    0.0    0.0
  XR-Pump-3               81.68           1      0.00     95.00     95.00     2.235     10.92    0.0    0.0
  XR-Pump-4                0.00           0      0.00      0.00      0.00     0.000      0.00    0.0    0.0
  
  
  ***************************
  Link Pollutant Load Summary
  ***************************
  
  ------------------------------------------------------------------------------------------
                                 COD            SS            TN            TP         NH4-N
  Link                            kg            kg            kg            kg            kg
  ------------------------------------------------------------------------------------------
  WS02003066WSF200           485.081       847.561        15.609         1.490         8.579
  WS02006287WS02006284       164.596       289.882         7.464         0.813         4.333
  WS02006284WS02006280       165.128       290.737         7.514         0.819         4.364
  WS02006280WS02006229       165.099       290.691         7.511         0.818         4.362
  WS02006229WS02006228       487.905       850.438        15.696         1.495         8.624
  WS02006256WS02006235       302.723       521.482         7.779         0.649         4.069
  WS02006253WS02006251        23.426        43.640         0.566         0.044         0.286
  WS02006252WS02006251         0.000         0.000         0.000         0.000         0.000
  WS02006251WS02006249        24.037        44.643         0.620         0.051         0.319
  WS02006249WS02006248        24.003        44.556         0.621         0.051         0.320
  WS02006248WS02006247        24.467        45.348         0.637         0.052         0.329
  WS02006247WS02006245        25.971        47.777         0.698         0.058         0.363
  WS02006245WS02006243        28.087        51.268         0.767         0.065         0.401
  WS02006243WS02006242        32.439        58.403         0.887         0.075         0.464
  WS02006242WS02006240        40.110        70.810         1.111         0.094         0.583
  WS02006240WS02006239        47.279        82.332         1.344         0.115         0.711
  WS02006239WS02006238        54.686        94.105         1.598         0.139         0.851
  WS02006238WS02006235        59.080       100.965         1.753         0.154         0.937
  WS02006235WS02006234       324.110       561.762         8.262         0.685         4.308
  WS02006234WS02006232       324.349       562.203         8.269         0.686         4.312
  WS02006232WS02006231       323.846       561.354         8.250         0.684         4.301
  WS02006231WS02006230       323.925       561.453         8.254         0.684         4.303
  WS02006230WS02006229       323.704       561.187         8.239         0.683         4.295
  WS02006228WS02006109       487.091       849.204        15.639         1.488         8.589
  WS02006116WS02004401       495.640       864.101        16.240         1.562         8.957
  WS02006115WS02006116       496.375       865.195        16.289         1.567         8.987
  WS02006113WS02006111       493.849       860.078        16.339         1.576         9.029
  WS02006112WS02006115       497.197       866.515        16.341         1.573         9.018
  WS02006111WS02006112       493.671       859.849        16.327         1.575         9.022
  WS02006110WS02006113       494.126       860.525        16.358         1.579         9.041
  WS02006109WS02006110       495.060       862.019        16.428         1.587         9.083
  WS02004411WS02004412       487.992       852.206        15.787         1.511         8.686
  WS02004401WS02004402       494.579       862.408        16.174         1.554         8.917
  WS02004413WS02003067       485.747       848.594        15.648         1.494         8.603
  WS02004412WS02004413       487.004       850.664        15.727         1.504         8.650
  WS02004410WS02004411       488.725       853.339        15.832         1.516         8.713
  WS02004409WS02004410       489.378       854.357        15.873         1.520         8.738
  WS02004407WS02004409       489.917       855.170        15.907         1.524         8.758
  WS02004406WS02004407       490.127       855.458        15.921         1.526         8.767
  WS02004405WS02004406       492.201       858.783        16.065         1.543         8.855
  WS02004404WS02004405       492.893       859.775        16.103         1.547         8.877
  WS02004403WS02004404       492.559       859.219        16.045         1.539         8.839
  WS02004402WS02004403       493.541       860.789        16.106         1.546         8.877
  WS02004139WS02001211      1189.823      1922.170       106.634        13.193        66.244
  WS02004138WS02004139      1195.106      1930.727       107.093        13.250        66.529
  WS02003067WS02003066       485.171       847.700        15.616         1.491         8.583
  WS02001213WS02003059      1225.861      1979.606       110.197        13.640        68.476
  WS02001212WS02001213      1232.912      1991.011       110.818        13.717        68.861
  WS02001211WS02001212      1235.215      1994.711       111.032        13.743        68.995
  WS02003072WS02003073      1813.921      2991.836       135.818        16.384        83.319
  WS02003069WS02003072      1818.805      2999.657       136.274        16.441        83.603
  WS02003060WS02003069      1820.506      3002.406       136.402        16.456        83.681
  WS02003059WS02003060      1223.045      1975.038       109.956        13.610        68.327
  HS02004901HS02004770         5.096         9.258         0.099         0.007         0.046
  HS02004876HS02004881        19.761        36.712         0.502         0.040         0.255
  HS02004870HS02004876        15.003        27.766         0.419         0.034         0.217
  HS02004842HS02004848         3.068         5.510         0.067         0.004         0.030
  HS02004837HS02004842         7.710        12.897         0.537         0.064         0.326
  HS02004830HS02004837        55.973        92.681         4.450         0.543         2.747
  HS02004824HS02004830        56.746        93.919         4.524         0.553         2.793
  HS02004817HS02004824        68.268       115.598         4.773         0.568         2.915
  HS02004770HS02004777        19.684        36.146         0.425         0.028         0.193
  HS02004799HS02004480        72.969       129.341         2.579         0.257         1.420
  HS02004792HS02004799        66.745       117.272         2.511         0.256         1.396
  HS02004788HS02004792        41.026        72.024         1.866         0.200         1.069
  HS02004785HS02004788        21.124        38.440         0.575         0.047         0.288
  HS02004777HS02004785        20.434        37.334         0.512         0.039         0.249
  HS02004480HS02004478        90.491       162.213         2.836         0.273         1.534
  HS02004479HS02004480        21.124        38.656         0.570         0.054         0.308
  HS02004862HS02004870        11.135        20.212         0.342         0.030         0.180
  HS02004848HS02004852         3.707         6.689         0.080         0.005         0.036
  HS02004856HS02004862         6.891        12.823         0.143         0.009         0.066
  HS02004852HS02004856         3.719         6.709         0.080         0.005         0.037
  HS02004802HS02004478        75.033       129.180         4.696         0.548         2.840
  HS02004478WS02006287       164.794       290.201         7.483         0.815         4.345
  HS02004817HS02004807        66.932       113.474         4.639         0.551         2.831
  HS02004807HS02004802        75.224       129.475         4.727         0.552         2.861
  YS02001759YS02001757       208.970       364.704         4.410         0.306         2.173
  YS02001762YS02001759       103.102       181.168         2.372         0.170         1.192
  YS02001765YS02001762       103.072       181.358         2.397         0.173         1.207
  YS02001770YS02001767       101.445       179.261         2.140         0.138         1.041
  YS02001774YS02001770        45.788        82.048         0.951         0.061         0.462
  YS02001779YS02001774        45.231        80.893         1.058         0.078         0.535
  YS02001649YS02001757       294.372       504.149         6.252         0.435         3.037
  YS02001767YS02001765       103.511       182.316         2.426         0.176         1.224
  YS02006561YS02001783       502.385       874.082        11.843         0.936         6.059
  YS02001783YS02001784       502.292       873.947        11.838         0.936         6.056
  YS02001784YS02001785       509.799       885.977        12.566         1.027         6.511
  YS02001788YS02001790       510.469       887.077        12.640         1.036         6.558
  YS02001790YS02001791       511.472       888.695        12.740         1.049         6.621
  YS02001791YS02001793       511.453       888.683        12.739         1.049         6.621
  YS02001910YS02001907       170.832       292.858         5.186         0.447         2.791
  YS02001786YS02001788       510.030       886.360        12.595         1.030         6.530
  YS02001915YS02001910       170.846       292.843         5.148         0.442         2.766
  YS02001918YS02001915        84.038       137.894         3.274         0.338         1.871
  YS02001923YS02001920        63.678       105.363         1.287         0.089         0.628
  YS02001926YS02001923        63.320       104.792         1.248         0.084         0.604
  YS02001929YS02001926        63.066       104.373         1.216         0.080         0.583
  YS02001920YS02001918        84.019       137.912         3.247         0.334         1.853
  YS02001629YS02163301        68.321       116.473         1.473         0.093         0.683
  YS02001619YS02001622        71.468       121.356         1.548         0.098         0.717
  YS02001622YS02001625        70.463       119.816         1.524         0.096         0.706
  YS02001625YS02001629        69.316       118.104         1.495         0.094         0.693
  YS02163301YS02001633        68.299       116.451         1.470         0.093         0.682
  YS02163601YS02164001       191.558       324.810         3.958         0.277         1.895
  YS02164001YS02001641       191.213       324.249         3.940         0.275         1.885
  YS02001641YS02001644       191.628       324.915         3.942         0.275         1.884
  YS02001647YS02001649       288.889       492.785         6.160         0.428         2.991
  YS02006553YS02006556       363.171       629.897         8.840         0.721         4.583
  YS02006556YS02006558       363.204       629.956         8.804         0.716         4.559
  YSB6556YSB1171              11.793        21.720         0.266         0.023         0.139
  YS02001907YS02006553       363.167       629.898         8.862         0.724         4.598
  YS02006558YS02006561       502.275       873.869        11.841         0.936         6.058
  YS02001633YS02163601       192.149       325.691         3.935         0.272         1.877
  YS02001644YS02001647       292.385       499.214         6.213         0.431         3.015
  YS02001745YS02001748       106.838       185.483         2.786         0.212         1.438
  YS02001748YS02001751       105.649       183.210         2.871         0.226         1.499
  YS02001751YS02001754       104.787       181.843         2.854         0.225         1.492
  YS02001754YS02001757       105.689       183.262         3.021         0.248         1.600
  YS02001882YS02001884         1.809         3.031         0.037         0.003         0.019
  YS02001884YS02001887         4.887         8.375         0.098         0.008         0.049
  YS02001890YS02001895       193.405       338.582         3.703         0.279         1.820
  YS02001895YS02001898       193.247       338.357         3.697         0.278         1.817
  YS02001898YS02001901       193.157       338.237         3.694         0.278         1.815
  YS02001901YS02001904       193.068       338.130         3.702         0.279         1.821
  YS02001904YS02001907       193.454       338.788         3.756         0.286         1.856
  YS02001887YS02001890       194.201       339.802         3.757         0.285         1.853
  YS02001652YS02001649        71.932       123.043         1.583         0.113         0.741
  YS02001655YS02001652        72.873       124.522         1.608         0.115         0.754
  YS02001658YS02001655        72.668       124.142         1.529         0.104         0.700
  YS02001661YS02001658        77.515       132.543         1.630         0.111         0.747
  YS02001664YS02001661        84.898       145.203         1.786         0.122         0.818
  YSB1154YSB6556              11.376        21.052         0.219         0.017         0.109
  YSB1174YSB1171               7.816        14.504         0.172         0.015         0.088
  YSB1171HS02004479           21.062        38.547         0.574         0.055         0.312
  HS02004881HS02006253        22.280        41.522         0.549         0.043         0.278
  YS02001793JiankangQianchi       518.644       900.741        12.984         1.072         6.757
  YS02001757CaochengTiaoxuchi       313.207       548.267         6.929         0.520         3.446
  WSF200WS02003060           484.663       846.912        15.586         1.487         8.565
  1                         1820.873      3002.846       136.593        16.483        83.808
  CC-Pump-1                    0.000         0.000         0.000         0.000         0.000
  CC-Pump-2                    0.000         0.000         0.000         0.000         0.000
  JK-Pump-1                  364.611       628.491         9.340         0.779         4.882
  JK-Pump-2                  134.782       241.486         2.899         0.220         1.454
  XR-Pump-1                  421.458       680.533        37.907         4.693        23.557
  XR-Pump-2                  414.418       669.268        37.231         4.608        23.134
  XR-Pump-3                  361.741       584.987        32.175         3.976        19.974
  XR-Pump-4                    0.000         0.000         0.000         0.000         0.000
  

  Analysis begun on:  Sat Jul 10 17:23:35 2021
  Analysis ended on:  Sat Jul 10 17:23:37 2021
  Total elapsed time: 00:00:02