
  EPA STORM WATER MANAGEMENT MODEL - VERSION 5.1 (Build 5.3.0.dev0)
  --------------------------------------------------------------

  WARNING 04: minimum elevation drop used for Conduit WS02004404WS02004405
  WARNING 03: negative offset ignored for Link YS02001904YS02001907
  
  *********************************************************
  NOTE: The summary statistics displayed in this report are
  based on results found at every computational time step,  
  not just on results from each reporting time step.
  *********************************************************
  
  ****************
  Analysis Options
  ****************
  Flow Units ............... LPS
  Process Models:
    Rainfall/Runoff ........ YES
    RDII ................... NO
    Snowmelt ............... NO
    Groundwater ............ NO
    Flow Routing ........... YES
    Ponding Allowed ........ NO
    Water Quality .......... YES
  Infiltration Method ...... HORTON
  Flow Routing Method ...... DYNWAVE
  Surcharge Method ......... EXTRAN
  Starting Date ............ 08/28/2015 08:00:00
  Ending Date .............. 08/28/2015 16:00:00
  Antecedent Dry Days ...... 8.0
  Report Time Step ......... 00:01:00
  Wet Time Step ............ 00:01:00
  Dry Time Step ............ 00:01:00
  Routing Time Step ........ 5.00 sec
  Variable Time Step ....... YES
  Maximum Trials ........... 8
  Number of Threads ........ 4
  Head Tolerance ........... 0.001500 m
  
  
  **************************        Volume         Depth
  Runoff Quantity Continuity     hectare-m            mm
  **************************     ---------       -------
  Total Precipitation ......         2.527         5.532
  Evaporation Loss .........         0.000         0.000
  Infiltration Loss ........         0.558         1.221
  Surface Runoff ...........         1.465         3.207
  Final Storage ............         0.505         1.105
  Continuity Error (%) .....        -0.020
  
  
  **************************           COD            SS            TN            TP         NH4-N
  Runoff Quality Continuity             kg            kg            kg            kg            kg
  **************************    ----------    ----------    ----------    ----------    ----------
  Initial Buildup ..........     41378.656     70582.865      1804.177       168.684      1032.807
  Surface Buildup ..........        12.859        16.699         2.516         0.233         1.488
  Wet Deposition ...........         0.000         0.000         0.000         0.000         0.000
  Sweeping Removal .........         0.000         0.000         0.000         0.000         0.000
  Infiltration Loss ........        25.249        43.642         0.507         0.034         0.237
  BMP Removal ..............         0.000         0.000         0.000         0.000         0.000
  Surface Runoff ...........       827.840      1392.536        16.928         1.090         7.970
  Remaining Buildup ........     40538.175     69162.966      1789.252       167.792      1026.085
  Continuity Error (%) .....         0.001         0.001         0.000         0.000         0.000
  
  
  **************************        Volume        Volume
  Flow Routing Continuity        hectare-m      10^6 ltr
  **************************     ---------     ---------
  Dry Weather Inflow .......         0.630         6.296
  Wet Weather Inflow .......         1.464        14.643
  Groundwater Inflow .......         0.000         0.000
  RDII Inflow ..............         0.000         0.000
  External Inflow ..........         0.105         1.045
  External Outflow .........         2.611        26.107
  Flooding Loss ............         0.283         2.827
  Evaporation Loss .........         0.000         0.000
  Exfiltration Loss ........         0.000         0.000
  Initial Stored Volume ....         0.076         0.761
  Final Stored Volume ......         0.088         0.879
  Continuity Error (%) .....       -31.074
  
  
  **************************           COD            SS            TN            TP         NH4-N
  Quality Routing Continuity            kg            kg            kg            kg            kg
  **************************    ----------    ----------    ----------    ----------    ----------
  Dry Weather Inflow .......      1573.993      2518.389       151.103        18.888        94.440
  Wet Weather Inflow .......       827.593      1392.158        16.922         1.090         7.968
  Groundwater Inflow .......         0.000         0.000         0.000         0.000         0.000
  RDII Inflow ..............         0.000         0.000         0.000         0.000         0.000
  External Inflow ..........       187.321       299.713        17.983         2.248        11.239
  External Outflow .........       850.276      1403.227        47.703         5.420        28.428
  Flooding Loss ............         0.000         0.000         0.000         0.000         0.000
  Exfiltration Loss ........         0.000         0.000         0.000         0.000         0.000
  Mass Reacted .............         0.000         0.000         0.000         0.000         0.000
  Initial Stored Mass ......         0.000         0.000         0.000         0.000         0.000
  Final Stored Mass ........        62.333        98.093         4.666         0.558         2.854
  Continuity Error (%) .....        64.749        64.341        71.846        73.106        72.475
  
  
  *************************
  Highest Continuity Errors
  *************************
  Node JK-storage (-89.82%)
  Node HS02004842 (24.55%)
  Node YS02001884 (20.61%)
  Node YS02001774 (14.37%)
  Node WS02003059 (10.64%)
  
  
  ***************************
  Time-Step Critical Elements
  ***************************
  Link WS02006252WS02006251 (47.37%)
  Link YS02001793JiankangQianchi (38.31%)
  Link WS02006280WS02006229 (5.06%)
  Link YS02164001YS02001641 (1.77%)
  Link YS02001649YS02001757 (1.28%)
  
  
  ********************************
  Highest Flow Instability Indexes
  ********************************
  Link WS02006113WS02006111 (21)
  Link YS02006558YS02006561 (13)
  Link YS02001754YS02001757 (5)
  Link YS02001652YS02001649 (5)
  Link YS02001649YS02001757 (5)
  
  
  *************************
  Routing Time Step Summary
  *************************
  Minimum Time Step           :     0.40 sec
  Average Time Step           :     1.56 sec
  Maximum Time Step           :     5.00 sec
  Percent in Steady State     :     0.00
  Average Iterations per Step :     2.11
  Percent Not Converging      :     0.15
  
  
  ***************************
  Subcatchment Runoff Summary
  ***************************
  
  ------------------------------------------------------------------------------------------------------------------------------
                            Total      Total      Total      Total     Imperv       Perv      Total       Total     Peak  Runoff
                           Precip      Runon       Evap      Infil     Runoff     Runoff     Runoff      Runoff   Runoff   Coeff
  Subcatchment                 mm         mm         mm         mm         mm         mm         mm    10^6 ltr      LPS
  ------------------------------------------------------------------------------------------------------------------------------
  sub0                       5.53       0.00       0.00       0.39       5.10       0.00       5.10        0.00     1.01   0.922
  sub1                       5.53       0.00       0.00       0.61       4.84       0.00       4.84        0.03     6.60   0.875
  sub2                       5.53       0.00       0.00       2.05       3.41       0.00       3.41        0.03     6.11   0.616
  sub3                       5.53       0.00       0.00       2.05       3.37       0.00       3.37        0.08    13.28   0.610
  sub4                       5.53       0.00       0.00       0.61       4.70       0.00       4.70        0.10    15.57   0.850
  sub5                       5.53       0.00       0.00       0.39       5.06       0.00       5.06        0.06    11.74   0.914
  sub7                       5.53       0.00       0.00       0.50       4.97       0.00       4.97        0.02     3.77   0.899
  sub8                       5.53       0.00       0.00       0.50       4.97       0.00       4.97        0.03     6.91   0.898
  sub9                       5.53       0.00       0.00       0.50       4.96       0.00       4.96        0.02     5.16   0.897
  sub10                      5.53       0.00       0.00       0.44       5.01       0.00       5.01        0.06    11.54   0.905
  sub11                      5.53       0.00       0.00       0.44       5.02       0.00       5.02        0.06    12.86   0.908
  sub12                      5.53       0.00       0.00       0.72       4.77       0.00       4.77        0.04     9.88   0.862
  sub14                      5.53       0.00       0.00       0.50       4.96       0.00       4.96        0.05    10.15   0.897
  sub15                      5.53       0.00       0.00       1.66       3.81       0.00       3.81        0.07    13.93   0.689
  sub16                      5.53       0.00       0.00       1.83       3.67       0.00       3.67        0.04     8.93   0.663
  sub17                      5.53       0.00       0.00       1.77       3.72       0.00       3.72        0.03     7.34   0.673
  sub22                      5.53       0.00       0.00       2.38       3.11       0.00       3.11        0.20    43.62   0.563
  sub23                      5.53       0.00       0.00       2.05       3.44       0.00       3.44        0.16    36.75   0.622
  sub60                      5.53       0.00       0.00       0.66       3.53       0.00       3.53        1.07    96.99   0.638
  sub61                      5.53       0.00       0.00       0.94       3.72       0.00       3.72        1.15   116.98   0.673
  sub62                      5.53       0.00       0.00       0.44       4.01       0.00       4.01        1.23   121.32   0.724
  sub63                      5.53       0.00       0.00       1.60       3.30       0.00       3.30        1.00   107.02   0.596
  sub64                      5.53       0.00       0.00       0.83       3.38       0.00       3.38        1.03    92.27   0.611
  sub65                      5.53       0.00       0.00       0.72       3.43       0.00       3.43        1.05    93.76   0.619
  sub66                      5.53       0.00       0.00       1.60       2.94       0.00       2.94        0.90    83.91   0.531
  sub67                      5.53       0.00       0.00       0.44       4.35       0.00       4.35        1.34   148.66   0.787
  sub68                      5.53       0.00       0.00       0.77       3.95       0.00       3.95        1.21   127.69   0.713
  sub69                      5.53       0.00       0.00       0.83       4.21       0.00       4.21        0.98   120.13   0.760
  sub70                      5.53       4.29       0.00       3.34       5.31       0.00       5.31        1.22   110.60   0.541
  sub71                      5.53       0.00       0.00       0.44       3.85       0.00       3.85        0.91    85.95   0.697
  sub72                      5.53       0.00       0.00       0.39       2.81       0.00       2.81        0.57    42.21   0.508
  1                          5.53       5.17       0.00       1.39       5.52       0.85       6.37        1.50   107.21   0.595
  2                          5.53       0.00       0.00       3.07       1.26       0.27       1.53        0.61    72.85   0.277
  
  
  ****************************
  Subcatchment Washoff Summary
  ****************************
  
  ------------------------------------------------------------------------------------------
                                 COD            SS            TN            TP         NH4-N
  Subcatchment                    kg            kg            kg            kg            kg
  ------------------------------------------------------------------------------------------
  sub0                         0.709         1.275         0.012         0.001         0.006
  sub1                         3.005         5.519         0.057         0.004         0.027
  sub2                         1.740         3.081         0.040         0.003         0.018
  sub3                         4.241         7.426         0.095         0.006         0.043
  sub4                         6.830        12.537         0.142         0.008         0.068
  sub5                         6.874        12.462         0.121         0.009         0.058
  sub7                         1.580         2.955         0.030         0.002         0.015
  sub8                         2.419         4.619         0.050         0.003         0.024
  sub9                         2.038         3.840         0.041         0.002         0.019
  sub10                        5.724        10.518         0.105         0.007         0.051
  sub11                        5.671        10.558         0.107         0.007         0.052
  sub12                        4.651         8.488         0.084         0.006         0.040
  sub14                        4.311         8.044         0.083         0.005         0.040
  sub15                        5.014         8.905         0.100         0.007         0.046
  sub16                        3.140         5.563         0.062         0.004         0.028
  sub17                        2.865         5.030         0.054         0.004         0.025
  sub22                       14.609        25.336         0.290         0.021         0.133
  sub23                        9.133        16.471         0.209         0.013         0.094
  sub60                       54.080        90.602         1.160         0.066         0.554
  sub61                       67.994       113.511         1.328         0.086         0.636
  sub62                       72.042       122.537         1.498         0.089         0.715
  sub63                       50.875        83.877         1.109         0.074         0.504
  sub64                       64.091       103.312         1.236         0.086         0.584
  sub65                       65.769       106.491         1.279         0.087         0.607
  sub66                       38.780        63.240         0.875         0.054         0.403
  sub67                      107.103       180.771         1.957         0.138         0.941
  sub68                       76.462       129.233         1.547         0.098         0.733
  sub69                       71.014       121.843         1.388         0.093         0.658
  sub70                      109.143       187.354         2.317         0.153         1.067
  sub71                       47.891        82.120         1.067         0.057         0.508
  sub72                       31.573        49.971         0.626         0.040         0.300
  1                           58.064       100.417         1.278         0.085         0.579
  2                            8.564        13.827         0.285         0.017         0.118
  ------------------------------------------------------------------------------------------
  System                    1007.997      1701.733        20.633         1.336         9.695
  
  
  ******************
  Node Depth Summary
  ******************
  
  ---------------------------------------------------------------------------------
                                 Average  Maximum  Maximum  Time of Max    Reported
                                   Depth    Depth      HGL   Occurrence   Max Depth
  Node                 Type       Meters   Meters   Meters  days hr:min      Meters
  ---------------------------------------------------------------------------------
  WS02001211           JUNCTION     0.31     0.32     5.16     0  02:30        0.32
  WS02001212           JUNCTION     0.08     0.10     5.16     0  00:06        0.09
  WS02001213           JUNCTION     0.31     0.42     5.18     0  02:31        0.42
  WS02003069           JUNCTION     0.16     0.27     4.86     0  02:31        0.27
  WS02003072           JUNCTION     0.22     0.34     4.71     0  02:31        0.34
  WS02003073           JUNCTION     0.11     0.19     4.26     0  02:32        0.19
  WS02003060           JUNCTION     0.14     0.25     5.18     0  02:30        0.25
  WS02003066           JUNCTION     0.13     0.21     5.77     0  02:28        0.21
  WS02003059           JUNCTION     0.39     0.49     5.18     0  02:29        0.49
  WS02003067           JUNCTION     0.36     0.54     5.86     0  02:28        0.54
  WS02004401           JUNCTION     0.42     0.61     6.61     0  02:23        0.61
  WS02004402           JUNCTION     0.45     0.64     6.60     0  02:23        0.64
  WS02004403           JUNCTION     0.48     0.67     6.60     0  02:23        0.67
  WS02004404           JUNCTION     0.56     0.75     6.60     0  02:23        0.75
  WS02004406           JUNCTION     0.57     0.76     6.59     0  02:23        0.76
  WS02004409           JUNCTION     0.21     0.42     6.19     0  02:26        0.42
  WS02004410           JUNCTION     0.24     0.45     6.17     0  02:27        0.45
  WS02004411           JUNCTION     0.27     0.47     6.15     0  02:28        0.47
  WS02004412           JUNCTION     0.30     0.49     6.13     0  02:27        0.49
  WS02004413           JUNCTION     0.46     0.66     6.13     0  02:28        0.66
  WS02004405           JUNCTION     0.56     0.75     6.60     0  02:23        0.75
  WS02006109           JUNCTION     0.45     0.67     7.28     0  02:18        0.67
  WS02006110           JUNCTION     0.48     0.68     7.26     0  02:17        0.68
  WS02006111           JUNCTION     0.10     0.19     6.90     0  02:18        0.19
  WS02006112           JUNCTION     0.55     0.77     6.65     0  02:22        0.77
  WS02006113           JUNCTION     0.15     0.29     7.18     0  02:18        0.29
  WS02006115           JUNCTION     0.29     0.49     6.63     0  02:22        0.49
  WS02006116           JUNCTION     0.38     0.58     6.62     0  02:23        0.58
  WS02006230           JUNCTION     0.33     0.56     7.31     0  02:17        0.56
  WS02006231           JUNCTION     0.15     0.21     7.33     0  02:18        0.21
  WS02006232           JUNCTION     0.24     0.31     7.35     0  02:19        0.31
  WS02006234           JUNCTION     0.13     0.19     7.35     0  02:19        0.19
  WS02006235           JUNCTION     0.15     0.21     7.37     0  02:19        0.21
  WS02006238           JUNCTION     0.20     0.25     7.40     0  02:19        0.25
  WS02006240           JUNCTION     0.17     0.22     7.52     0  02:18        0.22
  WS02006242           JUNCTION     0.24     0.30     7.57     0  02:18        0.30
  WS02006243           JUNCTION     0.14     0.19     7.61     0  02:16        0.19
  WS02006245           JUNCTION     0.17     0.22     7.70     0  02:15        0.22
  WS02006247           JUNCTION     0.19     0.25     7.75     0  02:15        0.25
  WS02006248           JUNCTION     0.15     0.20     7.79     0  02:14        0.20
  WS02006249           JUNCTION     0.19     0.25     7.84     0  02:14        0.25
  WS02006239           JUNCTION     0.18     0.23     7.44     0  02:19        0.23
  WS02006251           JUNCTION     0.17     0.23     7.90     0  02:13        0.23
  WS02006252           JUNCTION     0.46     0.58     8.83     0  02:06        0.58
  WS02006253           JUNCTION     0.20     0.26     7.91     0  02:13        0.26
  WS02006256           JUNCTION     1.49     2.35     9.28     0  00:00        2.35
  WS02004138           JUNCTION     0.19     0.20     7.45     0  00:00        0.19
  WS02004139           JUNCTION     0.24     0.24     5.15     0  02:31        0.24
  WS02004407           JUNCTION     0.10     0.19     6.51     0  02:24        0.19
  WS02006228           JUNCTION     0.42     0.65     7.30     0  02:17        0.65
  WS02006229           JUNCTION     0.38     0.61     7.31     0  02:17        0.61
  WS02006280           JUNCTION     0.05     0.14     8.41     0  02:13        0.14
  WS02006284           JUNCTION     0.34     0.47     8.87     0  02:13        0.47
  WS02006287           JUNCTION     0.07     0.20     9.15     0  02:13        0.20
  WSF200               JUNCTION     0.09     0.19     5.42     0  02:28        0.19
  HS02004901           JUNCTION     0.11     0.22    10.04     0  02:11        0.22
  HS02004881           JUNCTION     0.01     0.02     9.05     0  02:13        0.02
  HS02004876           JUNCTION     0.03     0.10     9.13     0  02:12        0.10
  HS02004870           JUNCTION     0.01     0.04     9.33     0  02:13        0.04
  HS02004862           JUNCTION     0.01     0.04     9.43     0  02:14        0.04
  HS02004856           JUNCTION     0.07     0.10     9.53     0  02:14        0.10
  HS02004852           JUNCTION     0.01     0.03     9.54     0  02:15        0.03
  HS02004848           JUNCTION     0.01     0.03     9.63     0  02:13        0.03
  HS02004842           JUNCTION     0.33     0.36     9.63     0  02:13        0.36
  HS02004837           JUNCTION     0.03     0.05     9.63     0  02:14        0.05
  HS02004830           JUNCTION     0.04     0.06     9.53     0  02:14        0.06
  HS02004824           JUNCTION     0.02     0.04     9.44     0  02:17        0.04
  HS02004817           JUNCTION     0.42     0.52     9.36     0  02:14        0.52
  HS02004807           JUNCTION     0.11     0.19     9.36     0  02:14        0.19
  HS02004802           JUNCTION     0.15     0.23     9.36     0  02:14        0.23
  HS02004799           JUNCTION     0.09     0.24     9.45     0  02:11        0.24
  HS02004792           JUNCTION     0.02     0.09     9.61     0  02:10        0.09
  HS02004788           JUNCTION     0.02     0.07     9.96     0  02:12        0.07
  HS02004785           JUNCTION     0.03     0.12    10.02     0  02:11        0.12
  HS02004777           JUNCTION     0.13     0.24    10.04     0  02:11        0.24
  HS02004770           JUNCTION     0.10     0.21    10.04     0  02:11        0.21
  HS02004480           JUNCTION     0.06     0.18     9.42     0  02:11        0.18
  HS02004479           JUNCTION     0.09     0.22     9.42     0  02:12        0.22
  HS02004478           JUNCTION     0.05     0.12     9.34     0  02:13        0.12
  YS02001745           JUNCTION     0.08     0.13     7.65     0  03:01        0.13
  YS02001748           JUNCTION     0.17     0.49     7.56     0  03:01        0.48
  YS02001751           JUNCTION     0.31     0.69     7.57     0  03:04        0.69
  YS02001754           JUNCTION     0.56     0.96     7.57     0  03:02        0.96
  YS02001762           JUNCTION     0.76     1.16     7.56     0  03:01        1.16
  YS02001765           JUNCTION     0.71     1.11     7.56     0  03:01        1.11
  YS02001767           JUNCTION     0.67     1.08     7.56     0  03:02        1.08
  YS02001770           JUNCTION     0.67     1.07     7.57     0  03:03        1.07
  YS02001774           JUNCTION     0.74     1.14     7.57     0  03:02        1.14
  YS02001779           JUNCTION     0.49     0.88     7.57     0  03:02        0.88
  YS02001882           JUNCTION     0.27     0.51     7.22     0  03:00        0.51
  YS02001884           JUNCTION     0.36     0.61     7.22     0  03:01        0.61
  YS02001759           JUNCTION     0.79     1.20     7.56     0  03:02        1.20
  YS02001887           JUNCTION     0.44     0.69     7.22     0  03:01        0.69
  YS02001890           JUNCTION     0.47     0.72     7.22     0  03:00        0.72
  YS02001898           JUNCTION     0.24     0.47     7.21     0  03:01        0.47
  YS02001901           JUNCTION     0.36     0.60     7.21     0  03:01        0.60
  YS02001904           JUNCTION     0.34     0.58     7.21     0  03:01        0.58
  YS02001907           JUNCTION     0.67     0.92     7.21     0  03:01        0.92
  YS02001910           JUNCTION     0.46     0.70     7.21     0  03:01        0.70
  YS02001915           JUNCTION     0.26     0.49     7.21     0  03:00        0.49
  YS02001918           JUNCTION     0.08     0.14     7.20     0  03:01        0.14
  YS02001619           JUNCTION     0.28     0.66     7.58     0  03:03        0.66
  YS02001629           JUNCTION     0.62     1.03     7.58     0  03:02        1.03
  YS02001641           JUNCTION     0.72     1.15     7.58     0  03:02        1.15
  YS02001644           JUNCTION     0.73     1.15     7.58     0  03:04        1.15
  YS02001652           JUNCTION     0.57     0.98     7.58     0  03:03        0.97
  YS02001655           JUNCTION     0.34     0.73     7.58     0  03:02        0.71
  YS02001920           JUNCTION     0.18     0.23     7.24     0  03:02        0.23
  YS02001923           JUNCTION     0.06     0.10     7.36     0  03:02        0.10
  YS02001926           JUNCTION     0.14     0.19     7.64     0  03:01        0.19
  YS02001929           JUNCTION     0.07     0.10     7.79     0  03:01        0.10
  YS02001658           JUNCTION     0.14     0.43     7.57     0  03:04        0.43
  YS02001661           JUNCTION     0.14     0.21     7.61     0  02:49        0.21
  YS02001664           JUNCTION     0.06     0.13     8.05     0  02:49        0.13
  YS02001622           JUNCTION     0.30     0.68     7.58     0  03:02        0.68
  YS02001633           JUNCTION     0.71     1.13     7.59     0  03:02        1.13
  YS02001649           JUNCTION     0.76     1.18     7.57     0  03:03        1.18
  YS02001757           JUNCTION     0.89     1.30     7.56     0  03:02        1.30
  YS02001895           JUNCTION     0.24     0.47     7.22     0  03:01        0.47
  YS02001625           JUNCTION     0.58     0.98     7.58     0  03:04        0.98
  YS02163301           JUNCTION     0.65     1.07     7.58     0  03:02        1.07
  YS02163601           JUNCTION     0.76     1.19     7.59     0  03:02        1.19
  YS02164001           JUNCTION     0.70     1.13     7.59     0  03:02        1.13
  YS02001647           JUNCTION     0.56     0.96     7.57     0  03:04        0.96
  YSB1154              JUNCTION     0.23     0.37     9.43     0  02:12        0.37
  YSB6556              JUNCTION     0.13     0.26     9.43     0  02:11        0.26
  YSB1174              JUNCTION     0.19     0.32     9.43     0  02:11        0.32
  YSB1171              JUNCTION     0.39     0.52     9.43     0  02:12        0.52
  YS02006553           JUNCTION     0.67     0.92     7.20     0  03:01        0.92
  YS02006561           JUNCTION     0.13     0.25     6.91     0  03:00        0.25
  YS02006556           JUNCTION     0.65     0.89     7.20     0  03:01        0.89
  YS02006558           JUNCTION     0.69     0.93     7.20     0  03:01        0.93
  YS02001783           JUNCTION     0.23     0.45     6.59     0  03:01        0.45
  YS02001784           JUNCTION     0.26     0.47     6.54     0  03:01        0.47
  YS02001786           JUNCTION     0.22     0.40     6.43     0  03:01        0.40
  YS02001788           JUNCTION     0.16     0.31     6.28     0  03:01        0.31
  YS02001790           JUNCTION     0.19     0.37     6.02     0  03:02        0.37
  YS02001791           JUNCTION     0.13     0.23     5.70     0  03:02        0.23
  YS02001793           JUNCTION     0.09     0.16     4.99     0  03:02        0.16
  WSC                  OUTFALL      0.11     0.19     0.86     0  02:33        0.19
  3                    OUTFALL      0.00     0.00     7.16     0  00:00        0.00
  4                    OUTFALL      0.00     0.00     7.67     0  00:00        0.00
  5                    OUTFALL      0.00     0.00     4.91     0  00:00        0.00
  JK-storage           STORAGE      0.01     3.00     3.80     0  00:00        2.00
  CC-storage           STORAGE      0.10     0.39     7.39     0  04:07        0.39
  XR-storage           STORAGE      0.10     5.00     3.00     0  00:00        4.91
  
  
  *******************
  Node Inflow Summary
  *******************
  
  -------------------------------------------------------------------------------------------------
                                  Maximum  Maximum                  Lateral       Total        Flow
                                  Lateral    Total  Time of Max      Inflow      Inflow     Balance
                                   Inflow   Inflow   Occurrence      Volume      Volume       Error
  Node                 Type           LPS      LPS  days hr:min    10^6 ltr    10^6 ltr     Percent
  -------------------------------------------------------------------------------------------------
  WS02001211           JUNCTION      7.35    55.09     0  00:02       0.212       0.248       4.055
  WS02001212           JUNCTION      0.00    23.05     0  00:04           0       0.145       1.639
  WS02001213           JUNCTION      0.00    32.04     0  02:07           0       0.147       6.254
  WS02003069           JUNCTION      0.32   235.43     0  02:30     0.00922        2.44       0.227
  WS02003072           JUNCTION      0.00   235.20     0  02:31           0        2.43       0.369
  WS02003073           JUNCTION      1.82   236.90     0  02:32      0.0524        2.48       0.318
  WS02003060           JUNCTION     16.53   248.06     0  02:28       0.476        2.49       0.212
  WS02003066           JUNCTION      0.00   231.53     0  02:28           0         1.9       0.086
  WS02003059           JUNCTION      0.00    47.13     0  02:07           0       0.163      11.912
  WS02003067           JUNCTION      0.00   231.54     0  02:28           0         1.9       0.243
  WS02004401           JUNCTION      0.00   234.82     0  02:20           0        2.01       0.560
  WS02004402           JUNCTION      0.00   234.22     0  02:21           0           2       0.567
  WS02004403           JUNCTION      0.00   233.86     0  02:22           0        1.99       0.548
  WS02004404           JUNCTION      0.16   233.80     0  02:22     0.00467        1.99       0.447
  WS02004406           JUNCTION      0.00   233.64     0  02:23           0        1.96       1.116
  WS02004409           JUNCTION      0.00   233.55     0  02:24           0        1.94       0.196
  WS02004410           JUNCTION      0.00   232.90     0  02:24           0        1.94       0.289
  WS02004411           JUNCTION      0.00   232.32     0  02:25           0        1.93       0.350
  WS02004412           JUNCTION      0.00   231.90     0  02:26           0        1.93       0.453
  WS02004413           JUNCTION      0.00   231.64     0  02:26           0        1.92       0.789
  WS02004405           JUNCTION      0.04   233.73     0  02:23      0.0011        1.98       0.692
  WS02006109           JUNCTION      1.23   232.10     0  02:17      0.0354        2.04       0.567
  WS02006110           JUNCTION      0.00   231.99     0  02:17           0        2.03       0.498
  WS02006111           JUNCTION      0.00   233.07     0  02:18           0        2.02       0.051
  WS02006112           JUNCTION      7.34   238.13     0  02:18      0.0319        2.05       0.765
  WS02006113           JUNCTION      0.00   231.86     0  02:17           0        2.02       0.114
  WS02006115           JUNCTION      0.00   236.99     0  02:18           0        2.03       0.431
  WS02006116           JUNCTION      0.00   235.67     0  02:20           0        2.02       0.386
  WS02006230           JUNCTION     10.28    49.61     0  02:34       0.296       0.959       0.494
  WS02006231           JUNCTION      0.00    39.22     0  02:41           0       0.664       0.064
  WS02006232           JUNCTION      0.00    39.15     0  02:42           0       0.668       0.644
  WS02006234           JUNCTION      0.00    39.42     0  02:13           0       0.668       0.010
  WS02006235           JUNCTION      0.00   357.29     0  02:19           0        6.55       0.040
  WS02006238           JUNCTION      0.00    76.28     0  02:19           0        1.36       0.164
  WS02006240           JUNCTION      0.00    76.29     0  02:17           0        1.36       0.168
  WS02006242           JUNCTION      0.00    76.32     0  02:16           0        1.36       0.268
  WS02006243           JUNCTION      0.00    76.32     0  02:15           0        1.36       0.077
  WS02006245           JUNCTION      0.00    76.32     0  02:15           0        1.36       0.207
  WS02006247           JUNCTION      0.00    76.33     0  02:14           0        1.37       0.165
  WS02006248           JUNCTION      0.00    76.33     0  02:14           0        1.37       0.039
  WS02006249           JUNCTION      0.00    76.72     0  02:07           0        1.37       0.269
  WS02006239           JUNCTION      0.00    76.28     0  02:18           0        1.36       0.150
  WS02006251           JUNCTION      0.08   436.76     0  02:13     0.00222        8.09       0.021
  WS02006252           JUNCTION      0.00   400.00     0  02:06           0        7.91       0.006
  WS02006253           JUNCTION      1.01    36.68     0  02:13     0.00413       0.181       1.059
  WS02006256           JUNCTION      0.00   983.00     0  00:00           0        8.02      -0.016
  WS02004138           JUNCTION      0.00   380.00     0  00:00           0        10.9       0.058
  WS02004139           JUNCTION      0.32   400.56     0  02:31     0.00924        11.1       0.079
  WS02004407           JUNCTION      0.00   233.57     0  02:23           0        1.94       0.095
  WS02006228           JUNCTION      0.00   231.15     0  02:16           0        2.01       0.354
  WS02006229           JUNCTION      0.00   231.25     0  02:15           0        2.02       0.322
  WS02006280           JUNCTION      0.00   185.30     0  02:13           0        1.06       0.007
  WS02006284           JUNCTION      0.10   185.30     0  02:13     0.00275        1.06       0.109
  WS02006287           JUNCTION      0.00   185.21     0  02:13           0        1.06       0.065
  WSF200               JUNCTION      0.00   231.53     0  02:28           0         1.9       0.046
  HS02004901           JUNCTION      8.93     8.93     0  02:06      0.0384      0.0386       4.771
  HS02004881           JUNCTION      3.77    35.79     0  02:13      0.0168       0.176       0.033
  HS02004876           JUNCTION      6.60    32.15     0  02:13      0.0322        0.16       0.328
  HS02004870           JUNCTION      6.91    25.64     0  02:13      0.0317       0.127       0.084
  HS02004862           JUNCTION      6.31    19.01     0  02:13      0.0375      0.0959       0.175
  HS02004856           JUNCTION      5.16    12.73     0  02:13      0.0239      0.0598       2.460
  HS02004852           JUNCTION      0.00     7.76     0  02:13           0       0.036       0.137
  HS02004848           JUNCTION     13.28    13.28     0  02:16      0.0759      0.0759       0.060
  HS02004842           JUNCTION      0.00     5.76     0  02:25           0       0.053      32.540
  HS02004837           JUNCTION     17.89    23.17     0  02:12       0.238       0.278       0.295
  HS02004830           JUNCTION      0.15    23.32     0  02:14     0.00432       0.268       0.460
  HS02004824           JUNCTION     15.62    38.82     0  02:17      0.0995       0.367       0.148
  HS02004817           JUNCTION      0.60    39.42     0  02:17      0.0173       0.384       4.540
  HS02004807           JUNCTION     12.86    51.53     0  02:15      0.0584       0.425       1.012
  HS02004802           JUNCTION      0.00    51.68     0  02:16           0       0.421       0.962
  HS02004799           JUNCTION     10.15   113.46     0  02:10      0.0472       0.562       0.446
  HS02004792           JUNCTION     43.90   103.40     0  02:10       0.205       0.515       0.082
  HS02004788           JUNCTION     15.60    60.21     0  02:11       0.114       0.312       0.127
  HS02004785           JUNCTION      0.15    44.80     0  02:10     0.00432       0.199       0.240
  HS02004777           JUNCTION      0.03    44.90     0  02:09    0.000864         0.2       2.659
  HS02004770           JUNCTION     36.75    45.33     0  02:08       0.164       0.201       1.565
  HS02004480           JUNCTION      0.00   134.30     0  02:11           0       0.657       0.173
  HS02004479           JUNCTION      0.00    21.05     0  02:13           0       0.107       0.683
  HS02004478           JUNCTION      0.00   185.20     0  02:13           0        1.06       0.037
  YS02001745           JUNCTION     97.00    97.00     0  03:01        1.07        1.07       0.072
  YS02001748           JUNCTION      0.04    97.02     0  03:01      0.0013        1.07      -0.002
  YS02001751           JUNCTION      0.01   118.00     0  02:54    0.000317        1.11       0.262
  YS02001754           JUNCTION      0.26   196.11     0  07:26     0.00749        1.27       0.684
  YS02001762           JUNCTION      0.00   123.80     0  03:00           0        1.24       1.124
  YS02001765           JUNCTION      0.00   123.93     0  03:00           0        1.23       1.187
  YS02001767           JUNCTION      0.54   124.91     0  02:41      0.0154        1.24       1.709
  YS02001770           JUNCTION    121.47   129.04     0  02:41        1.24        1.28       1.351
  YS02001774           JUNCTION      0.00    30.59     0  02:03           0       0.106      16.781
  YS02001779           JUNCTION      0.01    16.32     0  05:45    0.000144      0.0481      13.457
  YS02001882           JUNCTION      0.00     2.65     0  02:00           0     0.00607      39.951
  YS02001884           JUNCTION      0.00     6.57     0  02:03           0      0.0242      25.957
  YS02001759           JUNCTION    117.02   240.73     0  02:55        1.15        2.36       0.704
  YS02001887           JUNCTION    149.11   149.11     0  02:46        1.36        1.37       0.537
  YS02001890           JUNCTION      0.00   148.30     0  02:48           0        1.34       0.599
  YS02001898           JUNCTION      0.00   147.60     0  02:49           0        1.33       0.172
  YS02001901           JUNCTION      0.00   147.29     0  02:49           0        1.33       0.431
  YS02001904           JUNCTION      0.00   146.89     0  02:53           0        1.33       0.397
  YS02001907           JUNCTION      0.00   277.40     0  03:03           0        2.87       0.782
  YS02001910           JUNCTION      0.00   130.89     0  03:03           0        1.56       0.667
  YS02001915           JUNCTION     85.97   130.71     0  03:01        0.91        1.56       0.302
  YS02001918           JUNCTION      0.00    45.10     0  03:03           0       0.652       0.194
  YS02001619           JUNCTION     83.91    83.91     0  03:01         0.9         0.9       0.089
  YS02001629           JUNCTION      0.00    90.67     0  02:49           0       0.881       0.689
  YS02001641           JUNCTION      0.00   178.37     0  03:04           0         1.9       0.700
  YS02001644           JUNCTION     92.31   270.59     0  03:00        1.03        2.91       0.558
  YS02001652           JUNCTION      0.00   124.93     0  02:58           0        1.03       0.886
  YS02001655           JUNCTION      0.15   135.91     0  02:48     0.00443        1.01       0.388
  YS02001920           JUNCTION      2.87    45.04     0  03:02      0.0827       0.655       0.334
  YS02001923           JUNCTION      0.04    42.17     0  03:01     0.00109       0.572       0.059
  YS02001926           JUNCTION      0.05    42.24     0  03:01      0.0015       0.573       0.413
  YS02001929           JUNCTION     42.21    42.21     0  03:01       0.572       0.572       0.059
  YS02001658           JUNCTION      0.00   107.02     0  02:49           0           1       0.039
  YS02001661           JUNCTION      0.00   107.02     0  02:49           0       0.998       0.072
  YS02001664           JUNCTION    107.02   107.02     0  02:49       0.998       0.998       0.018
  YS02001622           JUNCTION      0.00    91.42     0  02:55           0       0.899       0.366
  YS02001633           JUNCTION     93.96   180.75     0  02:57        1.06        1.93       1.002
  YS02001649           JUNCTION      0.00   379.58     0  03:04           0        3.89       0.632
  YS02001757           JUNCTION      0.00   700.94     0  03:01           0        7.34       0.984
  YS02001895           JUNCTION      0.00   147.87     0  02:48           0        1.33       0.286
  YS02001625           JUNCTION      0.00    89.86     0  02:55           0       0.896       1.805
  YS02163301           JUNCTION      0.00    91.46     0  03:06           0       0.882       1.471
  YS02163601           JUNCTION      0.11   179.10     0  03:05     0.00317        1.91       1.033
  YS02164001           JUNCTION      0.00   177.79     0  03:05           0        1.89       0.629
  YS02001647           JUNCTION      0.00   272.16     0  03:00           0        2.88       0.430
  YSB1154              JUNCTION     11.74    11.74     0  02:10      0.0573      0.0582       2.548
  YSB6556              JUNCTION      0.00    11.71     0  02:12           0       0.059       2.150
  YSB1174              JUNCTION      9.88     9.88     0  02:06      0.0416      0.0423       3.134
  YSB1171              JUNCTION      0.00    21.07     0  02:11           0       0.107       6.301
  YS02006553           JUNCTION      0.00   277.96     0  03:03           0        2.86       0.507
  YS02006561           JUNCTION      0.00   416.63     0  03:01           0        4.05       0.016
  YS02006556           JUNCTION      0.00   278.32     0  03:03           0        2.86       0.366
  YS02006558           JUNCTION    128.57   404.28     0  03:01        1.24        4.08       0.116
  YS02001783           JUNCTION      0.00   404.28     0  03:00           0        4.05       0.040
  YS02001784           JUNCTION      1.06   405.35     0  03:01      0.0305        4.08       0.065
  YS02001786           JUNCTION      0.06   405.40     0  03:01     0.00162        4.08       0.062
  YS02001788           JUNCTION      0.07   405.47     0  03:01     0.00204        4.08       0.037
  YS02001790           JUNCTION      0.15   405.63     0  03:02     0.00446        4.08       0.046
  YS02001791           JUNCTION      0.00   405.61     0  03:02           0        4.08       0.022
  YS02001793           JUNCTION      0.00   405.62     0  03:02           0        4.08       0.010
  WSC                  OUTFALL       0.00   236.77     0  02:33           0        2.47       0.000
  3                    OUTFALL       0.00   319.50     0  02:19           0        5.88       0.000
  4                    OUTFALL       0.00   360.42     0  02:13           0        6.72       0.000
  5                    OUTFALL       0.00   400.55     0  02:31           0          11       0.000
  JK-storage           STORAGE       0.00   405.62     0  03:02           0        4.23     -47.317
  CC-storage           STORAGE       0.00   701.27     0  03:01           0        7.11     -10.027
  XR-storage           STORAGE     375.87   375.87     0  03:01        7.87        8.47     -22.619
  
  
  **********************
  Node Surcharge Summary
  **********************
  
  Surcharging occurs when water rises above the top of the highest conduit.
  ---------------------------------------------------------------------
                                               Max. Height   Min. Depth
                                   Hours       Above Crown    Below Rim
  Node                 Type      Surcharged         Meters       Meters
  ---------------------------------------------------------------------
  WS02006252           JUNCTION        5.45          0.185        0.915
  WS02006256           JUNCTION        6.27          2.050        0.000
  YS02001762           JUNCTION        2.40          0.164        0.986
  YS02001765           JUNCTION        1.83          0.114        0.986
  YS02001767           JUNCTION        1.04          0.075        0.955
  YS02001770           JUNCTION        0.57          0.040        0.880
  YS02001774           JUNCTION        2.20          0.143        0.907
  YS02001759           JUNCTION        2.70          0.200        1.010
  YS02001641           JUNCTION        2.07          0.147        0.953
  YS02001644           JUNCTION        2.11          0.148        0.772
  YS02001633           JUNCTION        1.55          0.113        0.947
  YS02001649           JUNCTION        2.50          0.179        0.871
  YS02001757           JUNCTION        3.43          0.300        0.910
  YS02163301           JUNCTION        0.77          0.066        0.964
  YS02163601           JUNCTION        2.46          0.190        0.890
  YS02164001           JUNCTION        1.79          0.129        0.971
  
  
  *********************
  Node Flooding Summary
  *********************
  
  Flooding refers to all water that overflows a node, whether it ponds or not.
  --------------------------------------------------------------------------
                                                             Total   Maximum
                                 Maximum   Time of Max       Flood    Ponded
                        Hours       Rate    Occurrence      Volume     Depth
  Node                 Flooded       LPS   days hr:min    10^6 ltr    Meters
  --------------------------------------------------------------------------
  WS02006256              3.21    978.40      0  00:00       2.826     0.000
  
  
  **********************
  Storage Volume Summary
  **********************
  
  --------------------------------------------------------------------------------------------------
                         Average     Avg  Evap Exfil       Maximum     Max    Time of Max    Maximum
                          Volume    Pcnt  Pcnt  Pcnt        Volume    Pcnt     Occurrence    Outflow
  Storage Unit           1000 m3    Full  Loss  Loss       1000 m3    Full    days hr:min        LPS
  --------------------------------------------------------------------------------------------------
  JK-storage               0.000       0     0     0         0.151      52       0  00:00     983.00
  CC-storage               0.271       2     0     0         1.095       7       0  04:07     400.00
  XR-storage               0.012       1     0     0         0.600      65       0  00:00     380.00
  
  
  ***********************
  Outfall Loading Summary
  ***********************
  
  ---------------------------------------------------------------------------------------------------------------------------------
                         Flow       Avg       Max       Total         Total         Total         Total         Total         Total
                         Freq      Flow      Flow      Volume           COD            SS            TN            TP         NH4-N
  Outfall Node           Pcnt       LPS       LPS    10^6 ltr            kg            kg            kg            kg            kg
  ---------------------------------------------------------------------------------------------------------------------------------
  WSC                   99.98     87.23    236.77       2.469       274.088       453.069        20.566         2.485        12.619
  3                     99.98    212.55    319.50       5.875        59.612        99.770         1.320         0.093         0.645
  4                     99.98    252.16    360.42       6.715       322.096       539.197         7.160         0.509         3.503
  5                     99.99    383.88    400.55      11.047       194.485       311.197        18.658         2.332        11.661
  ---------------------------------------------------------------------------------------------------------------------------------
  System                99.98    935.83   1309.76      26.107       850.281      1403.234        47.704         5.420        28.428
  
  
  ********************
  Link Flow Summary
  ********************
  
  -----------------------------------------------------------------------------
                                 Maximum  Time of Max   Maximum    Max/    Max/
                                  |Flow|   Occurrence   |Veloc|    Full    Full
  Link                 Type          LPS  days hr:min     m/sec    Flow   Depth
  -----------------------------------------------------------------------------
  WS02003066WSF200     CONDUIT    231.53     0  02:28      2.29    0.04    0.14
  WS02006287WS02006284 CONDUIT    185.20     0  02:13      1.56    0.09    0.21
  WS02006284WS02006280 CONDUIT    185.30     0  02:13      1.81    0.08    0.19
  WS02006280WS02006229 CONDUIT    185.30     0  02:14      2.90    0.04    0.14
  WS02006229WS02006228 CONDUIT    231.15     0  02:16      0.56    0.77    0.77
  WS02006256WS02006235 CONDUIT    281.02     0  02:19      4.46    2.97    0.85
  WS02006253WS02006251 CONDUIT     36.69     0  02:13      0.50    0.11    0.34
  WS02006252WS02006251 CONDUIT    400.31     0  02:06      3.19    1.47    1.00
  WS02006251WS02006249 CONDUIT     76.72     0  02:07      0.68    0.22    0.34
  WS02006249WS02006248 CONDUIT     76.33     0  02:14      0.78    0.42    0.30
  WS02006248WS02006247 CONDUIT     76.33     0  02:14      0.78    0.17    0.31
  WS02006247WS02006245 CONDUIT     76.32     0  02:15      0.73    0.61    0.33
  WS02006245WS02006243 CONDUIT     76.32     0  02:15      0.86    0.23    0.28
  WS02006243WS02006242 CONDUIT     76.32     0  02:16      0.76    0.16    0.33
  WS02006242WS02006240 CONDUIT     76.29     0  02:17      0.60    0.30    0.37
  WS02006240WS02006239 CONDUIT     76.28     0  02:18      0.79    0.24    0.30
  WS02006239WS02006238 CONDUIT     76.28     0  02:19      0.73    0.24    0.33
  WS02006238WS02006235 CONDUIT     76.28     0  02:19      1.17    0.17    0.33
  WS02006235WS02006234 CONDUIT     39.42     0  02:13      0.53    0.42    0.27
  WS02006234WS02006232 CONDUIT     39.15     0  02:42      0.82    0.08    0.36
  WS02006232WS02006231 CONDUIT     39.22     0  02:41      0.33    0.08    0.36
  WS02006231WS02006230 CONDUIT     39.33     0  02:34      0.60    0.60    0.28
  WS02006230WS02006229 CONDUIT     50.61     0  02:34      0.40    1.13    0.80
  WS02006228WS02006109 CONDUIT    230.87     0  02:17      0.53    1.01    0.81
  WS02006116WS02004401 CONDUIT    234.82     0  02:20      0.49    0.32    0.59
  WS02006115WS02006116 CONDUIT    235.67     0  02:20      0.69    0.30    0.50
  WS02006113WS02006111 CONDUIT    233.07     0  02:18      1.86    0.28    0.30
  WS02006112WS02006115 CONDUIT    236.99     0  02:18      0.47    0.14    0.62
  WS02006111WS02006112 CONDUIT    231.79     0  02:18      0.78    0.11    0.58
  WS02006110WS02006113 CONDUIT    231.86     0  02:17      0.73    0.21    0.60
  WS02006109WS02006110 CONDUIT    231.99     0  02:17      0.56    0.45    0.77
  WS02004411WS02004412 CONDUIT    231.90     0  02:26      0.77    0.33    0.48
  WS02004401WS02004402 CONDUIT    234.22     0  02:21      0.45    0.28    0.63
  WS02004413WS02003067 CONDUIT    231.54     0  02:28      0.70    0.10    0.44
  WS02004412WS02004413 CONDUIT    231.64     0  02:26      0.74    0.16    0.58
  WS02004410WS02004411 CONDUIT    232.32     0  02:25      0.67    0.32    0.46
  WS02004409WS02004410 CONDUIT    232.90     0  02:24      0.71    0.30    0.44
  WS02004407WS02004409 CONDUIT    233.55     0  02:24      1.14    0.08    0.31
  WS02004406WS02004407 CONDUIT    233.57     0  02:23      0.63    0.10    0.48
  WS02004405WS02004406 CONDUIT    233.64     0  02:23      0.37    0.46    0.75
  WS02004404WS02004405 CONDUIT    233.69     0  02:23      0.37    2.29    0.75
  WS02004403WS02004404 CONDUIT    233.64     0  02:22      0.39    0.17    0.71
  WS02004402WS02004403 CONDUIT    233.86     0  02:22      0.43    0.34    0.66
  WS02004139WS02001211 CONDUIT     47.74     0  00:02      0.48    0.06    0.19
  WS02004138WS02004139 CONDUIT    396.29     0  00:00      3.67    0.08    0.20
  WS02003067WS02003066 CONDUIT    231.53     0  02:28      0.75    0.07    0.32
  WS02001213WS02003059 CONDUIT     27.34     0  02:07      0.12    0.05    0.44
  WS02001212WS02001213 CONDUIT     12.94     0  02:31      0.34    0.02    0.09
  WS02001211WS02001212 CONDUIT     23.05     0  00:04      0.24    0.02    0.21
  WS02003072WS02003073 CONDUIT    235.08     0  02:32      1.07    0.51    0.25
  WS02003069WS02003072 CONDUIT    235.20     0  02:31      1.03    0.11    0.26
  WS02003060WS02003069 CONDUIT    235.11     0  02:30      1.31    0.09    0.22
  WS02003059WS02003060 CONDUIT     47.13     0  02:07      0.56    0.03    0.37
  HS02004901HS02004770 CONDUIT      8.64     0  02:09      0.04    0.03    0.30
  HS02004876HS02004881 CONDUIT     32.19     0  02:13      0.53    0.34    0.09
  HS02004870HS02004876 CONDUIT     25.63     0  02:14      0.37    0.02    0.10
  HS02004842HS02004848 CONDUIT      5.76     0  02:25      0.03    0.00    0.27
  HS02004837HS02004842 CONDUIT      5.88     0  02:26      0.42    0.00    0.29
  HS02004830HS02004837 CONDUIT     23.17     0  02:14      0.44    0.02    0.08
  HS02004824HS02004830 CONDUIT     23.32     0  02:14      0.47    0.03    0.07
  HS02004817HS02004824 CONDUIT     38.82     0  02:17      0.17    0.02    0.40
  HS02004770HS02004777 CONDUIT     44.87     0  02:09      0.20    0.08    0.32
  HS02004799HS02004480 CONDUIT    113.36     0  02:11      0.55    0.14    0.29
  HS02004792HS02004799 CONDUIT    103.37     0  02:11      0.64    0.06    0.23
  HS02004788HS02004792 CONDUIT     60.19     0  02:12      0.79    0.04    0.11
  HS02004785HS02004788 CONDUIT     44.73     0  02:12      0.48    0.34    0.13
  HS02004777HS02004785 CONDUIT     44.65     0  02:10      0.25    0.05    0.26
  HS02004480HS02004478 CONDUIT    134.25     0  02:12      0.91    0.57    0.21
  HS02004479HS02004480 CONDUIT     21.15     0  02:14      0.23    0.02    0.29
  HS02004862HS02004870 CONDUIT     18.98     0  02:14      0.46    0.02    0.06
  HS02004848HS02004852 CONDUIT      7.76     0  02:13      0.30    0.01    0.04
  HS02004856HS02004862 CONDUIT     12.71     0  02:14      0.33    0.01    0.05
  HS02004852HS02004856 CONDUIT      7.74     0  02:15      0.12    0.01    0.09
  HS02004802HS02004478 CONDUIT     51.85     0  02:17      0.30    0.05    0.25
  HS02004478WS02006287 CONDUIT    185.21     0  02:13      1.26    0.05    0.16
  HS02004817HS02004807 CONDUIT     39.70     0  02:19      0.11    0.02    0.50
  HS02004807HS02004802 CONDUIT     51.68     0  02:16      0.25    0.10    0.29
  YS02001759YS02001757 CONDUIT    240.56     0  02:55      0.31    0.17    1.00
  YS02001762YS02001759 CONDUIT    123.72     0  02:55      0.17    0.14    1.00
  YS02001765YS02001762 CONDUIT    123.80     0  03:00      0.27    0.12    1.00
  YS02001770YS02001767 CONDUIT    124.38     0  02:41      0.29    0.49    1.00
  YS02001774YS02001770 CONDUIT     30.59     0  02:03      0.17    0.02    1.00
  YS02001779YS02001774 CONDUIT     16.32     0  05:45      0.05    0.01    0.94
  YS02001649YS02001757 CONDUIT    381.01     0  02:56      0.49    0.23    1.00
  YS02001767YS02001765 CONDUIT    123.93     0  03:00      0.30    0.16    1.00
  YS02006561YS02001783 CONDUIT    404.28     0  03:00      1.90    0.21    0.44
  YS02001783YS02001784 CONDUIT    404.29     0  03:01      1.34    0.56    0.58
  YS02001784YS02001785 CONDUIT    405.35     0  03:01      1.44    0.94    0.55
  YS02001788YS02001790 CONDUIT    405.47     0  03:02      2.00    0.30    0.42
  YS02001790YS02001791 CONDUIT    405.61     0  03:02      2.32    0.44    0.38
  YS02001791YS02001793 CONDUIT    405.62     0  03:02      4.27    0.17    0.24
  YS02001910YS02001907 CONDUIT    131.60     0  03:04      0.49    0.07    0.80
  YS02001786YS02001788 CONDUIT    405.40     0  03:01      1.88    0.78    0.44
  YS02001915YS02001910 CONDUIT    130.89     0  03:03      0.50    0.07    0.59
  YS02001918YS02001915 CONDUIT     46.24     0  03:05      0.44    0.03    0.31
  YS02001923YS02001920 CONDUIT     42.17     0  03:02      0.51    0.02    0.16
  YS02001926YS02001923 CONDUIT     42.13     0  03:01      0.56    0.06    0.15
  YS02001929YS02001926 CONDUIT     42.18     0  03:01      0.59    0.02    0.15
  YS02001920YS02001918 CONDUIT     45.10     0  03:03      0.51    0.04    0.18
  YS02001629YS02163301 CONDUIT     91.46     0  03:06      0.12    0.11    1.00
  YS02001619YS02001622 CONDUIT     91.42     0  02:55      0.58    0.13    0.67
  YS02001622YS02001625 CONDUIT     89.86     0  02:55      0.23    0.05    0.83
  YS02001625YS02001629 CONDUIT     90.67     0  02:49      0.20    0.04    0.82
  YS02163301YS02001633 CONDUIT     90.39     0  03:06      0.12    0.08    1.00
  YS02163601YS02164001 CONDUIT    177.79     0  03:05      0.23    0.16    1.00
  YS02164001YS02001641 CONDUIT    178.37     0  03:04      0.23    0.24    1.00
  YS02001641YS02001644 CONDUIT    179.36     0  03:05      0.23    0.58    1.00
  YS02001647YS02001649 CONDUIT    284.62     0  02:54      0.37    0.15    0.98
  YS02006553YS02006556 CONDUIT    278.32     0  03:03      0.38    0.24    0.88
  YS02006556YS02006558 CONDUIT    278.59     0  03:03      0.37    0.22    0.91
  YSB6556YSB1171       CONDUIT     11.84     0  02:14      0.05    0.01    0.56
  YS02001907YS02006553 CONDUIT    277.96     0  03:03      0.31    0.33    0.99
  YS02006558YS02006561 CONDUIT    416.63     0  03:01      2.51    0.92    0.57
  YS02001633YS02163601 CONDUIT    178.99     0  03:05      0.23    0.19    1.00
  YS02001644YS02001647 CONDUIT    272.16     0  03:00      0.35    0.16    0.98
  YS02001745YS02001748 CONDUIT     96.98     0  03:01      1.42    0.04    0.27
  YS02001748YS02001751 CONDUIT    117.98     0  02:54      1.00    0.06    0.58
  YS02001751YS02001754 CONDUIT    106.83     0  03:01      0.81    0.05    0.80
  YS02001754YS02001757 CONDUIT    158.80     0  07:25      0.33    0.06    0.98
  YS02001882YS02001884 CONDUIT      2.65     0  02:00      0.09    0.00    0.53
  YS02001884YS02001887 CONDUIT      6.57     0  02:03      0.06    0.01    0.62
  YS02001890YS02001895 CONDUIT    147.87     0  02:48      0.31    0.07    0.59
  YS02001895YS02001898 CONDUIT    147.60     0  02:49      0.44    0.26    0.46
  YS02001898YS02001901 CONDUIT    147.29     0  02:49      0.35    0.10    0.54
  YS02001901YS02001904 CONDUIT    146.89     0  02:53      0.31    0.23    0.59
  YS02001904YS02001907 CONDUIT    146.77     0  02:54      0.24    0.05    0.75
  YS02001887YS02001890 CONDUIT    148.30     0  02:48      0.27    0.25    0.68
  YS02001652YS02001649 CONDUIT    130.51     0  02:49      0.49    0.06    0.99
  YS02001655YS02001652 CONDUIT    124.93     0  02:58      0.86    0.06    0.84
  YS02001658YS02001655 CONDUIT    135.76     0  02:48      1.15    0.06    0.57
  YS02001661YS02001658 CONDUIT    107.02     0  02:49      1.48    0.04    0.28
  YS02001664YS02001661 CONDUIT    107.02     0  02:49      1.23    0.03    0.17
  YSB1154YSB6556       CONDUIT     11.71     0  02:12      0.19    0.02    0.45
  YSB1174YSB1171       CONDUIT      9.63     0  02:07      0.04    0.01    0.56
  YSB1171HS02004479    CONDUIT     21.05     0  02:13      0.54    0.01    0.43
  HS02004881HS02006253 CONDUIT     35.78     0  02:13      1.61    0.01    0.03
  YS02001793JiankangQianchi CONDUIT    405.62     0  03:02     14.28    0.03    0.50
  YS02001757CaochengTiaoxuchi CONDUIT    701.27     0  03:01      1.53    0.31    0.70
  WSF200WS02003060     CONDUIT    231.54     0  02:28      1.68    0.05    0.18
  1                    CONDUIT    236.77     0  02:33      2.21    0.08    0.19
  CC-Pump-1            PUMP       200.00     0  02:06              1.00
  CC-Pump-2            PUMP       200.00     0  02:06              1.00
  JK-Pump-1            PUMP       300.00     0  00:00              1.00
  JK-Pump-2            PUMP       683.00     0  00:00              1.00
  XR-Pump-1            PUMP        95.00     0  00:00              1.00
  XR-Pump-2            PUMP        95.00     0  00:00              1.00
  XR-Pump-3            PUMP        95.00     0  00:00              1.00
  XR-Pump-4            PUMP        95.00     0  00:00              1.00
  3                    WEIR       360.42     0  02:13                      0.23
  5                    WEIR       319.50     0  02:19                      0.21
  6                    WEIR       400.55     0  02:31                      0.24
  
  
  ***************************
  Flow Classification Summary
  ***************************
  
  -------------------------------------------------------------------------------------
                      Adjusted    ---------- Fraction of Time in Flow Class ---------- 
                       /Actual         Up    Down  Sub   Sup   Up    Down  Norm  Inlet 
  Conduit               Length    Dry  Dry   Dry   Crit  Crit  Crit  Crit  Ltd   Ctrl  
  -------------------------------------------------------------------------------------
  WS02003066WSF200        1.00   0.11  0.00  0.00  0.00  0.89  0.00  0.00  0.74  0.00
  WS02006287WS02006284    1.00   0.03  0.02  0.00  0.71  0.23  0.00  0.00  0.80  0.00
  WS02006284WS02006280    1.00   0.04  0.00  0.00  0.00  0.00  0.00  0.96  0.00  0.00
  WS02006280WS02006229    1.00   0.04  0.00  0.00  0.00  0.00  0.00  0.96  0.00  0.00
  WS02006229WS02006228    1.00   0.00  0.00  0.00  1.00  0.00  0.00  0.00  0.00  0.00
  WS02006256WS02006235    1.00   0.00  0.00  0.00  0.08  0.92  0.00  0.00  0.01  0.00
  WS02006253WS02006251    1.00   0.02  0.02  0.00  0.90  0.00  0.07  0.00  0.00  0.00
  WS02006252WS02006251    1.00   0.10  0.00  0.00  0.00  0.00  0.90  0.00  0.00  0.00
  WS02006251WS02006249    1.00   0.00  0.00  0.00  1.00  0.00  0.00  0.00  0.27  0.00
  WS02006249WS02006248    1.00   0.00  0.05  0.00  0.68  0.00  0.27  0.00  0.00  0.00
  WS02006248WS02006247    1.00   0.05  0.00  0.00  0.93  0.00  0.00  0.02  0.14  0.00
  WS02006247WS02006245    1.00   0.05  0.00  0.00  0.90  0.00  0.00  0.04  0.00  0.00
  WS02006245WS02006243    1.00   0.06  0.00  0.00  0.88  0.00  0.00  0.06  0.00  0.00
  WS02006243WS02006242    1.00   0.06  0.00  0.00  0.91  0.00  0.00  0.03  0.74  0.00
  WS02006242WS02006240    1.00   0.00  0.07  0.00  0.92  0.00  0.00  0.00  0.23  0.00
  WS02006240WS02006239    1.00   0.00  0.00  0.00  0.92  0.00  0.00  0.08  0.01  0.00
  WS02006239WS02006238    1.00   0.00  0.02  0.00  0.98  0.00  0.00  0.00  0.21  0.00
  WS02006238WS02006235    1.00   0.00  0.00  0.00  1.00  0.00  0.00  0.00  0.00  0.00
  WS02006235WS02006234    1.00   0.07  0.00  0.00  0.91  0.00  0.02  0.01  0.00  0.00
  WS02006234WS02006232    1.00   0.00  0.01  0.00  0.99  0.00  0.00  0.00  0.20  0.00
  WS02006232WS02006231    1.00   0.00  0.00  0.00  1.00  0.00  0.00  0.00  0.00  0.00
  WS02006231WS02006230    1.00   0.00  0.00  0.00  0.11  0.00  0.88  0.00  0.00  0.00
  WS02006230WS02006229    1.00   0.00  0.00  0.00  0.99  0.00  0.00  0.01  0.00  0.00
  WS02006228WS02006109    1.00   0.00  0.00  0.00  1.00  0.00  0.00  0.00  0.00  0.00
  WS02006116WS02004401    1.00   0.03  0.00  0.00  0.97  0.00  0.00  0.00  0.01  0.00
  WS02006115WS02006116    1.00   0.03  0.00  0.00  0.93  0.00  0.00  0.04  0.00  0.00
  WS02006113WS02006111    1.00   0.02  0.00  0.00  0.01  0.97  0.00  0.00  0.08  0.00
  WS02006112WS02006115    1.00   0.02  0.01  0.00  0.96  0.00  0.00  0.00  0.00  0.00
  WS02006111WS02006112    1.00   0.02  0.00  0.00  0.97  0.00  0.00  0.00  0.93  0.00
  WS02006110WS02006113    1.00   0.01  0.01  0.00  0.98  0.00  0.00  0.00  0.00  0.00
  WS02006109WS02006110    1.00   0.00  0.01  0.00  0.99  0.00  0.00  0.00  0.00  0.00
  WS02004411WS02004412    1.00   0.08  0.00  0.00  0.92  0.00  0.00  0.00  0.00  0.00
  WS02004401WS02004402    1.00   0.03  0.00  0.00  0.97  0.00  0.00  0.00  0.04  0.00
  WS02004413WS02003067    1.00   0.08  0.01  0.00  0.00  0.00  0.90  0.00  0.00  0.00
  WS02004412WS02004413    1.00   0.08  0.00  0.00  0.91  0.00  0.00  0.00  0.00  0.00
  WS02004410WS02004411    1.00   0.08  0.00  0.00  0.92  0.00  0.00  0.00  0.00  0.00
  WS02004409WS02004410    1.00   0.08  0.00  0.00  0.92  0.00  0.00  0.00  0.00  0.00
  WS02004407WS02004409    1.00   0.08  0.00  0.00  0.91  0.01  0.00  0.00  0.77  0.00
  WS02004406WS02004407    1.00   0.00  0.08  0.00  0.92  0.00  0.00  0.00  0.00  0.00
  WS02004405WS02004406    1.00   0.00  0.00  0.00  1.00  0.00  0.00  0.00  0.04  0.00
  WS02004404WS02004405    1.00   0.00  0.00  0.00  1.00  0.00  0.00  0.00  0.00  0.00
  WS02004403WS02004404    1.00   0.00  0.04  0.00  0.96  0.00  0.00  0.00  0.04  0.00
  WS02004402WS02004403    1.00   0.03  0.00  0.00  0.97  0.00  0.00  0.00  0.00  0.00
  WS02004139WS02001211    1.00   0.00  0.00  0.00  1.00  0.00  0.00  0.00  0.00  0.00
  WS02004138WS02004139    1.00   0.00  0.00  0.00  0.00  0.06  0.00  0.94  0.06  0.00
  WS02003067WS02003066    1.00   0.10  0.01  0.00  0.90  0.00  0.00  0.00  0.00  0.00
  WS02001213WS02003059    1.00   0.00  0.00  0.00  1.00  0.00  0.00  0.00  0.00  0.00
  WS02001212WS02001213    1.00   0.00  0.00  0.00  0.16  0.00  0.84  0.00  0.00  0.00
  WS02001211WS02001212    1.00   0.00  0.00  0.00  1.00  0.00  0.00  0.00  0.00  0.00
  WS02003072WS02003073    1.00   0.00  0.00  0.00  0.00  0.00  0.00  1.00  0.00  0.00
  WS02003069WS02003072    1.00   0.00  0.00  0.00  1.00  0.00  0.00  0.00  0.99  0.00
  WS02003060WS02003069    1.00   0.00  0.00  0.00  0.99  0.01  0.00  0.00  0.94  0.00
  WS02003059WS02003060    1.00   0.00  0.00  0.00  1.00  0.00  0.00  0.00  0.05  0.00
  HS02004901HS02004770    1.00   0.04  0.00  0.00  0.96  0.00  0.00  0.00  0.01  0.00
  HS02004876HS02004881    1.00   0.01  0.00  0.00  0.99  0.00  0.00  0.00  0.00  0.00
  HS02004870HS02004876    1.00   0.00  0.00  0.00  0.99  0.00  0.00  0.00  0.95  0.00
  HS02004842HS02004848    1.00   0.00  0.04  0.00  0.96  0.00  0.00  0.00  0.62  0.00
  HS02004837HS02004842    1.00   0.00  0.00  0.00  1.00  0.00  0.00  0.00  0.11  0.00
  HS02004830HS02004837    1.00   0.00  0.00  0.00  1.00  0.00  0.00  0.00  0.99  0.00
  HS02004824HS02004830    1.00   0.00  0.00  0.00  1.00  0.00  0.00  0.00  0.00  0.00
  HS02004817HS02004824    1.00   0.00  0.00  0.00  1.00  0.00  0.00  0.00  1.00  0.00
  HS02004770HS02004777    1.00   0.00  0.04  0.00  0.96  0.00  0.00  0.00  0.04  0.00
  HS02004799HS02004480    1.00   0.00  0.01  0.00  0.95  0.00  0.04  0.00  0.00  0.00
  HS02004792HS02004799    1.00   0.00  0.00  0.00  1.00  0.00  0.00  0.00  0.98  0.00
  HS02004788HS02004792    1.00   0.00  0.00  0.00  1.00  0.00  0.00  0.00  0.98  0.00
  HS02004785HS02004788    1.00   0.00  0.00  0.00  1.00  0.00  0.00  0.00  0.00  0.00
  HS02004777HS02004785    1.00   0.00  0.00  0.00  1.00  0.00  0.00  0.00  0.14  0.00
  HS02004480HS02004478    1.00   0.04  0.00  0.00  0.73  0.00  0.00  0.22  0.00  0.00
  HS02004479HS02004480    1.00   0.01  0.00  0.00  0.99  0.00  0.00  0.00  0.12  0.00
  HS02004862HS02004870    1.00   0.00  0.00  0.00  1.00  0.00  0.00  0.00  0.05  0.00
  HS02004848HS02004852    1.00   0.04  0.00  0.00  0.96  0.00  0.00  0.00  0.72  0.00
  HS02004856HS02004862    1.00   0.00  0.06  0.00  0.94  0.00  0.00  0.00  0.81  0.00
  HS02004852HS02004856    1.00   0.04  0.01  0.00  0.95  0.00  0.00  0.00  0.86  0.00
  HS02004802HS02004478    1.00   0.04  0.00  0.00  0.95  0.00  0.00  0.00  0.02  0.00
  HS02004478WS02006287    1.00   0.06  0.00  0.00  0.87  0.08  0.00  0.00  0.81  0.00
  HS02004817HS02004807    1.00   0.00  0.04  0.00  0.96  0.00  0.00  0.00  0.01  0.00
  HS02004807HS02004802    1.00   0.04  0.00  0.00  0.95  0.00  0.00  0.01  0.00  0.00
  YS02001759YS02001757    1.00   0.00  0.00  0.00  1.00  0.00  0.00  0.00  0.16  0.00
  YS02001762YS02001759    1.00   0.00  0.00  0.00  1.00  0.00  0.00  0.00  0.04  0.00
  YS02001765YS02001762    1.00   0.00  0.00  0.00  1.00  0.00  0.00  0.00  0.16  0.00
  YS02001770YS02001767    1.00   0.00  0.00  0.00  1.00  0.00  0.00  0.00  0.00  0.00
  YS02001774YS02001770    1.00   0.00  0.04  0.00  0.95  0.00  0.00  0.00  0.04  0.00
  YS02001779YS02001774    1.00   0.00  0.00  0.00  1.00  0.00  0.00  0.00  0.21  0.00
  YS02001649YS02001757    1.00   0.00  0.00  0.00  1.00  0.00  0.00  0.00  0.17  0.00
  YS02001767YS02001765    1.00   0.00  0.00  0.00  1.00  0.00  0.00  0.00  0.00  0.00
  YS02006561YS02001783    1.00   0.07  0.00  0.00  0.00  0.93  0.00  0.00  0.70  0.00
  YS02001783YS02001784    1.00   0.00  0.07  0.00  0.93  0.00  0.00  0.00  0.01  0.00
  YS02001784YS02001785    1.00   0.00  0.00  0.00  1.00  0.00  0.00  0.00  0.20  0.00
  YS02001788YS02001790    1.00   0.00  0.00  0.00  0.08  0.92  0.00  0.00  0.70  0.00
  YS02001790YS02001791    1.00   0.00  0.00  0.00  0.01  0.99  0.00  0.00  0.63  0.00
  YS02001791YS02001793    1.00   0.00  0.00  0.00  0.00  1.00  0.00  0.00  0.00  0.00
  YS02001910YS02001907    1.00   0.00  0.00  0.00  0.99  0.00  0.00  0.01  0.12  0.00
  YS02001786YS02001788    1.00   0.00  0.00  0.00  0.08  0.92  0.00  0.00  0.00  0.00
  YS02001915YS02001910    1.00   0.00  0.00  0.00  0.99  0.01  0.00  0.00  0.18  0.00
  YS02001918YS02001915    1.00   0.00  0.00  0.00  0.99  0.00  0.00  0.00  0.76  0.00
  YS02001923YS02001920    1.00   0.00  0.00  0.00  1.00  0.00  0.00  0.00  1.00  0.00
  YS02001926YS02001923    1.00   0.00  0.02  0.00  0.00  0.00  0.98  0.00  0.00  0.00
  YS02001929YS02001926    1.00   0.00  0.04  0.00  0.96  0.00  0.00  0.00  0.87  0.00
  YS02001920YS02001918    1.00   0.00  0.00  0.00  1.00  0.00  0.00  0.00  0.00  0.00
  YS02001629YS02163301    1.00   0.05  0.00  0.00  0.94  0.00  0.00  0.00  0.00  0.00
  YS02001619YS02001622    1.00   0.04  0.00  0.00  0.96  0.00  0.00  0.00  0.00  0.00
  YS02001622YS02001625    1.00   0.04  0.00  0.00  0.96  0.00  0.00  0.00  0.08  0.00
  YS02001625YS02001629    1.00   0.04  0.03  0.00  0.90  0.00  0.02  0.00  0.00  0.00
  YS02163301YS02001633    1.00   0.00  0.05  0.00  0.95  0.00  0.00  0.00  0.00  0.00
  YS02163601YS02164001    1.00   0.00  0.03  0.00  0.97  0.00  0.00  0.00  0.00  0.00
  YS02164001YS02001641    1.00   0.00  0.02  0.00  0.97  0.00  0.00  0.00  0.06  0.00
  YS02001641YS02001644    1.00   0.00  0.00  0.00  1.00  0.00  0.00  0.00  0.00  0.00
  YS02001647YS02001649    1.00   0.00  0.07  0.00  0.93  0.00  0.00  0.00  0.01  0.00
  YS02006553YS02006556    1.00   0.01  0.00  0.00  0.99  0.00  0.00  0.00  0.03  0.00
  YS02006556YS02006558    1.00   0.00  0.00  0.00  1.00  0.00  0.00  0.00  0.00  0.00
  YSB6556YSB1171          1.00   0.01  0.03  0.00  0.96  0.00  0.00  0.00  0.00  0.00
  YS02001907YS02006553    1.00   0.00  0.01  0.00  0.99  0.00  0.00  0.00  0.00  0.00
  YS02006558YS02006561    1.00   0.07  0.00  0.00  0.00  0.93  0.00  0.00  0.73  0.00
  YS02001633YS02163601    1.00   0.00  0.00  0.00  1.00  0.00  0.00  0.00  0.16  0.00
  YS02001644YS02001647    1.00   0.00  0.07  0.00  0.93  0.00  0.00  0.00  0.00  0.00
  YS02001745YS02001748    1.00   0.00  0.00  0.00  0.32  0.02  0.00  0.65  0.44  0.00
  YS02001748YS02001751    1.00   0.00  0.00  0.00  0.95  0.05  0.00  0.00  0.37  0.00
  YS02001751YS02001754    1.00   0.00  0.00  0.00  0.92  0.00  0.00  0.08  0.03  0.00
  YS02001754YS02001757    1.00   0.00  0.00  0.00  1.00  0.00  0.00  0.00  0.21  0.00
  YS02001882YS02001884    1.00   0.05  0.00  0.00  0.94  0.00  0.00  0.00  0.00  0.00
  YS02001884YS02001887    1.00   0.02  0.02  0.00  0.96  0.00  0.00  0.00  0.00  0.00
  YS02001890YS02001895    1.00   0.00  0.06  0.00  0.94  0.00  0.00  0.00  0.00  0.00
  YS02001895YS02001898    1.00   0.06  0.00  0.00  0.93  0.00  0.02  0.00  0.00  0.00
  YS02001898YS02001901    1.00   0.06  0.00  0.00  0.94  0.00  0.00  0.00  0.03  0.00
  YS02001901YS02001904    1.00   0.06  0.00  0.00  0.94  0.00  0.00  0.00  0.00  0.00
  YS02001904YS02001907    1.00   0.00  0.06  0.00  0.94  0.00  0.00  0.00  0.00  0.00
  YS02001887YS02001890    1.00   0.00  0.00  0.00  0.99  0.00  0.01  0.00  0.00  0.00
  YS02001652YS02001649    1.00   0.00  0.00  0.00  1.00  0.00  0.00  0.00  0.18  0.00
  YS02001655YS02001652    1.00   0.00  0.00  0.00  0.92  0.00  0.00  0.08  0.03  0.00
  YS02001658YS02001655    1.00   0.00  0.05  0.00  0.90  0.05  0.00  0.00  0.39  0.00
  YS02001661YS02001658    1.00   0.05  0.00  0.00  0.34  0.62  0.00  0.00  0.82  0.00
  YS02001664YS02001661    1.00   0.04  0.00  0.00  0.77  0.19  0.00  0.00  0.87  0.00
  YSB1154YSB6556          1.00   0.04  0.00  0.00  0.96  0.00  0.00  0.00  0.02  0.00
  YSB1174YSB1171          1.00   0.02  0.01  0.00  0.97  0.00  0.00  0.00  0.00  0.00
  YSB1171HS02004479       1.00   0.01  0.00  0.00  0.98  0.00  0.00  0.00  0.11  0.00
  HS02004881HS02006253    1.00   0.02  0.00  0.00  0.00  0.00  0.00  0.98  0.00  0.00
  YS02001793JiankangQianchi    1.00   0.00  0.00  0.00  0.00  1.00  0.00  0.00  0.00  0.00
  YS02001757CaochengTiaoxuchi    1.00   0.00  0.10  0.00  0.90  0.00  0.00  0.00  0.00  0.00
  WSF200WS02003060        1.00   0.00  0.11  0.00  0.23  0.67  0.00  0.00  0.68  0.00
  1                       1.00   0.00  0.00  0.00  0.00  1.00  0.00  0.00  0.25  0.00
  
  
  *************************
  Conduit Surcharge Summary
  *************************
  
  ----------------------------------------------------------------------------
                                                           Hours        Hours 
                         --------- Hours Full --------   Above Full   Capacity
  Conduit                Both Ends  Upstream  Dnstream   Normal Flow   Limited
  ----------------------------------------------------------------------------
  WS02006256WS02006235        0.01      0.01      6.27      6.21         0.01
  WS02006252WS02006251        4.60      4.60      5.45      5.13         0.01
  WS02006230WS02006229        0.01      0.01      0.01      3.20         0.01
  WS02006228WS02006109        0.01      0.01      0.01      0.09         0.01
  WS02004404WS02004405        0.01      0.01      0.01      1.58         0.01
  YS02001759YS02001757        2.70      2.70      3.43      0.01         0.01
  YS02001762YS02001759        2.40      2.40      2.70      0.01         0.01
  YS02001765YS02001762        1.83      1.83      2.40      0.01         0.01
  YS02001770YS02001767        0.94      0.94      1.04      0.01         0.01
  YS02001774YS02001770        0.57      0.57      2.20      0.01         0.01
  YS02001779YS02001774        0.01      0.01      2.20      0.01         0.01
  YS02001649YS02001757        2.49      2.49      3.43      0.01         0.01
  YS02001767YS02001765        1.04      1.04      1.83      0.01         0.01
  YS02001629YS02163301        0.46      0.46      0.77      0.01         0.01
  YS02163301YS02001633        0.77      0.77      1.88      0.01         0.01
  YS02163601YS02164001        1.79      1.79      2.46      0.01         0.01
  YS02164001YS02001641        1.79      1.79      2.07      0.01         0.01
  YS02001641YS02001644        2.07      2.07      2.11      0.01         0.03
  YS02001647YS02001649        0.01      0.01      2.49      0.01         0.01
  YS02001907YS02006553        0.01      0.01      0.55      0.01         0.01
  YS02001633YS02163601        1.55      1.55      2.46      0.01         0.01
  YS02001644YS02001647        0.01      0.01      2.11      0.01         0.01
  YS02001754YS02001757        0.01      0.01      3.43      0.01         0.01
  YS02001652YS02001649        0.01      0.01      2.49      0.01         0.01
  YS02001793JiankangQianchi        0.01      0.01      0.02      0.01         0.01
  YS02001757CaochengTiaoxuchi        0.01      0.01      3.43      0.01         0.01
  
  
  ***************
  Pumping Summary
  ***************
  
  ---------------------------------------------------------------------------------------------------------
                                                  Min       Avg       Max     Total     Power    % Time Off
                        Percent   Number of      Flow      Flow      Flow    Volume     Usage    Pump Curve
  Pump                 Utilized   Start-Ups       LPS       LPS       LPS  10^6 ltr     Kw-hr    Low   High
  ---------------------------------------------------------------------------------------------------------
  CC-Pump-1               74.94           1      0.00    164.40    200.00     3.953     17.36    0.0   69.1
  CC-Pump-2               74.94           1      0.00    164.40    200.00     3.953     17.36    0.0   69.1
  JK-Pump-1              100.00           1      0.00    128.83    300.00     3.822     85.68    0.0    0.0
  JK-Pump-2              100.00           1      0.00    139.75    683.00     4.200     94.13    0.0   99.8
  XR-Pump-1              100.00           1      0.00     95.00     95.00     2.736     68.18    0.0    0.0
  XR-Pump-2              100.00           1      0.00     95.00     95.00     2.736     68.18    0.0    0.0
  XR-Pump-3              100.00           1      0.00     95.00     95.00     2.736     68.18    0.0    0.0
  XR-Pump-4              100.00           1      0.00     95.00     95.00     2.736     68.18    0.0    0.0
  
  
  ***************************
  Link Pollutant Load Summary
  ***************************
  
  ------------------------------------------------------------------------------------------
                                 COD            SS            TN            TP         NH4-N
  Link                            kg            kg            kg            kg            kg
  ------------------------------------------------------------------------------------------
  WS02003066WSF200           128.879       220.835         6.589         0.738         3.882
  WS02006287WS02006284       122.515       209.635         6.688         0.761         3.973
  WS02006284WS02006280       122.974       210.374         6.732         0.766         4.000
  WS02006280WS02006229       122.950       210.335         6.730         0.766         3.999
  WS02006229WS02006228       129.467       221.282         6.841         0.771         4.047
  WS02006256WS02006235         0.000         0.000         0.000         0.000         0.000
  WS02006253WS02006251        14.974        27.224         0.409         0.034         0.213
  WS02006252WS02006251       373.489       623.090         8.190         0.575         3.988
  WS02006251WS02006249        66.845       111.896         1.482         0.105         0.724
  WS02006249WS02006248        66.759       111.740         1.479         0.105         0.723
  WS02006248WS02006247        66.794       111.805         1.479         0.105         0.723
  WS02006247WS02006245        66.779       111.777         1.479         0.105         0.723
  WS02006245WS02006243        66.758       111.741         1.478         0.105         0.722
  WS02006243WS02006242        66.808       111.834         1.479         0.105         0.723
  WS02006242WS02006240        66.764       111.757         1.478         0.105         0.722
  WS02006240WS02006239        66.745       111.724         1.477         0.105         0.722
  WS02006239WS02006238        66.727       111.695         1.476         0.105         0.721
  WS02006238WS02006235        66.719       111.681         1.476         0.104         0.721
  WS02006235WS02006234         7.099        11.899         0.156         0.011         0.076
  WS02006234WS02006232         7.095        11.893         0.156         0.011         0.076
  WS02006232WS02006231         7.096        11.895         0.156         0.011         0.076
  WS02006231WS02006230         7.100        11.900         0.156         0.011         0.076
  WS02006230WS02006229         7.067        11.845         0.155         0.011         0.076
  WS02006228WS02006109       128.824       220.254         6.778         0.763         4.008
  WS02006116WS02004401       136.154       232.447         7.253         0.820         4.296
  WS02006115WS02006116       136.835       233.535         7.321         0.829         4.338
  WS02006113WS02006111       135.805       231.429         7.450         0.847         4.428
  WS02006112WS02006115       137.419       234.470         7.375         0.835         4.372
  WS02006111WS02006112       135.614       231.130         7.427         0.845         4.413
  WS02006110WS02006113       135.966       231.684         7.465         0.849         4.437
  WS02006109WS02006110       136.749       232.936         7.539         0.858         4.483
  WS02004411WS02004412       130.729       223.761         6.759         0.759         3.988
  WS02004401WS02004402       135.355       231.168         7.179         0.811         4.250
  WS02004413WS02003067       129.350       221.599         6.628         0.742         3.906
  WS02004412WS02004413       130.025       222.636         6.696         0.751         3.949
  WS02004410WS02004411       131.194       224.506         6.801         0.764         4.014
  WS02004409WS02004410       131.554       225.077         6.834         0.768         4.035
  WS02004407WS02004409       131.832       225.528         6.859         0.771         4.050
  WS02004406WS02004407       131.940       225.707         6.868         0.772         4.056
  WS02004405WS02004406       133.587       228.331         7.022         0.791         4.152
  WS02004404WS02004405       134.406       229.654         7.094         0.800         4.197
  WS02004403WS02004404       133.805       228.691         7.035         0.793         4.159
  WS02004402WS02004403       134.539       229.862         7.102         0.801         4.202
  WS02004139WS02001211        25.972        41.577         2.481         0.310         1.550
  WS02004138WS02004139       166.464       266.342        15.981         1.998         9.988
  WS02003067WS02003066       128.905       220.872         6.592         0.738         3.884
  WS02001213WS02003059        26.537        42.621         2.473         0.308         1.542
  WS02001212WS02001213        29.673        47.544         2.815         0.351         1.758
  WS02001211WS02001212        30.911        49.500         2.945         0.368         1.840
  WS02003072WS02003073       261.802       433.497        19.361         2.334        11.865
  WS02003069WS02003072       263.236       435.754        19.507         2.353        11.957
  WS02003060WS02003069       261.588       433.120        19.346         2.333        11.856
  WS02003059WS02003060        28.244        45.614         2.537         0.315         1.579
  HS02004901HS02004770         3.072         5.453         0.060         0.004         0.028
  HS02004876HS02004881        12.557        22.768         0.359         0.030         0.188
  HS02004870HS02004876         9.652        17.414         0.311         0.028         0.166
  HS02004842HS02004848         1.903         3.336         0.042         0.003         0.019
  HS02004837HS02004842         6.536        10.714         0.511         0.062         0.313
  HS02004830HS02004837        51.249        83.615         4.359         0.537         2.703
  HS02004824HS02004830        52.023        84.853         4.433         0.546         2.750
  HS02004817HS02004824        59.153        97.868         4.605         0.558         2.836
  HS02004770HS02004777        12.116        21.781         0.267         0.017         0.121
  HS02004799HS02004480        50.515        87.212         2.142         0.226         1.217
  HS02004792HS02004799        46.867        80.226         2.121         0.229         1.216
  HS02004788HS02004792        30.359        51.854         1.650         0.185         0.970
  HS02004785HS02004788        13.631        24.211         0.423         0.037         0.219
  HS02004777HS02004785        12.999        23.195         0.365         0.030         0.183
  HS02004480HS02004478        60.817       106.217         2.274         0.233         1.272
  HS02004479HS02004480        14.133        25.107         0.488         0.051         0.276
  HS02004862HS02004870         7.238        12.799         0.262         0.025         0.143
  HS02004848HS02004852         2.119         3.738         0.047         0.003         0.021
  HS02004856HS02004862         4.085         7.457         0.086         0.005         0.040
  HS02004852HS02004856         2.119         3.737         0.047         0.003         0.021
  HS02004802HS02004478        62.127       104.110         4.453         0.532         2.725
  HS02004478WS02006287       122.700       209.937         6.705         0.763         3.983
  HS02004817HS02004807        57.875        95.821         4.483         0.543         2.760
  HS02004807HS02004802        62.570       104.817         4.497         0.538         2.753
  YS02001759YS02001757       141.385       238.539         3.230         0.231         1.617
  YS02001762YS02001759        77.901       131.927         2.005         0.152         1.032
  YS02001765YS02001762        75.538       128.283         1.959         0.149         1.010
  YS02001770YS02001767        71.993       122.607         1.588         0.102         0.776
  YS02001774YS02001770         5.967         9.913         0.155         0.012         0.079
  YS02001779YS02001774         6.723        11.031         0.362         0.040         0.215
  YS02001649YS02001757       217.818       355.144         4.710         0.336         2.252
  YS02001767YS02001765        77.617       131.515         2.083         0.163         1.084
  YS02006561YS02001783       286.677       480.440         7.760         0.660         4.097
  YS02001783YS02001784       286.595       480.317         7.756         0.659         4.094
  YS02001784YS02001785       294.107       492.349         8.484         0.750         4.550
  YS02001788YS02001790       294.784       493.448         8.559         0.760         4.597
  YS02001790YS02001791       295.788       495.063         8.659         0.773         4.660
  YS02001791YS02001793       295.722       494.962         8.655         0.772         4.657
  YS02001910YS02001907       100.503       165.829         3.796         0.362         2.126
  YS02001786YS02001788       294.348       492.744         8.513         0.754         4.568
  YS02001915YS02001910       100.461       165.715         3.756         0.356         2.099
  YS02001918YS02001915        52.633        83.678         2.682         0.298         1.586
  YS02001923YS02001920        32.180        50.961         0.697         0.049         0.344
  YS02001926YS02001923        31.807        50.360         0.657         0.044         0.320
  YS02001929YS02001926        31.525        49.898         0.625         0.040         0.299
  YS02001920YS02001918        52.546        83.553         2.656         0.294         1.570
  YS02001629YS02163301        38.286        62.565         0.864         0.054         0.399
  YS02001619YS02001622        38.842        63.376         0.876         0.054         0.403
  YS02001622YS02001625        38.770        63.284         0.874         0.054         0.403
  YS02001625YS02001629        38.388        62.728         0.865         0.054         0.399
  YS02163301YS02001633        38.548        62.986         0.870         0.054         0.402
  YS02163601YS02164001       104.600       170.149         2.301         0.163         1.110
  YS02164001YS02001641       104.522       170.004         2.290         0.161         1.103
  YS02001641YS02001644       105.043       170.796         2.295         0.161         1.104
  YS02001647YS02001649       167.225       271.389         3.501         0.246         1.676
  YS02006553YS02006556       208.042       347.578         5.939         0.526         3.188
  YS02006556YS02006558       207.995       347.472         5.914         0.522         3.172
  YSB6556YSB1171               7.539        13.536         0.202         0.019         0.110
  YS02001907YS02006553       208.055       347.622         5.939         0.526         3.189
  YS02006558YS02006561       286.692       480.460         7.760         0.660         4.096
  YS02001633YS02163601       104.688       170.229         2.269         0.158         1.088
  YS02001644YS02001647       167.329       271.519         3.502         0.246         1.677
  YS02001745YS02001748        54.104        90.664         1.163         0.067         0.555
  YS02001748YS02001751        55.794        93.388         1.316         0.086         0.651
  YS02001751YS02001754        58.122        96.904         1.376         0.089         0.680
  YS02001754YS02001757        94.274       154.235         4.534         0.480         2.640
  YS02001882YS02001884         0.597         0.935         0.017         0.001         0.009
  YS02001884YS02001887         2.308         3.767         0.056         0.005         0.030
  YS02001890YS02001895       108.912       183.794         2.193         0.168         1.091
  YS02001895YS02001898       108.778       183.601         2.187         0.168         1.088
  YS02001898YS02001901       108.668       183.444         2.184         0.167         1.086
  YS02001901YS02001904       108.620       183.403         2.194         0.169         1.093
  YS02001904YS02001907       109.005       184.061         2.251         0.176         1.129
  YS02001887YS02001890       109.706       185.014         2.250         0.175         1.126
  YS02001652YS02001649        53.916        88.739         1.280         0.094         0.608
  YS02001655YS02001652        52.785        86.974         1.265         0.094         0.601
  YS02001658YS02001655        51.517        84.956         1.146         0.079         0.526
  YS02001661YS02001658        50.926        83.994         1.109         0.074         0.505
  YS02001664YS02001661        50.852        83.844         1.108         0.074         0.504
  YSB1154YSB6556               7.113        12.862         0.149         0.012         0.076
  YSB1174YSB1171               5.005         9.035         0.134         0.013         0.072
  YSB1171HS02004479           14.107        25.076         0.487         0.051         0.276
  HS02004881HS02006253        14.121        25.698         0.388         0.032         0.202
  YS02001793JiankangQianchi       295.697       494.924         8.653         0.772         4.656
  YS02001757CaochengTiaoxuchi       422.757       700.130        10.382         0.803         5.243
  WSF200WS02003060           128.758       220.631         6.581         0.737         3.877
  1                          274.088       453.069        20.566         2.485        12.619
  CC-Pump-1                  186.735       311.528         4.095         0.287         1.994
  CC-Pump-2                  186.735       311.528         4.095         0.287         1.994
  JK-Pump-1                    0.000         0.000         0.000         0.000         0.000
  JK-Pump-2                    0.000         0.000         0.000         0.000         0.000
  XR-Pump-1                   41.612        66.579         3.995         0.499         2.497
  XR-Pump-2                   41.612        66.579         3.995         0.499         2.497
  XR-Pump-3                   41.612        66.579         3.995         0.499         2.497
  XR-Pump-4                   41.612        66.579         3.995         0.499         2.497
  3                          322.096       539.197         7.160         0.509         3.503
  5                           59.612        99.770         1.320         0.093         0.645
  6                          194.485       311.197        18.658         2.332        11.661
  

  Analysis begun on:  Fri Jul 16 10:09:17 2021
  Analysis ended on:  Fri Jul 16 10:09:20 2021
  Total elapsed time: 00:00:03