
  EPA STORM WATER MANAGEMENT MODEL - VERSION 5.1 (Build 5.3.0.dev0)
  --------------------------------------------------------------

  WARNING 04: minimum elevation drop used for Conduit WS02004404WS02004405
  WARNING 03: negative offset ignored for Link YS02001904YS02001907
  
  *********************************************************
  NOTE: The summary statistics displayed in this report are
  based on results found at every computational time step,  
  not just on results from each reporting time step.
  *********************************************************
  
  ****************
  Analysis Options
  ****************
  Flow Units ............... LPS
  Process Models:
    Rainfall/Runoff ........ YES
    RDII ................... NO
    Snowmelt ............... NO
    Groundwater ............ NO
    Flow Routing ........... YES
    Ponding Allowed ........ NO
    Water Quality .......... YES
  Infiltration Method ...... HORTON
  Flow Routing Method ...... DYNWAVE
  Surcharge Method ......... EXTRAN
  Starting Date ............ 08/28/2015 08:00:00
  Ending Date .............. 08/28/2015 16:00:00
  Antecedent Dry Days ...... 8.0
  Report Time Step ......... 00:01:00
  Wet Time Step ............ 00:01:00
  Dry Time Step ............ 00:01:00
  Routing Time Step ........ 5.00 sec
  Variable Time Step ....... YES
  Maximum Trials ........... 8
  Number of Threads ........ 4
  Head Tolerance ........... 0.001500 m
  
  
  **************************        Volume         Depth
  Runoff Quantity Continuity     hectare-m            mm
  **************************     ---------       -------
  Total Precipitation ......         2.032         4.449
  Evaporation Loss .........         0.000         0.000
  Infiltration Loss ........         0.477         1.045
  Surface Runoff ...........         1.123         2.459
  Final Storage ............         0.432         0.947
  Continuity Error (%) .....        -0.021
  
  
  **************************           COD            SS            TN            TP         NH4-N
  Runoff Quality Continuity             kg            kg            kg            kg            kg
  **************************    ----------    ----------    ----------    ----------    ----------
  Initial Buildup ..........     41378.656     70582.865      1804.177       168.684      1032.807
  Surface Buildup ..........        12.108        14.216         2.641         0.245         1.565
  Wet Deposition ...........         0.000         0.000         0.000         0.000         0.000
  Sweeping Removal .........         0.000         0.000         0.000         0.000         0.000
  Infiltration Loss ........        18.558        31.209         0.383         0.025         0.178
  BMP Removal ..............         0.000         0.000         0.000         0.000         0.000
  Surface Runoff ...........       563.110       922.228        11.759         0.747         5.525
  Remaining Buildup ........     40808.929     69643.373      1794.672       168.156      1028.667
  Continuity Error (%) .....         0.000         0.000         0.000         0.000         0.000
  
  
  **************************        Volume        Volume
  Flow Routing Continuity        hectare-m      10^6 ltr
  **************************     ---------     ---------
  Dry Weather Inflow .......         0.630         6.296
  Wet Weather Inflow .......         1.122        11.224
  Groundwater Inflow .......         0.000         0.000
  RDII Inflow ..............         0.000         0.000
  External Inflow ..........         0.105         1.045
  External Outflow .........         2.481        24.811
  Flooding Loss ............         0.172         1.720
  Evaporation Loss .........         0.000         0.000
  Exfiltration Loss ........         0.000         0.000
  Initial Stored Volume ....         0.076         0.761
  Final Stored Volume ......         0.086         0.857
  Continuity Error (%) .....       -41.710
  
  
  **************************           COD            SS            TN            TP         NH4-N
  Quality Routing Continuity            kg            kg            kg            kg            kg
  **************************    ----------    ----------    ----------    ----------    ----------
  Dry Weather Inflow .......      1573.993      2518.389       151.103        18.888        94.440
  Wet Weather Inflow .......       562.908       921.923        11.754         0.747         5.523
  Groundwater Inflow .......         0.000         0.000         0.000         0.000         0.000
  RDII Inflow ..............         0.000         0.000         0.000         0.000         0.000
  External Inflow ..........       187.321       299.713        17.983         2.248        11.239
  External Outflow .........       644.587      1049.381        44.197         5.238        26.889
  Flooding Loss ............         0.000         0.000         0.000         0.000         0.000
  Exfiltration Loss ........         0.000         0.000         0.000         0.000         0.000
  Mass Reacted .............         0.000         0.000         0.000         0.000         0.000
  Initial Stored Mass ......         0.000         0.000         0.000         0.000         0.000
  Final Stored Mass ........        61.945        97.265         4.794         0.576         2.940
  Continuity Error (%) .....        69.601        69.341        72.909        73.429        73.175
  
  
  *************************
  Highest Continuity Errors
  *************************
  Node JK-storage (-96.29%)
  Node HS02004842 (27.94%)
  Node YS02001884 (24.02%)
  Node WS02003059 (11.50%)
  Node YS02001774 (9.25%)
  
  
  ***************************
  Time-Step Critical Elements
  ***************************
  Link WS02006252WS02006251 (62.66%)
  Link YS02001793JiankangQianchi (25.38%)
  Link WS02006280WS02006229 (4.21%)
  Link YS02001649YS02001757 (1.71%)
  
  
  ********************************
  Highest Flow Instability Indexes
  ********************************
  Link WS02006113WS02006111 (14)
  Link YS02001762YS02001759 (5)
  Link YS02001754YS02001757 (5)
  Link YS02001767YS02001765 (5)
  Link YS02001751YS02001754 (5)
  
  
  *************************
  Routing Time Step Summary
  *************************
  Minimum Time Step           :     0.41 sec
  Average Time Step           :     1.33 sec
  Maximum Time Step           :     5.00 sec
  Percent in Steady State     :    -0.00
  Average Iterations per Step :     2.24
  Percent Not Converging      :     0.29
  
  
  ***************************
  Subcatchment Runoff Summary
  ***************************
  
  ------------------------------------------------------------------------------------------------------------------------------
                            Total      Total      Total      Total     Imperv       Perv      Total       Total     Peak  Runoff
                           Precip      Runon       Evap      Infil     Runoff     Runoff     Runoff      Runoff   Runoff   Coeff
  Subcatchment                 mm         mm         mm         mm         mm         mm         mm    10^6 ltr      LPS
  ------------------------------------------------------------------------------------------------------------------------------
  sub0                       4.45       0.00       0.00       0.31       4.09       0.00       4.09        0.00     0.80   0.920
  sub1                       4.45       0.00       0.00       0.49       3.88       0.00       3.88        0.03     5.12   0.871
  sub2                       4.45       0.00       0.00       1.65       2.73       0.00       2.73        0.03     4.72   0.613
  sub3                       4.45       0.00       0.00       1.65       2.69       0.00       2.69        0.06    10.16   0.606
  sub4                       4.45       0.00       0.00       0.49       3.75       0.00       3.75        0.08    11.83   0.842
  sub5                       4.45       0.00       0.00       0.31       4.05       0.00       4.05        0.05     9.12   0.910
  sub7                       4.45       0.00       0.00       0.40       3.99       0.00       3.99        0.01     2.96   0.897
  sub8                       4.45       0.00       0.00       0.40       3.98       0.00       3.98        0.03     5.40   0.895
  sub9                       4.45       0.00       0.00       0.40       3.98       0.00       3.98        0.02     4.03   0.894
  sub10                      4.45       0.00       0.00       0.36       4.01       0.00       4.01        0.04     8.97   0.902
  sub11                      4.45       0.00       0.00       0.36       4.03       0.00       4.03        0.05    10.06   0.905
  sub12                      4.45       0.00       0.00       0.58       3.82       0.00       3.82        0.03     7.79   0.859
  sub14                      4.45       0.00       0.00       0.40       3.98       0.00       3.98        0.04     7.92   0.894
  sub15                      4.45       0.00       0.00       1.33       3.06       0.00       3.06        0.05    10.86   0.687
  sub16                      4.45       0.00       0.00       1.47       2.94       0.00       2.94        0.03     7.03   0.661
  sub17                      4.45       0.00       0.00       1.42       2.98       0.00       2.98        0.03     5.77   0.671
  sub22                      4.45       0.00       0.00       1.91       2.50       0.00       2.50        0.16    34.16   0.561
  sub23                      4.45       0.00       0.00       1.65       2.76       0.00       2.76        0.13    28.82   0.620
  sub60                      4.45       0.00       0.00       0.53       2.70       0.00       2.70        0.82    70.90   0.606
  sub61                      4.45       0.00       0.00       0.76       2.88       0.00       2.88        0.89    86.99   0.648
  sub62                      4.45       0.00       0.00       0.36       3.09       0.00       3.09        0.95    89.83   0.695
  sub63                      4.45       0.00       0.00       1.29       2.57       0.00       2.57        0.78    79.75   0.577
  sub64                      4.45       0.00       0.00       0.67       2.58       0.00       2.58        0.78    67.37   0.580
  sub65                      4.45       0.00       0.00       0.58       2.61       0.00       2.61        0.80    68.38   0.587
  sub66                      4.45       0.00       0.00       1.29       2.25       0.00       2.25        0.69    61.59   0.506
  sub67                      4.45       0.00       0.00       0.36       3.40       0.00       3.40        1.05   110.92   0.764
  sub68                      4.45       0.00       0.00       0.62       3.07       0.00       3.07        0.94    95.09   0.689
  sub69                      4.45       0.00       0.00       0.67       3.31       0.00       3.31        0.77    90.00   0.744
  sub70                      4.45       3.38       0.00       2.66       4.07       0.00       4.07        0.93    79.42   0.520
  sub71                      4.45       0.00       0.00       0.36       2.96       0.00       2.96        0.70    63.21   0.665
  sub72                      4.45       0.00       0.00       0.31       2.09       0.00       2.09        0.43    30.15   0.470
  1                          4.45       3.96       0.00       1.38       4.15       0.49       4.64        1.09    74.74   0.552
  2                          4.45       0.00       0.00       3.05       1.00       0.13       1.13        0.45    53.79   0.254
  
  
  ****************************
  Subcatchment Washoff Summary
  ****************************
  
  ------------------------------------------------------------------------------------------
                                 COD            SS            TN            TP         NH4-N
  Subcatchment                    kg            kg            kg            kg            kg
  ------------------------------------------------------------------------------------------
  sub0                         0.511         0.900         0.008         0.001         0.004
  sub1                         2.165         3.888         0.042         0.003         0.020
  sub2                         1.254         2.172         0.029         0.002         0.013
  sub3                         3.036         5.191         0.070         0.004         0.031
  sub4                         4.890         8.751         0.104         0.006         0.050
  sub5                         4.924         8.725         0.087         0.006         0.042
  sub7                         1.149         2.103         0.022         0.001         0.011
  sub8                         1.769         3.305         0.037         0.002         0.018
  sub9                         1.483         2.734         0.030         0.002         0.014
  sub10                        4.123         7.409         0.077         0.005         0.037
  sub11                        4.112         7.492         0.079         0.005         0.038
  sub12                        3.368         6.018         0.061         0.004         0.029
  sub14                        3.126         5.707         0.061         0.004         0.029
  sub15                        3.609         6.270         0.074         0.005         0.034
  sub16                        2.270         3.938         0.045         0.003         0.021
  sub17                        2.063         3.544         0.039         0.003         0.018
  sub22                       10.512        17.839         0.212         0.015         0.097
  sub23                        6.658        11.759         0.156         0.010         0.070
  sub60                       36.709        59.789         0.807         0.045         0.385
  sub61                       46.473        75.421         0.924         0.059         0.443
  sub62                       49.376        81.662         1.050         0.061         0.501
  sub63                       35.025        56.220         0.786         0.052         0.355
  sub64                       42.861        67.145         0.842         0.058         0.397
  sub65                       43.992        69.226         0.872         0.058         0.413
  sub66                       26.362        41.839         0.613         0.037         0.281
  sub67                       73.478       120.552         1.359         0.095         0.653
  sub68                       52.589        86.445         1.087         0.068         0.514
  sub69                       49.373        82.425         0.982         0.065         0.465
  sub70                       73.839       123.388         1.608         0.105         0.737
  sub71                       32.869        54.802         0.752         0.040         0.358
  sub72                       20.538        31.564         0.416         0.026         0.199
  1                           36.101        60.786         0.820         0.054         0.369
  2                            5.714         9.033         0.198         0.012         0.082
  ------------------------------------------------------------------------------------------
  System                     686.321      1128.041        14.349         0.916         6.727
  
  
  ******************
  Node Depth Summary
  ******************
  
  ---------------------------------------------------------------------------------
                                 Average  Maximum  Maximum  Time of Max    Reported
                                   Depth    Depth      HGL   Occurrence   Max Depth
  Node                 Type       Meters   Meters   Meters  days hr:min      Meters
  ---------------------------------------------------------------------------------
  WS02001211           JUNCTION     0.31     0.32     5.15     0  00:07        0.31
  WS02001212           JUNCTION     0.08     0.10     5.16     0  00:06        0.09
  WS02001213           JUNCTION     0.31     0.40     5.16     0  02:34        0.40
  WS02003069           JUNCTION     0.15     0.25     4.84     0  02:36        0.25
  WS02003072           JUNCTION     0.21     0.32     4.69     0  02:37        0.32
  WS02003073           JUNCTION     0.11     0.18     4.24     0  02:38        0.18
  WS02003060           JUNCTION     0.14     0.23     5.16     0  02:36        0.23
  WS02003066           JUNCTION     0.12     0.20     5.75     0  02:33        0.20
  WS02003059           JUNCTION     0.38     0.47     5.16     0  02:35        0.47
  WS02003067           JUNCTION     0.36     0.51     5.83     0  02:33        0.51
  WS02004401           JUNCTION     0.41     0.57     6.57     0  02:28        0.57
  WS02004402           JUNCTION     0.44     0.61     6.57     0  02:28        0.61
  WS02004403           JUNCTION     0.47     0.63     6.56     0  02:28        0.63
  WS02004404           JUNCTION     0.55     0.71     6.56     0  02:28        0.71
  WS02004406           JUNCTION     0.57     0.73     6.56     0  02:28        0.73
  WS02004409           JUNCTION     0.20     0.38     6.15     0  02:31        0.38
  WS02004410           JUNCTION     0.23     0.41     6.13     0  02:32        0.41
  WS02004411           JUNCTION     0.26     0.43     6.11     0  02:32        0.43
  WS02004412           JUNCTION     0.29     0.46     6.10     0  02:32        0.46
  WS02004413           JUNCTION     0.45     0.63     6.10     0  02:33        0.63
  WS02004405           JUNCTION     0.55     0.71     6.56     0  02:28        0.71
  WS02006109           JUNCTION     0.44     0.62     7.24     0  02:23        0.62
  WS02006110           JUNCTION     0.46     0.64     7.22     0  02:23        0.64
  WS02006111           JUNCTION     0.10     0.17     6.88     0  02:24        0.17
  WS02006112           JUNCTION     0.54     0.72     6.60     0  02:27        0.72
  WS02006113           JUNCTION     0.14     0.26     7.15     0  02:23        0.26
  WS02006115           JUNCTION     0.28     0.45     6.59     0  02:27        0.45
  WS02006116           JUNCTION     0.37     0.54     6.58     0  02:28        0.54
  WS02006230           JUNCTION     0.32     0.51     7.26     0  02:23        0.51
  WS02006231           JUNCTION     0.14     0.20     7.32     0  02:27        0.20
  WS02006232           JUNCTION     0.24     0.30     7.34     0  02:27        0.30
  WS02006234           JUNCTION     0.12     0.18     7.34     0  02:27        0.18
  WS02006235           JUNCTION     0.15     0.21     7.37     0  02:26        0.21
  WS02006238           JUNCTION     0.19     0.25     7.39     0  02:25        0.25
  WS02006240           JUNCTION     0.16     0.22     7.51     0  02:24        0.22
  WS02006242           JUNCTION     0.23     0.30     7.57     0  02:23        0.30
  WS02006243           JUNCTION     0.14     0.19     7.61     0  02:21        0.19
  WS02006245           JUNCTION     0.16     0.21     7.70     0  02:20        0.21
  WS02006247           JUNCTION     0.18     0.24     7.74     0  02:20        0.24
  WS02006248           JUNCTION     0.14     0.20     7.78     0  02:19        0.20
  WS02006249           JUNCTION     0.19     0.24     7.84     0  02:18        0.24
  WS02006239           JUNCTION     0.17     0.23     7.44     0  02:24        0.23
  WS02006251           JUNCTION     0.16     0.22     7.89     0  02:16        0.22
  WS02006252           JUNCTION     0.43     0.59     8.83     0  05:24        0.58
  WS02006253           JUNCTION     0.19     0.26     7.90     0  02:14        0.26
  WS02006256           JUNCTION     1.33     2.35     9.28     0  00:00        2.35
  WS02004138           JUNCTION     0.19     0.20     7.45     0  00:00        0.19
  WS02004139           JUNCTION     0.24     0.24     5.15     0  02:36        0.24
  WS02004407           JUNCTION     0.09     0.18     6.49     0  02:29        0.18
  WS02006228           JUNCTION     0.41     0.60     7.25     0  02:23        0.60
  WS02006229           JUNCTION     0.37     0.56     7.26     0  02:22        0.56
  WS02006280           JUNCTION     0.05     0.12     8.39     0  02:15        0.12
  WS02006284           JUNCTION     0.34     0.45     8.85     0  02:15        0.45
  WS02006287           JUNCTION     0.07     0.18     9.13     0  02:15        0.18
  WSF200               JUNCTION     0.09     0.17     5.40     0  02:34        0.17
  HS02004901           JUNCTION     0.10     0.20    10.02     0  02:12        0.20
  HS02004881           JUNCTION     0.00     0.02     9.05     0  02:15        0.02
  HS02004876           JUNCTION     0.03     0.09     9.12     0  02:14        0.09
  HS02004870           JUNCTION     0.01     0.03     9.32     0  02:15        0.03
  HS02004862           JUNCTION     0.01     0.04     9.42     0  02:16        0.04
  HS02004856           JUNCTION     0.07     0.10     9.52     0  02:15        0.10
  HS02004852           JUNCTION     0.00     0.02     9.53     0  02:17        0.02
  HS02004848           JUNCTION     0.00     0.02     9.62     0  02:15        0.02
  HS02004842           JUNCTION     0.33     0.35     9.62     0  02:15        0.35
  HS02004837           JUNCTION     0.02     0.04     9.62     0  02:15        0.04
  HS02004830           JUNCTION     0.03     0.05     9.52     0  02:15        0.05
  HS02004824           JUNCTION     0.02     0.03     9.44     0  02:19        0.03
  HS02004817           JUNCTION     0.42     0.50     9.35     0  02:15        0.50
  HS02004807           JUNCTION     0.10     0.17     9.34     0  02:15        0.17
  HS02004802           JUNCTION     0.14     0.21     9.34     0  02:15        0.21
  HS02004799           JUNCTION     0.09     0.21     9.42     0  02:13        0.21
  HS02004792           JUNCTION     0.02     0.07     9.60     0  02:12        0.07
  HS02004788           JUNCTION     0.01     0.06     9.96     0  02:13        0.06
  HS02004785           JUNCTION     0.03     0.11    10.01     0  02:13        0.11
  HS02004777           JUNCTION     0.12     0.22    10.02     0  02:12        0.22
  HS02004770           JUNCTION     0.09     0.19    10.02     0  02:12        0.19
  HS02004480           JUNCTION     0.05     0.16     9.40     0  02:13        0.16
  HS02004479           JUNCTION     0.09     0.20     9.40     0  02:13        0.20
  HS02004478           JUNCTION     0.04     0.10     9.33     0  02:14        0.10
  YS02001745           JUNCTION     0.07     0.11     7.63     0  03:01        0.11
  YS02001748           JUNCTION     0.10     0.39     7.47     0  03:08        0.39
  YS02001751           JUNCTION     0.22     0.59     7.47     0  03:10        0.59
  YS02001754           JUNCTION     0.48     0.87     7.48     0  03:10        0.86
  YS02001762           JUNCTION     0.67     1.02     7.42     0  03:09        1.01
  YS02001765           JUNCTION     0.63     0.97     7.42     0  03:02        0.97
  YS02001767           JUNCTION     0.59     0.94     7.43     0  03:09        0.94
  YS02001770           JUNCTION     0.59     0.91     7.41     0  03:03        0.91
  YS02001774           JUNCTION     0.65     0.99     7.41     0  03:02        0.99
  YS02001779           JUNCTION     0.40     0.74     7.43     0  03:06        0.74
  YS02001882           JUNCTION     0.24     0.43     7.15     0  03:01        0.43
  YS02001884           JUNCTION     0.34     0.53     7.15     0  03:01        0.53
  YS02001759           JUNCTION     0.71     1.05     7.41     0  03:05        1.05
  YS02001887           JUNCTION     0.41     0.61     7.15     0  03:01        0.61
  YS02001890           JUNCTION     0.44     0.64     7.15     0  03:01        0.64
  YS02001898           JUNCTION     0.21     0.40     7.13     0  03:02        0.40
  YS02001901           JUNCTION     0.33     0.52     7.13     0  03:01        0.52
  YS02001904           JUNCTION     0.31     0.50     7.13     0  03:01        0.50
  YS02001907           JUNCTION     0.64     0.84     7.13     0  03:01        0.84
  YS02001910           JUNCTION     0.43     0.62     7.13     0  03:01        0.62
  YS02001915           JUNCTION     0.23     0.41     7.13     0  03:01        0.41
  YS02001918           JUNCTION     0.07     0.09     7.16     0  03:03        0.09
  YS02001619           JUNCTION     0.19     0.52     7.45     0  03:09        0.51
  YS02001629           JUNCTION     0.54     0.88     7.43     0  03:04        0.87
  YS02001641           JUNCTION     0.64     0.99     7.43     0  03:05        0.99
  YS02001644           JUNCTION     0.65     1.00     7.43     0  03:07        0.99
  YS02001652           JUNCTION     0.49     0.87     7.47     0  03:06        0.86
  YS02001655           JUNCTION     0.25     0.63     7.48     0  03:07        0.63
  YS02001920           JUNCTION     0.16     0.20     7.21     0  03:03        0.20
  YS02001923           JUNCTION     0.06     0.08     7.34     0  03:02        0.08
  YS02001926           JUNCTION     0.13     0.17     7.62     0  03:02        0.17
  YS02001929           JUNCTION     0.06     0.08     7.78     0  03:01        0.08
  YS02001658           JUNCTION     0.08     0.31     7.46     0  03:09        0.31
  YS02001661           JUNCTION     0.13     0.19     7.60     0  02:55        0.19
  YS02001664           JUNCTION     0.06     0.11     8.03     0  02:55        0.11
  YS02001622           JUNCTION     0.21     0.51     7.42     0  03:05        0.51
  YS02001633           JUNCTION     0.63     0.98     7.44     0  03:10        0.98
  YS02001649           JUNCTION     0.68     1.03     7.42     0  03:06        1.02
  YS02001757           JUNCTION     0.81     1.17     7.43     0  03:09        1.16
  YS02001895           JUNCTION     0.21     0.39     7.14     0  03:01        0.39
  YS02001625           JUNCTION     0.49     0.84     7.45     0  03:09        0.84
  YS02163301           JUNCTION     0.57     0.92     7.43     0  03:10        0.91
  YS02163601           JUNCTION     0.68     1.05     7.45     0  03:12        1.02
  YS02164001           JUNCTION     0.62     0.97     7.43     0  03:05        0.97
  YS02001647           JUNCTION     0.48     0.82     7.43     0  03:06        0.81
  YSB1154              JUNCTION     0.23     0.35     9.40     0  02:13        0.35
  YSB6556              JUNCTION     0.12     0.24     9.40     0  02:13        0.24
  YSB1174              JUNCTION     0.18     0.30     9.40     0  02:13        0.30
  YSB1171              JUNCTION     0.38     0.50     9.40     0  02:13        0.50
  YS02006553           JUNCTION     0.65     0.84     7.13     0  03:01        0.84
  YS02006561           JUNCTION     0.12     0.21     6.87     0  03:01        0.21
  YS02006556           JUNCTION     0.62     0.81     7.13     0  03:01        0.81
  YS02006558           JUNCTION     0.66     0.86     7.12     0  03:01        0.86
  YS02001783           JUNCTION     0.20     0.38     6.52     0  03:01        0.38
  YS02001784           JUNCTION     0.23     0.41     6.48     0  03:01        0.41
  YS02001786           JUNCTION     0.20     0.35     6.38     0  03:01        0.35
  YS02001788           JUNCTION     0.14     0.26     6.24     0  03:02        0.26
  YS02001790           JUNCTION     0.17     0.32     5.96     0  03:02        0.32
  YS02001791           JUNCTION     0.11     0.20     5.67     0  03:02        0.20
  YS02001793           JUNCTION     0.08     0.14     4.97     0  03:02        0.14
  WSC                  OUTFALL      0.11     0.18     0.85     0  02:38        0.18
  3                    OUTFALL      0.00     0.00     7.16     0  00:00        0.00
  4                    OUTFALL      0.00     0.00     7.67     0  00:00        0.00
  5                    OUTFALL      0.00     0.00     4.91     0  00:00        0.00
  JK-storage           STORAGE      0.00     3.00     3.80     0  00:00        2.00
  CC-storage           STORAGE      0.01     0.10     7.10     0  03:43        0.10
  XR-storage           STORAGE      0.08     5.00     3.00     0  00:00        4.91
  
  
  *******************
  Node Inflow Summary
  *******************
  
  -------------------------------------------------------------------------------------------------
                                  Maximum  Maximum                  Lateral       Total        Flow
                                  Lateral    Total  Time of Max      Inflow      Inflow     Balance
                                   Inflow   Inflow   Occurrence      Volume      Volume       Error
  Node                 Type           LPS      LPS  days hr:min    10^6 ltr    10^6 ltr     Percent
  -------------------------------------------------------------------------------------------------
  WS02001211           JUNCTION      7.35    55.09     0  00:02       0.212        0.23       4.395
  WS02001212           JUNCTION      0.00    23.05     0  00:04           0       0.132       1.803
  WS02001213           JUNCTION      0.00    29.30     0  02:12           0       0.134       6.809
  WS02003069           JUNCTION      0.32   201.01     0  02:36     0.00922        2.22       0.240
  WS02003072           JUNCTION      0.00   200.76     0  02:36           0        2.21       0.393
  WS02003073           JUNCTION      1.82   202.44     0  02:37      0.0524        2.26       0.336
  WS02003060           JUNCTION     16.53   206.64     0  02:34       0.476        2.25       0.227
  WS02003066           JUNCTION      0.00   190.12     0  02:33           0        1.65       0.096
  WS02003059           JUNCTION      0.00    44.00     0  02:11           0       0.149      13.000
  WS02003067           JUNCTION      0.00   190.13     0  02:33           0        1.66       0.276
  WS02004401           JUNCTION      0.00   192.64     0  02:25           0        1.77       0.629
  WS02004402           JUNCTION      0.00   192.17     0  02:26           0        1.76       0.640
  WS02004403           JUNCTION      0.00   191.85     0  02:26           0        1.75       0.619
  WS02004404           JUNCTION      0.16   191.83     0  02:27     0.00467        1.74       0.506
  WS02004406           JUNCTION      0.00   191.69     0  02:28           0        1.72       1.266
  WS02004409           JUNCTION      0.00   191.62     0  02:29           0         1.7       0.214
  WS02004410           JUNCTION      0.00   191.17     0  02:29           0        1.69       0.320
  WS02004411           JUNCTION      0.00   190.75     0  02:30           0        1.69       0.391
  WS02004412           JUNCTION      0.00   190.44     0  02:31           0        1.68       0.508
  WS02004413           JUNCTION      0.00   190.23     0  02:33           0        1.67       0.889
  WS02004405           JUNCTION      0.04   191.79     0  02:27      0.0011        1.73       0.784
  WS02006109           JUNCTION      1.23   190.52     0  02:22      0.0354         1.8       0.637
  WS02006110           JUNCTION      0.00   190.30     0  02:22           0        1.79       0.554
  WS02006111           JUNCTION      0.00   191.04     0  02:23           0        1.78       0.056
  WS02006112           JUNCTION      5.77   194.76     0  02:23      0.0256         1.8       0.861
  WS02006113           JUNCTION      0.00   190.20     0  02:23           0        1.78       0.123
  WS02006115           JUNCTION      0.00   194.08     0  02:24           0        1.78       0.471
  WS02006116           JUNCTION      0.00   193.26     0  02:25           0        1.78       0.442
  WS02006230           JUNCTION     10.28    49.44     0  02:28       0.296       0.887       0.494
  WS02006231           JUNCTION      0.00    39.15     0  02:28           0       0.592       0.100
  WS02006232           JUNCTION      0.00    39.16     0  02:23           0       0.596       0.676
  WS02006234           JUNCTION      0.00    40.01     0  02:20           0       0.596      -0.025
  WS02006235           JUNCTION      0.00   354.78     0  02:25           0           6       0.041
  WS02006238           JUNCTION      0.00    74.36     0  02:24           0        1.23       0.181
  WS02006240           JUNCTION      0.00    74.37     0  02:23           0        1.22       0.169
  WS02006242           JUNCTION      0.00    74.43     0  02:21           0        1.22       0.263
  WS02006243           JUNCTION      0.00    74.44     0  02:20           0        1.22       0.069
  WS02006245           JUNCTION      0.00    74.45     0  02:19           0        1.23       0.209
  WS02006247           JUNCTION      0.00    74.47     0  02:19           0        1.23       0.161
  WS02006248           JUNCTION      0.00    74.55     0  02:15           0        1.23       0.037
  WS02006249           JUNCTION      0.00    75.20     0  02:14           0        1.23       0.268
  WS02006239           JUNCTION      0.00    74.36     0  02:24           0        1.22       0.146
  WS02006251           JUNCTION      0.08   428.68     0  02:14     0.00222        7.38       0.019
  WS02006252           JUNCTION      0.00   400.00     0  02:14           0        7.24       0.006
  WS02006253           JUNCTION      0.80    28.11     0  02:14     0.00331       0.146       1.196
  WS02006256           JUNCTION      0.00   983.00     0  00:00           0         6.5      -0.020
  WS02004138           JUNCTION      0.00   380.00     0  00:00           0        10.9       0.058
  WS02004139           JUNCTION      0.32   396.61     0  00:00     0.00924          11       0.080
  WS02004407           JUNCTION      0.00   191.63     0  02:29           0         1.7       0.104
  WS02006228           JUNCTION      0.00   189.56     0  02:22           0        1.77       0.394
  WS02006229           JUNCTION      0.00   189.70     0  02:21           0        1.78       0.338
  WS02006280           JUNCTION      0.00   146.54     0  02:15           0       0.894       0.009
  WS02006284           JUNCTION      0.10   146.54     0  02:15     0.00275       0.895       0.130
  WS02006287           JUNCTION      0.00   146.45     0  02:14           0       0.893       0.077
  WSF200               JUNCTION      0.00   190.12     0  02:33           0        1.65       0.049
  HS02004901           JUNCTION      7.03     7.03     0  02:07      0.0308       0.031       6.010
  HS02004881           JUNCTION      2.96    27.41     0  02:14      0.0134        0.14       0.042
  HS02004876           JUNCTION      5.12    24.59     0  02:14      0.0258       0.127       0.409
  HS02004870           JUNCTION      5.40    19.54     0  02:14      0.0254       0.101       0.106
  HS02004862           JUNCTION      4.92    14.38     0  02:15      0.0312       0.076       0.220
  HS02004856           JUNCTION      4.03     9.49     0  02:14      0.0191      0.0462       3.210
  HS02004852           JUNCTION      0.00     5.63     0  02:15           0      0.0271       0.177
  HS02004848           JUNCTION     10.16    10.16     0  02:18      0.0606      0.0606       0.073
  HS02004842           JUNCTION      0.00     4.72     0  02:27           0      0.0465      38.771
  HS02004837           JUNCTION     15.32    19.66     0  02:14       0.227       0.261       0.314
  HS02004830           JUNCTION      0.15    19.80     0  02:15     0.00432       0.251       0.492
  HS02004824           JUNCTION     11.88    31.57     0  02:19      0.0795       0.329       0.164
  HS02004817           JUNCTION      0.60    32.17     0  02:19      0.0173       0.346       5.055
  HS02004807           JUNCTION     10.06    41.60     0  02:16      0.0468       0.376       1.142
  HS02004802           JUNCTION      0.00    41.71     0  02:18           0       0.372       1.098
  HS02004799           JUNCTION      7.92    89.08     0  02:11      0.0379       0.461       0.536
  HS02004792           JUNCTION     34.44    81.23     0  02:11       0.166       0.423       0.100
  HS02004788           JUNCTION     12.53    47.43     0  02:12       0.101       0.258       0.153
  HS02004785           JUNCTION      0.15    35.06     0  02:12     0.00432       0.159       0.299
  HS02004777           JUNCTION      0.03    35.14     0  02:10    0.000864        0.16       3.346
  HS02004770           JUNCTION     28.82    35.52     0  02:09       0.132       0.161       1.963
  HS02004480           JUNCTION      0.00   105.28     0  02:12           0       0.536       0.194
  HS02004479           JUNCTION      0.00    16.40     0  02:15           0      0.0879       0.835
  HS02004478           JUNCTION      0.00   146.45     0  02:14           0       0.893       0.052
  YS02001745           JUNCTION     70.91    70.91     0  03:01       0.818       0.818       0.068
  YS02001748           JUNCTION      0.04   196.09     0  03:12      0.0013       0.876       0.208
  YS02001751           JUNCTION      0.01   251.36     0  03:11    0.000317       0.975       0.202
  YS02001754           JUNCTION      0.26   219.66     0  06:11     0.00749        1.31       0.762
  YS02001762           JUNCTION      0.00   137.86     0  03:08           0       0.995       1.377
  YS02001765           JUNCTION      0.00   112.63     0  03:09           0       0.985       1.467
  YS02001767           JUNCTION      0.54   132.54     0  03:13      0.0154       0.991       2.064
  YS02001770           JUNCTION     89.98   135.40     0  03:10       0.955        1.02       1.658
  YS02001774           JUNCTION      0.00    53.55     0  03:10           0       0.161      10.197
  YS02001779           JUNCTION      0.01    36.68     0  03:12    0.000144        0.08       7.333
  YS02001882           JUNCTION      0.00     2.36     0  02:01           0     0.00491      49.256
  YS02001884           JUNCTION      0.00     5.86     0  02:01           0      0.0198      31.611
  YS02001759           JUNCTION     87.03   218.12     0  03:13        0.89        1.86       0.873
  YS02001887           JUNCTION    111.37   111.37     0  02:51        1.06        1.07       0.661
  YS02001890           JUNCTION      0.00   110.87     0  02:54           0        1.05       0.741
  YS02001898           JUNCTION      0.00   110.50     0  02:56           0        1.04       0.205
  YS02001901           JUNCTION      0.00   110.38     0  02:57           0        1.04       0.527
  YS02001904           JUNCTION      0.00   110.15     0  03:02           0        1.03       0.487
  YS02001907           JUNCTION      0.00   206.00     0  03:03           0        2.22       0.994
  YS02001910           JUNCTION      0.00    95.89     0  03:00           0         1.2       0.840
  YS02001915           JUNCTION     63.23    95.87     0  03:01       0.699         1.2       0.366
  YS02001918           JUNCTION      0.00    32.97     0  03:03           0       0.506       0.218
  YS02001619           JUNCTION     61.59    61.59     0  03:01        0.69        0.69       0.115
  YS02001629           JUNCTION      0.00   137.92     0  03:11           0       0.677       0.847
  YS02001641           JUNCTION      0.00   185.39     0  03:16           0        1.44       0.904
  YS02001644           JUNCTION     67.41   231.09     0  03:11       0.785        2.21       0.709
  YS02001652           JUNCTION      0.00   150.20     0  03:07           0       0.877       1.029
  YS02001655           JUNCTION      0.15   240.11     0  03:13     0.00443       0.829       0.404
  YS02001920           JUNCTION      2.87    33.00     0  03:02      0.0827       0.508       0.394
  YS02001923           JUNCTION      0.04    30.13     0  03:02     0.00109       0.426       0.069
  YS02001926           JUNCTION      0.05    30.18     0  03:01      0.0015       0.427       0.490
  YS02001929           JUNCTION     30.15    30.15     0  03:01       0.425       0.425       0.067
  YS02001658           JUNCTION      0.00   156.86     0  03:12           0       0.812       0.095
  YS02001661           JUNCTION      0.00    79.75     0  02:55           0       0.777       0.098
  YS02001664           JUNCTION     79.75    79.75     0  02:55       0.777       0.777       0.022
  YS02001622           JUNCTION      0.00   103.75     0  03:09           0       0.689       0.405
  YS02001633           JUNCTION     68.58   149.06     0  03:04       0.808        1.47       1.279
  YS02001649           JUNCTION      0.00   374.31     0  03:10           0        3.02       0.764
  YS02001757           JUNCTION      0.00   596.82     0  03:10           0        5.87       1.169
  YS02001895           JUNCTION      0.00   110.61     0  02:55           0        1.04       0.338
  YS02001625           JUNCTION      0.00   137.82     0  03:13           0       0.691       2.272
  YS02163301           JUNCTION      0.00   117.96     0  03:13           0       0.674       1.879
  YS02163601           JUNCTION      0.11   178.26     0  03:27     0.00317        1.45       1.335
  YS02164001           JUNCTION      0.00   188.23     0  03:14           0        1.44       0.830
  YS02001647           JUNCTION      0.00   231.71     0  03:10           0        2.18       0.566
  YSB1154              JUNCTION      9.12     9.12     0  02:11      0.0459      0.0469       3.182
  YSB6556              JUNCTION      0.00     9.11     0  02:13           0      0.0477       2.672
  YSB1174              JUNCTION      7.79     7.79     0  02:06      0.0334       0.034       3.920
  YSB1171              JUNCTION      0.00    16.40     0  02:12           0      0.0871       7.826
  YS02006553           JUNCTION      0.00   206.39     0  03:03           0        2.21       0.645
  YS02006561           JUNCTION      0.00   300.98     0  03:01           0        3.13       0.020
  YS02006556           JUNCTION      0.00   206.65     0  03:03           0        2.21       0.465
  YS02006558           JUNCTION     95.97   301.00     0  03:01       0.968        3.16       0.143
  YS02001783           JUNCTION      0.00   300.98     0  03:01           0        3.13       0.047
  YS02001784           JUNCTION      1.06   302.03     0  03:01      0.0305        3.16       0.077
  YS02001786           JUNCTION      0.06   302.10     0  03:01     0.00162        3.16       0.074
  YS02001788           JUNCTION      0.07   302.18     0  03:02     0.00204        3.16       0.044
  YS02001790           JUNCTION      0.15   302.35     0  03:02     0.00446        3.16       0.054
  YS02001791           JUNCTION      0.00   302.34     0  03:02           0        3.16       0.026
  YS02001793           JUNCTION      0.00   302.34     0  03:02           0        3.16       0.012
  WSC                  OUTFALL       0.00   202.33     0  02:38           0        2.25       0.000
  3                    OUTFALL       0.00   315.59     0  02:26           0        5.39       0.000
  4                    OUTFALL       0.00   353.54     0  02:16           0        6.15       0.000
  5                    OUTFALL       0.00   393.82     0  02:37           0          11       0.000
  JK-storage           STORAGE       0.00   302.34     0  03:02           0        3.31     -49.055
  CC-storage           STORAGE       0.00   520.91     0  03:04           0        5.41     -25.269
  XR-storage           STORAGE     326.31   326.31     0  03:01         7.3         7.9     -27.795
  
  
  **********************
  Node Surcharge Summary
  **********************
  
  Surcharging occurs when water rises above the top of the highest conduit.
  ---------------------------------------------------------------------
                                               Max. Height   Min. Depth
                                   Hours       Above Crown    Below Rim
  Node                 Type      Surcharged         Meters       Meters
  ---------------------------------------------------------------------
  WS02006252           JUNCTION        4.77          0.189        0.911
  WS02006256           JUNCTION        6.20          2.050        0.000
  YS02001762           JUNCTION        0.11          0.015        1.135
  YS02001759           JUNCTION        0.63          0.048        1.162
  YS02001649           JUNCTION        0.30          0.031        1.019
  YS02001757           JUNCTION        1.53          0.165        1.045
  YS02163601           JUNCTION        0.25          0.054        1.026
  
  
  *********************
  Node Flooding Summary
  *********************
  
  Flooding refers to all water that overflows a node, whether it ponds or not.
  --------------------------------------------------------------------------
                                                             Total   Maximum
                                 Maximum   Time of Max       Flood    Ponded
                        Hours       Rate    Occurrence      Volume     Depth
  Node                 Flooded       LPS   days hr:min    10^6 ltr    Meters
  --------------------------------------------------------------------------
  WS02006256              2.61    978.40      0  00:00       1.719     0.000
  
  
  **********************
  Storage Volume Summary
  **********************
  
  --------------------------------------------------------------------------------------------------
                         Average     Avg  Evap Exfil       Maximum     Max    Time of Max    Maximum
                          Volume    Pcnt  Pcnt  Pcnt        Volume    Pcnt     Occurrence    Outflow
  Storage Unit           1000 m3    Full  Loss  Loss       1000 m3    Full    days hr:min        LPS
  --------------------------------------------------------------------------------------------------
  JK-storage               0.000       0     0     0         0.151      52       0  00:00     983.00
  CC-storage               0.030       0     0     0         0.274       2       0  03:43     400.00
  XR-storage               0.010       1     0     0         0.600      65       0  00:00     380.00
  
  
  ***********************
  Outfall Loading Summary
  ***********************
  
  ---------------------------------------------------------------------------------------------------------------------------------
                         Flow       Avg       Max       Total         Total         Total         Total         Total         Total
                         Freq      Flow      Flow      Volume           COD            SS            TN            TP         NH4-N
  Outfall Node           Pcnt       LPS       LPS    10^6 ltr            kg            kg            kg            kg            kg
  ---------------------------------------------------------------------------------------------------------------------------------
  WSC                   99.98     77.72    202.33       2.250       254.929       416.203        20.449         2.495        12.612
  3                     99.99    193.67    315.59       5.392        30.975        51.050         0.850         0.071         0.444
  4                     99.98    233.06    353.54       6.145       168.621       278.028         4.653         0.392         2.431
  5                    100.00    383.08    393.82      11.023       190.067       304.108        18.246         2.281        11.404
  ---------------------------------------------------------------------------------------------------------------------------------
  System                99.99    887.53   1260.07      24.810       644.592      1049.389        44.198         5.238        26.890
  
  
  ********************
  Link Flow Summary
  ********************
  
  -----------------------------------------------------------------------------
                                 Maximum  Time of Max   Maximum    Max/    Max/
                                  |Flow|   Occurrence   |Veloc|    Full    Full
  Link                 Type          LPS  days hr:min     m/sec    Flow   Depth
  -----------------------------------------------------------------------------
  WS02003066WSF200     CONDUIT    190.12     0  02:33      2.16    0.03    0.13
  WS02006287WS02006284 CONDUIT    146.44     0  02:15      1.44    0.07    0.19
  WS02006284WS02006280 CONDUIT    146.54     0  02:15      1.69    0.06    0.17
  WS02006280WS02006229 CONDUIT    146.54     0  02:15      2.71    0.03    0.12
  WS02006229WS02006228 CONDUIT    189.56     0  02:22      0.50    0.63    0.71
  WS02006256WS02006235 CONDUIT    280.43     0  02:26      4.46    2.97    0.85
  WS02006253WS02006251 CONDUIT     28.60     0  02:14      0.48    0.09    0.34
  WS02006252WS02006251 CONDUIT    400.89     0  05:31      3.19    1.47    1.00
  WS02006251WS02006249 CONDUIT     75.20     0  02:14      0.67    0.22    0.33
  WS02006249WS02006248 CONDUIT     74.55     0  02:15      0.78    0.41    0.30
  WS02006248WS02006247 CONDUIT     74.47     0  02:19      0.75    0.16    0.31
  WS02006247WS02006245 CONDUIT     74.45     0  02:19      0.70    0.59    0.32
  WS02006245WS02006243 CONDUIT     74.44     0  02:20      0.85    0.22    0.28
  WS02006243WS02006242 CONDUIT     74.43     0  02:21      0.73    0.16    0.33
  WS02006242WS02006240 CONDUIT     74.37     0  02:23      0.59    0.30    0.36
  WS02006240WS02006239 CONDUIT     74.36     0  02:24      0.79    0.23    0.29
  WS02006239WS02006238 CONDUIT     74.36     0  02:24      0.70    0.24    0.33
  WS02006238WS02006235 CONDUIT     74.36     0  02:24      1.17    0.17    0.33
  WS02006235WS02006234 CONDUIT     40.01     0  02:20      0.53    0.42    0.26
  WS02006234WS02006232 CONDUIT     39.16     0  02:23      0.82    0.08    0.35
  WS02006232WS02006231 CONDUIT     39.15     0  02:28      0.33    0.08    0.35
  WS02006231WS02006230 CONDUIT     39.16     0  02:28      0.60    0.59    0.24
  WS02006230WS02006229 CONDUIT     50.17     0  02:31      0.40    1.12    0.73
  WS02006228WS02006109 CONDUIT    189.29     0  02:22      0.47    0.83    0.75
  WS02006116WS02004401 CONDUIT    192.64     0  02:25      0.43    0.27    0.55
  WS02006115WS02006116 CONDUIT    193.26     0  02:25      0.64    0.25    0.46
  WS02006113WS02006111 CONDUIT    191.04     0  02:23      1.75    0.23    0.27
  WS02006112WS02006115 CONDUIT    194.08     0  02:24      0.41    0.11    0.58
  WS02006111WS02006112 CONDUIT    190.15     0  02:24      0.69    0.09    0.54
  WS02006110WS02006113 CONDUIT    190.20     0  02:23      0.66    0.17    0.56
  WS02006109WS02006110 CONDUIT    190.30     0  02:22      0.49    0.37    0.72
  WS02004411WS02004412 CONDUIT    190.44     0  02:31      0.74    0.27    0.44
  WS02004401WS02004402 CONDUIT    192.17     0  02:26      0.40    0.23    0.59
  WS02004413WS02003067 CONDUIT    190.13     0  02:33      0.63    0.08    0.41
  WS02004412WS02004413 CONDUIT    190.23     0  02:33      0.71    0.13    0.54
  WS02004410WS02004411 CONDUIT    190.75     0  02:30      0.64    0.26    0.42
  WS02004409WS02004410 CONDUIT    191.17     0  02:29      0.67    0.25    0.40
  WS02004407WS02004409 CONDUIT    191.62     0  02:29      1.07    0.07    0.28
  WS02004406WS02004407 CONDUIT    191.63     0  02:29      0.56    0.09    0.45
  WS02004405WS02004406 CONDUIT    191.69     0  02:28      0.32    0.38    0.72
  WS02004404WS02004405 CONDUIT    191.75     0  02:27      0.32    1.88    0.71
  WS02004403WS02004404 CONDUIT    191.67     0  02:27      0.36    0.14    0.67
  WS02004402WS02004403 CONDUIT    191.85     0  02:26      0.40    0.28    0.62
  WS02004139WS02001211 CONDUIT     47.74     0  00:02      0.48    0.06    0.19
  WS02004138WS02004139 CONDUIT    396.29     0  00:00      3.67    0.08    0.20
  WS02003067WS02003066 CONDUIT    190.12     0  02:33      0.67    0.06    0.30
  WS02001213WS02003059 CONDUIT     24.61     0  02:12      0.11    0.04    0.42
  WS02001212WS02001213 CONDUIT      7.16     0  00:06      0.30    0.01    0.08
  WS02001211WS02001212 CONDUIT     23.05     0  00:04      0.24    0.02    0.20
  WS02003072WS02003073 CONDUIT    200.62     0  02:37      1.01    0.43    0.23
  WS02003069WS02003072 CONDUIT    200.76     0  02:36      0.97    0.10    0.24
  WS02003060WS02003069 CONDUIT    200.69     0  02:36      1.25    0.08    0.20
  WS02003059WS02003060 CONDUIT     44.00     0  02:11      0.56    0.03    0.35
  HS02004901HS02004770 CONDUIT      6.77     0  02:11      0.04    0.03    0.28
  HS02004876HS02004881 CONDUIT     24.61     0  02:15      0.44    0.26    0.08
  HS02004870HS02004876 CONDUIT     19.53     0  02:15      0.31    0.01    0.09
  HS02004842HS02004848 CONDUIT      4.72     0  02:27      0.03    0.00    0.27
  HS02004837HS02004842 CONDUIT      4.81     0  02:28      0.42    0.00    0.28
  HS02004830HS02004837 CONDUIT     19.65     0  02:15      0.41    0.02    0.07
  HS02004824HS02004830 CONDUIT     19.80     0  02:16      0.45    0.03    0.06
  HS02004817HS02004824 CONDUIT     31.57     0  02:19      0.17    0.01    0.38
  HS02004770HS02004777 CONDUIT     35.11     0  02:10      0.17    0.06    0.29
  HS02004799HS02004480 CONDUIT     89.00     0  02:12      0.49    0.11    0.26
  HS02004792HS02004799 CONDUIT     81.21     0  02:12      0.56    0.05    0.21
  HS02004788HS02004792 CONDUIT     47.40     0  02:13      0.72    0.03    0.09
  HS02004785HS02004788 CONDUIT     35.00     0  02:13      0.43    0.26    0.12
  HS02004777HS02004785 CONDUIT     34.91     0  02:12      0.21    0.04    0.23
  HS02004480HS02004478 CONDUIT    105.27     0  02:13      0.82    0.44    0.18
  HS02004479HS02004480 CONDUIT     16.49     0  02:15      0.21    0.02    0.26
  HS02004862HS02004870 CONDUIT     14.36     0  02:16      0.41    0.02    0.05
  HS02004848HS02004852 CONDUIT      5.63     0  02:15      0.27    0.01    0.03
  HS02004856HS02004862 CONDUIT      9.48     0  02:15      0.29    0.01    0.05
  HS02004852HS02004856 CONDUIT      5.61     0  02:17      0.10    0.01    0.08
  HS02004802HS02004478 CONDUIT     41.86     0  02:19      0.27    0.04    0.22
  HS02004478WS02006287 CONDUIT    146.45     0  02:14      1.13    0.04    0.14
  HS02004817HS02004807 CONDUIT     32.40     0  02:21      0.10    0.02    0.48
  HS02004807HS02004802 CONDUIT     41.71     0  02:18      0.22    0.08    0.27
  YS02001759YS02001757 CONDUIT    219.47     0  03:13      0.28    0.16    1.00
  YS02001762YS02001759 CONDUIT    141.96     0  03:13      0.18    0.16    1.00
  YS02001765YS02001762 CONDUIT    137.86     0  03:08      0.26    0.13    0.99
  YS02001770YS02001767 CONDUIT    132.00     0  03:13      0.27    0.52    0.93
  YS02001774YS02001770 CONDUIT     53.55     0  03:10      0.16    0.03    0.93
  YS02001779YS02001774 CONDUIT     39.53     0  03:11      0.06    0.02    0.87
  YS02001649YS02001757 CONDUIT    383.74     0  03:10      0.49    0.23    1.00
  YS02001767YS02001765 CONDUIT    112.63     0  03:09      0.28    0.14    0.95
  YS02006561YS02001783 CONDUIT    300.98     0  03:01      1.77    0.16    0.37
  YS02001783YS02001784 CONDUIT    300.97     0  03:01      1.22    0.41    0.49
  YS02001784YS02001785 CONDUIT    302.04     0  03:01      1.29    0.70    0.47
  YS02001788YS02001790 CONDUIT    302.20     0  03:02      1.86    0.22    0.36
  YS02001790YS02001791 CONDUIT    302.34     0  03:02      2.14    0.33    0.32
  YS02001791YS02001793 CONDUIT    302.34     0  03:02      3.90    0.13    0.21
  YS02001910YS02001907 CONDUIT     95.85     0  03:03      0.49    0.05    0.73
  YS02001786YS02001788 CONDUIT    302.11     0  03:02      1.73    0.58    0.38
  YS02001915YS02001910 CONDUIT     95.89     0  03:00      0.49    0.05    0.52
  YS02001918YS02001915 CONDUIT     32.95     0  03:04      0.44    0.02    0.25
  YS02001923YS02001920 CONDUIT     30.13     0  03:02      0.45    0.01    0.14
  YS02001926YS02001923 CONDUIT     30.09     0  03:02      0.49    0.04    0.13
  YS02001929YS02001926 CONDUIT     30.13     0  03:01      0.52    0.01    0.13
  YS02001920YS02001918 CONDUIT     32.97     0  03:03      0.46    0.03    0.15
  YS02001629YS02163301 CONDUIT    117.96     0  03:13      0.17    0.15    0.90
  YS02001619YS02001622 CONDUIT    103.75     0  03:09      0.56    0.15    0.51
  YS02001622YS02001625 CONDUIT    121.03     0  03:10      0.22    0.06    0.67
  YS02001625YS02001629 CONDUIT    137.92     0  03:11      0.27    0.07    0.66
  YS02163301YS02001633 CONDUIT     86.10     0  03:20      0.12    0.08    0.95
  YS02163601YS02164001 CONDUIT    188.23     0  03:14      0.24    0.17    0.99
  YS02164001YS02001641 CONDUIT    185.39     0  03:16      0.24    0.25    0.98
  YS02001641YS02001644 CONDUIT    168.43     0  03:11      0.22    0.54    0.99
  YS02001647YS02001649 CONDUIT    265.01     0  03:15      0.36    0.14    0.91
  YS02006553YS02006556 CONDUIT    206.65     0  03:03      0.30    0.18    0.81
  YS02006556YS02006558 CONDUIT    206.85     0  03:03      0.30    0.16    0.84
  YSB6556YSB1171       CONDUIT      9.18     0  02:15      0.05    0.01    0.53
  YS02001907YS02006553 CONDUIT    206.39     0  03:03      0.25    0.24    0.92
  YS02006558YS02006561 CONDUIT    300.98     0  03:01      2.27    0.67    0.48
  YS02001633YS02163601 CONDUIT    178.15     0  03:27      0.23    0.19    0.98
  YS02001644YS02001647 CONDUIT    231.71     0  03:10      0.33    0.14    0.91
  YS02001745YS02001748 CONDUIT     70.89     0  03:01      1.36    0.03    0.21
  YS02001748YS02001751 CONDUIT    251.34     0  03:11      0.98    0.13    0.43
  YS02001751YS02001754 CONDUIT     95.59     0  05:32      0.79    0.05    0.71
  YS02001754YS02001757 CONDUIT    226.77     0  03:12      0.33    0.09    0.94
  YS02001882YS02001884 CONDUIT      2.36     0  02:01      0.08    0.00    0.45
  YS02001884YS02001887 CONDUIT      5.86     0  02:01      0.05    0.01    0.55
  YS02001890YS02001895 CONDUIT    110.61     0  02:55      0.27    0.05    0.52
  YS02001895YS02001898 CONDUIT    110.50     0  02:56      0.42    0.19    0.38
  YS02001898YS02001901 CONDUIT    110.38     0  02:57      0.32    0.07    0.46
  YS02001901YS02001904 CONDUIT    110.15     0  03:02      0.27    0.17    0.51
  YS02001904YS02001907 CONDUIT    110.43     0  03:02      0.20    0.04    0.67
  YS02001887YS02001890 CONDUIT    110.87     0  02:54      0.23    0.19    0.60
  YS02001652YS02001649 CONDUIT    237.35     0  03:10      0.47    0.12    0.94
  YS02001655YS02001652 CONDUIT    150.20     0  03:07      0.84    0.07    0.73
  YS02001658YS02001655 CONDUIT    239.96     0  03:13      1.13    0.10    0.41
  YS02001661YS02001658 CONDUIT     79.75     0  02:55      1.40    0.03    0.22
  YS02001664YS02001661 CONDUIT     79.75     0  02:55      1.08    0.03    0.15
  YSB1154YSB6556       CONDUIT      9.11     0  02:13      0.19    0.02    0.42
  YSB1174YSB1171       CONDUIT      7.54     0  02:07      0.04    0.01    0.53
  YSB1171HS02004479    CONDUIT     16.40     0  02:15      0.54    0.01    0.41
  HS02004881HS02006253 CONDUIT     27.41     0  02:15      1.45    0.01    0.03
  YS02001793JiankangQianchi CONDUIT    302.34     0  03:02     13.04    0.02    0.50
  YS02001757CaochengTiaoxuchi CONDUIT    520.91     0  03:04      1.25    0.23    0.55
  WSF200WS02003060     CONDUIT    190.11     0  02:34      1.56    0.04    0.16
  1                    CONDUIT    202.33     0  02:38      2.11    0.07    0.18
  CC-Pump-1            PUMP       200.00     0  02:14              1.00
  CC-Pump-2            PUMP       200.00     0  02:14              1.00
  JK-Pump-1            PUMP       300.00     0  00:00              1.00
  JK-Pump-2            PUMP       683.00     0  00:00              1.00
  XR-Pump-1            PUMP        95.00     0  00:00              1.00
  XR-Pump-2            PUMP        95.00     0  00:00              1.00
  XR-Pump-3            PUMP        95.00     0  00:00              1.00
  XR-Pump-4            PUMP        95.00     0  00:00              1.00
  3                    WEIR       353.54     0  02:16                      0.22
  5                    WEIR       315.59     0  02:26                      0.21
  6                    WEIR       393.82     0  02:37                      0.24
  
  
  ***************************
  Flow Classification Summary
  ***************************
  
  -------------------------------------------------------------------------------------
                      Adjusted    ---------- Fraction of Time in Flow Class ---------- 
                       /Actual         Up    Down  Sub   Sup   Up    Down  Norm  Inlet 
  Conduit               Length    Dry  Dry   Dry   Crit  Crit  Crit  Crit  Ltd   Ctrl  
  -------------------------------------------------------------------------------------
  WS02003066WSF200        1.00   0.09  0.00  0.00  0.00  0.91  0.00  0.00  0.73  0.00
  WS02006287WS02006284    1.00   0.03  0.02  0.00  0.77  0.18  0.00  0.00  0.82  0.00
  WS02006284WS02006280    1.00   0.04  0.00  0.00  0.00  0.00  0.00  0.96  0.00  0.00
  WS02006280WS02006229    1.00   0.04  0.00  0.00  0.00  0.00  0.00  0.96  0.00  0.00
  WS02006229WS02006228    1.00   0.00  0.00  0.00  1.00  0.00  0.00  0.00  0.00  0.00
  WS02006256WS02006235    1.00   0.00  0.00  0.00  0.07  0.93  0.00  0.00  0.01  0.00
  WS02006253WS02006251    1.00   0.01  0.02  0.00  0.91  0.00  0.06  0.00  0.00  0.00
  WS02006252WS02006251    1.00   0.09  0.00  0.00  0.00  0.00  0.91  0.00  0.00  0.00
  WS02006251WS02006249    1.00   0.00  0.00  0.00  1.00  0.00  0.00  0.00  0.33  0.00
  WS02006249WS02006248    1.00   0.00  0.04  0.00  0.58  0.00  0.38  0.00  0.00  0.00
  WS02006248WS02006247    1.00   0.05  0.00  0.00  0.94  0.00  0.00  0.02  0.22  0.00
  WS02006247WS02006245    1.00   0.05  0.00  0.00  0.91  0.00  0.00  0.04  0.00  0.00
  WS02006245WS02006243    1.00   0.05  0.00  0.00  0.90  0.00  0.00  0.05  0.00  0.00
  WS02006243WS02006242    1.00   0.05  0.00  0.00  0.91  0.00  0.00  0.03  0.73  0.00
  WS02006242WS02006240    1.00   0.00  0.07  0.00  0.93  0.00  0.00  0.00  0.24  0.00
  WS02006240WS02006239    1.00   0.00  0.00  0.00  0.93  0.00  0.00  0.07  0.01  0.00
  WS02006239WS02006238    1.00   0.00  0.02  0.00  0.98  0.00  0.00  0.00  0.22  0.00
  WS02006238WS02006235    1.00   0.00  0.00  0.00  1.00  0.00  0.00  0.00  0.00  0.00
  WS02006235WS02006234    1.00   0.06  0.00  0.00  0.91  0.00  0.02  0.00  0.00  0.00
  WS02006234WS02006232    1.00   0.00  0.02  0.00  0.98  0.00  0.00  0.00  0.21  0.00
  WS02006232WS02006231    1.00   0.00  0.00  0.00  1.00  0.00  0.00  0.00  0.00  0.00
  WS02006231WS02006230    1.00   0.00  0.00  0.00  0.06  0.00  0.94  0.00  0.00  0.00
  WS02006230WS02006229    1.00   0.00  0.00  0.00  0.99  0.00  0.00  0.01  0.00  0.00
  WS02006228WS02006109    1.00   0.00  0.00  0.00  1.00  0.00  0.00  0.00  0.00  0.00
  WS02006116WS02004401    1.00   0.03  0.00  0.00  0.97  0.00  0.00  0.00  0.01  0.00
  WS02006115WS02006116    1.00   0.03  0.00  0.00  0.94  0.00  0.00  0.03  0.00  0.00
  WS02006113WS02006111    1.00   0.02  0.00  0.00  0.01  0.98  0.00  0.00  0.06  0.00
  WS02006112WS02006115    1.00   0.02  0.01  0.00  0.97  0.00  0.00  0.00  0.00  0.00
  WS02006111WS02006112    1.00   0.02  0.00  0.00  0.98  0.00  0.00  0.00  0.93  0.00
  WS02006110WS02006113    1.00   0.00  0.01  0.00  0.98  0.00  0.00  0.00  0.00  0.00
  WS02006109WS02006110    1.00   0.00  0.00  0.00  0.99  0.00  0.00  0.00  0.00  0.00
  WS02004411WS02004412    1.00   0.07  0.00  0.00  0.93  0.00  0.00  0.00  0.00  0.00
  WS02004401WS02004402    1.00   0.03  0.00  0.00  0.97  0.00  0.00  0.00  0.04  0.00
  WS02004413WS02003067    1.00   0.07  0.01  0.00  0.00  0.00  0.92  0.00  0.00  0.00
  WS02004412WS02004413    1.00   0.07  0.00  0.00  0.93  0.00  0.00  0.00  0.01  0.00
  WS02004410WS02004411    1.00   0.07  0.00  0.00  0.93  0.00  0.00  0.00  0.00  0.00
  WS02004409WS02004410    1.00   0.07  0.00  0.00  0.93  0.00  0.00  0.00  0.00  0.00
  WS02004407WS02004409    1.00   0.07  0.00  0.00  0.93  0.00  0.00  0.00  0.76  0.00
  WS02004406WS02004407    1.00   0.00  0.07  0.00  0.93  0.00  0.00  0.00  0.00  0.00
  WS02004405WS02004406    1.00   0.00  0.00  0.00  1.00  0.00  0.00  0.00  0.04  0.00
  WS02004404WS02004405    1.00   0.00  0.00  0.00  1.00  0.00  0.00  0.00  0.00  0.00
  WS02004403WS02004404    1.00   0.00  0.03  0.00  0.97  0.00  0.00  0.00  0.04  0.00
  WS02004402WS02004403    1.00   0.03  0.00  0.00  0.97  0.00  0.00  0.00  0.00  0.00
  WS02004139WS02001211    1.00   0.00  0.00  0.00  1.00  0.00  0.00  0.00  0.00  0.00
  WS02004138WS02004139    1.00   0.00  0.00  0.00  0.00  0.00  0.00  1.00  0.00  0.00
  WS02003067WS02003066    1.00   0.08  0.00  0.00  0.91  0.00  0.00  0.00  0.00  0.00
  WS02001213WS02003059    1.00   0.00  0.00  0.00  1.00  0.00  0.00  0.00  0.00  0.00
  WS02001212WS02001213    1.00   0.00  0.00  0.00  0.12  0.00  0.88  0.00  0.00  0.00
  WS02001211WS02001212    1.00   0.00  0.00  0.00  1.00  0.00  0.00  0.00  0.00  0.00
  WS02003072WS02003073    1.00   0.00  0.00  0.00  0.00  0.00  0.00  1.00  0.00  0.00
  WS02003069WS02003072    1.00   0.00  0.00  0.00  1.00  0.00  0.00  0.00  0.99  0.00
  WS02003060WS02003069    1.00   0.00  0.00  0.00  0.98  0.02  0.00  0.00  0.95  0.00
  WS02003059WS02003060    1.00   0.00  0.00  0.00  1.00  0.00  0.00  0.00  0.05  0.00
  HS02004901HS02004770    1.00   0.04  0.00  0.00  0.96  0.00  0.00  0.00  0.01  0.00
  HS02004876HS02004881    1.00   0.01  0.00  0.00  0.99  0.00  0.00  0.00  0.00  0.00
  HS02004870HS02004876    1.00   0.00  0.00  0.00  1.00  0.00  0.00  0.00  0.95  0.00
  HS02004842HS02004848    1.00   0.00  0.04  0.00  0.96  0.00  0.00  0.00  0.64  0.00
  HS02004837HS02004842    1.00   0.00  0.00  0.00  1.00  0.00  0.00  0.00  0.11  0.00
  HS02004830HS02004837    1.00   0.00  0.00  0.00  1.00  0.00  0.00  0.00  0.99  0.00
  HS02004824HS02004830    1.00   0.00  0.00  0.00  1.00  0.00  0.00  0.00  0.00  0.00
  HS02004817HS02004824    1.00   0.00  0.00  0.00  1.00  0.00  0.00  0.00  1.00  0.00
  HS02004770HS02004777    1.00   0.00  0.04  0.00  0.96  0.00  0.00  0.00  0.04  0.00
  HS02004799HS02004480    1.00   0.00  0.01  0.00  0.95  0.00  0.04  0.00  0.00  0.00
  HS02004792HS02004799    1.00   0.00  0.00  0.00  1.00  0.00  0.00  0.00  0.98  0.00
  HS02004788HS02004792    1.00   0.00  0.00  0.00  1.00  0.00  0.00  0.00  0.98  0.00
  HS02004785HS02004788    1.00   0.00  0.00  0.00  1.00  0.00  0.00  0.00  0.00  0.00
  HS02004777HS02004785    1.00   0.00  0.00  0.00  1.00  0.00  0.00  0.00  0.15  0.00
  HS02004480HS02004478    1.00   0.04  0.00  0.00  0.78  0.00  0.00  0.18  0.00  0.00
  HS02004479HS02004480    1.00   0.01  0.00  0.00  0.99  0.00  0.00  0.00  0.13  0.00
  HS02004862HS02004870    1.00   0.00  0.00  0.00  1.00  0.00  0.00  0.00  0.05  0.00
  HS02004848HS02004852    1.00   0.04  0.00  0.00  0.96  0.00  0.00  0.00  0.72  0.00
  HS02004856HS02004862    1.00   0.00  0.06  0.00  0.94  0.00  0.00  0.00  0.80  0.00
  HS02004852HS02004856    1.00   0.04  0.01  0.00  0.96  0.00  0.00  0.00  0.85  0.00
  HS02004802HS02004478    1.00   0.04  0.00  0.00  0.96  0.00  0.00  0.00  0.02  0.00
  HS02004478WS02006287    1.00   0.05  0.00  0.00  0.93  0.02  0.00  0.00  0.82  0.00
  HS02004817HS02004807    1.00   0.00  0.04  0.00  0.96  0.00  0.00  0.00  0.01  0.00
  HS02004807HS02004802    1.00   0.04  0.00  0.00  0.96  0.00  0.00  0.00  0.00  0.00
  YS02001759YS02001757    1.00   0.00  0.00  0.00  1.00  0.00  0.00  0.00  0.17  0.00
  YS02001762YS02001759    1.00   0.00  0.00  0.00  1.00  0.00  0.00  0.00  0.04  0.00
  YS02001765YS02001762    1.00   0.00  0.00  0.00  1.00  0.00  0.00  0.00  0.17  0.00
  YS02001770YS02001767    1.00   0.00  0.00  0.00  1.00  0.00  0.00  0.00  0.00  0.00
  YS02001774YS02001770    1.00   0.00  0.04  0.00  0.96  0.00  0.00  0.00  0.04  0.00
  YS02001779YS02001774    1.00   0.00  0.00  0.00  1.00  0.00  0.00  0.00  0.22  0.00
  YS02001649YS02001757    1.00   0.00  0.00  0.00  1.00  0.00  0.00  0.00  0.17  0.00
  YS02001767YS02001765    1.00   0.00  0.00  0.00  1.00  0.00  0.00  0.00  0.01  0.00
  YS02006561YS02001783    1.00   0.06  0.00  0.00  0.00  0.94  0.00  0.00  0.78  0.00
  YS02001783YS02001784    1.00   0.00  0.06  0.00  0.94  0.00  0.00  0.00  0.01  0.00
  YS02001784YS02001785    1.00   0.00  0.00  0.00  1.00  0.00  0.00  0.00  0.21  0.00
  YS02001788YS02001790    1.00   0.00  0.00  0.00  0.07  0.93  0.00  0.00  0.78  0.00
  YS02001790YS02001791    1.00   0.00  0.00  0.00  0.01  0.99  0.00  0.00  0.55  0.00
  YS02001791YS02001793    1.00   0.00  0.00  0.00  0.00  1.00  0.00  0.00  0.00  0.00
  YS02001910YS02001907    1.00   0.00  0.00  0.00  0.99  0.00  0.00  0.01  0.13  0.00
  YS02001786YS02001788    1.00   0.00  0.00  0.00  0.07  0.93  0.00  0.00  0.00  0.00
  YS02001915YS02001910    1.00   0.00  0.00  0.00  0.99  0.01  0.00  0.00  0.19  0.00
  YS02001918YS02001915    1.00   0.00  0.00  0.00  0.99  0.00  0.00  0.00  0.86  0.00
  YS02001923YS02001920    1.00   0.00  0.00  0.00  1.00  0.00  0.00  0.00  1.00  0.00
  YS02001926YS02001923    1.00   0.00  0.02  0.00  0.00  0.00  0.98  0.00  0.00  0.00
  YS02001929YS02001926    1.00   0.00  0.04  0.00  0.96  0.00  0.00  0.00  0.87  0.00
  YS02001920YS02001918    1.00   0.00  0.00  0.00  1.00  0.00  0.00  0.00  0.00  0.00
  YS02001629YS02163301    1.00   0.05  0.00  0.00  0.95  0.00  0.00  0.00  0.00  0.00
  YS02001619YS02001622    1.00   0.04  0.00  0.00  0.96  0.00  0.00  0.00  0.00  0.00
  YS02001622YS02001625    1.00   0.04  0.00  0.00  0.96  0.00  0.00  0.00  0.09  0.00
  YS02001625YS02001629    1.00   0.04  0.03  0.00  0.91  0.00  0.02  0.00  0.00  0.00
  YS02163301YS02001633    1.00   0.00  0.05  0.00  0.95  0.00  0.00  0.00  0.00  0.00
  YS02163601YS02164001    1.00   0.00  0.02  0.00  0.98  0.00  0.00  0.00  0.00  0.00
  YS02164001YS02001641    1.00   0.00  0.02  0.00  0.98  0.00  0.00  0.00  0.06  0.00
  YS02001641YS02001644    1.00   0.00  0.00  0.00  1.00  0.00  0.00  0.00  0.00  0.00
  YS02001647YS02001649    1.00   0.00  0.06  0.00  0.94  0.00  0.00  0.00  0.01  0.00
  YS02006553YS02006556    1.00   0.00  0.00  0.00  1.00  0.00  0.00  0.00  0.03  0.00
  YS02006556YS02006558    1.00   0.00  0.00  0.00  1.00  0.00  0.00  0.00  0.00  0.00
  YSB6556YSB1171          1.00   0.01  0.02  0.00  0.97  0.00  0.00  0.00  0.00  0.00
  YS02001907YS02006553    1.00   0.00  0.01  0.00  0.99  0.00  0.00  0.00  0.00  0.00
  YS02006558YS02006561    1.00   0.06  0.00  0.00  0.00  0.94  0.00  0.00  0.77  0.00
  YS02001633YS02163601    1.00   0.00  0.00  0.00  1.00  0.00  0.00  0.00  0.16  0.00
  YS02001644YS02001647    1.00   0.00  0.06  0.00  0.94  0.00  0.00  0.00  0.00  0.00
  YS02001745YS02001748    1.00   0.00  0.00  0.00  0.09  0.05  0.00  0.87  0.19  0.00
  YS02001748YS02001751    1.00   0.00  0.00  0.00  0.96  0.04  0.00  0.00  0.57  0.00
  YS02001751YS02001754    1.00   0.00  0.00  0.00  0.93  0.00  0.00  0.07  0.03  0.00
  YS02001754YS02001757    1.00   0.00  0.00  0.00  1.00  0.00  0.00  0.00  0.21  0.00
  YS02001882YS02001884    1.00   0.05  0.00  0.00  0.95  0.00  0.00  0.00  0.00  0.00
  YS02001884YS02001887    1.00   0.02  0.01  0.00  0.97  0.00  0.00  0.00  0.00  0.00
  YS02001890YS02001895    1.00   0.00  0.05  0.00  0.95  0.00  0.00  0.00  0.00  0.00
  YS02001895YS02001898    1.00   0.05  0.00  0.00  0.93  0.00  0.01  0.00  0.00  0.00
  YS02001898YS02001901    1.00   0.05  0.00  0.00  0.95  0.00  0.00  0.00  0.03  0.00
  YS02001901YS02001904    1.00   0.05  0.00  0.00  0.95  0.00  0.00  0.00  0.00  0.00
  YS02001904YS02001907    1.00   0.00  0.05  0.00  0.95  0.00  0.00  0.00  0.00  0.00
  YS02001887YS02001890    1.00   0.00  0.00  0.00  0.99  0.00  0.01  0.00  0.00  0.00
  YS02001652YS02001649    1.00   0.00  0.00  0.00  1.00  0.00  0.00  0.00  0.19  0.00
  YS02001655YS02001652    1.00   0.00  0.00  0.00  0.93  0.00  0.00  0.07  0.03  0.00
  YS02001658YS02001655    1.00   0.00  0.04  0.00  0.91  0.04  0.00  0.00  0.65  0.00
  YS02001661YS02001658    1.00   0.04  0.00  0.00  0.10  0.86  0.00  0.00  0.83  0.00
  YS02001664YS02001661    1.00   0.04  0.00  0.00  0.87  0.10  0.00  0.00  0.87  0.00
  YSB1154YSB6556          1.00   0.03  0.00  0.00  0.97  0.00  0.00  0.00  0.02  0.00
  YSB1174YSB1171          1.00   0.01  0.01  0.00  0.97  0.00  0.00  0.00  0.00  0.00
  YSB1171HS02004479       1.00   0.01  0.00  0.00  0.98  0.00  0.00  0.00  0.11  0.00
  HS02004881HS02006253    1.00   0.02  0.00  0.00  0.00  0.00  0.00  0.98  0.00  0.00
  YS02001793JiankangQianchi    1.00   0.00  0.00  0.00  0.00  1.00  0.00  0.00  0.00  0.00
  YS02001757CaochengTiaoxuchi    1.00   0.00  0.09  0.00  0.91  0.00  0.00  0.00  0.00  0.00
  WSF200WS02003060        1.00   0.00  0.09  0.00  0.32  0.59  0.00  0.00  0.72  0.00
  1                       1.00   0.00  0.00  0.00  0.00  1.00  0.00  0.00  0.25  0.00
  
  
  *************************
  Conduit Surcharge Summary
  *************************
  
  ----------------------------------------------------------------------------
                                                           Hours        Hours 
                         --------- Hours Full --------   Above Full   Capacity
  Conduit                Both Ends  Upstream  Dnstream   Normal Flow   Limited
  ----------------------------------------------------------------------------
  WS02006256WS02006235        0.01      0.01      6.19      6.12         0.01
  WS02006252WS02006251        3.67      3.67      4.77      4.44         0.01
  WS02006230WS02006229        0.01      0.01      0.01      2.61         0.01
  WS02004404WS02004405        0.01      0.01      0.01      1.41         0.01
  YS02001759YS02001757        0.63      0.63      1.53      0.01         0.01
  YS02001762YS02001759        0.11      0.11      0.63      0.01         0.01
  YS02001765YS02001762        0.01      0.01      0.11      0.01         0.01
  YS02001649YS02001757        0.29      0.29      1.53      0.01         0.01
  YS02163601YS02164001        0.01      0.01      0.25      0.01         0.01
  YS02001647YS02001649        0.01      0.01      0.29      0.01         0.01
  YS02001633YS02163601        0.01      0.01      0.25      0.01         0.01
  YS02001754YS02001757        0.01      0.01      1.53      0.01         0.01
  YS02001652YS02001649        0.01      0.01      0.29      0.01         0.01
  YS02001793JiankangQianchi        0.01      0.01      0.02      0.01         0.01
  YS02001757CaochengTiaoxuchi        0.01      0.01      1.53      0.01         0.01
  
  
  ***************
  Pumping Summary
  ***************
  
  ---------------------------------------------------------------------------------------------------------
                                                  Min       Avg       Max     Total     Power    % Time Off
                        Percent   Number of      Flow      Flow      Flow    Volume     Usage    Pump Curve
  Pump                 Utilized   Start-Ups       LPS       LPS       LPS  10^6 ltr     Kw-hr    Low   High
  ---------------------------------------------------------------------------------------------------------
  CC-Pump-1               73.67           1      0.00    150.33    200.00     3.618     17.30    0.0  100.0
  CC-Pump-2               73.67           1      0.00    150.33    200.00     3.618     17.30    0.0  100.0
  JK-Pump-1              100.00           1      0.00    104.73    300.00     3.212     71.17    0.0    0.0
  JK-Pump-2              100.00           1      0.00    105.90    683.00     3.283     72.51    0.0   99.8
  XR-Pump-1              100.00           1      0.00     95.00     95.00     2.736     68.18    0.0    0.0
  XR-Pump-2              100.00           1      0.00     95.00     95.00     2.736     68.18    0.0    0.0
  XR-Pump-3              100.00           1      0.00     95.00     95.00     2.736     68.18    0.0    0.0
  XR-Pump-4              100.00           1      0.00     95.00     95.00     2.736     68.18    0.0    0.0
  
  
  ***************************
  Link Pollutant Load Summary
  ***************************
  
  ------------------------------------------------------------------------------------------
                                 COD            SS            TN            TP         NH4-N
  Link                            kg            kg            kg            kg            kg
  ------------------------------------------------------------------------------------------
  WS02003066WSF200           105.279       176.800         6.074         0.698         3.628
  WS02006287WS02006284       103.675       173.783         6.332         0.736         3.805
  WS02006284WS02006280       104.125       174.507         6.375         0.741         3.832
  WS02006280WS02006229       104.104       174.471         6.373         0.741         3.831
  WS02006229WS02006228       107.356       179.848         6.431         0.744         3.856
  WS02006256WS02006235         0.000         0.000         0.000         0.000         0.000
  WS02006253WS02006251        11.428        20.237         0.360         0.032         0.193
  WS02006252WS02006251       191.728       314.716         5.220         0.436         2.718
  WS02006251WS02006249        34.872        57.482         0.959         0.080         0.500
  WS02006249WS02006248        34.786        57.329         0.956         0.080         0.499
  WS02006248WS02006247        34.818        57.388         0.956         0.080         0.499
  WS02006247WS02006245        34.804        57.361         0.956         0.080         0.499
  WS02006245WS02006243        34.788        57.334         0.955         0.080         0.498
  WS02006243WS02006242        34.839        57.427         0.956         0.080         0.499
  WS02006242WS02006240        34.800        57.359         0.955         0.080         0.498
  WS02006240WS02006239        34.784        57.329         0.954         0.080         0.498
  WS02006239WS02006238        34.783        57.328         0.954         0.080         0.498
  WS02006238WS02006235        34.780        57.323         0.954         0.080         0.498
  WS02006235WS02006234         3.807         6.276         0.104         0.009         0.054
  WS02006234WS02006232         3.807         6.276         0.104         0.009         0.054
  WS02006232WS02006231         3.808         6.277         0.104         0.009         0.054
  WS02006231WS02006230         3.809         6.279         0.104         0.009         0.054
  WS02006230WS02006229         3.788         6.245         0.104         0.009         0.054
  WS02006228WS02006109       106.664       178.744         6.363         0.735         3.814
  WS02006116WS02004401       112.869       188.928         6.794         0.787         4.077
  WS02006115WS02006116       113.626       190.138         6.869         0.797         4.123
  WS02006113WS02006111       113.545       189.754         7.026         0.818         4.228
  WS02006112WS02006115       114.239       191.121         6.925         0.804         4.159
  WS02006111WS02006112       113.325       189.408         7.000         0.815         4.212
  WS02006110WS02006113       113.707       190.015         7.041         0.820         4.238
  WS02006109WS02006110       114.528       191.326         7.118         0.830         4.286
  WS02004411WS02004412       107.136       179.751         6.253         0.720         3.739
  WS02004401WS02004402       112.020       187.570         6.715         0.778         4.027
  WS02004413WS02003067       105.742       177.547         6.116         0.703         3.653
  WS02004412WS02004413       106.421       178.607         6.185         0.712         3.697
  WS02004410WS02004411       107.609       180.510         6.298         0.726         3.767
  WS02004409WS02004410       107.975       181.094         6.334         0.730         3.789
  WS02004407WS02004409       108.256       181.546         6.360         0.733         3.806
  WS02004406WS02004407       108.362       181.720         6.370         0.735         3.812
  WS02004405WS02004406       110.046       184.407         6.531         0.755         3.913
  WS02004404WS02004405       110.936       185.839         6.614         0.765         3.965
  WS02004403WS02004404       110.367       184.928         6.559         0.758         3.930
  WS02004402WS02004403       111.142       186.166         6.631         0.767         3.975
  WS02004139WS02001211        21.555        34.488         2.069         0.259         1.293
  WS02004138WS02004139       166.464       266.342        15.981         1.998         9.988
  WS02003067WS02003066       105.305       176.839         6.078         0.698         3.630
  WS02001213WS02003059        26.665        42.678         2.548         0.318         1.592
  WS02001212WS02001213        29.180        46.690         2.798         0.350         1.749
  WS02001211WS02001212        29.794        47.673         2.859         0.357         1.787
  WS02003072WS02003073       242.632       396.576        19.254         2.345        11.865
  WS02003069WS02003072       244.065       398.847        19.398         2.363        11.955
  WS02003060WS02003069       242.423       396.222        19.240         2.343        11.856
  WS02003059WS02003060        28.952        46.399         2.732         0.341         1.705
  HS02004901HS02004770         2.200         3.824         0.044         0.003         0.020
  HS02004876HS02004881         9.339        16.539         0.295         0.026         0.158
  HS02004870HS02004876         7.274        12.813         0.262         0.025         0.143
  HS02004842HS02004848         1.395         2.391         0.032         0.002         0.014
  HS02004837HS02004842         6.040         9.800         0.500         0.061         0.308
  HS02004830HS02004837        49.152        79.591         4.319         0.534         2.684
  HS02004824HS02004830        49.926        80.830         4.393         0.543         2.731
  HS02004817HS02004824        55.121        90.068         4.527         0.553         2.799
  HS02004770HS02004777         8.772        15.447         0.198         0.013         0.089
  HS02004799HS02004480        40.489        68.419         1.946         0.212         1.126
  HS02004792HS02004799        38.022        63.764         1.947         0.216         1.135
  HS02004788HS02004792        25.611        42.888         1.554         0.178         0.925
  HS02004785HS02004788        10.294        17.890         0.354         0.033         0.188
  HS02004777HS02004785         9.682        16.906         0.298         0.025         0.152
  HS02004480HS02004478        47.561        81.215         2.023         0.215         1.154
  HS02004479HS02004480        10.987        19.034         0.443         0.048         0.256
  HS02004862HS02004870         5.510         9.513         0.226         0.023         0.126
  HS02004848HS02004852         1.428         2.460         0.032         0.002         0.015
  HS02004856HS02004862         2.842         5.079         0.061         0.004         0.028
  HS02004852HS02004856         1.427         2.458         0.032         0.002         0.015
  HS02004802HS02004478        56.467        93.136         4.341         0.525         2.671
  HS02004478WS02006287       103.860       174.081         6.348         0.738         3.815
  HS02004817HS02004807        53.833        88.007         4.404         0.538         2.722
  HS02004807HS02004802        56.968        93.935         4.390         0.531         2.701
  YS02001759YS02001757        97.443       159.985         2.442         0.185         1.251
  YS02001762YS02001759        57.816        94.944         1.704         0.141         0.905
  YS02001765YS02001762        53.090        87.754         1.583         0.132         0.843
  YS02001770YS02001767        49.357        81.721         1.157         0.077         0.573
  YS02001774YS02001770         8.632        14.271         0.238         0.019         0.124
  YS02001779YS02001774        12.383        20.147         0.811         0.094         0.491
  YS02001649YS02001757       148.649       235.990         3.667         0.286         1.825
  YS02001767YS02001765        58.403        96.019         1.862         0.161         1.006
  YS02006561YS02001783       203.346       332.089         6.164         0.552         3.329
  YS02001783YS02001784       203.270       331.975         6.160         0.552         3.327
  YS02001784YS02001785       210.791       344.021         6.888         0.643         3.782
  YS02001788YS02001790       211.482       345.143         6.962         0.653         3.829
  YS02001790YS02001791       212.494       346.769         7.063         0.665         3.892
  YS02001791YS02001793       212.430       346.671         7.058         0.665         3.889
  YS02001910YS02001907        74.540       120.275         3.265         0.330         1.871
  YS02001786YS02001788       211.040       344.429         6.917         0.647         3.800
  YS02001915YS02001910        74.480       120.128         3.228         0.324         1.846
  YS02001918YS02001915        41.653        65.373         2.469         0.283         1.483
  YS02001923YS02001920        21.176        32.604         0.487         0.035         0.244
  YS02001926YS02001923        20.796        31.992         0.448         0.030         0.219
  YS02001929YS02001926        20.499        31.507         0.415         0.026         0.198
  YS02001920YS02001918        41.551        65.211         2.446         0.280         1.469
  YS02001629YS02163301        25.017        39.737         0.584         0.036         0.269
  YS02001619YS02001622        26.371        41.868         0.613         0.037         0.281
  YS02001622YS02001625        26.301        41.769         0.611         0.037         0.280
  YS02001625YS02001629        25.536        40.584         0.594         0.036         0.273
  YS02163301YS02001633        25.219        40.057         0.589         0.037         0.272
  YS02163601YS02164001        69.677       110.257         1.616         0.117         0.787
  YS02164001YS02001641        69.584       110.089         1.604         0.115         0.780
  YS02001641YS02001644        70.078       110.835         1.608         0.115         0.780
  YS02001647YS02001649       111.115       175.404         2.420         0.172         1.165
  YS02006553YS02006556       148.584       242.019         4.810         0.450         2.645
  YS02006556YS02006558       148.532       241.904         4.787         0.446         2.629
  YSB6556YSB1171               5.614         9.837         0.172         0.017         0.096
  YS02001907YS02006553       148.527       241.946         4.803         0.449         2.641
  YS02006558YS02006561       203.366       332.118         6.164         0.552         3.329
  YS02001633YS02163601        69.699       110.222         1.583         0.112         0.764
  YS02001644YS02001647       111.232       175.546         2.422         0.172         1.166
  YS02001745YS02001748        36.709        59.795         0.809         0.046         0.386
  YS02001748YS02001751        56.485        91.659         2.520         0.256         1.447
  YS02001751YS02001754        52.430        84.261         2.002         0.187         1.115
  YS02001754YS02001757       136.665       218.196         9.042         1.053         5.471
  YS02001882YS02001884         0.428         0.654         0.013         0.001         0.007
  YS02001884YS02001887         1.661         2.637         0.046         0.004         0.024
  YS02001890YS02001895        75.338       123.653         1.594         0.125         0.802
  YS02001895YS02001898        75.215       123.477         1.588         0.124         0.799
  YS02001898YS02001901        75.111       123.329         1.585         0.124         0.797
  YS02001901YS02001904        75.083       123.318         1.596         0.126         0.804
  YS02001904YS02001907        75.523       124.068         1.657         0.133         0.843
  YS02001887YS02001890        76.125       124.863         1.652         0.132         0.838
  YS02001652YS02001649        46.597        74.661         1.481         0.133         0.777
  YS02001655YS02001652        41.042        65.720         1.401         0.129         0.741
  YS02001658YS02001655        44.496        71.509         1.520         0.141         0.806
  YS02001661YS02001658        35.009        56.204         0.785         0.052         0.355
  YS02001664YS02001661        35.003        56.189         0.785         0.052         0.355
  YSB1154YSB6556               5.188         9.161         0.118         0.010         0.061
  YSB1174YSB1171               3.731         6.583         0.113         0.011         0.062
  YSB1171HS02004479           10.946        18.980         0.440         0.048         0.255
  HS02004881HS02006253        10.473        18.617         0.316         0.027         0.168
  YS02001793JiankangQianchi       212.407       346.635         7.057         0.665         3.888
  YS02001757CaochengTiaoxuchi       314.357       506.676        10.616         0.996         5.805
  WSF200WS02003060           105.167       176.615         6.066         0.697         3.622
  1                          254.929       416.203        20.449         2.495        12.612
  CC-Pump-1                   95.857       157.347         2.610         0.218         1.359
  CC-Pump-2                   95.857       157.347         2.610         0.218         1.359
  JK-Pump-1                    0.000         0.000         0.000         0.000         0.000
  JK-Pump-2                    0.000         0.000         0.000         0.000         0.000
  XR-Pump-1                   41.612        66.579         3.995         0.499         2.497
  XR-Pump-2                   41.612        66.579         3.995         0.499         2.497
  XR-Pump-3                   41.612        66.579         3.995         0.499         2.497
  XR-Pump-4                   41.612        66.579         3.995         0.499         2.497
  3                          168.621       278.028         4.653         0.392         2.431
  5                           30.975        51.050         0.850         0.071         0.444
  6                          190.067       304.108        18.246         2.281        11.404
  

  Analysis begun on:  Fri Jul 16 10:08:29 2021
  Analysis ended on:  Fri Jul 16 10:08:32 2021
  Total elapsed time: 00:00:03