
  EPA STORM WATER MANAGEMENT MODEL - VERSION 5.1 (Build 5.3.0.dev0)
  --------------------------------------------------------------

  WARNING 04: minimum elevation drop used for Conduit WS02004404WS02004405
  WARNING 03: negative offset ignored for Link YS02001904YS02001907
  
  *********************************************************
  NOTE: The summary statistics displayed in this report are
  based on results found at every computational time step,  
  not just on results from each reporting time step.
  *********************************************************
  
  ****************
  Analysis Options
  ****************
  Flow Units ............... LPS
  Process Models:
    Rainfall/Runoff ........ YES
    RDII ................... NO
    Snowmelt ............... NO
    Groundwater ............ NO
    Flow Routing ........... YES
    Ponding Allowed ........ NO
    Water Quality .......... YES
  Infiltration Method ...... HORTON
  Flow Routing Method ...... DYNWAVE
  Surcharge Method ......... EXTRAN
  Starting Date ............ 08/28/2015 08:00:00
  Ending Date .............. 08/28/2015 16:00:00
  Antecedent Dry Days ...... 8.0
  Report Time Step ......... 00:01:00
  Wet Time Step ............ 00:01:00
  Dry Time Step ............ 00:01:00
  Routing Time Step ........ 5.00 sec
  Variable Time Step ....... YES
  Maximum Trials ........... 8
  Number of Threads ........ 4
  Head Tolerance ........... 0.001500 m
  
  
  **************************        Volume         Depth
  Runoff Quantity Continuity     hectare-m            mm
  **************************     ---------       -------
  Total Precipitation ......         0.968         2.120
  Evaporation Loss .........         0.000         0.000
  Infiltration Loss ........         0.244         0.535
  Surface Runoff ...........         0.440         0.963
  Final Storage ............         0.284         0.622
  Continuity Error (%) .....        -0.023
  
  
  **************************           COD            SS            TN            TP         NH4-N
  Runoff Quality Continuity             kg            kg            kg            kg            kg
  **************************    ----------    ----------    ----------    ----------    ----------
  Initial Buildup ..........     41378.656     70582.865      1804.177       168.684      1032.807
  Surface Buildup ..........        11.936        11.419         3.261         0.305         1.938
  Wet Deposition ...........         0.000         0.000         0.000         0.000         0.000
  Sweeping Removal .........         0.000         0.000         0.000         0.000         0.000
  Infiltration Loss ........         6.289         9.643         0.145         0.009         0.066
  BMP Removal ..............         0.000         0.000         0.000         0.000         0.000
  Surface Runoff ...........       145.799       218.054         3.318         0.201         1.547
  Remaining Buildup ........     41238.459     70366.523      1803.973       168.779      1033.132
  Continuity Error (%) .....         0.000         0.000         0.000         0.000         0.000
  
  
  **************************        Volume        Volume
  Flow Routing Continuity        hectare-m      10^6 ltr
  **************************     ---------     ---------
  Dry Weather Inflow .......         0.630         6.296
  Wet Weather Inflow .......         0.439         4.395
  Groundwater Inflow .......         0.000         0.000
  RDII Inflow ..............         0.000         0.000
  External Inflow ..........         0.105         1.045
  External Outflow .........         1.890        18.896
  Flooding Loss ............         0.013         0.134
  Evaporation Loss .........         0.000         0.000
  Exfiltration Loss ........         0.000         0.000
  Initial Stored Volume ....         0.076         0.761
  Final Stored Volume ......         0.080         0.798
  Continuity Error (%) .....       -58.671
  
  
  **************************           COD            SS            TN            TP         NH4-N
  Quality Routing Continuity            kg            kg            kg            kg            kg
  **************************    ----------    ----------    ----------    ----------    ----------
  Dry Weather Inflow .......      1573.993      2518.389       151.103        18.888        94.440
  Wet Weather Inflow .......       145.699       217.909         3.316         0.201         1.546
  Groundwater Inflow .......         0.000         0.000         0.000         0.000         0.000
  RDII Inflow ..............         0.000         0.000         0.000         0.000         0.000
  External Inflow ..........       187.321       299.713        17.983         2.248        11.239
  External Outflow .........       407.822       653.247        37.812         4.703        23.569
  Flooding Loss ............         0.000         0.000         0.000         0.000         0.000
  Exfiltration Loss ........         0.000         0.000         0.000         0.000         0.000
  Mass Reacted .............         0.000         0.000         0.000         0.000         0.000
  Initial Stored Mass ......         0.000         0.000         0.000         0.000         0.000
  Final Stored Mass ........        63.563        99.533         5.283         0.642         3.259
  Continuity Error (%) .....        75.282        75.205        75.003        74.947        74.980
  
  
  *************************
  Highest Continuity Errors
  *************************
  Node JK-storage (-91.58%)
  Node HS02004842 (42.36%)
  Node YS02001884 (37.60%)
  Node YS02001774 (20.63%)
  Node YSB1171 (13.90%)
  
  
  ***************************
  Time-Step Critical Elements
  ***************************
  Link WS02006252WS02006251 (92.59%)
  Link WS02006280WS02006229 (3.66%)
  
  
  ********************************
  Highest Flow Instability Indexes
  ********************************
  Link YS02001754YS02001757 (2)
  Link WS02006252WS02006251 (2)
  Link YS02001751YS02001754 (2)
  Link YS02001767YS02001765 (2)
  Link YS02001762YS02001759 (2)
  
  
  *************************
  Routing Time Step Summary
  *************************
  Minimum Time Step           :     0.50 sec
  Average Time Step           :     0.91 sec
  Maximum Time Step           :     5.00 sec
  Percent in Steady State     :     0.00
  Average Iterations per Step :     2.04
  Percent Not Converging      :     0.03
  
  
  ***************************
  Subcatchment Runoff Summary
  ***************************
  
  ------------------------------------------------------------------------------------------------------------------------------
                            Total      Total      Total      Total     Imperv       Perv      Total       Total     Peak  Runoff
                           Precip      Runon       Evap      Infil     Runoff     Runoff     Runoff      Runoff   Runoff   Coeff
  Subcatchment                 mm         mm         mm         mm         mm         mm         mm    10^6 ltr      LPS
  ------------------------------------------------------------------------------------------------------------------------------
  sub0                       2.12       0.00       0.00       0.15       1.93       0.00       1.93        0.00     0.36   0.909
  sub1                       2.12       0.00       0.00       0.23       1.81       0.00       1.81        0.01     2.10   0.852
  sub2                       2.12       0.00       0.00       0.78       1.26       0.00       1.26        0.01     1.89   0.596
  sub3                       2.12       0.00       0.00       0.78       1.24       0.00       1.24        0.03     3.97   0.583
  sub4                       2.12       0.00       0.00       0.23       1.69       0.00       1.69        0.04     4.52   0.799
  sub5                       2.12       0.00       0.00       0.15       1.89       0.00       1.89        0.02     3.74   0.890
  sub7                       2.12       0.00       0.00       0.19       1.87       0.00       1.87        0.01     1.27   0.882
  sub8                       2.12       0.00       0.00       0.19       1.86       0.00       1.86        0.01     2.27   0.879
  sub9                       2.12       0.00       0.00       0.19       1.86       0.00       1.86        0.01     1.69   0.878
  sub10                      2.12       0.00       0.00       0.17       1.87       0.00       1.87        0.02     3.71   0.883
  sub11                      2.12       0.00       0.00       0.17       1.89       0.00       1.89        0.02     4.25   0.890
  sub12                      2.12       0.00       0.00       0.28       1.80       0.00       1.80        0.02     3.42   0.848
  sub14                      2.12       0.00       0.00       0.19       1.86       0.00       1.86        0.02     3.31   0.877
  sub15                      2.12       0.00       0.00       0.64       1.43       0.00       1.43        0.02     4.52   0.674
  sub16                      2.12       0.00       0.00       0.70       1.38       0.00       1.38        0.01     3.06   0.652
  sub17                      2.12       0.00       0.00       0.68       1.40       0.00       1.40        0.01     2.49   0.661
  sub22                      2.12       0.00       0.00       0.91       1.17       0.00       1.17        0.07    14.50   0.552
  sub23                      2.12       0.00       0.00       0.78       1.29       0.00       1.29        0.06    12.28   0.610
  sub60                      2.12       0.00       0.00       0.25       1.03       0.00       1.03        0.31    23.31   0.485
  sub61                      2.12       0.00       0.00       0.36       1.16       0.00       1.16        0.36    30.19   0.547
  sub62                      2.12       0.00       0.00       0.17       1.22       0.00       1.22        0.38    30.64   0.578
  sub63                      2.12       0.00       0.00       0.61       1.05       0.00       1.05        0.32    28.35   0.497
  sub64                      2.12       0.00       0.00       0.32       0.98       0.00       0.98        0.30    22.08   0.462
  sub65                      2.12       0.00       0.00       0.28       0.99       0.00       0.99        0.30    22.34   0.466
  sub66                      2.12       0.00       0.00       0.61       0.87       0.00       0.87        0.27    20.49   0.410
  sub67                      2.12       0.00       0.00       0.17       1.41       0.00       1.41        0.44    39.89   0.665
  sub68                      2.12       0.00       0.00       0.30       1.25       0.00       1.25        0.38    33.53   0.589
  sub69                      2.12       0.00       0.00       0.32       1.42       0.00       1.42        0.33    33.08   0.668
  sub70                      2.12       1.44       0.00       1.21       1.56       0.00       1.56        0.36    24.26   0.437
  sub71                      2.12       0.00       0.00       0.17       1.15       0.00       1.15        0.27    21.14   0.542
  sub72                      2.12       0.00       0.00       0.15       0.73       0.00       0.73        0.15     9.31   0.343
  1                          2.12       1.51       0.00       1.22       1.47       0.02       1.49        0.35    21.28   0.411
  2                          2.12       0.00       0.00       1.59       0.43       0.01       0.44        0.18    18.73   0.207
  
  
  ****************************
  Subcatchment Washoff Summary
  ****************************
  
  ------------------------------------------------------------------------------------------
                                 COD            SS            TN            TP         NH4-N
  Subcatchment                    kg            kg            kg            kg            kg
  ------------------------------------------------------------------------------------------
  sub0                         0.163         0.266         0.003         0.000         0.001
  sub1                         0.689         1.142         0.014         0.001         0.007
  sub2                         0.402         0.644         0.010         0.001         0.005
  sub3                         0.947         1.493         0.024         0.002         0.011
  sub4                         1.521         2.486         0.035         0.002         0.017
  sub5                         1.530         2.495         0.028         0.002         0.013
  sub7                         0.378         0.642         0.008         0.000         0.004
  sub8                         0.595         1.028         0.013         0.001         0.006
  sub9                         0.490         0.835         0.011         0.001         0.005
  sub10                        1.310         2.171         0.025         0.002         0.012
  sub11                        1.340         2.260         0.027         0.002         0.013
  sub12                        1.096         1.818         0.021         0.001         0.010
  sub14                        1.019         1.719         0.021         0.001         0.010
  sub15                        1.151         1.850         0.025         0.002         0.011
  sub16                        0.738         1.189         0.016         0.001         0.007
  sub17                        0.659         1.051         0.013         0.001         0.006
  sub22                        3.357         5.285         0.073         0.005         0.033
  sub23                        2.229         3.665         0.058         0.003         0.025
  sub60                        9.287        13.720         0.225         0.012         0.107
  sub61                       12.108        17.826         0.260         0.016         0.124
  sub62                       12.960        19.456         0.301         0.017         0.143
  sub63                        9.427        13.841         0.237         0.015         0.105
  sub64                       10.284        14.616         0.219         0.014         0.102
  sub65                       10.559        15.071         0.227         0.015         0.107
  sub66                        6.736         9.758         0.176         0.010         0.080
  sub67                       19.429        28.892         0.379         0.025         0.182
  sub68                       14.033        20.966         0.316         0.019         0.149
  sub69                       13.769        20.909         0.296         0.019         0.139
  sub70                       17.920        27.315         0.435         0.027         0.196
  sub71                        8.652        13.090         0.219         0.011         0.104
  sub72                        4.471         6.206         0.099         0.006         0.047
  1                            6.739        10.355         0.175         0.011         0.077
  2                            1.502         2.219         0.061         0.004         0.024
  ------------------------------------------------------------------------------------------
  System                     177.489       266.278         4.049         0.247         1.882
  
  
  ******************
  Node Depth Summary
  ******************
  
  ---------------------------------------------------------------------------------
                                 Average  Maximum  Maximum  Time of Max    Reported
                                   Depth    Depth      HGL   Occurrence   Max Depth
  Node                 Type       Meters   Meters   Meters  days hr:min      Meters
  ---------------------------------------------------------------------------------
  WS02001211           JUNCTION     0.31     0.32     5.15     0  00:07        0.31
  WS02001212           JUNCTION     0.08     0.10     5.16     0  00:06        0.09
  WS02001213           JUNCTION     0.30     0.34     5.10     0  03:12        0.34
  WS02003069           JUNCTION     0.15     0.19     4.77     0  03:14        0.19
  WS02003072           JUNCTION     0.20     0.25     4.62     0  03:15        0.25
  WS02003073           JUNCTION     0.11     0.13     4.20     0  03:16        0.13
  WS02003060           JUNCTION     0.13     0.17     5.10     0  03:11        0.17
  WS02003066           JUNCTION     0.12     0.15     5.71     0  03:11        0.15
  WS02003059           JUNCTION     0.38     0.41     5.10     0  03:13        0.41
  WS02003067           JUNCTION     0.36     0.42     5.74     0  03:10        0.42
  WS02004401           JUNCTION     0.40     0.46     6.46     0  03:05        0.46
  WS02004402           JUNCTION     0.44     0.50     6.46     0  03:05        0.50
  WS02004403           JUNCTION     0.47     0.53     6.46     0  03:06        0.53
  WS02004404           JUNCTION     0.54     0.61     6.46     0  03:06        0.61
  WS02004406           JUNCTION     0.56     0.63     6.46     0  03:06        0.63
  WS02004409           JUNCTION     0.19     0.26     6.03     0  03:08        0.26
  WS02004410           JUNCTION     0.22     0.29     6.01     0  03:09        0.29
  WS02004411           JUNCTION     0.25     0.32     6.00     0  03:10        0.32
  WS02004412           JUNCTION     0.29     0.35     5.99     0  03:10        0.35
  WS02004413           JUNCTION     0.45     0.52     5.99     0  03:10        0.52
  WS02004405           JUNCTION     0.54     0.61     6.46     0  03:05        0.61
  WS02006109           JUNCTION     0.42     0.49     7.11     0  03:00        0.49
  WS02006110           JUNCTION     0.45     0.52     7.10     0  03:01        0.52
  WS02006111           JUNCTION     0.09     0.12     6.83     0  03:01        0.12
  WS02006112           JUNCTION     0.53     0.60     6.48     0  03:04        0.60
  WS02006113           JUNCTION     0.12     0.17     7.07     0  03:01        0.17
  WS02006115           JUNCTION     0.27     0.33     6.47     0  03:05        0.33
  WS02006116           JUNCTION     0.36     0.43     6.47     0  03:05        0.43
  WS02006230           JUNCTION     0.30     0.37     7.12     0  03:01        0.37
  WS02006231           JUNCTION     0.12     0.17     7.29     0  03:11        0.17
  WS02006232           JUNCTION     0.21     0.27     7.30     0  03:11        0.27
  WS02006234           JUNCTION     0.09     0.15     7.31     0  03:10        0.15
  WS02006235           JUNCTION     0.12     0.18     7.34     0  03:09        0.18
  WS02006238           JUNCTION     0.16     0.22     7.36     0  03:11        0.22
  WS02006240           JUNCTION     0.13     0.19     7.49     0  03:12        0.19
  WS02006242           JUNCTION     0.19     0.27     7.54     0  03:12        0.27
  WS02006243           JUNCTION     0.11     0.17     7.59     0  03:11        0.17
  WS02006245           JUNCTION     0.13     0.19     7.68     0  03:10        0.19
  WS02006247           JUNCTION     0.15     0.22     7.72     0  03:10        0.22
  WS02006248           JUNCTION     0.12     0.17     7.76     0  03:09        0.17
  WS02006249           JUNCTION     0.16     0.22     7.82     0  03:09        0.22
  WS02006239           JUNCTION     0.14     0.20     7.41     0  03:12        0.20
  WS02006251           JUNCTION     0.13     0.20     7.87     0  03:08        0.20
  WS02006252           JUNCTION     0.35     0.53     8.77     0  03:08        0.53
  WS02006253           JUNCTION     0.16     0.22     7.87     0  03:09        0.22
  WS02006256           JUNCTION     0.96     2.35     9.28     0  00:00        2.35
  WS02004138           JUNCTION     0.19     0.20     7.45     0  00:00        0.19
  WS02004139           JUNCTION     0.24     0.24     5.15     0  00:08        0.24
  WS02004407           JUNCTION     0.08     0.12     6.43     0  03:06        0.12
  WS02006228           JUNCTION     0.39     0.46     7.11     0  03:00        0.46
  WS02006229           JUNCTION     0.35     0.42     7.12     0  03:00        0.42
  WS02006280           JUNCTION     0.04     0.08     8.35     0  02:23        0.08
  WS02006284           JUNCTION     0.34     0.39     8.79     0  02:23        0.39
  WS02006287           JUNCTION     0.06     0.12     9.08     0  02:22        0.12
  WSF200               JUNCTION     0.08     0.12     5.35     0  03:11        0.12
  HS02004901           JUNCTION     0.10     0.15     9.98     0  02:20        0.15
  HS02004881           JUNCTION     0.00     0.01     9.04     0  02:23        0.01
  HS02004876           JUNCTION     0.03     0.06     9.09     0  02:23        0.06
  HS02004870           JUNCTION     0.01     0.02     9.31     0  02:22        0.02
  HS02004862           JUNCTION     0.01     0.02     9.40     0  02:25        0.02
  HS02004856           JUNCTION     0.07     0.08     9.51     0  02:23        0.08
  HS02004852           JUNCTION     0.00     0.01     9.52     0  02:25        0.01
  HS02004848           JUNCTION     0.00     0.01     9.61     0  02:20        0.01
  HS02004842           JUNCTION     0.33     0.34     9.61     0  02:21        0.34
  HS02004837           JUNCTION     0.02     0.03     9.61     0  02:20        0.03
  HS02004830           JUNCTION     0.03     0.04     9.51     0  02:21        0.04
  HS02004824           JUNCTION     0.02     0.02     9.43     0  02:27        0.02
  HS02004817           JUNCTION     0.42     0.46     9.31     0  02:23        0.46
  HS02004807           JUNCTION     0.10     0.14     9.31     0  02:23        0.14
  HS02004802           JUNCTION     0.14     0.17     9.30     0  02:23        0.17
  HS02004799           JUNCTION     0.08     0.15     9.36     0  02:20        0.15
  HS02004792           JUNCTION     0.02     0.04     9.57     0  02:19        0.04
  HS02004788           JUNCTION     0.01     0.03     9.93     0  02:21        0.03
  HS02004785           JUNCTION     0.02     0.07     9.97     0  02:21        0.07
  HS02004777           JUNCTION     0.12     0.18     9.97     0  02:20        0.18
  HS02004770           JUNCTION     0.09     0.14     9.98     0  02:20        0.14
  HS02004480           JUNCTION     0.05     0.11     9.35     0  02:20        0.11
  HS02004479           JUNCTION     0.09     0.15     9.35     0  02:21        0.15
  HS02004478           JUNCTION     0.04     0.07     9.30     0  02:22        0.07
  YS02001745           JUNCTION     0.05     0.07     7.58     0  03:01        0.07
  YS02001748           JUNCTION     0.06     0.08     7.15     0  03:01        0.08
  YS02001751           JUNCTION     0.16     0.22     7.10     0  03:07        0.22
  YS02001754           JUNCTION     0.41     0.50     7.11     0  03:16        0.49
  YS02001762           JUNCTION     0.61     0.70     7.10     0  03:13        0.70
  YS02001765           JUNCTION     0.57     0.65     7.10     0  03:06        0.65
  YS02001767           JUNCTION     0.53     0.61     7.10     0  03:05        0.61
  YS02001770           JUNCTION     0.52     0.61     7.10     0  03:07        0.61
  YS02001774           JUNCTION     0.59     0.68     7.10     0  03:07        0.68
  YS02001779           JUNCTION     0.34     0.42     7.10     0  03:06        0.42
  YS02001882           JUNCTION     0.20     0.26     6.98     0  03:02        0.26
  YS02001884           JUNCTION     0.30     0.36     6.98     0  03:03        0.36
  YS02001759           JUNCTION     0.65     0.74     7.10     0  03:08        0.74
  YS02001887           JUNCTION     0.38     0.44     6.98     0  03:03        0.44
  YS02001890           JUNCTION     0.41     0.47     6.98     0  03:02        0.47
  YS02001898           JUNCTION     0.17     0.23     6.97     0  03:03        0.23
  YS02001901           JUNCTION     0.29     0.36     6.97     0  03:04        0.36
  YS02001904           JUNCTION     0.27     0.34     6.97     0  03:04        0.34
  YS02001907           JUNCTION     0.61     0.68     6.97     0  03:04        0.68
  YS02001910           JUNCTION     0.39     0.46     6.97     0  03:04        0.46
  YS02001915           JUNCTION     0.19     0.25     6.97     0  03:04        0.25
  YS02001918           JUNCTION     0.05     0.06     7.12     0  03:06        0.06
  YS02001619           JUNCTION     0.12     0.18     7.11     0  03:12        0.18
  YS02001629           JUNCTION     0.47     0.55     7.10     0  03:11        0.55
  YS02001641           JUNCTION     0.58     0.66     7.10     0  03:09        0.66
  YS02001644           JUNCTION     0.59     0.67     7.10     0  03:09        0.67
  YS02001652           JUNCTION     0.43     0.51     7.10     0  03:12        0.50
  YS02001655           JUNCTION     0.19     0.25     7.10     0  03:11        0.25
  YS02001920           JUNCTION     0.13     0.14     7.15     0  03:05        0.14
  YS02001923           JUNCTION     0.04     0.05     7.31     0  03:03        0.05
  YS02001926           JUNCTION     0.10     0.11     7.56     0  03:03        0.11
  YS02001929           JUNCTION     0.04     0.05     7.74     0  03:01        0.05
  YS02001658           JUNCTION     0.05     0.08     7.22     0  03:01        0.08
  YS02001661           JUNCTION     0.12     0.14     7.55     0  03:01        0.14
  YS02001664           JUNCTION     0.05     0.07     7.99     0  03:01        0.07
  YS02001622           JUNCTION     0.14     0.20     7.10     0  03:11        0.20
  YS02001633           JUNCTION     0.56     0.65     7.10     0  03:10        0.65
  YS02001649           JUNCTION     0.62     0.71     7.10     0  03:08        0.71
  YS02001757           JUNCTION     0.75     0.84     7.10     0  03:13        0.84
  YS02001895           JUNCTION     0.17     0.23     6.98     0  03:02        0.23
  YS02001625           JUNCTION     0.43     0.50     7.10     0  03:11        0.50
  YS02163301           JUNCTION     0.50     0.59     7.10     0  03:10        0.58
  YS02163601           JUNCTION     0.62     0.70     7.10     0  03:10        0.70
  YS02164001           JUNCTION     0.56     0.64     7.10     0  03:09        0.64
  YS02001647           JUNCTION     0.41     0.49     7.10     0  03:09        0.49
  YSB1154              JUNCTION     0.23     0.29     9.35     0  02:21        0.29
  YSB6556              JUNCTION     0.12     0.18     9.35     0  02:20        0.18
  YSB1174              JUNCTION     0.18     0.24     9.35     0  02:20        0.24
  YSB1171              JUNCTION     0.38     0.45     9.35     0  02:20        0.45
  YS02006553           JUNCTION     0.61     0.68     6.97     0  03:03        0.68
  YS02006561           JUNCTION     0.09     0.13     6.79     0  03:04        0.13
  YS02006556           JUNCTION     0.59     0.65     6.96     0  03:04        0.65
  YS02006558           JUNCTION     0.63     0.70     6.96     0  03:04        0.70
  YS02001783           JUNCTION     0.15     0.22     6.36     0  03:04        0.22
  YS02001784           JUNCTION     0.19     0.25     6.32     0  03:04        0.25
  YS02001786           JUNCTION     0.16     0.21     6.24     0  03:05        0.21
  YS02001788           JUNCTION     0.11     0.15     6.13     0  03:05        0.15
  YS02001790           JUNCTION     0.14     0.18     5.83     0  03:06        0.18
  YS02001791           JUNCTION     0.09     0.12     5.59     0  03:06        0.12
  YS02001793           JUNCTION     0.06     0.08     4.92     0  03:06        0.08
  WSC                  OUTFALL      0.11     0.13     0.80     0  03:16        0.13
  3                    OUTFALL      0.00     0.00     7.16     0  00:00        0.00
  4                    OUTFALL      0.00     0.00     7.67     0  00:00        0.00
  5                    OUTFALL      0.00     0.00     4.91     0  00:00        0.00
  JK-storage           STORAGE      0.00     3.00     3.80     0  00:00        2.00
  CC-storage           STORAGE      0.00     0.00     7.00     0  00:00        0.00
  XR-storage           STORAGE      0.06     5.00     3.00     0  00:00        4.91
  
  
  *******************
  Node Inflow Summary
  *******************
  
  -------------------------------------------------------------------------------------------------
                                  Maximum  Maximum                  Lateral       Total        Flow
                                  Lateral    Total  Time of Max      Inflow      Inflow     Balance
                                   Inflow   Inflow   Occurrence      Volume      Volume       Error
  Node                 Type           LPS      LPS  days hr:min    10^6 ltr    10^6 ltr     Percent
  -------------------------------------------------------------------------------------------------
  WS02001211           JUNCTION      7.35    55.09     0  00:02       0.212       0.222       4.556
  WS02001212           JUNCTION      0.00    23.05     0  00:04           0       0.137       1.744
  WS02001213           JUNCTION      0.00    18.99     0  02:28           0       0.137       6.413
  WS02003069           JUNCTION      0.32   107.91     0  03:11     0.00922        1.51       0.322
  WS02003072           JUNCTION      0.00   107.86     0  03:14           0        1.51       0.535
  WS02003073           JUNCTION      1.82   109.66     0  03:15      0.0524        1.55       0.444
  WS02003060           JUNCTION     16.53   107.75     0  03:11       0.476        1.52       0.302
  WS02003066           JUNCTION      0.00    86.41     0  03:11           0       0.922       0.157
  WS02003059           JUNCTION      0.00    27.52     0  02:28           0       0.147      12.834
  WS02003067           JUNCTION      0.00    86.41     0  03:10           0       0.927       0.477
  WS02004401           JUNCTION      0.00    86.58     0  03:02           0        1.03       1.045
  WS02004402           JUNCTION      0.00    86.51     0  03:02           0        1.02       1.071
  WS02004403           JUNCTION      0.00    86.46     0  03:03           0        1.01       1.045
  WS02004404           JUNCTION      0.16    86.58     0  03:03     0.00467        1.01       0.859
  WS02004406           JUNCTION      0.00    86.59     0  03:05           0       0.986       2.180
  WS02004409           JUNCTION      0.00    86.58     0  03:06           0       0.963       0.332
  WS02004410           JUNCTION      0.00    86.54     0  03:07           0        0.96       0.515
  WS02004411           JUNCTION      0.00    86.49     0  03:08           0       0.955       0.644
  WS02004412           JUNCTION      0.00    86.46     0  03:09           0       0.949       0.855
  WS02004413           JUNCTION      0.00    86.43     0  03:09           0       0.941       1.514
  WS02004405           JUNCTION      0.04    86.60     0  03:04      0.0011       0.999       1.338
  WS02006109           JUNCTION      1.23    85.61     0  02:59      0.0354        1.08       1.024
  WS02006110           JUNCTION      0.00    85.56     0  03:00           0        1.06       0.890
  WS02006111           JUNCTION      0.00    85.55     0  03:01           0        1.05       0.083
  WS02006112           JUNCTION      2.49    86.81     0  03:01       0.012        1.06       1.425
  WS02006113           JUNCTION      0.00    85.55     0  03:01           0        1.05       0.179
  WS02006115           JUNCTION      0.00    86.73     0  03:01           0        1.05       0.728
  WS02006116           JUNCTION      0.00    86.65     0  03:01           0        1.04       0.764
  WS02006230           JUNCTION     10.28    36.75     0  03:11       0.296       0.528       0.667
  WS02006231           JUNCTION      0.00    26.50     0  03:10           0       0.233       0.330
  WS02006232           JUNCTION      0.00    26.55     0  03:09           0       0.236       1.332
  WS02006234           JUNCTION      0.00    26.62     0  03:08           0       0.236      -0.199
  WS02006235           JUNCTION      0.00   270.84     0  03:08           0        3.22       0.054
  WS02006238           JUNCTION      0.00    57.80     0  03:13           0       0.586       0.307
  WS02006240           JUNCTION      0.00    57.80     0  03:12           0        0.58       0.104
  WS02006242           JUNCTION      0.00    57.86     0  03:11           0       0.582       0.448
  WS02006243           JUNCTION      0.00    57.90     0  03:10           0       0.583       0.136
  WS02006245           JUNCTION      0.00    57.91     0  03:10           0       0.584       0.282
  WS02006247           JUNCTION      0.00    57.94     0  03:09           0       0.586       0.226
  WS02006248           JUNCTION      0.00    57.98     0  03:09           0       0.586       0.052
  WS02006249           JUNCTION      0.00    58.12     0  03:09           0       0.588       0.353
  WS02006239           JUNCTION      0.00    57.78     0  03:12           0       0.582       0.240
  WS02006251           JUNCTION      0.08   348.59     0  03:08     0.00222        3.96       0.022
  WS02006252           JUNCTION      0.00   341.75     0  03:08           0        3.89       0.007
  WS02006253           JUNCTION      0.36    11.01     0  02:22     0.00156      0.0661       1.593
  WS02006256           JUNCTION      0.00   983.00     0  00:00           0        2.78      -0.038
  WS02004138           JUNCTION      0.00   380.00     0  00:00           0        10.9       0.058
  WS02004139           JUNCTION      0.32   396.61     0  00:00     0.00924          11       0.080
  WS02004407           JUNCTION      0.00    86.58     0  03:06           0       0.965       0.160
  WS02006228           JUNCTION      0.00    84.44     0  02:58           0        1.05       0.633
  WS02006229           JUNCTION      0.00    84.48     0  02:57           0        1.05       0.483
  WS02006280           JUNCTION      0.00    66.10     0  02:23           0       0.527       0.014
  WS02006284           JUNCTION      0.10    66.10     0  02:22     0.00275       0.528       0.227
  WS02006287           JUNCTION      0.00    66.01     0  02:22           0       0.526       0.131
  WSF200               JUNCTION      0.00    86.40     0  03:11           0       0.921       0.077
  HS02004901           JUNCTION      3.06     3.06     0  02:10      0.0145      0.0146      13.607
  HS02004881           JUNCTION      1.27    10.73     0  02:22      0.0063      0.0646       0.088
  HS02004876           JUNCTION      2.10     9.60     0  02:21       0.012      0.0588       0.863
  HS02004870           JUNCTION      2.27     7.53     0  02:21      0.0119      0.0469       0.220
  HS02004862           JUNCTION      2.09     5.39     0  02:22      0.0175      0.0351       0.462
  HS02004856           JUNCTION      1.69     3.31     0  02:21     0.00895       0.019       8.131
  HS02004852           JUNCTION      0.00     1.72     0  02:22           0      0.0101       0.427
  HS02004848           JUNCTION      3.97     3.97     0  02:26      0.0278      0.0278       0.140
  HS02004842           JUNCTION      0.00     4.48     0  00:03           0      0.0307      73.483
  HS02004837           JUNCTION     10.06    12.21     0  02:20       0.204       0.221       0.369
  HS02004830           JUNCTION      0.15    12.36     0  02:21     0.00432       0.212       0.584
  HS02004824           JUNCTION      4.57    16.86     0  02:27      0.0368       0.247       0.218
  HS02004817           JUNCTION      0.60    17.46     0  02:27      0.0173       0.264       6.734
  HS02004807           JUNCTION      4.25    21.39     0  02:23      0.0219       0.269       1.594
  HS02004802           JUNCTION      0.00    21.43     0  02:25           0       0.265       1.554
  HS02004799           JUNCTION      3.31    38.11     0  02:18      0.0177       0.242       0.969
  HS02004792           JUNCTION     14.78    34.86     0  02:18      0.0819       0.225       0.185
  HS02004788           JUNCTION      6.19    20.64     0  02:20      0.0726       0.144       0.272
  HS02004785           JUNCTION      0.15    14.60     0  02:19     0.00432      0.0735       0.636
  HS02004777           JUNCTION      0.03    14.65     0  02:16    0.000864      0.0736       7.534
  HS02004770           JUNCTION     12.28    15.00     0  02:13      0.0617      0.0746       4.327
  HS02004480           JUNCTION      0.00    44.77     0  02:20           0       0.276       0.227
  HS02004479           JUNCTION      0.00     6.75     0  02:23           0      0.0461       1.599
  HS02004478           JUNCTION      0.00    66.01     0  02:21           0       0.526       0.124
  YS02001745           JUNCTION     23.32    23.32     0  03:01       0.312       0.312       0.089
  YS02001748           JUNCTION      0.04    23.34     0  03:01      0.0013       0.313       0.046
  YS02001751           JUNCTION      0.01    44.32     0  04:43    0.000317       0.396       0.380
  YS02001754           JUNCTION      0.26   150.99     0  04:51     0.00749       0.734       1.370
  YS02001762           JUNCTION      0.00    36.80     0  02:40           0       0.423       3.254
  YS02001765           JUNCTION      0.00    56.48     0  04:39           0       0.413       3.515
  YS02001767           JUNCTION      0.54    49.86     0  05:03      0.0154       0.417       4.636
  YS02001770           JUNCTION     30.79    33.98     0  02:58       0.381       0.396       4.169
  YS02001774           JUNCTION      0.00    14.66     0  02:35           0      0.0693      25.987
  YS02001779           JUNCTION      0.01     9.64     0  04:54    0.000144      0.0399      13.995
  YS02001882           JUNCTION      0.00     1.31     0  02:13           0     0.00255      98.742
  YS02001884           JUNCTION      0.00     3.40     0  02:13           0      0.0106      60.268
  YS02001759           JUNCTION     30.23    73.44     0  04:30       0.358       0.755       2.088
  YS02001887           JUNCTION     40.34    40.34     0  03:01       0.448       0.452       1.390
  YS02001890           JUNCTION      0.00    39.97     0  03:01           0       0.437       1.593
  YS02001898           JUNCTION      0.00    39.69     0  03:01           0       0.427       0.375
  YS02001901           JUNCTION      0.00    39.70     0  03:03           0       0.427       1.089
  YS02001904           JUNCTION      0.00    39.61     0  03:03           0       0.425       1.017
  YS02001907           JUNCTION      0.00    72.58     0  03:04           0       0.912       2.303
  YS02001910           JUNCTION      0.00    33.09     0  03:04           0       0.498       1.838
  YS02001915           JUNCTION     21.16    33.15     0  03:01       0.272       0.501       0.691
  YS02001918           JUNCTION      0.00    12.20     0  03:05           0        0.23       0.295
  YS02001619           JUNCTION     20.49    20.49     0  03:01       0.266       0.266       0.175
  YS02001629           JUNCTION      0.00    24.31     0  02:45           0       0.251       2.187
  YS02001641           JUNCTION      0.00    46.65     0  03:03           0       0.524       2.386
  YS02001644           JUNCTION     22.12    66.88     0  03:03       0.299       0.804       1.882
  YS02001652           JUNCTION      0.00    45.79     0  04:46           0       0.364       2.461
  YS02001655           JUNCTION      0.15    28.47     0  03:01     0.00443       0.326       0.861
  YS02001920           JUNCTION      2.87    12.21     0  03:03      0.0827       0.232       0.654
  YS02001923           JUNCTION      0.04     9.34     0  03:03     0.00109       0.149       0.118
  YS02001926           JUNCTION      0.05     9.35     0  03:01      0.0015       0.149       0.873
  YS02001929           JUNCTION      9.31     9.31     0  03:01       0.148       0.148       0.110
  YS02001658           JUNCTION      0.00    28.32     0  03:01           0       0.318       0.058
  YS02001661           JUNCTION      0.00    28.34     0  03:01           0       0.319       0.210
  YS02001664           JUNCTION     28.35    28.35     0  03:01       0.319       0.319       0.038
  YS02001622           JUNCTION      0.00    20.99     0  02:56           0       0.266       0.833
  YS02001633           JUNCTION     22.54    45.81     0  02:54       0.309       0.548       3.325
  YS02001649           JUNCTION      0.00   103.68     0  04:22           0        1.12       2.078
  YS02001757           JUNCTION      0.00   266.18     0  04:37           0        2.35       2.939
  YS02001895           JUNCTION      0.00    39.77     0  03:01           0        0.43       0.620
  YS02001625           JUNCTION      0.00    23.92     0  02:44           0       0.264       5.468
  YS02163301           JUNCTION      0.00    24.39     0  02:45           0       0.252       4.871
  YS02163601           JUNCTION      0.11    47.92     0  02:54     0.00317        0.53       3.643
  YS02164001           JUNCTION      0.00    47.19     0  02:54           0        0.52       2.214
  YS02001647           JUNCTION      0.00    67.27     0  02:53           0       0.779       1.507
  YSB1154              JUNCTION      3.74     3.74     0  02:16      0.0214      0.0226       6.817
  YSB6556              JUNCTION      0.00     3.73     0  02:21           0      0.0235       5.556
  YSB1174              JUNCTION      3.42     3.42     0  02:09      0.0157      0.0165       8.441
  YSB1171              JUNCTION      0.00     6.82     0  02:18           0      0.0454      16.142
  YS02006553           JUNCTION      0.00    72.67     0  03:06           0       0.901       1.507
  YS02006561           JUNCTION      0.00   106.13     0  03:04           0        1.27       0.035
  YS02006556           JUNCTION      0.00    72.76     0  03:06           0       0.903       1.072
  YS02006558           JUNCTION     34.41   106.15     0  03:03       0.409        1.29       0.320
  YS02001783           JUNCTION      0.00   106.13     0  03:04           0        1.27       0.080
  YS02001784           JUNCTION      1.06   107.19     0  03:04      0.0305         1.3       0.135
  YS02001786           JUNCTION      0.06   107.23     0  03:05     0.00162         1.3       0.133
  YS02001788           JUNCTION      0.07   107.30     0  03:05     0.00204         1.3       0.073
  YS02001790           JUNCTION      0.15   107.45     0  03:05     0.00446         1.3       0.094
  YS02001791           JUNCTION      0.00   107.44     0  03:06           0         1.3       0.045
  YS02001793           JUNCTION      0.00   107.44     0  03:06           0         1.3       0.019
  WSC                  OUTFALL       0.00   109.63     0  03:16           0        1.54       0.000
  3                    OUTFALL       0.00   244.22     0  03:09           0        2.98       0.000
  4                    OUTFALL       0.00   290.10     0  03:08           0        3.37       0.000
  5                    OUTFALL       0.00   389.91     0  00:08           0          11       0.000
  JK-storage           STORAGE       0.00   107.44     0  03:06           0        1.45     -47.802
  CC-storage           STORAGE       0.00   170.88     0  03:08           0        1.95     -50.000
  XR-storage           STORAGE     239.94   239.94     0  03:01        6.29        6.89     -37.083
  
  
  **********************
  Node Surcharge Summary
  **********************
  
  Surcharging occurs when water rises above the top of the highest conduit.
  ---------------------------------------------------------------------
                                               Max. Height   Min. Depth
                                   Hours       Above Crown    Below Rim
  Node                 Type      Surcharged         Meters       Meters
  ---------------------------------------------------------------------
  WS02006252           JUNCTION        1.60          0.126        0.974
  WS02006256           JUNCTION        5.90          2.050        0.000
  
  
  *********************
  Node Flooding Summary
  *********************
  
  Flooding refers to all water that overflows a node, whether it ponds or not.
  --------------------------------------------------------------------------
                                                             Total   Maximum
                                 Maximum   Time of Max       Flood    Ponded
                        Hours       Rate    Occurrence      Volume     Depth
  Node                 Flooded       LPS   days hr:min    10^6 ltr    Meters
  --------------------------------------------------------------------------
  WS02006256              0.05    978.40      0  00:00       0.133     0.000
  
  
  **********************
  Storage Volume Summary
  **********************
  
  --------------------------------------------------------------------------------------------------
                         Average     Avg  Evap Exfil       Maximum     Max    Time of Max    Maximum
                          Volume    Pcnt  Pcnt  Pcnt        Volume    Pcnt     Occurrence    Outflow
  Storage Unit           1000 m3    Full  Loss  Loss       1000 m3    Full    days hr:min        LPS
  --------------------------------------------------------------------------------------------------
  JK-storage               0.000       0     0     0         0.151      52       0  00:00     983.00
  CC-storage               0.000       0     0     0         0.000       0       0  00:00     341.75
  XR-storage               0.007       1     0     0         0.600      65       0  00:00     380.00
  
  
  ***********************
  Outfall Loading Summary
  ***********************
  
  ---------------------------------------------------------------------------------------------------------------------------------
                         Flow       Avg       Max       Total         Total         Total         Total         Total         Total
                         Freq      Flow      Flow      Volume           COD            SS            TN            TP         NH4-N
  Outfall Node           Pcnt       LPS       LPS    10^6 ltr            kg            kg            kg            kg            kg
  ---------------------------------------------------------------------------------------------------------------------------------
  WSC                   99.99     69.87    109.63       1.543       217.883       349.139        19.797         2.455        12.320
  3                     99.99    143.68    244.22       2.980         0.447         0.730         0.022         0.002         0.013
  4                     99.99    172.15    290.10       3.370         4.232         6.963         0.208         0.022         0.121
  5                    100.00    382.70    389.91      11.003       185.275       296.439        17.786         2.223        11.116
  ---------------------------------------------------------------------------------------------------------------------------------
  System                99.99    768.39   1026.26      18.896       407.836       653.270        37.813         4.703        23.570
  
  
  ********************
  Link Flow Summary
  ********************
  
  -----------------------------------------------------------------------------
                                 Maximum  Time of Max   Maximum    Max/    Max/
                                  |Flow|   Occurrence   |Veloc|    Full    Full
  Link                 Type          LPS  days hr:min     m/sec    Flow   Depth
  -----------------------------------------------------------------------------
  WS02003066WSF200     CONDUIT     86.40     0  03:11      1.70    0.01    0.09
  WS02006287WS02006284 CONDUIT     66.01     0  02:22      1.07    0.03    0.13
  WS02006284WS02006280 CONDUIT     66.10     0  02:23      1.33    0.03    0.11
  WS02006280WS02006229 CONDUIT     66.10     0  02:23      2.12    0.01    0.08
  WS02006229WS02006228 CONDUIT     84.44     0  02:58      0.43    0.28    0.53
  WS02006256WS02006235 CONDUIT    263.38     0  00:01      4.46    2.79    0.79
  WS02006253WS02006251 CONDUIT     11.01     0  02:23      0.34    0.03    0.29
  WS02006252WS02006251 CONDUIT    341.77     0  03:08      2.73    1.25    0.98
  WS02006251WS02006249 CONDUIT     58.12     0  03:09      0.61    0.17    0.30
  WS02006249WS02006248 CONDUIT     57.98     0  03:09      0.72    0.32    0.26
  WS02006248WS02006247 CONDUIT     57.94     0  03:09      0.69    0.13    0.27
  WS02006247WS02006245 CONDUIT     57.91     0  03:10      0.64    0.46    0.29
  WS02006245WS02006243 CONDUIT     57.90     0  03:10      0.78    0.17    0.25
  WS02006243WS02006242 CONDUIT     57.86     0  03:11      0.67    0.12    0.29
  WS02006242WS02006240 CONDUIT     57.80     0  03:12      0.54    0.23    0.32
  WS02006240WS02006239 CONDUIT     57.78     0  03:12      0.75    0.18    0.25
  WS02006239WS02006238 CONDUIT     57.80     0  03:13      0.64    0.18    0.29
  WS02006238WS02006235 CONDUIT     57.81     0  03:13      1.17    0.13    0.28
  WS02006235WS02006234 CONDUIT     26.62     0  03:08      0.53    0.28    0.21
  WS02006234WS02006232 CONDUIT     26.55     0  03:09      0.82    0.05    0.30
  WS02006232WS02006231 CONDUIT     26.50     0  03:10      0.27    0.06    0.30
  WS02006231WS02006230 CONDUIT     26.47     0  03:11      0.52    0.40    0.19
  WS02006230WS02006229 CONDUIT     37.04     0  03:12      0.40    0.82    0.53
  WS02006228WS02006109 CONDUIT     84.38     0  02:59      0.30    0.37    0.58
  WS02006116WS02004401 CONDUIT     86.58     0  03:02      0.36    0.12    0.45
  WS02006115WS02006116 CONDUIT     86.65     0  03:01      0.50    0.11    0.35
  WS02006113WS02006111 CONDUIT     85.55     0  03:01      1.36    0.10    0.18
  WS02006112WS02006115 CONDUIT     86.73     0  03:01      0.25    0.05    0.46
  WS02006111WS02006112 CONDUIT     85.55     0  03:01      0.67    0.04    0.43
  WS02006110WS02006113 CONDUIT     85.55     0  03:01      0.41    0.08    0.43
  WS02006109WS02006110 CONDUIT     85.56     0  03:00      0.30    0.16    0.56
  WS02004411WS02004412 CONDUIT     86.46     0  03:09      0.64    0.12    0.34
  WS02004401WS02004402 CONDUIT     86.51     0  03:02      0.35    0.10    0.48
  WS02004413WS02003067 CONDUIT     86.41     0  03:10      0.39    0.04    0.33
  WS02004412WS02004413 CONDUIT     86.43     0  03:09      0.62    0.06    0.44
  WS02004410WS02004411 CONDUIT     86.49     0  03:08      0.55    0.12    0.31
  WS02004409WS02004410 CONDUIT     86.54     0  03:07      0.58    0.11    0.28
  WS02004407WS02004409 CONDUIT     86.58     0  03:06      0.89    0.03    0.19
  WS02004406WS02004407 CONDUIT     86.58     0  03:06      0.32    0.04    0.37
  WS02004405WS02004406 CONDUIT     86.59     0  03:05      0.23    0.17    0.62
  WS02004404WS02004405 CONDUIT     86.57     0  03:04      0.29    0.85    0.61
  WS02004403WS02004404 CONDUIT     86.42     0  03:03      0.36    0.06    0.57
  WS02004402WS02004403 CONDUIT     86.46     0  03:03      0.40    0.12    0.52
  WS02004139WS02001211 CONDUIT     47.74     0  00:02      0.48    0.06    0.19
  WS02004138WS02004139 CONDUIT    396.29     0  00:00      3.67    0.08    0.20
  WS02003067WS02003066 CONDUIT     86.41     0  03:11      0.41    0.03    0.24
  WS02001213WS02003059 CONDUIT     14.29     0  02:28      0.11    0.02    0.37
  WS02001212WS02001213 CONDUIT      7.16     0  00:06      0.30    0.01    0.07
  WS02001211WS02001212 CONDUIT     23.05     0  00:04      0.24    0.02    0.20
  WS02003072WS02003073 CONDUIT    107.83     0  03:15      0.81    0.23    0.17
  WS02003069WS02003072 CONDUIT    107.86     0  03:14      0.78    0.05    0.18
  WS02003060WS02003069 CONDUIT    107.59     0  03:11      1.04    0.04    0.15
  WS02003059WS02003060 CONDUIT     27.52     0  02:28      0.56    0.02    0.29
  HS02004901HS02004770 CONDUIT      2.82     0  02:16      0.03    0.01    0.21
  HS02004876HS02004881 CONDUIT      9.57     0  02:23      0.26    0.10    0.05
  HS02004870HS02004876 CONDUIT      7.53     0  02:22      0.19    0.00    0.06
  HS02004842HS02004848 CONDUIT      2.32     0  02:36      0.01    0.00    0.25
  HS02004837HS02004842 CONDUIT      4.48     0  00:03      0.42    0.00    0.27
  HS02004830HS02004837 CONDUIT     12.21     0  02:21      0.33    0.01    0.05
  HS02004824HS02004830 CONDUIT     12.36     0  02:22      0.38    0.02    0.05
  HS02004817HS02004824 CONDUIT     16.86     0  02:27      0.17    0.01    0.34
  HS02004770HS02004777 CONDUIT     14.62     0  02:16      0.09    0.03    0.23
  HS02004799HS02004480 CONDUIT     38.05     0  02:19      0.31    0.05    0.18
  HS02004792HS02004799 CONDUIT     34.85     0  02:19      0.36    0.02    0.14
  HS02004788HS02004792 CONDUIT     20.63     0  02:21      0.53    0.01    0.06
  HS02004785HS02004788 CONDUIT     14.56     0  02:21      0.28    0.11    0.07
  HS02004777HS02004785 CONDUIT     14.45     0  02:19      0.12    0.02    0.17
  HS02004480HS02004478 CONDUIT     44.74     0  02:20      0.57    0.19    0.11
  HS02004479HS02004480 CONDUIT      6.81     0  02:23      0.17    0.01    0.18
  HS02004862HS02004870 CONDUIT      5.38     0  02:24      0.28    0.01    0.03
  HS02004848HS02004852 CONDUIT      1.72     0  02:22      0.17    0.00    0.01
  HS02004856HS02004862 CONDUIT      3.31     0  02:23      0.19    0.00    0.02
  HS02004852HS02004856 CONDUIT      1.71     0  02:25      0.04    0.00    0.07
  HS02004802HS02004478 CONDUIT     21.49     0  02:27      0.18    0.02    0.17
  HS02004478WS02006287 CONDUIT     66.01     0  02:22      0.78    0.02    0.09
  HS02004817HS02004807 CONDUIT     17.56     0  02:29      0.06    0.01    0.42
  HS02004807HS02004802 CONDUIT     21.43     0  02:25      0.19    0.04    0.21
  YS02001759YS02001757 CONDUIT     69.34     0  02:57      0.12    0.05    0.79
  YS02001762YS02001759 CONDUIT     56.65     0  04:47      0.17    0.07    0.72
  YS02001765YS02001762 CONDUIT     36.80     0  02:40      0.24    0.03    0.68
  YS02001770YS02001767 CONDUIT     35.83     0  02:58      0.23    0.14    0.61
  YS02001774YS02001770 CONDUIT     14.66     0  02:35      0.12    0.01    0.63
  YS02001779YS02001774 CONDUIT      9.76     0  04:46      0.03    0.00    0.55
  YS02001649YS02001757 CONDUIT    101.21     0  03:04      0.16    0.06    0.78
  YS02001767YS02001765 CONDUIT     56.48     0  04:39      0.25    0.07    0.63
  YS02006561YS02001783 CONDUIT    106.13     0  03:04      1.34    0.05    0.21
  YS02001783YS02001784 CONDUIT    106.13     0  03:04      0.87    0.15    0.29
  YS02001784YS02001785 CONDUIT    107.18     0  03:05      0.88    0.25    0.29
  YS02001788YS02001790 CONDUIT    107.29     0  03:05      1.39    0.08    0.21
  YS02001790YS02001791 CONDUIT    107.44     0  03:06      1.59    0.12    0.19
  YS02001791YS02001793 CONDUIT    107.44     0  03:06      2.84    0.05    0.13
  YS02001910YS02001907 CONDUIT     33.12     0  03:04      0.49    0.02    0.56
  YS02001786YS02001788 CONDUIT    107.23     0  03:05      1.24    0.21    0.23
  YS02001915YS02001910 CONDUIT     33.09     0  03:04      0.45    0.02    0.35
  YS02001918YS02001915 CONDUIT     12.19     0  03:06      0.44    0.01    0.15
  YS02001923YS02001920 CONDUIT      9.34     0  03:03      0.24    0.00    0.10
  YS02001926YS02001923 CONDUIT      9.31     0  03:03      0.31    0.01    0.08
  YS02001929YS02001926 CONDUIT      9.30     0  03:01      0.32    0.00    0.08
  YS02001920YS02001918 CONDUIT     12.20     0  03:05      0.29    0.01    0.10
  YS02001629YS02163301 CONDUIT     24.39     0  02:45      0.07    0.03    0.57
  YS02001619YS02001622 CONDUIT     20.99     0  02:56      0.44    0.03    0.19
  YS02001622YS02001625 CONDUIT     23.92     0  02:44      0.15    0.01    0.35
  YS02001625YS02001629 CONDUIT     24.31     0  02:45      0.12    0.01    0.34
  YS02163301YS02001633 CONDUIT     24.13     0  02:44      0.05    0.02    0.62
  YS02163601YS02164001 CONDUIT     47.19     0  02:54      0.09    0.04    0.67
  YS02164001YS02001641 CONDUIT     46.65     0  03:03      0.09    0.06    0.65
  YS02001641YS02001644 CONDUIT     45.91     0  03:13      0.09    0.15    0.67
  YS02001647YS02001649 CONDUIT     68.07     0  03:13      0.14    0.04    0.60
  YS02006553YS02006556 CONDUIT     72.76     0  03:06      0.18    0.06    0.65
  YS02006556YS02006558 CONDUIT     72.81     0  03:06      0.13    0.06    0.68
  YSB6556YSB1171       CONDUIT      3.76     0  02:23      0.03    0.00    0.45
  YS02001907YS02006553 CONDUIT     72.67     0  03:06      0.11    0.09    0.74
  YS02006558YS02006561 CONDUIT    106.13     0  03:04      1.71    0.23    0.27
  YS02001633YS02163601 CONDUIT     47.81     0  02:54      0.09    0.05    0.67
  YS02001644YS02001647 CONDUIT     67.27     0  02:53      0.15    0.04    0.58
  YS02001745YS02001748 CONDUIT     23.30     0  03:01      1.02    0.01    0.07
  YS02001748YS02001751 CONDUIT     23.34     0  03:01      0.81    0.01    0.15
  YS02001751YS02001754 CONDUIT     59.88     0  04:33      0.73    0.03    0.33
  YS02001754YS02001757 CONDUIT    123.53     0  04:51      0.33    0.05    0.67
  YS02001882YS02001884 CONDUIT      1.31     0  02:13      0.06    0.00    0.28
  YS02001884YS02001887 CONDUIT      3.40     0  02:13      0.03    0.00    0.38
  YS02001890YS02001895 CONDUIT     39.77     0  03:01      0.16    0.02    0.35
  YS02001895YS02001898 CONDUIT     39.69     0  03:01      0.35    0.07    0.22
  YS02001898YS02001901 CONDUIT     39.70     0  03:03      0.21    0.03    0.29
  YS02001901YS02001904 CONDUIT     39.61     0  03:03      0.20    0.06    0.35
  YS02001904YS02001907 CONDUIT     39.65     0  03:04      0.10    0.01    0.51
  YS02001887YS02001890 CONDUIT     39.97     0  03:01      0.12    0.07    0.43
  YS02001652YS02001649 CONDUIT     44.51     0  04:39      0.35    0.02    0.61
  YS02001655YS02001652 CONDUIT     32.56     0  02:59      0.78    0.02    0.36
  YS02001658YS02001655 CONDUIT     28.31     0  03:01      0.92    0.01    0.16
  YS02001661YS02001658 CONDUIT     28.32     0  03:01      1.05    0.01    0.08
  YS02001664YS02001661 CONDUIT     28.34     0  03:01      0.64    0.01    0.11
  YSB1154YSB6556       CONDUIT      3.73     0  02:21      0.19    0.01    0.34
  YSB1174YSB1171       CONDUIT      3.26     0  02:13      0.02    0.00    0.46
  YSB1171HS02004479    CONDUIT      6.75     0  02:23      0.54    0.00    0.34
  HS02004881HS02006253 CONDUIT     10.72     0  02:23      1.00    0.00    0.02
  YS02001793JiankangQianchi CONDUIT    107.44     0  03:06      9.57    0.01    0.50
  YS02001757CaochengTiaoxuchi CONDUIT    170.88     0  03:08      0.55    0.08    0.42
  WSF200WS02003060     CONDUIT     86.40     0  03:11      1.21    0.02    0.12
  1                    CONDUIT    109.63     0  03:16      1.76    0.04    0.13
  CC-Pump-1            PUMP       170.88     0  03:08              0.85
  CC-Pump-2            PUMP       170.88     0  03:08              0.85
  JK-Pump-1            PUMP       300.00     0  00:00              1.00
  JK-Pump-2            PUMP       683.00     0  00:00              1.00
  XR-Pump-1            PUMP        95.00     0  00:00              1.00
  XR-Pump-2            PUMP        95.00     0  00:00              1.00
  XR-Pump-3            PUMP        95.00     0  00:00              1.00
  XR-Pump-4            PUMP        95.00     0  00:00              1.00
  3                    WEIR       290.10     0  03:08                      0.20
  5                    WEIR       244.22     0  03:09                      0.18
  6                    WEIR       389.91     0  00:08                      0.24
  
  
  ***************************
  Flow Classification Summary
  ***************************
  
  -------------------------------------------------------------------------------------
                      Adjusted    ---------- Fraction of Time in Flow Class ---------- 
                       /Actual         Up    Down  Sub   Sup   Up    Down  Norm  Inlet 
  Conduit               Length    Dry  Dry   Dry   Crit  Crit  Crit  Crit  Ltd   Ctrl  
  -------------------------------------------------------------------------------------
  WS02003066WSF200        1.00   0.07  0.00  0.00  0.00  0.93  0.00  0.00  0.69  0.00
  WS02006287WS02006284    1.00   0.02  0.01  0.00  0.78  0.18  0.00  0.00  0.82  0.00
  WS02006284WS02006280    1.00   0.03  0.00  0.00  0.00  0.00  0.00  0.97  0.00  0.00
  WS02006280WS02006229    1.00   0.03  0.00  0.00  0.00  0.00  0.00  0.97  0.00  0.00
  WS02006229WS02006228    1.00   0.00  0.00  0.00  1.00  0.00  0.00  0.00  0.00  0.00
  WS02006256WS02006235    1.00   0.00  0.00  0.00  0.06  0.94  0.00  0.00  0.01  0.00
  WS02006253WS02006251    1.00   0.01  0.01  0.00  0.92  0.00  0.05  0.00  0.00  0.00
  WS02006252WS02006251    1.00   0.07  0.00  0.00  0.00  0.00  0.93  0.00  0.00  0.00
  WS02006251WS02006249    1.00   0.00  0.00  0.00  1.00  0.00  0.00  0.00  0.60  0.00
  WS02006249WS02006248    1.00   0.00  0.03  0.00  0.32  0.00  0.65  0.00  0.00  0.00
  WS02006248WS02006247    1.00   0.03  0.00  0.00  0.95  0.00  0.00  0.02  0.57  0.00
  WS02006247WS02006245    1.00   0.03  0.00  0.00  0.93  0.00  0.00  0.03  0.00  0.00
  WS02006245WS02006243    1.00   0.04  0.00  0.00  0.92  0.00  0.00  0.04  0.00  0.00
  WS02006243WS02006242    1.00   0.04  0.00  0.00  0.93  0.00  0.00  0.03  0.67  0.00
  WS02006242WS02006240    1.00   0.00  0.05  0.00  0.93  0.00  0.02  0.00  0.28  0.00
  WS02006240WS02006239    1.00   0.00  0.00  0.00  0.62  0.00  0.00  0.38  0.06  0.00
  WS02006239WS02006238    1.00   0.00  0.02  0.00  0.98  0.00  0.00  0.00  0.28  0.00
  WS02006238WS02006235    1.00   0.00  0.00  0.00  1.00  0.00  0.00  0.00  0.00  0.00
  WS02006235WS02006234    1.00   0.05  0.00  0.00  0.76  0.00  0.19  0.00  0.00  0.00
  WS02006234WS02006232    1.00   0.00  0.02  0.00  0.98  0.00  0.00  0.00  0.26  0.00
  WS02006232WS02006231    1.00   0.00  0.00  0.00  1.00  0.00  0.00  0.00  0.00  0.00
  WS02006231WS02006230    1.00   0.00  0.00  0.00  0.00  0.00  1.00  0.00  0.00  0.00
  WS02006230WS02006229    1.00   0.00  0.00  0.00  0.99  0.00  0.00  0.01  0.00  0.00
  WS02006228WS02006109    1.00   0.00  0.00  0.00  1.00  0.00  0.00  0.00  0.00  0.00
  WS02006116WS02004401    1.00   0.02  0.00  0.00  0.98  0.00  0.00  0.00  0.01  0.00
  WS02006115WS02006116    1.00   0.02  0.00  0.00  0.96  0.00  0.00  0.02  0.00  0.00
  WS02006113WS02006111    1.00   0.01  0.00  0.00  0.01  0.98  0.00  0.00  0.00  0.00
  WS02006112WS02006115    1.00   0.01  0.01  0.00  0.98  0.00  0.00  0.00  0.00  0.00
  WS02006111WS02006112    1.00   0.01  0.00  0.00  0.98  0.00  0.00  0.00  0.93  0.00
  WS02006110WS02006113    1.00   0.00  0.01  0.00  0.99  0.00  0.00  0.00  0.00  0.00
  WS02006109WS02006110    1.00   0.00  0.00  0.00  0.99  0.00  0.00  0.00  0.00  0.00
  WS02004411WS02004412    1.00   0.05  0.00  0.00  0.95  0.00  0.00  0.00  0.00  0.00
  WS02004401WS02004402    1.00   0.02  0.00  0.00  0.98  0.00  0.00  0.00  0.04  0.00
  WS02004413WS02003067    1.00   0.05  0.01  0.00  0.00  0.00  0.94  0.00  0.00  0.00
  WS02004412WS02004413    1.00   0.05  0.00  0.00  0.95  0.00  0.00  0.00  0.01  0.00
  WS02004410WS02004411    1.00   0.05  0.00  0.00  0.95  0.00  0.00  0.00  0.00  0.00
  WS02004409WS02004410    1.00   0.05  0.00  0.00  0.95  0.00  0.00  0.00  0.00  0.00
  WS02004407WS02004409    1.00   0.05  0.00  0.00  0.95  0.00  0.00  0.00  0.74  0.00
  WS02004406WS02004407    1.00   0.00  0.05  0.00  0.95  0.00  0.00  0.00  0.00  0.00
  WS02004405WS02004406    1.00   0.00  0.00  0.00  1.00  0.00  0.00  0.00  0.04  0.00
  WS02004404WS02004405    1.00   0.00  0.00  0.00  1.00  0.00  0.00  0.00  0.00  0.00
  WS02004403WS02004404    1.00   0.00  0.02  0.00  0.98  0.00  0.00  0.00  0.04  0.00
  WS02004402WS02004403    1.00   0.02  0.00  0.00  0.98  0.00  0.00  0.00  0.00  0.00
  WS02004139WS02001211    1.00   0.00  0.00  0.00  1.00  0.00  0.00  0.00  0.00  0.00
  WS02004138WS02004139    1.00   0.00  0.00  0.00  0.00  0.00  0.00  1.00  0.00  0.00
  WS02003067WS02003066    1.00   0.06  0.00  0.00  0.93  0.00  0.00  0.00  0.00  0.00
  WS02001213WS02003059    1.00   0.00  0.00  0.00  1.00  0.00  0.00  0.00  0.00  0.00
  WS02001212WS02001213    1.00   0.00  0.00  0.00  0.00  0.00  1.00  0.00  0.00  0.00
  WS02001211WS02001212    1.00   0.00  0.00  0.00  1.00  0.00  0.00  0.00  0.00  0.00
  WS02003072WS02003073    1.00   0.00  0.00  0.00  0.00  0.00  0.00  1.00  0.00  0.00
  WS02003069WS02003072    1.00   0.00  0.00  0.00  1.00  0.00  0.00  0.00  0.99  0.00
  WS02003060WS02003069    1.00   0.00  0.00  0.00  1.00  0.00  0.00  0.00  0.97  0.00
  WS02003059WS02003060    1.00   0.00  0.00  0.00  1.00  0.00  0.00  0.00  0.05  0.00
  HS02004901HS02004770    1.00   0.02  0.00  0.00  0.97  0.00  0.00  0.00  0.01  0.00
  HS02004876HS02004881    1.00   0.00  0.00  0.00  1.00  0.00  0.00  0.00  0.00  0.00
  HS02004870HS02004876    1.00   0.00  0.00  0.00  1.00  0.00  0.00  0.00  0.95  0.00
  HS02004842HS02004848    1.00   0.00  0.03  0.00  0.97  0.00  0.00  0.00  0.71  0.00
  HS02004837HS02004842    1.00   0.00  0.00  0.00  1.00  0.00  0.00  0.00  0.11  0.00
  HS02004830HS02004837    1.00   0.00  0.00  0.00  1.00  0.00  0.00  0.00  0.99  0.00
  HS02004824HS02004830    1.00   0.00  0.00  0.00  1.00  0.00  0.00  0.00  0.00  0.00
  HS02004817HS02004824    1.00   0.00  0.00  0.00  1.00  0.00  0.00  0.00  1.00  0.00
  HS02004770HS02004777    1.00   0.00  0.02  0.00  0.97  0.00  0.00  0.00  0.06  0.00
  HS02004799HS02004480    1.00   0.00  0.01  0.00  0.96  0.00  0.03  0.00  0.00  0.00
  HS02004792HS02004799    1.00   0.00  0.00  0.00  1.00  0.00  0.00  0.00  0.98  0.00
  HS02004788HS02004792    1.00   0.00  0.00  0.00  1.00  0.00  0.00  0.00  0.98  0.00
  HS02004785HS02004788    1.00   0.00  0.00  0.00  1.00  0.00  0.00  0.00  0.00  0.00
  HS02004777HS02004785    1.00   0.00  0.00  0.00  1.00  0.00  0.00  0.00  0.18  0.00
  HS02004480HS02004478    1.00   0.03  0.00  0.00  0.79  0.00  0.00  0.18  0.00  0.00
  HS02004479HS02004480    1.00   0.01  0.00  0.00  0.99  0.00  0.00  0.00  0.14  0.00
  HS02004862HS02004870    1.00   0.00  0.00  0.00  1.00  0.00  0.00  0.00  0.07  0.00
  HS02004848HS02004852    1.00   0.03  0.00  0.00  0.97  0.00  0.00  0.00  0.70  0.00
  HS02004856HS02004862    1.00   0.00  0.05  0.00  0.95  0.00  0.00  0.00  0.76  0.00
  HS02004852HS02004856    1.00   0.02  0.01  0.00  0.97  0.00  0.00  0.00  0.84  0.00
  HS02004802HS02004478    1.00   0.03  0.00  0.00  0.97  0.00  0.00  0.00  0.02  0.00
  HS02004478WS02006287    1.00   0.03  0.00  0.00  0.96  0.00  0.00  0.00  0.81  0.00
  HS02004817HS02004807    1.00   0.00  0.03  0.00  0.97  0.00  0.00  0.00  0.00  0.00
  HS02004807HS02004802    1.00   0.03  0.00  0.00  0.97  0.00  0.00  0.00  0.01  0.00
  YS02001759YS02001757    1.00   0.00  0.00  0.00  1.00  0.00  0.00  0.00  0.17  0.00
  YS02001762YS02001759    1.00   0.00  0.00  0.00  1.00  0.00  0.00  0.00  0.04  0.00
  YS02001765YS02001762    1.00   0.00  0.00  0.00  1.00  0.00  0.00  0.00  0.20  0.00
  YS02001770YS02001767    1.00   0.00  0.00  0.00  1.00  0.00  0.00  0.00  0.00  0.00
  YS02001774YS02001770    1.00   0.00  0.03  0.00  0.97  0.00  0.00  0.00  0.06  0.00
  YS02001779YS02001774    1.00   0.00  0.00  0.00  1.00  0.00  0.00  0.00  0.26  0.00
  YS02001649YS02001757    1.00   0.00  0.00  0.00  1.00  0.00  0.00  0.00  0.18  0.00
  YS02001767YS02001765    1.00   0.00  0.00  0.00  1.00  0.00  0.00  0.00  0.01  0.00
  YS02006561YS02001783    1.00   0.05  0.00  0.00  0.00  0.95  0.00  0.00  0.74  0.00
  YS02001783YS02001784    1.00   0.00  0.05  0.00  0.95  0.00  0.00  0.00  0.28  0.00
  YS02001784YS02001785    1.00   0.00  0.00  0.00  1.00  0.00  0.00  0.00  0.24  0.00
  YS02001788YS02001790    1.00   0.00  0.00  0.00  0.05  0.95  0.00  0.00  0.99  0.00
  YS02001790YS02001791    1.00   0.00  0.00  0.00  0.00  1.00  0.00  0.00  0.20  0.00
  YS02001791YS02001793    1.00   0.00  0.00  0.00  0.00  1.00  0.00  0.00  0.00  0.00
  YS02001910YS02001907    1.00   0.00  0.00  0.00  0.99  0.00  0.00  0.01  0.13  0.00
  YS02001786YS02001788    1.00   0.00  0.00  0.00  0.24  0.76  0.00  0.00  0.00  0.00
  YS02001915YS02001910    1.00   0.00  0.00  0.00  1.00  0.00  0.00  0.00  0.23  0.00
  YS02001918YS02001915    1.00   0.00  0.00  0.00  1.00  0.00  0.00  0.00  0.84  0.00
  YS02001923YS02001920    1.00   0.00  0.00  0.00  1.00  0.00  0.00  0.00  1.00  0.00
  YS02001926YS02001923    1.00   0.00  0.01  0.00  0.00  0.00  0.99  0.00  0.00  0.00
  YS02001929YS02001926    1.00   0.00  0.02  0.00  0.98  0.00  0.00  0.00  0.87  0.00
  YS02001920YS02001918    1.00   0.00  0.00  0.00  1.00  0.00  0.00  0.00  0.00  0.00
  YS02001629YS02163301    1.00   0.04  0.00  0.00  0.96  0.00  0.00  0.00  0.00  0.00
  YS02001619YS02001622    1.00   0.02  0.00  0.00  0.98  0.00  0.00  0.00  0.00  0.00
  YS02001622YS02001625    1.00   0.03  0.00  0.00  0.97  0.00  0.00  0.00  0.13  0.00
  YS02001625YS02001629    1.00   0.03  0.03  0.00  0.93  0.00  0.02  0.00  0.00  0.00
  YS02163301YS02001633    1.00   0.00  0.04  0.00  0.96  0.00  0.00  0.00  0.00  0.00
  YS02163601YS02164001    1.00   0.00  0.02  0.00  0.98  0.00  0.00  0.00  0.00  0.00
  YS02164001YS02001641    1.00   0.00  0.01  0.00  0.98  0.00  0.00  0.00  0.07  0.00
  YS02001641YS02001644    1.00   0.00  0.00  0.00  1.00  0.00  0.00  0.00  0.00  0.00
  YS02001647YS02001649    1.00   0.00  0.05  0.00  0.95  0.00  0.00  0.00  0.01  0.00
  YS02006553YS02006556    1.00   0.00  0.00  0.00  1.00  0.00  0.00  0.00  0.03  0.00
  YS02006556YS02006558    1.00   0.00  0.00  0.00  1.00  0.00  0.00  0.00  0.00  0.00
  YSB6556YSB1171          1.00   0.01  0.02  0.00  0.98  0.00  0.00  0.00  0.00  0.00
  YS02001907YS02006553    1.00   0.00  0.00  0.00  0.99  0.00  0.00  0.00  0.00  0.00
  YS02006558YS02006561    1.00   0.05  0.00  0.00  0.00  0.95  0.00  0.00  0.73  0.00
  YS02001633YS02163601    1.00   0.00  0.00  0.00  1.00  0.00  0.00  0.00  0.18  0.00
  YS02001644YS02001647    1.00   0.00  0.05  0.00  0.95  0.00  0.00  0.00  0.00  0.00
  YS02001745YS02001748    1.00   0.00  0.00  0.00  0.00  0.00  0.00  1.00  0.00  0.00
  YS02001748YS02001751    1.00   0.00  0.00  0.00  0.97  0.03  0.00  0.00  0.89  0.00
  YS02001751YS02001754    1.00   0.00  0.00  0.00  0.94  0.00  0.00  0.06  0.04  0.00
  YS02001754YS02001757    1.00   0.00  0.00  0.00  1.00  0.00  0.00  0.00  0.25  0.00
  YS02001882YS02001884    1.00   0.04  0.00  0.00  0.96  0.00  0.00  0.00  0.00  0.00
  YS02001884YS02001887    1.00   0.01  0.01  0.00  0.98  0.00  0.00  0.00  0.00  0.00
  YS02001890YS02001895    1.00   0.00  0.04  0.00  0.96  0.00  0.00  0.00  0.00  0.00
  YS02001895YS02001898    1.00   0.04  0.00  0.00  0.95  0.00  0.01  0.00  0.00  0.00
  YS02001898YS02001901    1.00   0.04  0.00  0.00  0.96  0.00  0.00  0.00  0.03  0.00
  YS02001901YS02001904    1.00   0.04  0.00  0.00  0.96  0.00  0.00  0.00  0.00  0.00
  YS02001904YS02001907    1.00   0.00  0.04  0.00  0.96  0.00  0.00  0.00  0.00  0.00
  YS02001887YS02001890    1.00   0.00  0.00  0.00  0.99  0.00  0.01  0.00  0.00  0.00
  YS02001652YS02001649    1.00   0.00  0.00  0.00  1.00  0.00  0.00  0.00  0.24  0.00
  YS02001655YS02001652    1.00   0.00  0.00  0.00  0.94  0.00  0.00  0.06  0.04  0.00
  YS02001658YS02001655    1.00   0.00  0.03  0.00  0.93  0.04  0.00  0.00  0.83  0.00
  YS02001661YS02001658    1.00   0.03  0.00  0.00  0.00  0.97  0.00  0.00  0.81  0.00
  YS02001664YS02001661    1.00   0.02  0.00  0.00  0.98  0.00  0.00  0.00  0.87  0.00
  YSB1154YSB6556          1.00   0.02  0.00  0.00  0.98  0.00  0.00  0.00  0.02  0.00
  YSB1174YSB1171          1.00   0.01  0.01  0.00  0.98  0.00  0.00  0.00  0.00  0.00
  YSB1171HS02004479       1.00   0.01  0.00  0.00  0.99  0.00  0.00  0.00  0.12  0.00
  HS02004881HS02006253    1.00   0.01  0.00  0.00  0.00  0.00  0.00  0.99  0.00  0.00
  YS02001793JiankangQianchi    1.00   0.00  0.00  0.00  0.00  1.00  0.00  0.00  0.00  0.00
  YS02001757CaochengTiaoxuchi    1.00   0.00  0.07  0.00  0.93  0.00  0.00  0.00  0.00  0.00
  WSF200WS02003060        1.00   0.00  0.07  0.00  0.45  0.48  0.00  0.00  0.70  0.00
  1                       1.00   0.00  0.00  0.00  0.00  1.00  0.00  0.00  0.26  0.00
  
  
  *************************
  Conduit Surcharge Summary
  *************************
  
  ----------------------------------------------------------------------------
                                                           Hours        Hours 
                         --------- Hours Full --------   Above Full   Capacity
  Conduit                Both Ends  Upstream  Dnstream   Normal Flow   Limited
  ----------------------------------------------------------------------------
  WS02006256WS02006235        0.01      0.01      5.89      3.67         0.01
  WS02006252WS02006251        0.01      0.01      1.60      1.25         0.01
  YS02001793JiankangQianchi        0.01      0.01      0.02      0.01         0.01
  
  
  ***************
  Pumping Summary
  ***************
  
  ---------------------------------------------------------------------------------------------------------
                                                  Min       Avg       Max     Total     Power    % Time Off
                        Percent   Number of      Flow      Flow      Flow    Volume     Usage    Pump Curve
  Pump                 Utilized   Start-Ups       LPS       LPS       LPS  10^6 ltr     Kw-hr    Low   High
  ---------------------------------------------------------------------------------------------------------
  CC-Pump-1               67.63           1      0.00    108.20    170.88     1.946      8.68    0.0  100.0
  CC-Pump-2               67.63           1      0.00    108.20    170.88     1.946      8.68    0.0  100.0
  JK-Pump-1              100.00           1      0.00     63.13    300.00     1.352     26.48    0.0    0.0
  JK-Pump-2              100.00           1      0.00     63.92    683.00     1.422     27.80    0.0   99.8
  XR-Pump-1              100.00           1      0.00     95.00     95.00     2.736     68.18    0.0    0.0
  XR-Pump-2              100.00           1      0.00     95.00     95.00     2.736     68.18    0.0    0.0
  XR-Pump-3              100.00           1      0.00     95.00     95.00     2.736     68.18    0.0    0.0
  XR-Pump-4              100.00           1      0.00     95.00     95.00     2.736     68.18    0.0    0.0
  
  
  ***************************
  Link Pollutant Load Summary
  ***************************
  
  ------------------------------------------------------------------------------------------
                                 COD            SS            TN            TP         NH4-N
  Link                            kg            kg            kg            kg            kg
  ------------------------------------------------------------------------------------------
  WS02003066WSF200            63.081       101.456         4.931         0.597         3.029
  WS02006287WS02006284        70.416       113.176         5.669         0.690         3.492
  WS02006284WS02006280        70.851       113.872         5.711         0.695         3.518
  WS02006280WS02006229        70.835       113.846         5.710         0.695         3.517
  WS02006229WS02006228        70.318       113.021         5.660         0.688         3.486
  WS02006256WS02006235         0.000         0.000         0.000         0.000         0.000
  WS02006253WS02006251         4.217         6.958         0.182         0.018         0.103
  WS02006252WS02006251         0.002         0.003         0.000         0.000         0.000
  WS02006251WS02006249         0.561         0.918         0.028         0.003         0.016
  WS02006249WS02006248         0.513         0.839         0.026         0.003         0.015
  WS02006248WS02006247         0.525         0.859         0.026         0.003         0.015
  WS02006247WS02006245         0.515         0.843         0.025         0.003         0.015
  WS02006245WS02006243         0.507         0.830         0.025         0.003         0.015
  WS02006243WS02006242         0.519         0.849         0.025         0.003         0.015
  WS02006242WS02006240         0.495         0.810         0.024         0.003         0.014
  WS02006240WS02006239         0.495         0.810         0.024         0.003         0.014
  WS02006239WS02006238         0.492         0.804         0.024         0.003         0.014
  WS02006238WS02006235         0.487         0.797         0.024         0.003         0.014
  WS02006235WS02006234         0.041         0.067         0.002         0.000         0.001
  WS02006234WS02006232         0.041         0.067         0.002         0.000         0.001
  WS02006232WS02006231         0.040         0.067         0.002         0.000         0.001
  WS02006231WS02006230         0.040         0.066         0.002         0.000         0.001
  WS02006230WS02006229         0.040         0.066         0.002         0.000         0.001
  WS02006228WS02006109        69.437       111.611         5.576         0.678         3.433
  WS02006116WS02004401        73.123       117.506         5.882         0.716         3.622
  WS02006115WS02006116        74.157       119.161         5.981         0.728         3.684
  WS02006113WS02006111        76.036       122.171         6.212         0.757         3.831
  WS02006112WS02006115        74.865       120.294         6.047         0.736         3.726
  WS02006111WS02006112        75.693       121.621         6.177         0.753         3.809
  WS02006110WS02006113        76.200       122.433         6.227         0.759         3.840
  WS02006109WS02006110        77.113       123.894         6.313         0.770         3.894
  WS02004411WS02004412        65.400       105.159         5.152         0.625         3.167
  WS02004401WS02004402        72.083       115.843         5.783         0.703         3.561
  WS02004413WS02003067        63.669       102.396         4.986         0.604         3.063
  WS02004412WS02004413        64.445       103.633         5.061         0.613         3.110
  WS02004410WS02004411        66.029       106.166         5.211         0.632         3.204
  WS02004409WS02004410        66.504       106.925         5.256         0.638         3.232
  WS02004407WS02004409        66.888       107.539         5.293         0.642         3.255
  WS02004406WS02004407        67.056       107.808         5.308         0.644         3.264
  WS02004405WS02004406        69.019       110.946         5.495         0.667         3.381
  WS02004404WS02004405        70.384       113.129         5.624         0.683         3.461
  WS02004403WS02004404        69.974       112.471         5.584         0.678         3.436
  WS02004402WS02004403        70.939       114.014         5.675         0.690         3.493
  WS02004139WS02001211        16.761        26.818         1.609         0.201         1.006
  WS02004138WS02004139       166.464       266.342        15.981         1.998         9.988
  WS02003067WS02003066        63.110       101.502         4.934         0.597         3.031
  WS02001213WS02003059        29.390        47.024         2.821         0.353         1.763
  WS02001212WS02001213        31.291        50.066         3.004         0.375         1.877
  WS02001211WS02001212        31.452        50.323         3.019         0.377         1.887
  WS02003072WS02003073       205.758       329.743        18.628         2.309        11.589
  WS02003069WS02003072       207.200       332.047        18.768         2.327        11.677
  WS02003060WS02003069       205.621       329.520        18.615         2.308        11.582
  WS02003059WS02003060        31.980        51.166         3.069         0.384         1.918
  HS02004901HS02004770         0.676         1.095         0.015         0.001         0.007
  HS02004876HS02004881         3.783         6.214         0.182         0.019         0.105
  HS02004870HS02004876         3.191         5.230         0.177         0.019         0.104
  HS02004842HS02004848         0.423         0.672         0.011         0.001         0.005
  HS02004837HS02004842         5.066         8.105         0.469         0.058         0.292
  HS02004830HS02004837        45.364        72.657         4.237         0.528         2.644
  HS02004824HS02004830        46.141        73.900         4.312         0.537         2.690
  HS02004817HS02004824        47.971        76.881         4.377         0.543         2.726
  HS02004770HS02004777         2.831         4.645         0.070         0.004         0.031
  HS02004799HS02004480        22.826        36.660         1.588         0.188         0.961
  HS02004792HS02004799        22.450        35.968         1.628         0.194         0.989
  HS02004788HS02004792        17.189        27.639         1.373         0.166         0.842
  HS02004785HS02004788         4.369         7.116         0.226         0.024         0.130
  HS02004777HS02004785         3.835         6.262         0.176         0.018         0.098
  HS02004480HS02004478        24.320        39.177         1.572         0.183         0.945
  HS02004479HS02004480         5.731         9.281         0.385         0.046         0.235
  HS02004862HS02004870         2.603         4.210         0.165         0.019         0.098
  HS02004848HS02004852         0.356         0.563         0.009         0.001         0.004
  HS02004856HS02004862         0.785         1.302         0.018         0.001         0.008
  HS02004852HS02004856         0.354         0.559         0.009         0.001         0.004
  HS02004802HS02004478        46.427        74.529         4.129         0.510         2.566
  HS02004478WS02006287        70.603       113.475         5.687         0.692         3.503
  HS02004817HS02004807        46.653        74.774         4.251         0.527         2.647
  HS02004807HS02004802        47.010        75.461         4.184         0.517         2.601
  YS02001759YS02001757        27.351        41.443         1.016         0.095         0.563
  YS02001762YS02001759        21.284        32.498         0.959         0.097         0.550
  YS02001765YS02001762        17.244        26.575         0.837         0.087         0.485
  YS02001770YS02001767        13.023        19.716         0.381         0.028         0.197
  YS02001774YS02001770         1.871         2.830         0.060         0.005         0.032
  YS02001779YS02001774         6.959        11.066         0.607         0.075         0.377
  YS02001649YS02001757        35.816        52.322         1.024         0.082         0.516
  YS02001767YS02001765        22.814        35.155         1.200         0.128         0.703
  YS02006561YS02001783        70.589       108.080         3.481         0.373         2.031
  YS02001783YS02001784        70.527       107.987         3.477         0.372         2.029
  YS02001784YS02001785        78.069       120.063         4.204         0.463         2.483
  YS02001788YS02001790        78.795       121.238         4.277         0.472         2.530
  YS02001790YS02001791        79.825       122.891         4.378         0.485         2.593
  YS02001791YS02001793        79.773       122.809         4.374         0.485         2.590
  YS02001910YS02001907        34.243        53.193         2.379         0.275         1.441
  YS02001786YS02001788        78.341       120.505         4.232         0.467         2.501
  YS02001915YS02001910        34.261        53.164         2.362         0.273         1.430
  YS02001918YS02001915        25.605        40.049         2.137         0.261         1.321
  YS02001923YS02001920         5.179         7.354         0.171         0.015         0.093
  YS02001926YS02001923         4.785         6.718         0.132         0.010         0.068
  YS02001929YS02001926         4.455         6.183         0.098         0.006         0.047
  YS02001920YS02001918        25.562        39.971         2.129         0.260         1.316
  YS02001629YS02163301         6.430         9.355         0.171         0.010         0.079
  YS02001619YS02001622         6.728         9.751         0.176         0.010         0.080
  YS02001622YS02001625         6.676         9.682         0.174         0.010         0.079
  YS02001625YS02001629         6.453         9.381         0.170         0.010         0.077
  YS02163301YS02001633         6.530         9.508         0.176         0.011         0.082
  YS02163601YS02164001        17.989        26.251         0.565         0.048         0.294
  YS02164001YS02001641        17.849        26.017         0.548         0.046         0.284
  YS02001641YS02001644        18.071        26.322         0.544         0.045         0.280
  YS02001647YS02001649        27.030        39.160         0.737         0.058         0.371
  YS02006553YS02006556        54.502        83.706         2.931         0.324         1.735
  YS02006556YS02006558        54.467        83.617         2.912         0.321         1.722
  YSB6556YSB1171               2.340         3.805         0.124         0.014         0.074
  YS02001907YS02006553        54.383        83.512         2.917         0.322         1.726
  YS02006558YS02006561        70.609       108.109         3.482         0.373         2.032
  YS02001633YS02163601        17.868        25.985         0.528         0.043         0.270
  YS02001644YS02001647        27.108        39.240         0.739         0.058         0.372
  YS02001745YS02001748         9.301        13.746         0.227         0.012         0.108
  YS02001748YS02001751         9.632        14.278         0.259         0.016         0.128
  YS02001751YS02001754        14.383        21.181         0.398         0.025         0.198
  YS02001754YS02001757        86.465       135.244         6.728         0.808         4.127
  YS02001882YS02001884         0.170         0.250         0.008         0.001         0.005
  YS02001884YS02001887         0.661         0.986         0.030         0.003         0.017
  YS02001890YS02001895        21.425        32.203         0.609         0.055         0.327
  YS02001895YS02001898        21.334        32.071         0.604         0.054         0.324
  YS02001898YS02001901        21.246        31.949         0.601         0.054         0.322
  YS02001901YS02001904        21.306        32.075         0.615         0.056         0.332
  YS02001904YS02001907        21.991        33.217         0.695         0.066         0.382
  YS02001887YS02001890        22.205        33.409         0.672         0.062         0.366
  YS02001652YS02001649        11.973        17.701         0.369         0.030         0.184
  YS02001655YS02001652        10.667        15.817         0.347         0.029         0.173
  YS02001658YS02001655         9.424        13.846         0.237         0.015         0.105
  YS02001661YS02001658         9.404        13.810         0.237         0.015         0.105
  YS02001664YS02001661         9.410        13.818         0.237         0.015         0.105
  YSB1154YSB6556               1.858         3.032         0.065         0.007         0.037
  YSB1174YSB1171               1.576         2.583         0.081         0.009         0.048
  YSB1171HS02004479            5.644         9.149         0.376         0.045         0.229
  HS02004881HS02006253         4.147         6.833         0.189         0.019         0.108
  YS02001793JiankangQianchi        79.753       122.778         4.373         0.484         2.589
  YS02001757CaochengTiaoxuchi        92.660       140.735         4.604         0.491         2.670
  WSF200WS02003060            62.939       101.229         4.918         0.595         3.021
  1                          217.883       349.139        19.797         2.455        12.320
  CC-Pump-1                    0.000         0.000         0.000         0.000         0.000
  CC-Pump-2                    0.000         0.000         0.000         0.000         0.000
  JK-Pump-1                    0.000         0.000         0.000         0.000         0.000
  JK-Pump-2                    0.000         0.000         0.000         0.000         0.000
  XR-Pump-1                   41.612        66.579         3.995         0.499         2.497
  XR-Pump-2                   41.612        66.579         3.995         0.499         2.497
  XR-Pump-3                   41.612        66.579         3.995         0.499         2.497
  XR-Pump-4                   41.612        66.579         3.995         0.499         2.497
  3                            4.232         6.963         0.208         0.022         0.121
  5                            0.447         0.730         0.022         0.002         0.013
  6                          185.275       296.439        17.786         2.223        11.116
  

  Analysis begun on:  Fri Jul 16 10:07:34 2021
  Analysis ended on:  Fri Jul 16 10:07:39 2021
  Total elapsed time: 00:00:05